[0.181s] DEBUG:colcon:Command line arguments: ['/usr/bin/colcon', 'build']
[0.181s] DEBUG:colcon:Parsed command line arguments: Namespace(log_base=None, log_level=None, verb_name='build', build_base='build', install_base='install', merge_install=False, symlink_install=False, test_result_base=None, continue_on_error=False, executor='parallel', parallel_workers=16, event_handlers=None, ignore_user_meta=False, metas=['./colcon.meta'], base_paths=['.'], packages_ignore=None, packages_ignore_regex=None, paths=None, packages_up_to=None, packages_up_to_regex=None, packages_above=None, packages_above_and_dependencies=None, packages_above_depth=None, packages_select_by_dep=None, packages_skip_by_dep=None, packages_skip_up_to=None, packages_select_build_failed=False, packages_skip_build_finished=False, packages_select_test_failures=False, packages_skip_test_passed=False, packages_select=None, packages_skip=None, packages_select_regex=None, packages_skip_regex=None, packages_start=None, packages_end=None, allow_overriding=[], cmake_args=None, cmake_target=None, cmake_target_skip_unavailable=False, cmake_clean_cache=False, cmake_clean_first=False, cmake_force_configure=False, ament_cmake_args=None, catkin_cmake_args=None, catkin_skip_building_tests=False, mixin_files=None, mixin=None, verb_parser=<colcon_mixin.mixin.mixin_argument.MixinArgumentDecorator object at 0x7f3de11a9880>, verb_extension=<colcon_core.verb.build.BuildVerb object at 0x7f3de11a9190>, main=<bound method BuildVerb.main of <colcon_core.verb.build.BuildVerb object at 0x7f3de11a9190>>, mixin_verb=('build',))
[0.228s] Level 1:colcon.colcon_core.package_discovery:discover_packages(colcon_meta) check parameters
[0.228s] Level 1:colcon.colcon_core.package_discovery:discover_packages(recursive) check parameters
[0.228s] Level 1:colcon.colcon_core.package_discovery:discover_packages(ignore) check parameters
[0.228s] Level 1:colcon.colcon_core.package_discovery:discover_packages(path) check parameters
[0.228s] Level 1:colcon.colcon_core.package_discovery:discover_packages(colcon_meta) discover
[0.228s] Level 1:colcon.colcon_core.package_discovery:discover_packages(recursive) discover
[0.228s] INFO:colcon.colcon_core.package_discovery:Crawling recursively for packages in '/home/dexforint/ROS2_study/simple_action'
[0.228s] Level 1:colcon.colcon_core.package_identification:_identify(.) by extensions ['ignore', 'ignore_ament_install']
[0.228s] Level 1:colcon.colcon_core.package_identification:_identify(.) by extension 'ignore'
[0.228s] Level 1:colcon.colcon_core.package_identification:_identify(.) by extension 'ignore_ament_install'
[0.228s] Level 1:colcon.colcon_core.package_identification:_identify(.) by extensions ['colcon_pkg']
[0.228s] Level 1:colcon.colcon_core.package_identification:_identify(.) by extension 'colcon_pkg'
[0.228s] Level 1:colcon.colcon_core.package_identification:_identify(.) by extensions ['colcon_meta']
[0.228s] Level 1:colcon.colcon_core.package_identification:_identify(.) by extension 'colcon_meta'
[0.228s] Level 1:colcon.colcon_core.package_identification:_identify(.) by extensions ['ros']
[0.228s] Level 1:colcon.colcon_core.package_identification:_identify(.) by extension 'ros'
[0.254s] Level 1:colcon.colcon_core.package_identification:_identify(.) by extensions ['cmake', 'python']
[0.254s] Level 1:colcon.colcon_core.package_identification:_identify(.) by extension 'cmake'
[0.254s] Level 1:colcon.colcon_core.package_identification:_identify(.) by extension 'python'
[0.254s] Level 1:colcon.colcon_core.package_identification:_identify(.) by extensions ['python_setup_py']
[0.254s] Level 1:colcon.colcon_core.package_identification:_identify(.) by extension 'python_setup_py'
[0.254s] Level 1:colcon.colcon_core.package_identification:_identify(build) by extensions ['ignore', 'ignore_ament_install']
[0.255s] Level 1:colcon.colcon_core.package_identification:_identify(build) by extension 'ignore'
[0.255s] Level 1:colcon.colcon_core.package_identification:_identify(build) ignored
[0.255s] Level 1:colcon.colcon_core.package_identification:_identify(install) by extensions ['ignore', 'ignore_ament_install']
[0.255s] Level 1:colcon.colcon_core.package_identification:_identify(install) by extension 'ignore'
[0.255s] Level 1:colcon.colcon_core.package_identification:_identify(install) ignored
[0.255s] Level 1:colcon.colcon_core.package_identification:_identify(log) by extensions ['ignore', 'ignore_ament_install']
[0.255s] Level 1:colcon.colcon_core.package_identification:_identify(log) by extension 'ignore'
[0.255s] Level 1:colcon.colcon_core.package_identification:_identify(log) ignored
[0.255s] Level 1:colcon.colcon_core.package_identification:_identify(src) by extensions ['ignore', 'ignore_ament_install']
[0.255s] Level 1:colcon.colcon_core.package_identification:_identify(src) by extension 'ignore'
[0.255s] Level 1:colcon.colcon_core.package_identification:_identify(src) by extension 'ignore_ament_install'
[0.255s] Level 1:colcon.colcon_core.package_identification:_identify(src) by extensions ['colcon_pkg']
[0.255s] Level 1:colcon.colcon_core.package_identification:_identify(src) by extension 'colcon_pkg'
[0.255s] Level 1:colcon.colcon_core.package_identification:_identify(src) by extensions ['colcon_meta']
[0.255s] Level 1:colcon.colcon_core.package_identification:_identify(src) by extension 'colcon_meta'
[0.255s] Level 1:colcon.colcon_core.package_identification:_identify(src) by extensions ['ros']
[0.255s] Level 1:colcon.colcon_core.package_identification:_identify(src) by extension 'ros'
[0.255s] Level 1:colcon.colcon_core.package_identification:_identify(src) by extensions ['cmake', 'python']
[0.255s] Level 1:colcon.colcon_core.package_identification:_identify(src) by extension 'cmake'
[0.255s] Level 1:colcon.colcon_core.package_identification:_identify(src) by extension 'python'
[0.255s] Level 1:colcon.colcon_core.package_identification:_identify(src) by extensions ['python_setup_py']
[0.255s] Level 1:colcon.colcon_core.package_identification:_identify(src) by extension 'python_setup_py'
[0.255s] Level 1:colcon.colcon_core.package_identification:_identify(src/my_action_interface) by extensions ['ignore', 'ignore_ament_install']
[0.255s] Level 1:colcon.colcon_core.package_identification:_identify(src/my_action_interface) by extension 'ignore'
[0.255s] Level 1:colcon.colcon_core.package_identification:_identify(src/my_action_interface) by extension 'ignore_ament_install'
[0.255s] Level 1:colcon.colcon_core.package_identification:_identify(src/my_action_interface) by extensions ['colcon_pkg']
[0.255s] Level 1:colcon.colcon_core.package_identification:_identify(src/my_action_interface) by extension 'colcon_pkg'
[0.255s] Level 1:colcon.colcon_core.package_identification:_identify(src/my_action_interface) by extensions ['colcon_meta']
[0.255s] Level 1:colcon.colcon_core.package_identification:_identify(src/my_action_interface) by extension 'colcon_meta'
[0.255s] Level 1:colcon.colcon_core.package_identification:_identify(src/my_action_interface) by extensions ['ros']
[0.255s] Level 1:colcon.colcon_core.package_identification:_identify(src/my_action_interface) by extension 'ros'
[0.259s] DEBUG:colcon.colcon_core.package_identification:Package 'src/my_action_interface' with type 'ros.ament_cmake' and name 'my_action_interface'
[0.259s] Level 1:colcon.colcon_core.package_identification:_identify(src/my_calculate_action) by extensions ['ignore', 'ignore_ament_install']
[0.259s] Level 1:colcon.colcon_core.package_identification:_identify(src/my_calculate_action) by extension 'ignore'
[0.259s] Level 1:colcon.colcon_core.package_identification:_identify(src/my_calculate_action) by extension 'ignore_ament_install'
[0.259s] Level 1:colcon.colcon_core.package_identification:_identify(src/my_calculate_action) by extensions ['colcon_pkg']
[0.259s] Level 1:colcon.colcon_core.package_identification:_identify(src/my_calculate_action) by extension 'colcon_pkg'
[0.259s] Level 1:colcon.colcon_core.package_identification:_identify(src/my_calculate_action) by extensions ['colcon_meta']
[0.259s] Level 1:colcon.colcon_core.package_identification:_identify(src/my_calculate_action) by extension 'colcon_meta'
[0.259s] Level 1:colcon.colcon_core.package_identification:_identify(src/my_calculate_action) by extensions ['ros']
[0.259s] Level 1:colcon.colcon_core.package_identification:_identify(src/my_calculate_action) by extension 'ros'
[0.260s] DEBUG:colcon.colcon_core.package_identification:Package 'src/my_calculate_action' with type 'ros.ament_python' and name 'my_calculate_action'
[0.260s] Level 1:colcon.colcon_core.package_identification:_identify(src/my_custom_interface) by extensions ['ignore', 'ignore_ament_install']
[0.261s] Level 1:colcon.colcon_core.package_identification:_identify(src/my_custom_interface) by extension 'ignore'
[0.261s] Level 1:colcon.colcon_core.package_identification:_identify(src/my_custom_interface) by extension 'ignore_ament_install'
[0.261s] Level 1:colcon.colcon_core.package_identification:_identify(src/my_custom_interface) by extensions ['colcon_pkg']
[0.261s] Level 1:colcon.colcon_core.package_identification:_identify(src/my_custom_interface) by extension 'colcon_pkg'
[0.261s] Level 1:colcon.colcon_core.package_identification:_identify(src/my_custom_interface) by extensions ['colcon_meta']
[0.261s] Level 1:colcon.colcon_core.package_identification:_identify(src/my_custom_interface) by extension 'colcon_meta'
[0.261s] Level 1:colcon.colcon_core.package_identification:_identify(src/my_custom_interface) by extensions ['ros']
[0.261s] Level 1:colcon.colcon_core.package_identification:_identify(src/my_custom_interface) by extension 'ros'
[0.262s] DEBUG:colcon.colcon_core.package_identification:Package 'src/my_custom_interface' with type 'ros.ament_cmake' and name 'my_custom_interface'
[0.262s] Level 1:colcon.colcon_core.package_discovery:discover_packages(recursive) using defaults
[0.262s] Level 1:colcon.colcon_core.package_discovery:discover_packages(ignore) discover
[0.262s] Level 1:colcon.colcon_core.package_discovery:discover_packages(ignore) using defaults
[0.262s] Level 1:colcon.colcon_core.package_discovery:discover_packages(path) discover
[0.262s] Level 1:colcon.colcon_core.package_discovery:discover_packages(path) using defaults
[0.285s] Level 1:colcon.colcon_core.package_discovery:discover_packages(prefix_path) check parameters
[0.285s] Level 1:colcon.colcon_core.package_discovery:discover_packages(prefix_path) discover
[0.287s] DEBUG:colcon.colcon_installed_package_information.package_discovery:Found 3 installed packages in /home/dexforint/ROS2_study/simple_action/install
[0.291s] DEBUG:colcon.colcon_installed_package_information.package_discovery:Found 285 installed packages in /opt/ros/jazzy
[0.292s] Level 1:colcon.colcon_core.package_discovery:discover_packages(prefix_path) using defaults
[0.353s] Level 5:colcon.colcon_core.verb:set package 'my_action_interface' build argument 'cmake_args' from command line to 'None'
[0.353s] Level 5:colcon.colcon_core.verb:set package 'my_action_interface' build argument 'cmake_target' from command line to 'None'
[0.353s] Level 5:colcon.colcon_core.verb:set package 'my_action_interface' build argument 'cmake_target_skip_unavailable' from command line to 'False'
[0.353s] Level 5:colcon.colcon_core.verb:set package 'my_action_interface' build argument 'cmake_clean_cache' from command line to 'False'
[0.353s] Level 5:colcon.colcon_core.verb:set package 'my_action_interface' build argument 'cmake_clean_first' from command line to 'False'
[0.353s] Level 5:colcon.colcon_core.verb:set package 'my_action_interface' build argument 'cmake_force_configure' from command line to 'False'
[0.353s] Level 5:colcon.colcon_core.verb:set package 'my_action_interface' build argument 'ament_cmake_args' from command line to 'None'
[0.353s] Level 5:colcon.colcon_core.verb:set package 'my_action_interface' build argument 'catkin_cmake_args' from command line to 'None'
[0.353s] Level 5:colcon.colcon_core.verb:set package 'my_action_interface' build argument 'catkin_skip_building_tests' from command line to 'False'
[0.353s] DEBUG:colcon.colcon_core.verb:Building package 'my_action_interface' with the following arguments: {'ament_cmake_args': None, 'build_base': '/home/dexforint/ROS2_study/simple_action/build/my_action_interface', 'catkin_cmake_args': None, 'catkin_skip_building_tests': False, 'cmake_args': None, 'cmake_clean_cache': False, 'cmake_clean_first': False, 'cmake_force_configure': False, 'cmake_target': None, 'cmake_target_skip_unavailable': False, 'install_base': '/home/dexforint/ROS2_study/simple_action/install/my_action_interface', 'merge_install': False, 'path': '/home/dexforint/ROS2_study/simple_action/src/my_action_interface', 'symlink_install': False, 'test_result_base': None}
[0.353s] Level 5:colcon.colcon_core.verb:set package 'my_calculate_action' build argument 'cmake_args' from command line to 'None'
[0.353s] Level 5:colcon.colcon_core.verb:set package 'my_calculate_action' build argument 'cmake_target' from command line to 'None'
[0.353s] Level 5:colcon.colcon_core.verb:set package 'my_calculate_action' build argument 'cmake_target_skip_unavailable' from command line to 'False'
[0.353s] Level 5:colcon.colcon_core.verb:set package 'my_calculate_action' build argument 'cmake_clean_cache' from command line to 'False'
[0.353s] Level 5:colcon.colcon_core.verb:set package 'my_calculate_action' build argument 'cmake_clean_first' from command line to 'False'
[0.353s] Level 5:colcon.colcon_core.verb:set package 'my_calculate_action' build argument 'cmake_force_configure' from command line to 'False'
[0.353s] Level 5:colcon.colcon_core.verb:set package 'my_calculate_action' build argument 'ament_cmake_args' from command line to 'None'
[0.353s] Level 5:colcon.colcon_core.verb:set package 'my_calculate_action' build argument 'catkin_cmake_args' from command line to 'None'
[0.353s] Level 5:colcon.colcon_core.verb:set package 'my_calculate_action' build argument 'catkin_skip_building_tests' from command line to 'False'
[0.353s] DEBUG:colcon.colcon_core.verb:Building package 'my_calculate_action' with the following arguments: {'ament_cmake_args': None, 'build_base': '/home/dexforint/ROS2_study/simple_action/build/my_calculate_action', 'catkin_cmake_args': None, 'catkin_skip_building_tests': False, 'cmake_args': None, 'cmake_clean_cache': False, 'cmake_clean_first': False, 'cmake_force_configure': False, 'cmake_target': None, 'cmake_target_skip_unavailable': False, 'install_base': '/home/dexforint/ROS2_study/simple_action/install/my_calculate_action', 'merge_install': False, 'path': '/home/dexforint/ROS2_study/simple_action/src/my_calculate_action', 'symlink_install': False, 'test_result_base': None}
[0.353s] Level 5:colcon.colcon_core.verb:set package 'my_custom_interface' build argument 'cmake_args' from command line to 'None'
[0.353s] Level 5:colcon.colcon_core.verb:set package 'my_custom_interface' build argument 'cmake_target' from command line to 'None'
[0.353s] Level 5:colcon.colcon_core.verb:set package 'my_custom_interface' build argument 'cmake_target_skip_unavailable' from command line to 'False'
[0.353s] Level 5:colcon.colcon_core.verb:set package 'my_custom_interface' build argument 'cmake_clean_cache' from command line to 'False'
[0.353s] Level 5:colcon.colcon_core.verb:set package 'my_custom_interface' build argument 'cmake_clean_first' from command line to 'False'
[0.353s] Level 5:colcon.colcon_core.verb:set package 'my_custom_interface' build argument 'cmake_force_configure' from command line to 'False'
[0.353s] Level 5:colcon.colcon_core.verb:set package 'my_custom_interface' build argument 'ament_cmake_args' from command line to 'None'
[0.353s] Level 5:colcon.colcon_core.verb:set package 'my_custom_interface' build argument 'catkin_cmake_args' from command line to 'None'
[0.353s] Level 5:colcon.colcon_core.verb:set package 'my_custom_interface' build argument 'catkin_skip_building_tests' from command line to 'False'
[0.353s] DEBUG:colcon.colcon_core.verb:Building package 'my_custom_interface' with the following arguments: {'ament_cmake_args': None, 'build_base': '/home/dexforint/ROS2_study/simple_action/build/my_custom_interface', 'catkin_cmake_args': None, 'catkin_skip_building_tests': False, 'cmake_args': None, 'cmake_clean_cache': False, 'cmake_clean_first': False, 'cmake_force_configure': False, 'cmake_target': None, 'cmake_target_skip_unavailable': False, 'install_base': '/home/dexforint/ROS2_study/simple_action/install/my_custom_interface', 'merge_install': False, 'path': '/home/dexforint/ROS2_study/simple_action/src/my_custom_interface', 'symlink_install': False, 'test_result_base': None}
[0.353s] INFO:colcon.colcon_core.executor:Executing jobs using 'parallel' executor
[0.354s] DEBUG:colcon.colcon_parallel_executor.executor.parallel:run_until_complete
[0.354s] INFO:colcon.colcon_ros.task.ament_cmake.build:Building ROS package in '/home/dexforint/ROS2_study/simple_action/src/my_action_interface' with build type 'ament_cmake'
[0.354s] INFO:colcon.colcon_cmake.task.cmake.build:Building CMake package in '/home/dexforint/ROS2_study/simple_action/src/my_action_interface'
[0.361s] INFO:colcon.colcon_core.plugin_system:Skipping extension 'colcon_core.shell.bat': Not used on non-Windows systems
[0.361s] INFO:colcon.colcon_core.shell:Skip shell extension 'powershell' for command environment: Not usable outside of PowerShell
[0.361s] DEBUG:colcon.colcon_core.shell:Skip shell extension 'dsv' for command environment
[0.364s] INFO:colcon.colcon_ros.task.ament_python.build:Building ROS package in '/home/dexforint/ROS2_study/simple_action/src/my_calculate_action' with build type 'ament_python'
[0.364s] Level 1:colcon.colcon_core.shell:create_environment_hook('my_calculate_action', 'ament_prefix_path')
[0.364s] INFO:colcon.colcon_core.shell:Creating environment hook '/home/dexforint/ROS2_study/simple_action/install/my_calculate_action/share/my_calculate_action/hook/ament_prefix_path.ps1'
[0.365s] INFO:colcon.colcon_core.shell:Creating environment descriptor '/home/dexforint/ROS2_study/simple_action/install/my_calculate_action/share/my_calculate_action/hook/ament_prefix_path.dsv'
[0.367s] INFO:colcon.colcon_core.shell:Creating environment hook '/home/dexforint/ROS2_study/simple_action/install/my_calculate_action/share/my_calculate_action/hook/ament_prefix_path.sh'
[0.367s] INFO:colcon.colcon_core.shell:Skip shell extension 'powershell' for command environment: Not usable outside of PowerShell
[0.367s] DEBUG:colcon.colcon_core.shell:Skip shell extension 'dsv' for command environment
[0.369s] INFO:colcon.colcon_ros.task.ament_cmake.build:Building ROS package in '/home/dexforint/ROS2_study/simple_action/src/my_custom_interface' with build type 'ament_cmake'
[0.369s] INFO:colcon.colcon_cmake.task.cmake.build:Building CMake package in '/home/dexforint/ROS2_study/simple_action/src/my_custom_interface'
[0.369s] INFO:colcon.colcon_core.shell:Skip shell extension 'powershell' for command environment: Not usable outside of PowerShell
[0.370s] DEBUG:colcon.colcon_core.shell:Skip shell extension 'dsv' for command environment
[0.379s] DEBUG:colcon.colcon_core.event_handler.log_command:Invoking command in '/home/dexforint/ROS2_study/simple_action/build/my_action_interface': CMAKE_PREFIX_PATH=${CMAKE_PREFIX_PATH}:/home/dexforint/ROS2_study/simple_action/install/my_calculate_action:/opt/ros/jazzy /usr/bin/cmake --build /home/dexforint/ROS2_study/simple_action/build/my_action_interface -- -j16 -l16
[0.528s] INFO:colcon.colcon_core.task.python.build:Building Python package in '/home/dexforint/ROS2_study/simple_action/src/my_calculate_action'
[0.528s] INFO:colcon.colcon_core.shell:Skip shell extension 'powershell' for command environment: Not usable outside of PowerShell
[0.528s] DEBUG:colcon.colcon_core.shell:Skip shell extension 'dsv' for command environment
[0.533s] DEBUG:colcon.colcon_core.event_handler.log_command:Invoking command in '/home/dexforint/ROS2_study/simple_action/build/my_custom_interface': CMAKE_PREFIX_PATH=${CMAKE_PREFIX_PATH}:/home/dexforint/ROS2_study/simple_action/install/my_calculate_action:/opt/ros/jazzy /usr/bin/cmake --build /home/dexforint/ROS2_study/simple_action/build/my_custom_interface -- -j16 -l16
[0.671s] DEBUG:colcon.colcon_core.event_handler.log_command:Invoked command in '/home/dexforint/ROS2_study/simple_action/build/my_action_interface' returned '0': CMAKE_PREFIX_PATH=${CMAKE_PREFIX_PATH}:/home/dexforint/ROS2_study/simple_action/install/my_calculate_action:/opt/ros/jazzy /usr/bin/cmake --build /home/dexforint/ROS2_study/simple_action/build/my_action_interface -- -j16 -l16
[0.677s] DEBUG:colcon.colcon_core.event_handler.log_command:Invoking command in '/home/dexforint/ROS2_study/simple_action/build/my_action_interface': CMAKE_PREFIX_PATH=${CMAKE_PREFIX_PATH}:/home/dexforint/ROS2_study/simple_action/install/my_calculate_action:/opt/ros/jazzy /usr/bin/cmake --install /home/dexforint/ROS2_study/simple_action/build/my_action_interface
[0.725s] Level 1:colcon.colcon_core.environment:create_environment_scripts_only(my_action_interface)
[0.726s] DEBUG:colcon.colcon_core.event_handler.log_command:Invoked command in '/home/dexforint/ROS2_study/simple_action/build/my_action_interface' returned '0': CMAKE_PREFIX_PATH=${CMAKE_PREFIX_PATH}:/home/dexforint/ROS2_study/simple_action/install/my_calculate_action:/opt/ros/jazzy /usr/bin/cmake --install /home/dexforint/ROS2_study/simple_action/build/my_action_interface
[0.730s] Level 1:colcon.colcon_core.environment:checking '/home/dexforint/ROS2_study/simple_action/install/my_action_interface' for CMake module files
[0.732s] Level 1:colcon.colcon_core.environment:checking '/home/dexforint/ROS2_study/simple_action/install/my_action_interface' for CMake config files
[0.732s] Level 1:colcon.colcon_core.shell:create_environment_hook('my_action_interface', 'cmake_prefix_path')
[0.732s] INFO:colcon.colcon_core.shell:Creating environment hook '/home/dexforint/ROS2_study/simple_action/install/my_action_interface/share/my_action_interface/hook/cmake_prefix_path.ps1'
[0.733s] INFO:colcon.colcon_core.shell:Creating environment descriptor '/home/dexforint/ROS2_study/simple_action/install/my_action_interface/share/my_action_interface/hook/cmake_prefix_path.dsv'
[0.733s] INFO:colcon.colcon_core.shell:Creating environment hook '/home/dexforint/ROS2_study/simple_action/install/my_action_interface/share/my_action_interface/hook/cmake_prefix_path.sh'
[0.733s] Level 1:colcon.colcon_core.environment:checking '/home/dexforint/ROS2_study/simple_action/install/my_action_interface/lib'
[0.734s] Level 1:colcon.colcon_core.shell:create_environment_hook('my_action_interface', 'ld_library_path_lib')
[0.734s] INFO:colcon.colcon_core.shell:Creating environment hook '/home/dexforint/ROS2_study/simple_action/install/my_action_interface/share/my_action_interface/hook/ld_library_path_lib.ps1'
[0.734s] INFO:colcon.colcon_core.shell:Creating environment descriptor '/home/dexforint/ROS2_study/simple_action/install/my_action_interface/share/my_action_interface/hook/ld_library_path_lib.dsv'
[0.734s] INFO:colcon.colcon_core.shell:Creating environment hook '/home/dexforint/ROS2_study/simple_action/install/my_action_interface/share/my_action_interface/hook/ld_library_path_lib.sh'
[0.734s] Level 1:colcon.colcon_core.environment:checking '/home/dexforint/ROS2_study/simple_action/install/my_action_interface/bin'
[0.734s] Level 1:colcon.colcon_core.environment:checking '/home/dexforint/ROS2_study/simple_action/install/my_action_interface/lib/pkgconfig/my_action_interface.pc'
[0.735s] Level 1:colcon.colcon_core.environment:checking '/home/dexforint/ROS2_study/simple_action/install/my_action_interface/lib/python3.12/site-packages'
[0.735s] Level 1:colcon.colcon_core.shell:create_environment_hook('my_action_interface', 'pythonpath')
[0.735s] INFO:colcon.colcon_core.shell:Creating environment hook '/home/dexforint/ROS2_study/simple_action/install/my_action_interface/share/my_action_interface/hook/pythonpath.ps1'
[0.735s] INFO:colcon.colcon_core.shell:Creating environment descriptor '/home/dexforint/ROS2_study/simple_action/install/my_action_interface/share/my_action_interface/hook/pythonpath.dsv'
[0.735s] INFO:colcon.colcon_core.shell:Creating environment hook '/home/dexforint/ROS2_study/simple_action/install/my_action_interface/share/my_action_interface/hook/pythonpath.sh'
[0.736s] Level 1:colcon.colcon_core.environment:checking '/home/dexforint/ROS2_study/simple_action/install/my_action_interface/bin'
[0.736s] INFO:colcon.colcon_core.shell:Creating package script '/home/dexforint/ROS2_study/simple_action/install/my_action_interface/share/my_action_interface/package.ps1'
[0.737s] INFO:colcon.colcon_core.shell:Creating package descriptor '/home/dexforint/ROS2_study/simple_action/install/my_action_interface/share/my_action_interface/package.dsv'
[0.737s] INFO:colcon.colcon_core.shell:Creating package script '/home/dexforint/ROS2_study/simple_action/install/my_action_interface/share/my_action_interface/package.sh'
[0.738s] INFO:colcon.colcon_core.shell:Creating package script '/home/dexforint/ROS2_study/simple_action/install/my_action_interface/share/my_action_interface/package.bash'
[0.738s] INFO:colcon.colcon_core.shell:Creating package script '/home/dexforint/ROS2_study/simple_action/install/my_action_interface/share/my_action_interface/package.zsh'
[0.739s] Level 1:colcon.colcon_core.environment:create_file_with_runtime_dependencies(/home/dexforint/ROS2_study/simple_action/install/my_action_interface/share/colcon-core/packages/my_action_interface)
[0.739s] Level 1:colcon.colcon_core.environment:create_environment_scripts_only(my_action_interface)
[0.739s] Level 1:colcon.colcon_core.environment:checking '/home/dexforint/ROS2_study/simple_action/install/my_action_interface' for CMake module files
[0.740s] Level 1:colcon.colcon_core.environment:checking '/home/dexforint/ROS2_study/simple_action/install/my_action_interface' for CMake config files
[0.740s] Level 1:colcon.colcon_core.shell:create_environment_hook('my_action_interface', 'cmake_prefix_path')
[0.740s] INFO:colcon.colcon_core.shell:Creating environment hook '/home/dexforint/ROS2_study/simple_action/install/my_action_interface/share/my_action_interface/hook/cmake_prefix_path.ps1'
[0.740s] INFO:colcon.colcon_core.shell:Creating environment descriptor '/home/dexforint/ROS2_study/simple_action/install/my_action_interface/share/my_action_interface/hook/cmake_prefix_path.dsv'
[0.740s] INFO:colcon.colcon_core.shell:Creating environment hook '/home/dexforint/ROS2_study/simple_action/install/my_action_interface/share/my_action_interface/hook/cmake_prefix_path.sh'
[0.741s] Level 1:colcon.colcon_core.environment:checking '/home/dexforint/ROS2_study/simple_action/install/my_action_interface/lib'
[0.741s] Level 1:colcon.colcon_core.shell:create_environment_hook('my_action_interface', 'ld_library_path_lib')
[0.741s] INFO:colcon.colcon_core.shell:Creating environment hook '/home/dexforint/ROS2_study/simple_action/install/my_action_interface/share/my_action_interface/hook/ld_library_path_lib.ps1'
[0.742s] INFO:colcon.colcon_core.shell:Creating environment descriptor '/home/dexforint/ROS2_study/simple_action/install/my_action_interface/share/my_action_interface/hook/ld_library_path_lib.dsv'
[0.742s] INFO:colcon.colcon_core.shell:Creating environment hook '/home/dexforint/ROS2_study/simple_action/install/my_action_interface/share/my_action_interface/hook/ld_library_path_lib.sh'
[0.742s] Level 1:colcon.colcon_core.environment:checking '/home/dexforint/ROS2_study/simple_action/install/my_action_interface/bin'
[0.742s] Level 1:colcon.colcon_core.environment:checking '/home/dexforint/ROS2_study/simple_action/install/my_action_interface/lib/pkgconfig/my_action_interface.pc'
[0.743s] Level 1:colcon.colcon_core.environment:checking '/home/dexforint/ROS2_study/simple_action/install/my_action_interface/lib/python3.12/site-packages'
[0.743s] Level 1:colcon.colcon_core.shell:create_environment_hook('my_action_interface', 'pythonpath')
[0.743s] INFO:colcon.colcon_core.shell:Creating environment hook '/home/dexforint/ROS2_study/simple_action/install/my_action_interface/share/my_action_interface/hook/pythonpath.ps1'
[0.743s] INFO:colcon.colcon_core.shell:Creating environment descriptor '/home/dexforint/ROS2_study/simple_action/install/my_action_interface/share/my_action_interface/hook/pythonpath.dsv'
[0.743s] INFO:colcon.colcon_core.shell:Creating environment hook '/home/dexforint/ROS2_study/simple_action/install/my_action_interface/share/my_action_interface/hook/pythonpath.sh'
[0.744s] Level 1:colcon.colcon_core.environment:checking '/home/dexforint/ROS2_study/simple_action/install/my_action_interface/bin'
[0.744s] INFO:colcon.colcon_core.shell:Creating package script '/home/dexforint/ROS2_study/simple_action/install/my_action_interface/share/my_action_interface/package.ps1'
[0.744s] INFO:colcon.colcon_core.shell:Creating package descriptor '/home/dexforint/ROS2_study/simple_action/install/my_action_interface/share/my_action_interface/package.dsv'
[0.745s] INFO:colcon.colcon_core.shell:Creating package script '/home/dexforint/ROS2_study/simple_action/install/my_action_interface/share/my_action_interface/package.sh'
[0.745s] INFO:colcon.colcon_core.shell:Creating package script '/home/dexforint/ROS2_study/simple_action/install/my_action_interface/share/my_action_interface/package.bash'
[0.745s] INFO:colcon.colcon_core.shell:Creating package script '/home/dexforint/ROS2_study/simple_action/install/my_action_interface/share/my_action_interface/package.zsh'
[0.745s] Level 1:colcon.colcon_core.environment:create_file_with_runtime_dependencies(/home/dexforint/ROS2_study/simple_action/install/my_action_interface/share/colcon-core/packages/my_action_interface)
[0.765s] DEBUG:colcon.colcon_core.event_handler.log_command:Invoked command in '/home/dexforint/ROS2_study/simple_action/build/my_custom_interface' returned '0': CMAKE_PREFIX_PATH=${CMAKE_PREFIX_PATH}:/home/dexforint/ROS2_study/simple_action/install/my_calculate_action:/opt/ros/jazzy /usr/bin/cmake --build /home/dexforint/ROS2_study/simple_action/build/my_custom_interface -- -j16 -l16
[0.766s] DEBUG:colcon.colcon_core.event_handler.log_command:Invoking command in '/home/dexforint/ROS2_study/simple_action/build/my_custom_interface': CMAKE_PREFIX_PATH=${CMAKE_PREFIX_PATH}:/home/dexforint/ROS2_study/simple_action/install/my_calculate_action:/opt/ros/jazzy /usr/bin/cmake --install /home/dexforint/ROS2_study/simple_action/build/my_custom_interface
[0.809s] Level 1:colcon.colcon_core.environment:create_environment_scripts_only(my_custom_interface)
[0.809s] Level 1:colcon.colcon_core.environment:checking '/home/dexforint/ROS2_study/simple_action/install/my_custom_interface' for CMake module files
[0.810s] DEBUG:colcon.colcon_core.event_handler.log_command:Invoked command in '/home/dexforint/ROS2_study/simple_action/build/my_custom_interface' returned '0': CMAKE_PREFIX_PATH=${CMAKE_PREFIX_PATH}:/home/dexforint/ROS2_study/simple_action/install/my_calculate_action:/opt/ros/jazzy /usr/bin/cmake --install /home/dexforint/ROS2_study/simple_action/build/my_custom_interface
[0.810s] Level 1:colcon.colcon_core.environment:checking '/home/dexforint/ROS2_study/simple_action/install/my_custom_interface' for CMake config files
[0.810s] Level 1:colcon.colcon_core.shell:create_environment_hook('my_custom_interface', 'cmake_prefix_path')
[0.810s] INFO:colcon.colcon_core.shell:Creating environment hook '/home/dexforint/ROS2_study/simple_action/install/my_custom_interface/share/my_custom_interface/hook/cmake_prefix_path.ps1'
[0.811s] INFO:colcon.colcon_core.shell:Creating environment descriptor '/home/dexforint/ROS2_study/simple_action/install/my_custom_interface/share/my_custom_interface/hook/cmake_prefix_path.dsv'
[0.811s] INFO:colcon.colcon_core.shell:Creating environment hook '/home/dexforint/ROS2_study/simple_action/install/my_custom_interface/share/my_custom_interface/hook/cmake_prefix_path.sh'
[0.811s] Level 1:colcon.colcon_core.environment:checking '/home/dexforint/ROS2_study/simple_action/install/my_custom_interface/lib'
[0.811s] Level 1:colcon.colcon_core.shell:create_environment_hook('my_custom_interface', 'ld_library_path_lib')
[0.811s] INFO:colcon.colcon_core.shell:Creating environment hook '/home/dexforint/ROS2_study/simple_action/install/my_custom_interface/share/my_custom_interface/hook/ld_library_path_lib.ps1'
[0.812s] INFO:colcon.colcon_core.shell:Creating environment descriptor '/home/dexforint/ROS2_study/simple_action/install/my_custom_interface/share/my_custom_interface/hook/ld_library_path_lib.dsv'
[0.812s] INFO:colcon.colcon_core.shell:Creating environment hook '/home/dexforint/ROS2_study/simple_action/install/my_custom_interface/share/my_custom_interface/hook/ld_library_path_lib.sh'
[0.812s] Level 1:colcon.colcon_core.environment:checking '/home/dexforint/ROS2_study/simple_action/install/my_custom_interface/bin'
[0.812s] Level 1:colcon.colcon_core.environment:checking '/home/dexforint/ROS2_study/simple_action/install/my_custom_interface/lib/pkgconfig/my_custom_interface.pc'
[0.812s] Level 1:colcon.colcon_core.environment:checking '/home/dexforint/ROS2_study/simple_action/install/my_custom_interface/lib/python3.12/site-packages'
[0.812s] Level 1:colcon.colcon_core.shell:create_environment_hook('my_custom_interface', 'pythonpath')
[0.812s] INFO:colcon.colcon_core.shell:Creating environment hook '/home/dexforint/ROS2_study/simple_action/install/my_custom_interface/share/my_custom_interface/hook/pythonpath.ps1'
[0.813s] INFO:colcon.colcon_core.shell:Creating environment descriptor '/home/dexforint/ROS2_study/simple_action/install/my_custom_interface/share/my_custom_interface/hook/pythonpath.dsv'
[0.813s] INFO:colcon.colcon_core.shell:Creating environment hook '/home/dexforint/ROS2_study/simple_action/install/my_custom_interface/share/my_custom_interface/hook/pythonpath.sh'
[0.813s] Level 1:colcon.colcon_core.environment:checking '/home/dexforint/ROS2_study/simple_action/install/my_custom_interface/bin'
[0.813s] INFO:colcon.colcon_core.shell:Creating package script '/home/dexforint/ROS2_study/simple_action/install/my_custom_interface/share/my_custom_interface/package.ps1'
[0.814s] INFO:colcon.colcon_core.shell:Creating package descriptor '/home/dexforint/ROS2_study/simple_action/install/my_custom_interface/share/my_custom_interface/package.dsv'
[0.814s] INFO:colcon.colcon_core.shell:Creating package script '/home/dexforint/ROS2_study/simple_action/install/my_custom_interface/share/my_custom_interface/package.sh'
[0.814s] INFO:colcon.colcon_core.shell:Creating package script '/home/dexforint/ROS2_study/simple_action/install/my_custom_interface/share/my_custom_interface/package.bash'
[0.814s] INFO:colcon.colcon_core.shell:Creating package script '/home/dexforint/ROS2_study/simple_action/install/my_custom_interface/share/my_custom_interface/package.zsh'
[0.814s] Level 1:colcon.colcon_core.environment:create_file_with_runtime_dependencies(/home/dexforint/ROS2_study/simple_action/install/my_custom_interface/share/colcon-core/packages/my_custom_interface)
[0.815s] Level 1:colcon.colcon_core.environment:create_environment_scripts_only(my_custom_interface)
[0.815s] Level 1:colcon.colcon_core.environment:checking '/home/dexforint/ROS2_study/simple_action/install/my_custom_interface' for CMake module files
[0.815s] Level 1:colcon.colcon_core.environment:checking '/home/dexforint/ROS2_study/simple_action/install/my_custom_interface' for CMake config files
[0.815s] Level 1:colcon.colcon_core.shell:create_environment_hook('my_custom_interface', 'cmake_prefix_path')
[0.815s] INFO:colcon.colcon_core.shell:Creating environment hook '/home/dexforint/ROS2_study/simple_action/install/my_custom_interface/share/my_custom_interface/hook/cmake_prefix_path.ps1'
[0.816s] INFO:colcon.colcon_core.shell:Creating environment descriptor '/home/dexforint/ROS2_study/simple_action/install/my_custom_interface/share/my_custom_interface/hook/cmake_prefix_path.dsv'
[0.816s] INFO:colcon.colcon_core.shell:Creating environment hook '/home/dexforint/ROS2_study/simple_action/install/my_custom_interface/share/my_custom_interface/hook/cmake_prefix_path.sh'
[0.816s] Level 1:colcon.colcon_core.environment:checking '/home/dexforint/ROS2_study/simple_action/install/my_custom_interface/lib'
[0.816s] Level 1:colcon.colcon_core.shell:create_environment_hook('my_custom_interface', 'ld_library_path_lib')
[0.816s] INFO:colcon.colcon_core.shell:Creating environment hook '/home/dexforint/ROS2_study/simple_action/install/my_custom_interface/share/my_custom_interface/hook/ld_library_path_lib.ps1'
[0.816s] INFO:colcon.colcon_core.shell:Creating environment descriptor '/home/dexforint/ROS2_study/simple_action/install/my_custom_interface/share/my_custom_interface/hook/ld_library_path_lib.dsv'
[0.817s] INFO:colcon.colcon_core.shell:Creating environment hook '/home/dexforint/ROS2_study/simple_action/install/my_custom_interface/share/my_custom_interface/hook/ld_library_path_lib.sh'
[0.817s] Level 1:colcon.colcon_core.environment:checking '/home/dexforint/ROS2_study/simple_action/install/my_custom_interface/bin'
[0.817s] Level 1:colcon.colcon_core.environment:checking '/home/dexforint/ROS2_study/simple_action/install/my_custom_interface/lib/pkgconfig/my_custom_interface.pc'
[0.817s] Level 1:colcon.colcon_core.environment:checking '/home/dexforint/ROS2_study/simple_action/install/my_custom_interface/lib/python3.12/site-packages'
[0.817s] Level 1:colcon.colcon_core.shell:create_environment_hook('my_custom_interface', 'pythonpath')
[0.817s] INFO:colcon.colcon_core.shell:Creating environment hook '/home/dexforint/ROS2_study/simple_action/install/my_custom_interface/share/my_custom_interface/hook/pythonpath.ps1'
[0.817s] INFO:colcon.colcon_core.shell:Creating environment descriptor '/home/dexforint/ROS2_study/simple_action/install/my_custom_interface/share/my_custom_interface/hook/pythonpath.dsv'
[0.818s] INFO:colcon.colcon_core.shell:Creating environment hook '/home/dexforint/ROS2_study/simple_action/install/my_custom_interface/share/my_custom_interface/hook/pythonpath.sh'
[0.818s] Level 1:colcon.colcon_core.environment:checking '/home/dexforint/ROS2_study/simple_action/install/my_custom_interface/bin'
[0.818s] INFO:colcon.colcon_core.shell:Creating package script '/home/dexforint/ROS2_study/simple_action/install/my_custom_interface/share/my_custom_interface/package.ps1'
[0.818s] INFO:colcon.colcon_core.shell:Creating package descriptor '/home/dexforint/ROS2_study/simple_action/install/my_custom_interface/share/my_custom_interface/package.dsv'
[0.819s] INFO:colcon.colcon_core.shell:Creating package script '/home/dexforint/ROS2_study/simple_action/install/my_custom_interface/share/my_custom_interface/package.sh'
[0.819s] INFO:colcon.colcon_core.shell:Creating package script '/home/dexforint/ROS2_study/simple_action/install/my_custom_interface/share/my_custom_interface/package.bash'
[0.819s] INFO:colcon.colcon_core.shell:Creating package script '/home/dexforint/ROS2_study/simple_action/install/my_custom_interface/share/my_custom_interface/package.zsh'
[0.819s] Level 1:colcon.colcon_core.environment:create_file_with_runtime_dependencies(/home/dexforint/ROS2_study/simple_action/install/my_custom_interface/share/colcon-core/packages/my_custom_interface)
[1.132s] DEBUG:colcon.colcon_core.event_handler.log_command:Invoking command in '/home/dexforint/ROS2_study/simple_action/src/my_calculate_action': PYTHONPATH=/home/dexforint/ROS2_study/simple_action/build/my_calculate_action/prefix_override:/usr/lib/python3/dist-packages/colcon_core/task/python/colcon_distutils_commands:/home/dexforint/ROS2_study/simple_action/install/my_calculate_action/lib/python3.12/site-packages:${PYTHONPATH} /usr/bin/python3 -W ignore:setup.py install is deprecated -W ignore:easy_install command is deprecated setup.py egg_info --egg-base ../../build/my_calculate_action build --build-base /home/dexforint/ROS2_study/simple_action/build/my_calculate_action/build install --record /home/dexforint/ROS2_study/simple_action/build/my_calculate_action/install.log --single-version-externally-managed install_data
[1.403s] Level 1:colcon.colcon_core.environment:checking '/home/dexforint/ROS2_study/simple_action/install/my_calculate_action' for CMake module files
[1.403s] DEBUG:colcon.colcon_core.event_handler.log_command:Invoked command in '/home/dexforint/ROS2_study/simple_action/src/my_calculate_action' returned '0': PYTHONPATH=/home/dexforint/ROS2_study/simple_action/build/my_calculate_action/prefix_override:/usr/lib/python3/dist-packages/colcon_core/task/python/colcon_distutils_commands:/home/dexforint/ROS2_study/simple_action/install/my_calculate_action/lib/python3.12/site-packages:${PYTHONPATH} /usr/bin/python3 -W ignore:setup.py install is deprecated -W ignore:easy_install command is deprecated setup.py egg_info --egg-base ../../build/my_calculate_action build --build-base /home/dexforint/ROS2_study/simple_action/build/my_calculate_action/build install --record /home/dexforint/ROS2_study/simple_action/build/my_calculate_action/install.log --single-version-externally-managed install_data
[1.403s] Level 1:colcon.colcon_core.environment:checking '/home/dexforint/ROS2_study/simple_action/install/my_calculate_action' for CMake config files
[1.404s] Level 1:colcon.colcon_core.environment:checking '/home/dexforint/ROS2_study/simple_action/install/my_calculate_action/lib'
[1.404s] Level 1:colcon.colcon_core.environment:checking '/home/dexforint/ROS2_study/simple_action/install/my_calculate_action/bin'
[1.404s] Level 1:colcon.colcon_core.environment:checking '/home/dexforint/ROS2_study/simple_action/install/my_calculate_action/lib/pkgconfig/my_calculate_action.pc'
[1.404s] Level 1:colcon.colcon_core.environment:checking '/home/dexforint/ROS2_study/simple_action/install/my_calculate_action/lib/python3.12/site-packages'
[1.404s] Level 1:colcon.colcon_core.shell:create_environment_hook('my_calculate_action', 'pythonpath')
[1.404s] INFO:colcon.colcon_core.shell:Creating environment hook '/home/dexforint/ROS2_study/simple_action/install/my_calculate_action/share/my_calculate_action/hook/pythonpath.ps1'
[1.404s] INFO:colcon.colcon_core.shell:Creating environment descriptor '/home/dexforint/ROS2_study/simple_action/install/my_calculate_action/share/my_calculate_action/hook/pythonpath.dsv'
[1.404s] INFO:colcon.colcon_core.shell:Creating environment hook '/home/dexforint/ROS2_study/simple_action/install/my_calculate_action/share/my_calculate_action/hook/pythonpath.sh'
[1.405s] Level 1:colcon.colcon_core.environment:checking '/home/dexforint/ROS2_study/simple_action/install/my_calculate_action/bin'
[1.405s] Level 1:colcon.colcon_core.environment:create_environment_scripts_only(my_calculate_action)
[1.405s] INFO:colcon.colcon_core.shell:Creating package script '/home/dexforint/ROS2_study/simple_action/install/my_calculate_action/share/my_calculate_action/package.ps1'
[1.405s] INFO:colcon.colcon_core.shell:Creating package descriptor '/home/dexforint/ROS2_study/simple_action/install/my_calculate_action/share/my_calculate_action/package.dsv'
[1.405s] INFO:colcon.colcon_core.shell:Creating package script '/home/dexforint/ROS2_study/simple_action/install/my_calculate_action/share/my_calculate_action/package.sh'
[1.406s] INFO:colcon.colcon_core.shell:Creating package script '/home/dexforint/ROS2_study/simple_action/install/my_calculate_action/share/my_calculate_action/package.bash'
[1.406s] INFO:colcon.colcon_core.shell:Creating package script '/home/dexforint/ROS2_study/simple_action/install/my_calculate_action/share/my_calculate_action/package.zsh'
[1.406s] Level 1:colcon.colcon_core.environment:create_file_with_runtime_dependencies(/home/dexforint/ROS2_study/simple_action/install/my_calculate_action/share/colcon-core/packages/my_calculate_action)
[1.406s] DEBUG:colcon.colcon_parallel_executor.executor.parallel:closing loop
[1.406s] DEBUG:colcon.colcon_parallel_executor.executor.parallel:loop closed
[1.406s] DEBUG:colcon.colcon_parallel_executor.executor.parallel:run_until_complete finished with '0'
[1.406s] DEBUG:colcon.colcon_core.event_reactor:joining thread
[1.437s] INFO:colcon.colcon_core.plugin_system:Skipping extension 'colcon_notification.desktop_notification.notify_send': Could not find 'notify-send'
[1.438s] INFO:colcon.colcon_core.plugin_system:Skipping extension 'colcon_notification.desktop_notification.terminal_notifier': Not used on non-Darwin systems
[1.438s] INFO:colcon.colcon_core.plugin_system:Skipping extension 'colcon_notification.desktop_notification.win32': Not used on non-Windows systems
[1.438s] INFO:colcon.colcon_notification.desktop_notification:Sending desktop notification using 'notify2'
[1.439s] DEBUG:colcon.colcon_notification.desktop_notification.notify2:Failed to initialize notify2: org.freedesktop.DBus.Error.ServiceUnknown: The name org.freedesktop.Notifications was not provided by any .service files
[1.440s] DEBUG:colcon.colcon_core.event_reactor:joined thread
[1.440s] INFO:colcon.colcon_core.shell:Creating prefix script '/home/dexforint/ROS2_study/simple_action/install/local_setup.ps1'
[1.440s] INFO:colcon.colcon_core.shell:Creating prefix util module '/home/dexforint/ROS2_study/simple_action/install/_local_setup_util_ps1.py'
[1.441s] INFO:colcon.colcon_core.shell:Creating prefix chain script '/home/dexforint/ROS2_study/simple_action/install/setup.ps1'
[1.442s] INFO:colcon.colcon_core.shell:Creating prefix script '/home/dexforint/ROS2_study/simple_action/install/local_setup.sh'
[1.442s] INFO:colcon.colcon_core.shell:Creating prefix util module '/home/dexforint/ROS2_study/simple_action/install/_local_setup_util_sh.py'
[1.442s] INFO:colcon.colcon_core.shell:Creating prefix chain script '/home/dexforint/ROS2_study/simple_action/install/setup.sh'
[1.443s] INFO:colcon.colcon_core.shell:Creating prefix script '/home/dexforint/ROS2_study/simple_action/install/local_setup.bash'
[1.444s] INFO:colcon.colcon_core.shell:Creating prefix chain script '/home/dexforint/ROS2_study/simple_action/install/setup.bash'
[1.444s] INFO:colcon.colcon_core.shell:Creating prefix script '/home/dexforint/ROS2_study/simple_action/install/local_setup.zsh'
[1.445s] INFO:colcon.colcon_core.shell:Creating prefix chain script '/home/dexforint/ROS2_study/simple_action/install/setup.zsh'
