[0.133s] Invoking command in '/home/dexforint/ROS2_study/turtlesim_action/build/my_turtle_msg_interface': CMAKE_PREFIX_PATH=${CMAKE_PREFIX_PATH}:/home/dexforint/ROS2_study/turtlesim_action/install/my_turtle_action:/opt/ros/jazzy /usr/bin/cmake --build /home/dexforint/ROS2_study/turtlesim_action/build/my_turtle_msg_interface -- -j16 -l16
[0.186s] [  2%] Built target my_turtle_msg_interface__rosidl_generator_type_description
[0.196s] [  2%] Built target ament_cmake_python_copy_my_turtle_msg_interface
[0.202s] [  5%] Built target my_turtle_msg_interface__cpp
[0.202s] [ 20%] Built target my_turtle_msg_interface__rosidl_generator_c
[0.225s] [ 29%] Built target my_turtle_msg_interface__rosidl_typesupport_fastrtps_cpp
[0.225s] [ 47%] Built target my_turtle_msg_interface__rosidl_typesupport_fastrtps_c
[0.228s] [ 38%] Built target my_turtle_msg_interface__rosidl_typesupport_c
[0.228s] [ 55%] Built target my_turtle_msg_interface__rosidl_typesupport_introspection_c
[0.228s] [ 64%] Built target my_turtle_msg_interface__rosidl_typesupport_cpp
[0.232s] [ 73%] Built target my_turtle_msg_interface__rosidl_typesupport_introspection_cpp
[0.242s] [ 73%] Built target my_turtle_msg_interface
[0.253s] [ 76%] Built target my_turtle_msg_interface__py
[0.265s] [ 82%] Built target my_turtle_msg_interface__rosidl_generator_py
[0.280s] [ 88%] Built target my_turtle_msg_interface_s__rosidl_typesupport_c
[0.281s] [ 94%] Built target my_turtle_msg_interface_s__rosidl_typesupport_fastrtps_c
[0.281s] [100%] Built target my_turtle_msg_interface_s__rosidl_typesupport_introspection_c
[0.349s] running egg_info
[0.362s] writing my_turtle_msg_interface.egg-info/PKG-INFO
[0.363s] writing dependency_links to my_turtle_msg_interface.egg-info/dependency_links.txt
[0.363s] writing top-level names to my_turtle_msg_interface.egg-info/top_level.txt
[0.394s] reading manifest file 'my_turtle_msg_interface.egg-info/SOURCES.txt'
[0.394s] writing manifest file 'my_turtle_msg_interface.egg-info/SOURCES.txt'
[0.413s] [100%] Built target ament_cmake_python_build_my_turtle_msg_interface_egg
[0.421s] Invoked command in '/home/dexforint/ROS2_study/turtlesim_action/build/my_turtle_msg_interface' returned '0': CMAKE_PREFIX_PATH=${CMAKE_PREFIX_PATH}:/home/dexforint/ROS2_study/turtlesim_action/install/my_turtle_action:/opt/ros/jazzy /usr/bin/cmake --build /home/dexforint/ROS2_study/turtlesim_action/build/my_turtle_msg_interface -- -j16 -l16
[0.422s] Invoking command in '/home/dexforint/ROS2_study/turtlesim_action/build/my_turtle_msg_interface': CMAKE_PREFIX_PATH=${CMAKE_PREFIX_PATH}:/home/dexforint/ROS2_study/turtlesim_action/install/my_turtle_action:/opt/ros/jazzy /usr/bin/cmake --install /home/dexforint/ROS2_study/turtlesim_action/build/my_turtle_msg_interface
[0.427s] -- Install configuration: ""
[0.427s] -- Up-to-date: /home/dexforint/ROS2_study/turtlesim_action/install/my_turtle_msg_interface/share/ament_index/resource_index/rosidl_interfaces/my_turtle_msg_interface
[0.428s] -- Up-to-date: /home/dexforint/ROS2_study/turtlesim_action/install/my_turtle_msg_interface/share/my_turtle_msg_interface/msg/Numbers.json
[0.428s] -- Up-to-date: /home/dexforint/ROS2_study/turtlesim_action/install/my_turtle_msg_interface/include/my_turtle_msg_interface/my_turtle_msg_interface
[0.428s] -- Up-to-date: /home/dexforint/ROS2_study/turtlesim_action/install/my_turtle_msg_interface/include/my_turtle_msg_interface/my_turtle_msg_interface/msg
[0.428s] -- Up-to-date: /home/dexforint/ROS2_study/turtlesim_action/install/my_turtle_msg_interface/include/my_turtle_msg_interface/my_turtle_msg_interface/msg/detail
[0.428s] -- Up-to-date: /home/dexforint/ROS2_study/turtlesim_action/install/my_turtle_msg_interface/include/my_turtle_msg_interface/my_turtle_msg_interface/msg/detail/numbers__struct.h
[0.428s] -- Up-to-date: /home/dexforint/ROS2_study/turtlesim_action/install/my_turtle_msg_interface/include/my_turtle_msg_interface/my_turtle_msg_interface/msg/detail/numbers__type_support.c
[0.428s] -- Up-to-date: /home/dexforint/ROS2_study/turtlesim_action/install/my_turtle_msg_interface/include/my_turtle_msg_interface/my_turtle_msg_interface/msg/detail/numbers__type_support.h
[0.429s] -- Up-to-date: /home/dexforint/ROS2_study/turtlesim_action/install/my_turtle_msg_interface/include/my_turtle_msg_interface/my_turtle_msg_interface/msg/detail/numbers__functions.c
[0.429s] -- Up-to-date: /home/dexforint/ROS2_study/turtlesim_action/install/my_turtle_msg_interface/include/my_turtle_msg_interface/my_turtle_msg_interface/msg/detail/numbers__functions.h
[0.429s] -- Up-to-date: /home/dexforint/ROS2_study/turtlesim_action/install/my_turtle_msg_interface/include/my_turtle_msg_interface/my_turtle_msg_interface/msg/detail/numbers__description.c
[0.429s] -- Up-to-date: /home/dexforint/ROS2_study/turtlesim_action/install/my_turtle_msg_interface/include/my_turtle_msg_interface/my_turtle_msg_interface/msg/numbers.h
[0.429s] -- Up-to-date: /home/dexforint/ROS2_study/turtlesim_action/install/my_turtle_msg_interface/include/my_turtle_msg_interface/my_turtle_msg_interface/msg/rosidl_generator_c__visibility_control.h
[0.429s] -- Up-to-date: /home/dexforint/ROS2_study/turtlesim_action/install/my_turtle_msg_interface/share/my_turtle_msg_interface/environment/library_path.sh
[0.429s] -- Up-to-date: /home/dexforint/ROS2_study/turtlesim_action/install/my_turtle_msg_interface/share/my_turtle_msg_interface/environment/library_path.dsv
[0.429s] -- Up-to-date: /home/dexforint/ROS2_study/turtlesim_action/install/my_turtle_msg_interface/lib/libmy_turtle_msg_interface__rosidl_generator_c.so
[0.430s] -- Up-to-date: /home/dexforint/ROS2_study/turtlesim_action/install/my_turtle_msg_interface/include/my_turtle_msg_interface/my_turtle_msg_interface
[0.430s] -- Up-to-date: /home/dexforint/ROS2_study/turtlesim_action/install/my_turtle_msg_interface/include/my_turtle_msg_interface/my_turtle_msg_interface/msg
[0.430s] -- Up-to-date: /home/dexforint/ROS2_study/turtlesim_action/install/my_turtle_msg_interface/include/my_turtle_msg_interface/my_turtle_msg_interface/msg/detail
[0.430s] -- Up-to-date: /home/dexforint/ROS2_study/turtlesim_action/install/my_turtle_msg_interface/include/my_turtle_msg_interface/my_turtle_msg_interface/msg/detail/numbers__rosidl_typesupport_fastrtps_c.h
[0.430s] -- Up-to-date: /home/dexforint/ROS2_study/turtlesim_action/install/my_turtle_msg_interface/include/my_turtle_msg_interface/my_turtle_msg_interface/msg/rosidl_typesupport_fastrtps_c__visibility_control.h
[0.430s] -- Up-to-date: /home/dexforint/ROS2_study/turtlesim_action/install/my_turtle_msg_interface/lib/libmy_turtle_msg_interface__rosidl_typesupport_fastrtps_c.so
[0.430s] -- Up-to-date: /home/dexforint/ROS2_study/turtlesim_action/install/my_turtle_msg_interface/include/my_turtle_msg_interface/my_turtle_msg_interface
[0.430s] -- Up-to-date: /home/dexforint/ROS2_study/turtlesim_action/install/my_turtle_msg_interface/include/my_turtle_msg_interface/my_turtle_msg_interface/msg
[0.430s] -- Up-to-date: /home/dexforint/ROS2_study/turtlesim_action/install/my_turtle_msg_interface/include/my_turtle_msg_interface/my_turtle_msg_interface/msg/rosidl_typesupport_introspection_c__visibility_control.h
[0.430s] -- Up-to-date: /home/dexforint/ROS2_study/turtlesim_action/install/my_turtle_msg_interface/include/my_turtle_msg_interface/my_turtle_msg_interface/msg/detail
[0.430s] -- Up-to-date: /home/dexforint/ROS2_study/turtlesim_action/install/my_turtle_msg_interface/include/my_turtle_msg_interface/my_turtle_msg_interface/msg/detail/numbers__type_support.c
[0.430s] -- Up-to-date: /home/dexforint/ROS2_study/turtlesim_action/install/my_turtle_msg_interface/include/my_turtle_msg_interface/my_turtle_msg_interface/msg/detail/numbers__rosidl_typesupport_introspection_c.h
[0.430s] -- Up-to-date: /home/dexforint/ROS2_study/turtlesim_action/install/my_turtle_msg_interface/lib/libmy_turtle_msg_interface__rosidl_typesupport_introspection_c.so
[0.430s] -- Up-to-date: /home/dexforint/ROS2_study/turtlesim_action/install/my_turtle_msg_interface/lib/libmy_turtle_msg_interface__rosidl_typesupport_c.so
[0.430s] -- Up-to-date: /home/dexforint/ROS2_study/turtlesim_action/install/my_turtle_msg_interface/include/my_turtle_msg_interface/my_turtle_msg_interface
[0.430s] -- Up-to-date: /home/dexforint/ROS2_study/turtlesim_action/install/my_turtle_msg_interface/include/my_turtle_msg_interface/my_turtle_msg_interface/msg
[0.430s] -- Up-to-date: /home/dexforint/ROS2_study/turtlesim_action/install/my_turtle_msg_interface/include/my_turtle_msg_interface/my_turtle_msg_interface/msg/numbers.hpp
[0.430s] -- Up-to-date: /home/dexforint/ROS2_study/turtlesim_action/install/my_turtle_msg_interface/include/my_turtle_msg_interface/my_turtle_msg_interface/msg/detail
[0.430s] -- Up-to-date: /home/dexforint/ROS2_study/turtlesim_action/install/my_turtle_msg_interface/include/my_turtle_msg_interface/my_turtle_msg_interface/msg/detail/numbers__builder.hpp
[0.430s] -- Up-to-date: /home/dexforint/ROS2_study/turtlesim_action/install/my_turtle_msg_interface/include/my_turtle_msg_interface/my_turtle_msg_interface/msg/detail/numbers__struct.hpp
[0.430s] -- Up-to-date: /home/dexforint/ROS2_study/turtlesim_action/install/my_turtle_msg_interface/include/my_turtle_msg_interface/my_turtle_msg_interface/msg/detail/numbers__traits.hpp
[0.430s] -- Up-to-date: /home/dexforint/ROS2_study/turtlesim_action/install/my_turtle_msg_interface/include/my_turtle_msg_interface/my_turtle_msg_interface/msg/detail/numbers__type_support.hpp
[0.431s] -- Up-to-date: /home/dexforint/ROS2_study/turtlesim_action/install/my_turtle_msg_interface/include/my_turtle_msg_interface/my_turtle_msg_interface/msg/rosidl_generator_cpp__visibility_control.hpp
[0.431s] -- Up-to-date: /home/dexforint/ROS2_study/turtlesim_action/install/my_turtle_msg_interface/include/my_turtle_msg_interface/my_turtle_msg_interface
[0.431s] -- Up-to-date: /home/dexforint/ROS2_study/turtlesim_action/install/my_turtle_msg_interface/include/my_turtle_msg_interface/my_turtle_msg_interface/msg
[0.431s] -- Up-to-date: /home/dexforint/ROS2_study/turtlesim_action/install/my_turtle_msg_interface/include/my_turtle_msg_interface/my_turtle_msg_interface/msg/detail
[0.431s] -- Up-to-date: /home/dexforint/ROS2_study/turtlesim_action/install/my_turtle_msg_interface/include/my_turtle_msg_interface/my_turtle_msg_interface/msg/detail/dds_fastrtps
[0.431s] -- Up-to-date: /home/dexforint/ROS2_study/turtlesim_action/install/my_turtle_msg_interface/include/my_turtle_msg_interface/my_turtle_msg_interface/msg/detail/numbers__rosidl_typesupport_fastrtps_cpp.hpp
[0.431s] -- Up-to-date: /home/dexforint/ROS2_study/turtlesim_action/install/my_turtle_msg_interface/include/my_turtle_msg_interface/my_turtle_msg_interface/msg/rosidl_typesupport_fastrtps_cpp__visibility_control.h
[0.431s] -- Up-to-date: /home/dexforint/ROS2_study/turtlesim_action/install/my_turtle_msg_interface/lib/libmy_turtle_msg_interface__rosidl_typesupport_fastrtps_cpp.so
[0.431s] -- Up-to-date: /home/dexforint/ROS2_study/turtlesim_action/install/my_turtle_msg_interface/include/my_turtle_msg_interface/my_turtle_msg_interface
[0.431s] -- Up-to-date: /home/dexforint/ROS2_study/turtlesim_action/install/my_turtle_msg_interface/include/my_turtle_msg_interface/my_turtle_msg_interface/msg
[0.431s] -- Up-to-date: /home/dexforint/ROS2_study/turtlesim_action/install/my_turtle_msg_interface/include/my_turtle_msg_interface/my_turtle_msg_interface/msg/detail
[0.431s] -- Up-to-date: /home/dexforint/ROS2_study/turtlesim_action/install/my_turtle_msg_interface/include/my_turtle_msg_interface/my_turtle_msg_interface/msg/detail/numbers__rosidl_typesupport_introspection_cpp.hpp
[0.431s] -- Up-to-date: /home/dexforint/ROS2_study/turtlesim_action/install/my_turtle_msg_interface/include/my_turtle_msg_interface/my_turtle_msg_interface/msg/detail/numbers__type_support.cpp
[0.431s] -- Up-to-date: /home/dexforint/ROS2_study/turtlesim_action/install/my_turtle_msg_interface/lib/libmy_turtle_msg_interface__rosidl_typesupport_introspection_cpp.so
[0.431s] -- Up-to-date: /home/dexforint/ROS2_study/turtlesim_action/install/my_turtle_msg_interface/lib/libmy_turtle_msg_interface__rosidl_typesupport_cpp.so
[0.431s] -- Up-to-date: /home/dexforint/ROS2_study/turtlesim_action/install/my_turtle_msg_interface/share/my_turtle_msg_interface/environment/pythonpath.sh
[0.431s] -- Up-to-date: /home/dexforint/ROS2_study/turtlesim_action/install/my_turtle_msg_interface/share/my_turtle_msg_interface/environment/pythonpath.dsv
[0.431s] -- Up-to-date: /home/dexforint/ROS2_study/turtlesim_action/install/my_turtle_msg_interface/lib/python3.12/site-packages/my_turtle_msg_interface-0.0.0-py3.12.egg-info
[0.431s] -- Installing: /home/dexforint/ROS2_study/turtlesim_action/install/my_turtle_msg_interface/lib/python3.12/site-packages/my_turtle_msg_interface-0.0.0-py3.12.egg-info/dependency_links.txt
[0.431s] -- Installing: /home/dexforint/ROS2_study/turtlesim_action/install/my_turtle_msg_interface/lib/python3.12/site-packages/my_turtle_msg_interface-0.0.0-py3.12.egg-info/PKG-INFO
[0.431s] -- Installing: /home/dexforint/ROS2_study/turtlesim_action/install/my_turtle_msg_interface/lib/python3.12/site-packages/my_turtle_msg_interface-0.0.0-py3.12.egg-info/SOURCES.txt
[0.431s] -- Installing: /home/dexforint/ROS2_study/turtlesim_action/install/my_turtle_msg_interface/lib/python3.12/site-packages/my_turtle_msg_interface-0.0.0-py3.12.egg-info/top_level.txt
[0.431s] -- Up-to-date: /home/dexforint/ROS2_study/turtlesim_action/install/my_turtle_msg_interface/lib/python3.12/site-packages/my_turtle_msg_interface
[0.432s] -- Up-to-date: /home/dexforint/ROS2_study/turtlesim_action/install/my_turtle_msg_interface/lib/python3.12/site-packages/my_turtle_msg_interface/my_turtle_msg_interface_s__rosidl_typesupport_fastrtps_c.so
[0.432s] -- Up-to-date: /home/dexforint/ROS2_study/turtlesim_action/install/my_turtle_msg_interface/lib/python3.12/site-packages/my_turtle_msg_interface/_my_turtle_msg_interface_s.ep.rosidl_typesupport_fastrtps_c.c
[0.432s] -- Up-to-date: /home/dexforint/ROS2_study/turtlesim_action/install/my_turtle_msg_interface/lib/python3.12/site-packages/my_turtle_msg_interface/__init__.py
[0.432s] -- Up-to-date: /home/dexforint/ROS2_study/turtlesim_action/install/my_turtle_msg_interface/lib/python3.12/site-packages/my_turtle_msg_interface/my_turtle_msg_interface_s__rosidl_typesupport_introspection_c.so
[0.432s] -- Up-to-date: /home/dexforint/ROS2_study/turtlesim_action/install/my_turtle_msg_interface/lib/python3.12/site-packages/my_turtle_msg_interface/_my_turtle_msg_interface_s.ep.rosidl_typesupport_introspection_c.c
[0.432s] -- Up-to-date: /home/dexforint/ROS2_study/turtlesim_action/install/my_turtle_msg_interface/lib/python3.12/site-packages/my_turtle_msg_interface/my_turtle_msg_interface_s__rosidl_typesupport_c.so
[0.432s] -- Up-to-date: /home/dexforint/ROS2_study/turtlesim_action/install/my_turtle_msg_interface/lib/python3.12/site-packages/my_turtle_msg_interface/msg
[0.432s] -- Up-to-date: /home/dexforint/ROS2_study/turtlesim_action/install/my_turtle_msg_interface/lib/python3.12/site-packages/my_turtle_msg_interface/msg/_numbers_s.c
[0.432s] -- Up-to-date: /home/dexforint/ROS2_study/turtlesim_action/install/my_turtle_msg_interface/lib/python3.12/site-packages/my_turtle_msg_interface/msg/__init__.py
[0.432s] -- Up-to-date: /home/dexforint/ROS2_study/turtlesim_action/install/my_turtle_msg_interface/lib/python3.12/site-packages/my_turtle_msg_interface/msg/_numbers.py
[0.432s] -- Up-to-date: /home/dexforint/ROS2_study/turtlesim_action/install/my_turtle_msg_interface/lib/python3.12/site-packages/my_turtle_msg_interface/_my_turtle_msg_interface_s.ep.rosidl_typesupport_c.c
[0.452s] Listing '/home/dexforint/ROS2_study/turtlesim_action/install/my_turtle_msg_interface/lib/python3.12/site-packages/my_turtle_msg_interface'...
[0.452s] Listing '/home/dexforint/ROS2_study/turtlesim_action/install/my_turtle_msg_interface/lib/python3.12/site-packages/my_turtle_msg_interface/msg'...
[0.456s] -- Up-to-date: /home/dexforint/ROS2_study/turtlesim_action/install/my_turtle_msg_interface/lib/python3.12/site-packages/my_turtle_msg_interface/my_turtle_msg_interface_s__rosidl_typesupport_fastrtps_c.so
[0.457s] -- Up-to-date: /home/dexforint/ROS2_study/turtlesim_action/install/my_turtle_msg_interface/lib/python3.12/site-packages/my_turtle_msg_interface/my_turtle_msg_interface_s__rosidl_typesupport_introspection_c.so
[0.457s] -- Up-to-date: /home/dexforint/ROS2_study/turtlesim_action/install/my_turtle_msg_interface/lib/python3.12/site-packages/my_turtle_msg_interface/my_turtle_msg_interface_s__rosidl_typesupport_c.so
[0.457s] -- Up-to-date: /home/dexforint/ROS2_study/turtlesim_action/install/my_turtle_msg_interface/lib/libmy_turtle_msg_interface__rosidl_generator_py.so
[0.457s] -- Up-to-date: /home/dexforint/ROS2_study/turtlesim_action/install/my_turtle_msg_interface/share/my_turtle_msg_interface/msg/Numbers.idl
[0.458s] -- Up-to-date: /home/dexforint/ROS2_study/turtlesim_action/install/my_turtle_msg_interface/share/my_turtle_msg_interface/msg/Numbers.msg
[0.458s] -- Up-to-date: /home/dexforint/ROS2_study/turtlesim_action/install/my_turtle_msg_interface/share/ament_index/resource_index/package_run_dependencies/my_turtle_msg_interface
[0.458s] -- Up-to-date: /home/dexforint/ROS2_study/turtlesim_action/install/my_turtle_msg_interface/share/ament_index/resource_index/parent_prefix_path/my_turtle_msg_interface
[0.458s] -- Up-to-date: /home/dexforint/ROS2_study/turtlesim_action/install/my_turtle_msg_interface/share/my_turtle_msg_interface/environment/ament_prefix_path.sh
[0.460s] -- Up-to-date: /home/dexforint/ROS2_study/turtlesim_action/install/my_turtle_msg_interface/share/my_turtle_msg_interface/environment/ament_prefix_path.dsv
[0.461s] -- Up-to-date: /home/dexforint/ROS2_study/turtlesim_action/install/my_turtle_msg_interface/share/my_turtle_msg_interface/environment/path.sh
[0.461s] -- Up-to-date: /home/dexforint/ROS2_study/turtlesim_action/install/my_turtle_msg_interface/share/my_turtle_msg_interface/environment/path.dsv
[0.462s] -- Up-to-date: /home/dexforint/ROS2_study/turtlesim_action/install/my_turtle_msg_interface/share/my_turtle_msg_interface/local_setup.bash
[0.462s] -- Up-to-date: /home/dexforint/ROS2_study/turtlesim_action/install/my_turtle_msg_interface/share/my_turtle_msg_interface/local_setup.sh
[0.462s] -- Up-to-date: /home/dexforint/ROS2_study/turtlesim_action/install/my_turtle_msg_interface/share/my_turtle_msg_interface/local_setup.zsh
[0.462s] -- Up-to-date: /home/dexforint/ROS2_study/turtlesim_action/install/my_turtle_msg_interface/share/my_turtle_msg_interface/local_setup.dsv
[0.462s] -- Installing: /home/dexforint/ROS2_study/turtlesim_action/install/my_turtle_msg_interface/share/my_turtle_msg_interface/package.dsv
[0.462s] -- Up-to-date: /home/dexforint/ROS2_study/turtlesim_action/install/my_turtle_msg_interface/share/ament_index/resource_index/packages/my_turtle_msg_interface
[0.462s] -- Up-to-date: /home/dexforint/ROS2_study/turtlesim_action/install/my_turtle_msg_interface/share/my_turtle_msg_interface/cmake/export_my_turtle_msg_interface__rosidl_generator_cExport.cmake
[0.462s] -- Up-to-date: /home/dexforint/ROS2_study/turtlesim_action/install/my_turtle_msg_interface/share/my_turtle_msg_interface/cmake/export_my_turtle_msg_interface__rosidl_generator_cExport-noconfig.cmake
[0.463s] -- Up-to-date: /home/dexforint/ROS2_study/turtlesim_action/install/my_turtle_msg_interface/share/my_turtle_msg_interface/cmake/export_my_turtle_msg_interface__rosidl_typesupport_fastrtps_cExport.cmake
[0.463s] -- Up-to-date: /home/dexforint/ROS2_study/turtlesim_action/install/my_turtle_msg_interface/share/my_turtle_msg_interface/cmake/export_my_turtle_msg_interface__rosidl_typesupport_fastrtps_cExport-noconfig.cmake
[0.463s] -- Up-to-date: /home/dexforint/ROS2_study/turtlesim_action/install/my_turtle_msg_interface/share/my_turtle_msg_interface/cmake/my_turtle_msg_interface__rosidl_typesupport_introspection_cExport.cmake
[0.463s] -- Up-to-date: /home/dexforint/ROS2_study/turtlesim_action/install/my_turtle_msg_interface/share/my_turtle_msg_interface/cmake/my_turtle_msg_interface__rosidl_typesupport_introspection_cExport-noconfig.cmake
[0.463s] -- Up-to-date: /home/dexforint/ROS2_study/turtlesim_action/install/my_turtle_msg_interface/share/my_turtle_msg_interface/cmake/my_turtle_msg_interface__rosidl_typesupport_cExport.cmake
[0.463s] -- Up-to-date: /home/dexforint/ROS2_study/turtlesim_action/install/my_turtle_msg_interface/share/my_turtle_msg_interface/cmake/my_turtle_msg_interface__rosidl_typesupport_cExport-noconfig.cmake
[0.463s] -- Up-to-date: /home/dexforint/ROS2_study/turtlesim_action/install/my_turtle_msg_interface/share/my_turtle_msg_interface/cmake/export_my_turtle_msg_interface__rosidl_generator_cppExport.cmake
[0.463s] -- Up-to-date: /home/dexforint/ROS2_study/turtlesim_action/install/my_turtle_msg_interface/share/my_turtle_msg_interface/cmake/export_my_turtle_msg_interface__rosidl_typesupport_fastrtps_cppExport.cmake
[0.463s] -- Up-to-date: /home/dexforint/ROS2_study/turtlesim_action/install/my_turtle_msg_interface/share/my_turtle_msg_interface/cmake/export_my_turtle_msg_interface__rosidl_typesupport_fastrtps_cppExport-noconfig.cmake
[0.463s] -- Up-to-date: /home/dexforint/ROS2_study/turtlesim_action/install/my_turtle_msg_interface/share/my_turtle_msg_interface/cmake/my_turtle_msg_interface__rosidl_typesupport_introspection_cppExport.cmake
[0.464s] -- Up-to-date: /home/dexforint/ROS2_study/turtlesim_action/install/my_turtle_msg_interface/share/my_turtle_msg_interface/cmake/my_turtle_msg_interface__rosidl_typesupport_introspection_cppExport-noconfig.cmake
[0.464s] -- Up-to-date: /home/dexforint/ROS2_study/turtlesim_action/install/my_turtle_msg_interface/share/my_turtle_msg_interface/cmake/my_turtle_msg_interface__rosidl_typesupport_cppExport.cmake
[0.464s] -- Up-to-date: /home/dexforint/ROS2_study/turtlesim_action/install/my_turtle_msg_interface/share/my_turtle_msg_interface/cmake/my_turtle_msg_interface__rosidl_typesupport_cppExport-noconfig.cmake
[0.464s] -- Up-to-date: /home/dexforint/ROS2_study/turtlesim_action/install/my_turtle_msg_interface/share/my_turtle_msg_interface/cmake/export_my_turtle_msg_interface__rosidl_generator_pyExport.cmake
[0.464s] -- Up-to-date: /home/dexforint/ROS2_study/turtlesim_action/install/my_turtle_msg_interface/share/my_turtle_msg_interface/cmake/export_my_turtle_msg_interface__rosidl_generator_pyExport-noconfig.cmake
[0.464s] -- Up-to-date: /home/dexforint/ROS2_study/turtlesim_action/install/my_turtle_msg_interface/share/my_turtle_msg_interface/cmake/rosidl_cmake-extras.cmake
[0.464s] -- Up-to-date: /home/dexforint/ROS2_study/turtlesim_action/install/my_turtle_msg_interface/share/my_turtle_msg_interface/cmake/ament_cmake_export_include_directories-extras.cmake
[0.464s] -- Up-to-date: /home/dexforint/ROS2_study/turtlesim_action/install/my_turtle_msg_interface/share/my_turtle_msg_interface/cmake/ament_cmake_export_libraries-extras.cmake
[0.464s] -- Up-to-date: /home/dexforint/ROS2_study/turtlesim_action/install/my_turtle_msg_interface/share/my_turtle_msg_interface/cmake/ament_cmake_export_targets-extras.cmake
[0.464s] -- Up-to-date: /home/dexforint/ROS2_study/turtlesim_action/install/my_turtle_msg_interface/share/my_turtle_msg_interface/cmake/rosidl_cmake_export_typesupport_targets-extras.cmake
[0.464s] -- Up-to-date: /home/dexforint/ROS2_study/turtlesim_action/install/my_turtle_msg_interface/share/my_turtle_msg_interface/cmake/ament_cmake_export_dependencies-extras.cmake
[0.464s] -- Up-to-date: /home/dexforint/ROS2_study/turtlesim_action/install/my_turtle_msg_interface/share/my_turtle_msg_interface/cmake/rosidl_cmake_export_typesupport_libraries-extras.cmake
[0.465s] -- Up-to-date: /home/dexforint/ROS2_study/turtlesim_action/install/my_turtle_msg_interface/share/my_turtle_msg_interface/cmake/my_turtle_msg_interfaceConfig.cmake
[0.465s] -- Up-to-date: /home/dexforint/ROS2_study/turtlesim_action/install/my_turtle_msg_interface/share/my_turtle_msg_interface/cmake/my_turtle_msg_interfaceConfig-version.cmake
[0.465s] -- Up-to-date: /home/dexforint/ROS2_study/turtlesim_action/install/my_turtle_msg_interface/share/my_turtle_msg_interface/package.xml
[0.465s] Invoked command in '/home/dexforint/ROS2_study/turtlesim_action/build/my_turtle_msg_interface' returned '0': CMAKE_PREFIX_PATH=${CMAKE_PREFIX_PATH}:/home/dexforint/ROS2_study/turtlesim_action/install/my_turtle_action:/opt/ros/jazzy /usr/bin/cmake --install /home/dexforint/ROS2_study/turtlesim_action/build/my_turtle_msg_interface
