[0.812s] Invoking command in '/home/dexforint/ROS2_study/ros2_ws/src/listener': PYTHONPATH=/home/dexforint/ROS2_study/ros2_ws/build/listener/prefix_override:/usr/lib/python3/dist-packages/colcon_core/task/python/colcon_distutils_commands:/home/dexforint/ROS2_study/ros2_ws/install/listener/lib/python3.12/site-packages:${PYTHONPATH} /usr/bin/python3 -W ignore:setup.py install is deprecated -W ignore:easy_install command is deprecated setup.py egg_info --egg-base ../../build/listener build --build-base /home/dexforint/ROS2_study/ros2_ws/build/listener/build install --record /home/dexforint/ROS2_study/ros2_ws/build/listener/install.log --single-version-externally-managed install_data
[0.951s] running egg_info
[0.951s] creating ../../build/listener/listener.egg-info
[0.960s] writing ../../build/listener/listener.egg-info/PKG-INFO
[0.960s] writing dependency_links to ../../build/listener/listener.egg-info/dependency_links.txt
[0.961s] writing entry points to ../../build/listener/listener.egg-info/entry_points.txt
[0.961s] writing requirements to ../../build/listener/listener.egg-info/requires.txt
[0.961s] writing top-level names to ../../build/listener/listener.egg-info/top_level.txt
[0.961s] writing manifest file '../../build/listener/listener.egg-info/SOURCES.txt'
[0.980s] reading manifest file '../../build/listener/listener.egg-info/SOURCES.txt'
[0.981s] writing manifest file '../../build/listener/listener.egg-info/SOURCES.txt'
[0.981s] running build
[0.981s] running build_py
[0.981s] creating /home/dexforint/ROS2_study/ros2_ws/build/listener/build
[0.982s] creating /home/dexforint/ROS2_study/ros2_ws/build/listener/build/lib
[0.982s] creating /home/dexforint/ROS2_study/ros2_ws/build/listener/build/lib/listener
[0.982s] copying listener/__init__.py -> /home/dexforint/ROS2_study/ros2_ws/build/listener/build/lib/listener
[0.982s] copying listener/listener_node.py -> /home/dexforint/ROS2_study/ros2_ws/build/listener/build/lib/listener
[0.982s] running install
[0.985s] running install_lib
[0.996s] creating /home/dexforint/ROS2_study/ros2_ws/install/listener/lib/python3.12/site-packages/listener
[0.996s] copying /home/dexforint/ROS2_study/ros2_ws/build/listener/build/lib/listener/__init__.py -> /home/dexforint/ROS2_study/ros2_ws/install/listener/lib/python3.12/site-packages/listener
[0.996s] copying /home/dexforint/ROS2_study/ros2_ws/build/listener/build/lib/listener/listener_node.py -> /home/dexforint/ROS2_study/ros2_ws/install/listener/lib/python3.12/site-packages/listener
[0.996s] byte-compiling /home/dexforint/ROS2_study/ros2_ws/install/listener/lib/python3.12/site-packages/listener/__init__.py to __init__.cpython-312.pyc
[0.996s] byte-compiling /home/dexforint/ROS2_study/ros2_ws/install/listener/lib/python3.12/site-packages/listener/listener_node.py to listener_node.cpython-312.pyc
[0.997s] running install_data
[0.997s] creating /home/dexforint/ROS2_study/ros2_ws/install/listener/share/ament_index
[0.997s] creating /home/dexforint/ROS2_study/ros2_ws/install/listener/share/ament_index/resource_index
[0.997s] creating /home/dexforint/ROS2_study/ros2_ws/install/listener/share/ament_index/resource_index/packages
[0.997s] copying resource/listener -> /home/dexforint/ROS2_study/ros2_ws/install/listener/share/ament_index/resource_index/packages
[0.998s] copying package.xml -> /home/dexforint/ROS2_study/ros2_ws/install/listener/share/listener
[0.999s] running install_egg_info
[1.009s] Copying ../../build/listener/listener.egg-info to /home/dexforint/ROS2_study/ros2_ws/install/listener/lib/python3.12/site-packages/listener-0.0.0-py3.12.egg-info
[1.009s] running install_scripts
[1.077s] Installing listener script to /home/dexforint/ROS2_study/ros2_ws/install/listener/lib/listener
[1.077s] writing list of installed files to '/home/dexforint/ROS2_study/ros2_ws/build/listener/install.log'
[1.096s] Invoked command in '/home/dexforint/ROS2_study/ros2_ws/src/listener' returned '0': PYTHONPATH=/home/dexforint/ROS2_study/ros2_ws/build/listener/prefix_override:/usr/lib/python3/dist-packages/colcon_core/task/python/colcon_distutils_commands:/home/dexforint/ROS2_study/ros2_ws/install/listener/lib/python3.12/site-packages:${PYTHONPATH} /usr/bin/python3 -W ignore:setup.py install is deprecated -W ignore:easy_install command is deprecated setup.py egg_info --egg-base ../../build/listener build --build-base /home/dexforint/ROS2_study/ros2_ws/build/listener/build install --record /home/dexforint/ROS2_study/ros2_ws/build/listener/install.log --single-version-externally-managed install_data
