[1.039s] Invoking command in '/home/dexforint/ROS2_study/ros2_service/src/my_service_server': PYTHONPATH=/home/dexforint/ROS2_study/ros2_service/build/my_service_server/prefix_override:/usr/lib/python3/dist-packages/colcon_core/task/python/colcon_distutils_commands:/home/dexforint/ROS2_study/ros2_service/install/my_service_server/lib/python3.12/site-packages:/home/dexforint/ROS2_study/ros2_service/install/my_service_interfaces/lib/python3.12/site-packages:/home/dexforint/ROS2_study/ros2_service/install/my_service_server/lib/python3.12/site-packages:/home/dexforint/ROS2_study/ros2_service/install/my_service_client/lib/python3.12/site-packages:/opt/ros/jazzy/lib/python3.12/site-packages /usr/bin/python3 -W ignore:setup.py install is deprecated -W ignore:easy_install command is deprecated setup.py egg_info --egg-base ../../build/my_service_server build --build-base /home/dexforint/ROS2_study/ros2_service/build/my_service_server/build install --record /home/dexforint/ROS2_study/ros2_service/build/my_service_server/install.log --single-version-externally-managed install_data
[1.205s] running egg_info
[1.215s] writing ../../build/my_service_server/my_service_server.egg-info/PKG-INFO
[1.216s] writing dependency_links to ../../build/my_service_server/my_service_server.egg-info/dependency_links.txt
[1.216s] writing entry points to ../../build/my_service_server/my_service_server.egg-info/entry_points.txt
[1.216s] writing requirements to ../../build/my_service_server/my_service_server.egg-info/requires.txt
[1.216s] writing top-level names to ../../build/my_service_server/my_service_server.egg-info/top_level.txt
[1.244s] reading manifest file '../../build/my_service_server/my_service_server.egg-info/SOURCES.txt'
[1.244s] writing manifest file '../../build/my_service_server/my_service_server.egg-info/SOURCES.txt'
[1.245s] running build
[1.245s] running build_py
[1.245s] copying my_service_server/server_node.py -> /home/dexforint/ROS2_study/ros2_service/build/my_service_server/build/lib/my_service_server
[1.245s] running install
[1.250s] running install_lib
[1.264s] copying /home/dexforint/ROS2_study/ros2_service/build/my_service_server/build/lib/my_service_server/server_node.py -> /home/dexforint/ROS2_study/ros2_service/install/my_service_server/lib/python3.12/site-packages/my_service_server
[1.265s] byte-compiling /home/dexforint/ROS2_study/ros2_service/install/my_service_server/lib/python3.12/site-packages/my_service_server/server_node.py to server_node.cpython-312.pyc
[1.266s] running install_data
[1.266s] copying package.xml -> /home/dexforint/ROS2_study/ros2_service/install/my_service_server/share/my_service_server
[1.266s] running install_egg_info
[1.280s] removing '/home/dexforint/ROS2_study/ros2_service/install/my_service_server/lib/python3.12/site-packages/my_service_server-0.0.0-py3.12.egg-info' (and everything under it)
[1.280s] Copying ../../build/my_service_server/my_service_server.egg-info to /home/dexforint/ROS2_study/ros2_service/install/my_service_server/lib/python3.12/site-packages/my_service_server-0.0.0-py3.12.egg-info
[1.281s] running install_scripts
[1.364s] Installing velocity_server script to /home/dexforint/ROS2_study/ros2_service/install/my_service_server/lib/my_service_server
[1.364s] writing list of installed files to '/home/dexforint/ROS2_study/ros2_service/build/my_service_server/install.log'
[1.386s] Invoked command in '/home/dexforint/ROS2_study/ros2_service/src/my_service_server' returned '0': PYTHONPATH=/home/dexforint/ROS2_study/ros2_service/build/my_service_server/prefix_override:/usr/lib/python3/dist-packages/colcon_core/task/python/colcon_distutils_commands:/home/dexforint/ROS2_study/ros2_service/install/my_service_server/lib/python3.12/site-packages:/home/dexforint/ROS2_study/ros2_service/install/my_service_interfaces/lib/python3.12/site-packages:/home/dexforint/ROS2_study/ros2_service/install/my_service_server/lib/python3.12/site-packages:/home/dexforint/ROS2_study/ros2_service/install/my_service_client/lib/python3.12/site-packages:/opt/ros/jazzy/lib/python3.12/site-packages /usr/bin/python3 -W ignore:setup.py install is deprecated -W ignore:easy_install command is deprecated setup.py egg_info --egg-base ../../build/my_service_server build --build-base /home/dexforint/ROS2_study/ros2_service/build/my_service_server/build install --record /home/dexforint/ROS2_study/ros2_service/build/my_service_server/install.log --single-version-externally-managed install_data
