[0.013s] Invoking command in '/home/dexforint/ROS2_study/simple_action/build/my_action_interface': CMAKE_PREFIX_PATH=${CMAKE_PREFIX_PATH}:/opt/ros/jazzy /usr/bin/cmake --build /home/dexforint/ROS2_study/simple_action/build/my_action_interface -- -j16 -l16
[0.131s] -- Found ament_cmake: 2.5.4 (/opt/ros/jazzy/share/ament_cmake/cmake)
[0.131s] -- Found Python3: /usr/bin/python3 (found version "3.12.3") found components: Interpreter 
[0.181s] -- Found rosidl_default_generators: 1.6.0 (/opt/ros/jazzy/share/rosidl_default_generators/cmake)
[0.184s] -- Using all available rosidl_typesupport_c: rosidl_typesupport_fastrtps_c;rosidl_typesupport_introspection_c
[0.274s] -- Using all available rosidl_typesupport_cpp: rosidl_typesupport_fastrtps_cpp;rosidl_typesupport_introspection_cpp
[0.301s] -- Found rosidl_adapter: 4.6.6 (/opt/ros/jazzy/share/rosidl_adapter/cmake)
[0.509s] -- Found ament_cmake_ros: 0.12.0 (/opt/ros/jazzy/share/ament_cmake_ros/cmake)
[0.572s] -- Using all available rosidl_typesupport_c: rosidl_typesupport_fastrtps_c;rosidl_typesupport_introspection_c
[0.646s] -- Using all available rosidl_typesupport_cpp: rosidl_typesupport_fastrtps_cpp;rosidl_typesupport_introspection_cpp
[0.648s] -- Found python_cmake_module: 0.11.1 (/opt/ros/jazzy/share/python_cmake_module/cmake)
[0.861s] -- Found Python3: /usr/bin/python3 (found version "3.12.3") found components: Interpreter Development NumPy Development.Module Development.Embed 
[0.870s] -- Found ament_lint_auto: 0.17.3 (/opt/ros/jazzy/share/ament_lint_auto/cmake)
[0.884s] -- Added test 'lint_cmake' to check CMake code style
[0.885s] -- Added test 'xmllint' to check XML markup files
[0.887s] -- Configuring done (0.8s)
[0.929s] -- Generating done (0.0s)
[0.939s] -- Build files have been written to: /home/dexforint/ROS2_study/simple_action/build/my_action_interface
[0.958s] [  2%] Built target my_action_interface__rosidl_generator_type_description
[0.965s] [  2%] Built target ament_cmake_python_copy_my_action_interface
[0.966s] [  5%] Built target my_action_interface__cpp
[0.973s] [  8%] [32mBuilding C object CMakeFiles/my_action_interface__rosidl_generator_c.dir/rosidl_generator_c/my_action_interface/action/detail/summ_calculate__description.c.o[0m
[0.973s] [ 11%] [32mBuilding C object CMakeFiles/my_action_interface__rosidl_generator_c.dir/rosidl_generator_c/my_action_interface/action/detail/summ_calculate__type_support.c.o[0m
[0.973s] [ 14%] [32mBuilding C object CMakeFiles/my_action_interface__rosidl_generator_c.dir/rosidl_generator_c/my_action_interface/action/detail/summ_calculate__functions.c.o[0m
[1.078s] running egg_info
[1.088s] writing my_action_interface.egg-info/PKG-INFO
[1.088s] writing dependency_links to my_action_interface.egg-info/dependency_links.txt
[1.088s] writing top-level names to my_action_interface.egg-info/top_level.txt
[1.098s] [ 17%] [32m[1mLinking C shared library libmy_action_interface__rosidl_generator_c.so[0m
[1.115s] reading manifest file 'my_action_interface.egg-info/SOURCES.txt'
[1.116s] writing manifest file 'my_action_interface.egg-info/SOURCES.txt'
[1.131s] [ 17%] Built target ament_cmake_python_build_my_action_interface_egg
[1.154s] [ 20%] Built target my_action_interface__rosidl_generator_c
[1.166s] [ 23%] [32mBuilding C object CMakeFiles/my_action_interface__rosidl_typesupport_introspection_c.dir/rosidl_typesupport_introspection_c/my_action_interface/action/detail/summ_calculate__type_support.c.o[0m
[1.169s] [ 26%] [32mBuilding CXX object CMakeFiles/my_action_interface__rosidl_typesupport_c.dir/rosidl_typesupport_c/my_action_interface/action/summ_calculate__type_support.cpp.o[0m
[1.174s] [ 32%] [32mBuilding CXX object CMakeFiles/my_action_interface__rosidl_typesupport_cpp.dir/rosidl_typesupport_cpp/my_action_interface/action/summ_calculate__type_support.cpp.o[0m
[1.175s] [ 32%] [32mBuilding CXX object CMakeFiles/my_action_interface__rosidl_typesupport_fastrtps_cpp.dir/rosidl_typesupport_fastrtps_cpp/my_action_interface/action/detail/dds_fastrtps/summ_calculate__type_support.cpp.o[0m
[1.175s] [ 35%] [32mBuilding CXX object CMakeFiles/my_action_interface__rosidl_typesupport_fastrtps_c.dir/rosidl_typesupport_fastrtps_c/my_action_interface/action/detail/summ_calculate__type_support_c.cpp.o[0m
[1.175s] [ 38%] [32mBuilding CXX object CMakeFiles/my_action_interface__rosidl_typesupport_introspection_cpp.dir/rosidl_typesupport_introspection_cpp/my_action_interface/action/detail/summ_calculate__type_support.cpp.o[0m
[1.204s] [ 41%] [32m[1mLinking C shared library libmy_action_interface__rosidl_typesupport_introspection_c.so[0m
[1.257s] [ 44%] [32m[1mLinking CXX shared library libmy_action_interface__rosidl_typesupport_c.so[0m
[1.261s] [ 47%] Built target my_action_interface__rosidl_typesupport_introspection_c
[1.323s] [ 50%] Built target my_action_interface__rosidl_typesupport_c
[1.565s] [ 52%] [32m[1mLinking CXX shared library libmy_action_interface__rosidl_typesupport_fastrtps_c.so[0m
[1.618s] [ 55%] [32m[1mLinking CXX shared library libmy_action_interface__rosidl_typesupport_cpp.so[0m
[1.629s] [ 58%] Built target my_action_interface__rosidl_typesupport_fastrtps_c
[1.652s] [ 61%] [32m[1mLinking CXX shared library libmy_action_interface__rosidl_typesupport_introspection_cpp.so[0m
[1.690s] [ 64%] Built target my_action_interface__rosidl_typesupport_cpp
[1.727s] [ 67%] Built target my_action_interface__rosidl_typesupport_introspection_cpp
[1.807s] [ 70%] [32m[1mLinking CXX shared library libmy_action_interface__rosidl_typesupport_fastrtps_cpp.so[0m
[1.896s] [ 73%] Built target my_action_interface__rosidl_typesupport_fastrtps_cpp
[1.904s] [ 73%] Built target my_action_interface
[1.913s] [ 76%] Built target my_action_interface__py
[1.924s] [ 79%] [32mBuilding C object CMakeFiles/my_action_interface__rosidl_generator_py.dir/rosidl_generator_py/my_action_interface/action/_summ_calculate_s.c.o[0m
[2.063s] [ 82%] [32m[1mLinking C shared library libmy_action_interface__rosidl_generator_py.so[0m
[2.132s] [ 82%] Built target my_action_interface__rosidl_generator_py
[2.144s] [ 85%] [32mBuilding C object CMakeFiles/my_action_interface_s__rosidl_typesupport_fastrtps_c.dir/rosidl_generator_py/my_action_interface/_my_action_interface_s.ep.rosidl_typesupport_fastrtps_c.c.o[0m
[2.144s] [ 88%] [32mBuilding C object CMakeFiles/my_action_interface_s__rosidl_typesupport_c.dir/rosidl_generator_py/my_action_interface/_my_action_interface_s.ep.rosidl_typesupport_c.c.o[0m
[2.147s] [ 91%] [32mBuilding C object CMakeFiles/my_action_interface_s__rosidl_typesupport_introspection_c.dir/rosidl_generator_py/my_action_interface/_my_action_interface_s.ep.rosidl_typesupport_introspection_c.c.o[0m
[2.208s] [ 94%] [32m[1mLinking C shared module rosidl_generator_py/my_action_interface/my_action_interface_s__rosidl_typesupport_c.so[0m
[2.211s] [ 97%] [32m[1mLinking C shared module rosidl_generator_py/my_action_interface/my_action_interface_s__rosidl_typesupport_introspection_c.so[0m
[2.211s] [100%] [32m[1mLinking C shared module rosidl_generator_py/my_action_interface/my_action_interface_s__rosidl_typesupport_fastrtps_c.so[0m
[2.248s] [100%] Built target my_action_interface_s__rosidl_typesupport_fastrtps_c
[2.248s] [100%] Built target my_action_interface_s__rosidl_typesupport_c
[2.256s] [100%] Built target my_action_interface_s__rosidl_typesupport_introspection_c
[2.262s] Invoked command in '/home/dexforint/ROS2_study/simple_action/build/my_action_interface' returned '0': CMAKE_PREFIX_PATH=${CMAKE_PREFIX_PATH}:/opt/ros/jazzy /usr/bin/cmake --build /home/dexforint/ROS2_study/simple_action/build/my_action_interface -- -j16 -l16
[2.266s] Invoking command in '/home/dexforint/ROS2_study/simple_action/build/my_action_interface': CMAKE_PREFIX_PATH=${CMAKE_PREFIX_PATH}:/opt/ros/jazzy /usr/bin/cmake --install /home/dexforint/ROS2_study/simple_action/build/my_action_interface
[2.270s] -- Install configuration: ""
[2.270s] -- Up-to-date: /home/dexforint/ROS2_study/simple_action/install/my_action_interface/share/ament_index/resource_index/rosidl_interfaces/my_action_interface
[2.270s] -- Up-to-date: /home/dexforint/ROS2_study/simple_action/install/my_action_interface/share/my_action_interface/action/SummCalculate.json
[2.270s] -- Up-to-date: /home/dexforint/ROS2_study/simple_action/install/my_action_interface/include/my_action_interface/my_action_interface
[2.270s] -- Up-to-date: /home/dexforint/ROS2_study/simple_action/install/my_action_interface/include/my_action_interface/my_action_interface/action
[2.270s] -- Up-to-date: /home/dexforint/ROS2_study/simple_action/install/my_action_interface/include/my_action_interface/my_action_interface/action/detail
[2.270s] -- Up-to-date: /home/dexforint/ROS2_study/simple_action/install/my_action_interface/include/my_action_interface/my_action_interface/action/detail/summ_calculate__struct.h
[2.270s] -- Up-to-date: /home/dexforint/ROS2_study/simple_action/install/my_action_interface/include/my_action_interface/my_action_interface/action/detail/summ_calculate__functions.c
[2.270s] -- Up-to-date: /home/dexforint/ROS2_study/simple_action/install/my_action_interface/include/my_action_interface/my_action_interface/action/detail/summ_calculate__type_support.c
[2.270s] -- Up-to-date: /home/dexforint/ROS2_study/simple_action/install/my_action_interface/include/my_action_interface/my_action_interface/action/detail/summ_calculate__functions.h
[2.270s] -- Up-to-date: /home/dexforint/ROS2_study/simple_action/install/my_action_interface/include/my_action_interface/my_action_interface/action/detail/summ_calculate__type_support.h
[2.270s] -- Up-to-date: /home/dexforint/ROS2_study/simple_action/install/my_action_interface/include/my_action_interface/my_action_interface/action/detail/summ_calculate__description.c
[2.270s] -- Up-to-date: /home/dexforint/ROS2_study/simple_action/install/my_action_interface/include/my_action_interface/my_action_interface/action/summ_calculate.h
[2.270s] -- Up-to-date: /home/dexforint/ROS2_study/simple_action/install/my_action_interface/include/my_action_interface/my_action_interface/msg
[2.270s] -- Up-to-date: /home/dexforint/ROS2_study/simple_action/install/my_action_interface/include/my_action_interface/my_action_interface/msg/rosidl_generator_c__visibility_control.h
[2.270s] -- Installing: /home/dexforint/ROS2_study/simple_action/install/my_action_interface/share/my_action_interface/environment/library_path.sh
[2.271s] -- Up-to-date: /home/dexforint/ROS2_study/simple_action/install/my_action_interface/share/my_action_interface/environment/library_path.dsv
[2.271s] -- Installing: /home/dexforint/ROS2_study/simple_action/install/my_action_interface/lib/libmy_action_interface__rosidl_generator_c.so
[2.271s] -- Set non-toolchain portion of runtime path of "/home/dexforint/ROS2_study/simple_action/install/my_action_interface/lib/libmy_action_interface__rosidl_generator_c.so" to ""
[2.271s] -- Up-to-date: /home/dexforint/ROS2_study/simple_action/install/my_action_interface/include/my_action_interface/my_action_interface
[2.271s] -- Up-to-date: /home/dexforint/ROS2_study/simple_action/install/my_action_interface/include/my_action_interface/my_action_interface/action
[2.272s] -- Up-to-date: /home/dexforint/ROS2_study/simple_action/install/my_action_interface/include/my_action_interface/my_action_interface/action/detail
[2.272s] -- Up-to-date: /home/dexforint/ROS2_study/simple_action/install/my_action_interface/include/my_action_interface/my_action_interface/action/detail/summ_calculate__rosidl_typesupport_fastrtps_c.h
[2.272s] -- Up-to-date: /home/dexforint/ROS2_study/simple_action/install/my_action_interface/include/my_action_interface/my_action_interface/msg
[2.272s] -- Up-to-date: /home/dexforint/ROS2_study/simple_action/install/my_action_interface/include/my_action_interface/my_action_interface/msg/rosidl_typesupport_fastrtps_c__visibility_control.h
[2.272s] -- Installing: /home/dexforint/ROS2_study/simple_action/install/my_action_interface/lib/libmy_action_interface__rosidl_typesupport_fastrtps_c.so
[2.272s] -- Set non-toolchain portion of runtime path of "/home/dexforint/ROS2_study/simple_action/install/my_action_interface/lib/libmy_action_interface__rosidl_typesupport_fastrtps_c.so" to ""
[2.272s] -- Up-to-date: /home/dexforint/ROS2_study/simple_action/install/my_action_interface/include/my_action_interface/my_action_interface
[2.272s] -- Up-to-date: /home/dexforint/ROS2_study/simple_action/install/my_action_interface/include/my_action_interface/my_action_interface/action
[2.272s] -- Up-to-date: /home/dexforint/ROS2_study/simple_action/install/my_action_interface/include/my_action_interface/my_action_interface/action/detail
[2.272s] -- Up-to-date: /home/dexforint/ROS2_study/simple_action/install/my_action_interface/include/my_action_interface/my_action_interface/action/detail/summ_calculate__rosidl_typesupport_introspection_c.h
[2.272s] -- Up-to-date: /home/dexforint/ROS2_study/simple_action/install/my_action_interface/include/my_action_interface/my_action_interface/action/detail/summ_calculate__type_support.c
[2.272s] -- Up-to-date: /home/dexforint/ROS2_study/simple_action/install/my_action_interface/include/my_action_interface/my_action_interface/msg
[2.272s] -- Up-to-date: /home/dexforint/ROS2_study/simple_action/install/my_action_interface/include/my_action_interface/my_action_interface/msg/rosidl_typesupport_introspection_c__visibility_control.h
[2.273s] -- Installing: /home/dexforint/ROS2_study/simple_action/install/my_action_interface/lib/libmy_action_interface__rosidl_typesupport_introspection_c.so
[2.273s] -- Set non-toolchain portion of runtime path of "/home/dexforint/ROS2_study/simple_action/install/my_action_interface/lib/libmy_action_interface__rosidl_typesupport_introspection_c.so" to ""
[2.273s] -- Installing: /home/dexforint/ROS2_study/simple_action/install/my_action_interface/lib/libmy_action_interface__rosidl_typesupport_c.so
[2.273s] -- Set non-toolchain portion of runtime path of "/home/dexforint/ROS2_study/simple_action/install/my_action_interface/lib/libmy_action_interface__rosidl_typesupport_c.so" to ""
[2.274s] -- Up-to-date: /home/dexforint/ROS2_study/simple_action/install/my_action_interface/include/my_action_interface/my_action_interface
[2.274s] -- Up-to-date: /home/dexforint/ROS2_study/simple_action/install/my_action_interface/include/my_action_interface/my_action_interface/action
[2.274s] -- Up-to-date: /home/dexforint/ROS2_study/simple_action/install/my_action_interface/include/my_action_interface/my_action_interface/action/summ_calculate.hpp
[2.274s] -- Up-to-date: /home/dexforint/ROS2_study/simple_action/install/my_action_interface/include/my_action_interface/my_action_interface/action/detail
[2.274s] -- Up-to-date: /home/dexforint/ROS2_study/simple_action/install/my_action_interface/include/my_action_interface/my_action_interface/action/detail/summ_calculate__struct.hpp
[2.274s] -- Up-to-date: /home/dexforint/ROS2_study/simple_action/install/my_action_interface/include/my_action_interface/my_action_interface/action/detail/summ_calculate__builder.hpp
[2.274s] -- Up-to-date: /home/dexforint/ROS2_study/simple_action/install/my_action_interface/include/my_action_interface/my_action_interface/action/detail/summ_calculate__traits.hpp
[2.274s] -- Up-to-date: /home/dexforint/ROS2_study/simple_action/install/my_action_interface/include/my_action_interface/my_action_interface/action/detail/summ_calculate__type_support.hpp
[2.274s] -- Up-to-date: /home/dexforint/ROS2_study/simple_action/install/my_action_interface/include/my_action_interface/my_action_interface/msg
[2.274s] -- Up-to-date: /home/dexforint/ROS2_study/simple_action/install/my_action_interface/include/my_action_interface/my_action_interface/msg/rosidl_generator_cpp__visibility_control.hpp
[2.274s] -- Up-to-date: /home/dexforint/ROS2_study/simple_action/install/my_action_interface/include/my_action_interface/my_action_interface
[2.274s] -- Up-to-date: /home/dexforint/ROS2_study/simple_action/install/my_action_interface/include/my_action_interface/my_action_interface/action
[2.274s] -- Up-to-date: /home/dexforint/ROS2_study/simple_action/install/my_action_interface/include/my_action_interface/my_action_interface/action/detail
[2.274s] -- Installing: /home/dexforint/ROS2_study/simple_action/install/my_action_interface/include/my_action_interface/my_action_interface/action/detail/dds_fastrtps
[2.274s] -- Up-to-date: /home/dexforint/ROS2_study/simple_action/install/my_action_interface/include/my_action_interface/my_action_interface/action/detail/summ_calculate__rosidl_typesupport_fastrtps_cpp.hpp
[2.274s] -- Up-to-date: /home/dexforint/ROS2_study/simple_action/install/my_action_interface/include/my_action_interface/my_action_interface/msg
[2.275s] -- Up-to-date: /home/dexforint/ROS2_study/simple_action/install/my_action_interface/include/my_action_interface/my_action_interface/msg/rosidl_typesupport_fastrtps_cpp__visibility_control.h
[2.275s] -- Installing: /home/dexforint/ROS2_study/simple_action/install/my_action_interface/lib/libmy_action_interface__rosidl_typesupport_fastrtps_cpp.so
[2.275s] -- Set non-toolchain portion of runtime path of "/home/dexforint/ROS2_study/simple_action/install/my_action_interface/lib/libmy_action_interface__rosidl_typesupport_fastrtps_cpp.so" to ""
[2.275s] -- Up-to-date: /home/dexforint/ROS2_study/simple_action/install/my_action_interface/include/my_action_interface/my_action_interface
[2.275s] -- Up-to-date: /home/dexforint/ROS2_study/simple_action/install/my_action_interface/include/my_action_interface/my_action_interface/action
[2.275s] -- Up-to-date: /home/dexforint/ROS2_study/simple_action/install/my_action_interface/include/my_action_interface/my_action_interface/action/detail
[2.275s] -- Up-to-date: /home/dexforint/ROS2_study/simple_action/install/my_action_interface/include/my_action_interface/my_action_interface/action/detail/summ_calculate__type_support.cpp
[2.275s] -- Up-to-date: /home/dexforint/ROS2_study/simple_action/install/my_action_interface/include/my_action_interface/my_action_interface/action/detail/summ_calculate__rosidl_typesupport_introspection_cpp.hpp
[2.275s] -- Installing: /home/dexforint/ROS2_study/simple_action/install/my_action_interface/lib/libmy_action_interface__rosidl_typesupport_introspection_cpp.so
[2.276s] -- Set non-toolchain portion of runtime path of "/home/dexforint/ROS2_study/simple_action/install/my_action_interface/lib/libmy_action_interface__rosidl_typesupport_introspection_cpp.so" to ""
[2.276s] -- Installing: /home/dexforint/ROS2_study/simple_action/install/my_action_interface/lib/libmy_action_interface__rosidl_typesupport_cpp.so
[2.276s] -- Set non-toolchain portion of runtime path of "/home/dexforint/ROS2_study/simple_action/install/my_action_interface/lib/libmy_action_interface__rosidl_typesupport_cpp.so" to ""
[2.276s] -- Up-to-date: /home/dexforint/ROS2_study/simple_action/install/my_action_interface/share/my_action_interface/environment/pythonpath.sh
[2.276s] -- Up-to-date: /home/dexforint/ROS2_study/simple_action/install/my_action_interface/share/my_action_interface/environment/pythonpath.dsv
[2.276s] -- Up-to-date: /home/dexforint/ROS2_study/simple_action/install/my_action_interface/lib/python3.12/site-packages/my_action_interface-0.0.0-py3.12.egg-info
[2.276s] -- Installing: /home/dexforint/ROS2_study/simple_action/install/my_action_interface/lib/python3.12/site-packages/my_action_interface-0.0.0-py3.12.egg-info/dependency_links.txt
[2.277s] -- Installing: /home/dexforint/ROS2_study/simple_action/install/my_action_interface/lib/python3.12/site-packages/my_action_interface-0.0.0-py3.12.egg-info/PKG-INFO
[2.277s] -- Installing: /home/dexforint/ROS2_study/simple_action/install/my_action_interface/lib/python3.12/site-packages/my_action_interface-0.0.0-py3.12.egg-info/SOURCES.txt
[2.277s] -- Installing: /home/dexforint/ROS2_study/simple_action/install/my_action_interface/lib/python3.12/site-packages/my_action_interface-0.0.0-py3.12.egg-info/top_level.txt
[2.277s] -- Up-to-date: /home/dexforint/ROS2_study/simple_action/install/my_action_interface/lib/python3.12/site-packages/my_action_interface
[2.277s] -- Installing: /home/dexforint/ROS2_study/simple_action/install/my_action_interface/lib/python3.12/site-packages/my_action_interface/my_action_interface_s__rosidl_typesupport_c.so
[2.277s] -- Up-to-date: /home/dexforint/ROS2_study/simple_action/install/my_action_interface/lib/python3.12/site-packages/my_action_interface/action
[2.277s] -- Up-to-date: /home/dexforint/ROS2_study/simple_action/install/my_action_interface/lib/python3.12/site-packages/my_action_interface/action/__init__.py
[2.277s] -- Up-to-date: /home/dexforint/ROS2_study/simple_action/install/my_action_interface/lib/python3.12/site-packages/my_action_interface/action/_summ_calculate_s.c
[2.277s] -- Up-to-date: /home/dexforint/ROS2_study/simple_action/install/my_action_interface/lib/python3.12/site-packages/my_action_interface/action/_summ_calculate.py
[2.277s] -- Up-to-date: /home/dexforint/ROS2_study/simple_action/install/my_action_interface/lib/python3.12/site-packages/my_action_interface/_my_action_interface_s.ep.rosidl_typesupport_fastrtps_c.c
[2.277s] -- Installing: /home/dexforint/ROS2_study/simple_action/install/my_action_interface/lib/python3.12/site-packages/my_action_interface/__init__.py
[2.277s] -- Installing: /home/dexforint/ROS2_study/simple_action/install/my_action_interface/lib/python3.12/site-packages/my_action_interface/my_action_interface_s__rosidl_typesupport_fastrtps_c.so
[2.277s] -- Up-to-date: /home/dexforint/ROS2_study/simple_action/install/my_action_interface/lib/python3.12/site-packages/my_action_interface/_my_action_interface_s.ep.rosidl_typesupport_introspection_c.c
[2.277s] -- Installing: /home/dexforint/ROS2_study/simple_action/install/my_action_interface/lib/python3.12/site-packages/my_action_interface/my_action_interface_s__rosidl_typesupport_introspection_c.so
[2.277s] -- Up-to-date: /home/dexforint/ROS2_study/simple_action/install/my_action_interface/lib/python3.12/site-packages/my_action_interface/_my_action_interface_s.ep.rosidl_typesupport_c.c
[2.305s] Listing '/home/dexforint/ROS2_study/simple_action/install/my_action_interface/lib/python3.12/site-packages/my_action_interface'...
[2.305s] Compiling '/home/dexforint/ROS2_study/simple_action/install/my_action_interface/lib/python3.12/site-packages/my_action_interface/__init__.py'...
[2.305s] Listing '/home/dexforint/ROS2_study/simple_action/install/my_action_interface/lib/python3.12/site-packages/my_action_interface/action'...
[2.305s] Compiling '/home/dexforint/ROS2_study/simple_action/install/my_action_interface/lib/python3.12/site-packages/my_action_interface/action/__init__.py'...
[2.305s] Compiling '/home/dexforint/ROS2_study/simple_action/install/my_action_interface/lib/python3.12/site-packages/my_action_interface/action/_summ_calculate.py'...
[2.308s] -- Installing: /home/dexforint/ROS2_study/simple_action/install/my_action_interface/lib/python3.12/site-packages/my_action_interface/my_action_interface_s__rosidl_typesupport_fastrtps_c.so
[2.308s] -- Set non-toolchain portion of runtime path of "/home/dexforint/ROS2_study/simple_action/install/my_action_interface/lib/python3.12/site-packages/my_action_interface/my_action_interface_s__rosidl_typesupport_fastrtps_c.so" to ""
[2.308s] -- Installing: /home/dexforint/ROS2_study/simple_action/install/my_action_interface/lib/python3.12/site-packages/my_action_interface/my_action_interface_s__rosidl_typesupport_introspection_c.so
[2.309s] -- Set non-toolchain portion of runtime path of "/home/dexforint/ROS2_study/simple_action/install/my_action_interface/lib/python3.12/site-packages/my_action_interface/my_action_interface_s__rosidl_typesupport_introspection_c.so" to ""
[2.309s] -- Installing: /home/dexforint/ROS2_study/simple_action/install/my_action_interface/lib/python3.12/site-packages/my_action_interface/my_action_interface_s__rosidl_typesupport_c.so
[2.309s] -- Set non-toolchain portion of runtime path of "/home/dexforint/ROS2_study/simple_action/install/my_action_interface/lib/python3.12/site-packages/my_action_interface/my_action_interface_s__rosidl_typesupport_c.so" to ""
[2.310s] -- Installing: /home/dexforint/ROS2_study/simple_action/install/my_action_interface/lib/libmy_action_interface__rosidl_generator_py.so
[2.310s] -- Set non-toolchain portion of runtime path of "/home/dexforint/ROS2_study/simple_action/install/my_action_interface/lib/libmy_action_interface__rosidl_generator_py.so" to ""
[2.310s] -- Up-to-date: /home/dexforint/ROS2_study/simple_action/install/my_action_interface/share/my_action_interface/action/SummCalculate.idl
[2.310s] -- Up-to-date: /home/dexforint/ROS2_study/simple_action/install/my_action_interface/share/my_action_interface/action/SummCalculate.action
[2.310s] -- Up-to-date: /home/dexforint/ROS2_study/simple_action/install/my_action_interface/share/ament_index/resource_index/package_run_dependencies/my_action_interface
[2.310s] -- Up-to-date: /home/dexforint/ROS2_study/simple_action/install/my_action_interface/share/ament_index/resource_index/parent_prefix_path/my_action_interface
[2.310s] -- Installing: /home/dexforint/ROS2_study/simple_action/install/my_action_interface/share/my_action_interface/environment/ament_prefix_path.sh
[2.310s] -- Up-to-date: /home/dexforint/ROS2_study/simple_action/install/my_action_interface/share/my_action_interface/environment/ament_prefix_path.dsv
[2.310s] -- Installing: /home/dexforint/ROS2_study/simple_action/install/my_action_interface/share/my_action_interface/environment/path.sh
[2.310s] -- Up-to-date: /home/dexforint/ROS2_study/simple_action/install/my_action_interface/share/my_action_interface/environment/path.dsv
[2.310s] -- Up-to-date: /home/dexforint/ROS2_study/simple_action/install/my_action_interface/share/my_action_interface/local_setup.bash
[2.310s] -- Up-to-date: /home/dexforint/ROS2_study/simple_action/install/my_action_interface/share/my_action_interface/local_setup.sh
[2.310s] -- Up-to-date: /home/dexforint/ROS2_study/simple_action/install/my_action_interface/share/my_action_interface/local_setup.zsh
[2.310s] -- Up-to-date: /home/dexforint/ROS2_study/simple_action/install/my_action_interface/share/my_action_interface/local_setup.dsv
[2.310s] -- Up-to-date: /home/dexforint/ROS2_study/simple_action/install/my_action_interface/share/my_action_interface/package.dsv
[2.310s] -- Up-to-date: /home/dexforint/ROS2_study/simple_action/install/my_action_interface/share/ament_index/resource_index/packages/my_action_interface
[2.311s] -- Up-to-date: /home/dexforint/ROS2_study/simple_action/install/my_action_interface/share/my_action_interface/cmake/export_my_action_interface__rosidl_generator_cExport.cmake
[2.311s] -- Up-to-date: /home/dexforint/ROS2_study/simple_action/install/my_action_interface/share/my_action_interface/cmake/export_my_action_interface__rosidl_generator_cExport-noconfig.cmake
[2.311s] -- Up-to-date: /home/dexforint/ROS2_study/simple_action/install/my_action_interface/share/my_action_interface/cmake/export_my_action_interface__rosidl_typesupport_fastrtps_cExport.cmake
[2.311s] -- Up-to-date: /home/dexforint/ROS2_study/simple_action/install/my_action_interface/share/my_action_interface/cmake/export_my_action_interface__rosidl_typesupport_fastrtps_cExport-noconfig.cmake
[2.311s] -- Up-to-date: /home/dexforint/ROS2_study/simple_action/install/my_action_interface/share/my_action_interface/cmake/my_action_interface__rosidl_typesupport_introspection_cExport.cmake
[2.311s] -- Up-to-date: /home/dexforint/ROS2_study/simple_action/install/my_action_interface/share/my_action_interface/cmake/my_action_interface__rosidl_typesupport_introspection_cExport-noconfig.cmake
[2.312s] -- Up-to-date: /home/dexforint/ROS2_study/simple_action/install/my_action_interface/share/my_action_interface/cmake/my_action_interface__rosidl_typesupport_cExport.cmake
[2.312s] -- Up-to-date: /home/dexforint/ROS2_study/simple_action/install/my_action_interface/share/my_action_interface/cmake/my_action_interface__rosidl_typesupport_cExport-noconfig.cmake
[2.312s] -- Up-to-date: /home/dexforint/ROS2_study/simple_action/install/my_action_interface/share/my_action_interface/cmake/export_my_action_interface__rosidl_generator_cppExport.cmake
[2.312s] -- Up-to-date: /home/dexforint/ROS2_study/simple_action/install/my_action_interface/share/my_action_interface/cmake/export_my_action_interface__rosidl_typesupport_fastrtps_cppExport.cmake
[2.312s] -- Up-to-date: /home/dexforint/ROS2_study/simple_action/install/my_action_interface/share/my_action_interface/cmake/export_my_action_interface__rosidl_typesupport_fastrtps_cppExport-noconfig.cmake
[2.312s] -- Up-to-date: /home/dexforint/ROS2_study/simple_action/install/my_action_interface/share/my_action_interface/cmake/my_action_interface__rosidl_typesupport_introspection_cppExport.cmake
[2.312s] -- Up-to-date: /home/dexforint/ROS2_study/simple_action/install/my_action_interface/share/my_action_interface/cmake/my_action_interface__rosidl_typesupport_introspection_cppExport-noconfig.cmake
[2.312s] -- Up-to-date: /home/dexforint/ROS2_study/simple_action/install/my_action_interface/share/my_action_interface/cmake/my_action_interface__rosidl_typesupport_cppExport.cmake
[2.312s] -- Up-to-date: /home/dexforint/ROS2_study/simple_action/install/my_action_interface/share/my_action_interface/cmake/my_action_interface__rosidl_typesupport_cppExport-noconfig.cmake
[2.313s] -- Up-to-date: /home/dexforint/ROS2_study/simple_action/install/my_action_interface/share/my_action_interface/cmake/export_my_action_interface__rosidl_generator_pyExport.cmake
[2.313s] -- Up-to-date: /home/dexforint/ROS2_study/simple_action/install/my_action_interface/share/my_action_interface/cmake/export_my_action_interface__rosidl_generator_pyExport-noconfig.cmake
[2.313s] -- Up-to-date: /home/dexforint/ROS2_study/simple_action/install/my_action_interface/share/my_action_interface/cmake/rosidl_cmake-extras.cmake
[2.313s] -- Up-to-date: /home/dexforint/ROS2_study/simple_action/install/my_action_interface/share/my_action_interface/cmake/ament_cmake_export_dependencies-extras.cmake
[2.313s] -- Up-to-date: /home/dexforint/ROS2_study/simple_action/install/my_action_interface/share/my_action_interface/cmake/ament_cmake_export_include_directories-extras.cmake
[2.313s] -- Up-to-date: /home/dexforint/ROS2_study/simple_action/install/my_action_interface/share/my_action_interface/cmake/ament_cmake_export_libraries-extras.cmake
[2.313s] -- Up-to-date: /home/dexforint/ROS2_study/simple_action/install/my_action_interface/share/my_action_interface/cmake/ament_cmake_export_targets-extras.cmake
[2.313s] -- Up-to-date: /home/dexforint/ROS2_study/simple_action/install/my_action_interface/share/my_action_interface/cmake/rosidl_cmake_export_typesupport_targets-extras.cmake
[2.313s] -- Up-to-date: /home/dexforint/ROS2_study/simple_action/install/my_action_interface/share/my_action_interface/cmake/rosidl_cmake_export_typesupport_libraries-extras.cmake
[2.313s] -- Up-to-date: /home/dexforint/ROS2_study/simple_action/install/my_action_interface/share/my_action_interface/cmake/my_action_interfaceConfig.cmake
[2.313s] -- Up-to-date: /home/dexforint/ROS2_study/simple_action/install/my_action_interface/share/my_action_interface/cmake/my_action_interfaceConfig-version.cmake
[2.313s] -- Up-to-date: /home/dexforint/ROS2_study/simple_action/install/my_action_interface/share/my_action_interface/package.xml
[2.314s] Invoked command in '/home/dexforint/ROS2_study/simple_action/build/my_action_interface' returned '0': CMAKE_PREFIX_PATH=${CMAKE_PREFIX_PATH}:/opt/ros/jazzy /usr/bin/cmake --install /home/dexforint/ROS2_study/simple_action/build/my_action_interface
