[0.149s] DEBUG:colcon:Command line arguments: ['/usr/bin/colcon', 'build']
[0.149s] DEBUG:colcon:Parsed command line arguments: Namespace(log_base=None, log_level=None, verb_name='build', build_base='build', install_base='install', merge_install=False, symlink_install=False, test_result_base=None, continue_on_error=False, executor='parallel', parallel_workers=16, event_handlers=None, ignore_user_meta=False, metas=['./colcon.meta'], base_paths=['.'], packages_ignore=None, packages_ignore_regex=None, paths=None, packages_up_to=None, packages_up_to_regex=None, packages_above=None, packages_above_and_dependencies=None, packages_above_depth=None, packages_select_by_dep=None, packages_skip_by_dep=None, packages_skip_up_to=None, packages_select_build_failed=False, packages_skip_build_finished=False, packages_select_test_failures=False, packages_skip_test_passed=False, packages_select=None, packages_skip=None, packages_select_regex=None, packages_skip_regex=None, packages_start=None, packages_end=None, allow_overriding=[], cmake_args=None, cmake_target=None, cmake_target_skip_unavailable=False, cmake_clean_cache=False, cmake_clean_first=False, cmake_force_configure=False, ament_cmake_args=None, catkin_cmake_args=None, catkin_skip_building_tests=False, mixin_files=None, mixin=None, verb_parser=<colcon_mixin.mixin.mixin_argument.MixinArgumentDecorator object at 0x7ff8c3ce5850>, verb_extension=<colcon_core.verb.build.BuildVerb object at 0x7ff8c3ce51c0>, main=<bound method BuildVerb.main of <colcon_core.verb.build.BuildVerb object at 0x7ff8c3ce51c0>>, mixin_verb=('build',))
[0.201s] Level 1:colcon.colcon_core.package_discovery:discover_packages(colcon_meta) check parameters
[0.201s] Level 1:colcon.colcon_core.package_discovery:discover_packages(recursive) check parameters
[0.201s] Level 1:colcon.colcon_core.package_discovery:discover_packages(ignore) check parameters
[0.201s] Level 1:colcon.colcon_core.package_discovery:discover_packages(path) check parameters
[0.201s] Level 1:colcon.colcon_core.package_discovery:discover_packages(colcon_meta) discover
[0.201s] Level 1:colcon.colcon_core.package_discovery:discover_packages(recursive) discover
[0.201s] INFO:colcon.colcon_core.package_discovery:Crawling recursively for packages in '/home/dexforint/ROS2_study/simple_action'
[0.201s] Level 1:colcon.colcon_core.package_identification:_identify(.) by extensions ['ignore', 'ignore_ament_install']
[0.202s] Level 1:colcon.colcon_core.package_identification:_identify(.) by extension 'ignore'
[0.202s] Level 1:colcon.colcon_core.package_identification:_identify(.) by extension 'ignore_ament_install'
[0.202s] Level 1:colcon.colcon_core.package_identification:_identify(.) by extensions ['colcon_pkg']
[0.202s] Level 1:colcon.colcon_core.package_identification:_identify(.) by extension 'colcon_pkg'
[0.202s] Level 1:colcon.colcon_core.package_identification:_identify(.) by extensions ['colcon_meta']
[0.202s] Level 1:colcon.colcon_core.package_identification:_identify(.) by extension 'colcon_meta'
[0.202s] Level 1:colcon.colcon_core.package_identification:_identify(.) by extensions ['ros']
[0.202s] Level 1:colcon.colcon_core.package_identification:_identify(.) by extension 'ros'
[0.228s] Level 1:colcon.colcon_core.package_identification:_identify(.) by extensions ['cmake', 'python']
[0.228s] Level 1:colcon.colcon_core.package_identification:_identify(.) by extension 'cmake'
[0.228s] Level 1:colcon.colcon_core.package_identification:_identify(.) by extension 'python'
[0.228s] Level 1:colcon.colcon_core.package_identification:_identify(.) by extensions ['python_setup_py']
[0.228s] Level 1:colcon.colcon_core.package_identification:_identify(.) by extension 'python_setup_py'
[0.228s] Level 1:colcon.colcon_core.package_identification:_identify(build) by extensions ['ignore', 'ignore_ament_install']
[0.228s] Level 1:colcon.colcon_core.package_identification:_identify(build) by extension 'ignore'
[0.228s] Level 1:colcon.colcon_core.package_identification:_identify(build) ignored
[0.228s] Level 1:colcon.colcon_core.package_identification:_identify(install) by extensions ['ignore', 'ignore_ament_install']
[0.228s] Level 1:colcon.colcon_core.package_identification:_identify(install) by extension 'ignore'
[0.228s] Level 1:colcon.colcon_core.package_identification:_identify(install) ignored
[0.228s] Level 1:colcon.colcon_core.package_identification:_identify(log) by extensions ['ignore', 'ignore_ament_install']
[0.228s] Level 1:colcon.colcon_core.package_identification:_identify(log) by extension 'ignore'
[0.228s] Level 1:colcon.colcon_core.package_identification:_identify(log) ignored
[0.228s] Level 1:colcon.colcon_core.package_identification:_identify(src) by extensions ['ignore', 'ignore_ament_install']
[0.228s] Level 1:colcon.colcon_core.package_identification:_identify(src) by extension 'ignore'
[0.228s] Level 1:colcon.colcon_core.package_identification:_identify(src) by extension 'ignore_ament_install'
[0.228s] Level 1:colcon.colcon_core.package_identification:_identify(src) by extensions ['colcon_pkg']
[0.228s] Level 1:colcon.colcon_core.package_identification:_identify(src) by extension 'colcon_pkg'
[0.228s] Level 1:colcon.colcon_core.package_identification:_identify(src) by extensions ['colcon_meta']
[0.228s] Level 1:colcon.colcon_core.package_identification:_identify(src) by extension 'colcon_meta'
[0.228s] Level 1:colcon.colcon_core.package_identification:_identify(src) by extensions ['ros']
[0.228s] Level 1:colcon.colcon_core.package_identification:_identify(src) by extension 'ros'
[0.228s] Level 1:colcon.colcon_core.package_identification:_identify(src) by extensions ['cmake', 'python']
[0.228s] Level 1:colcon.colcon_core.package_identification:_identify(src) by extension 'cmake'
[0.228s] Level 1:colcon.colcon_core.package_identification:_identify(src) by extension 'python'
[0.228s] Level 1:colcon.colcon_core.package_identification:_identify(src) by extensions ['python_setup_py']
[0.228s] Level 1:colcon.colcon_core.package_identification:_identify(src) by extension 'python_setup_py'
[0.229s] Level 1:colcon.colcon_core.package_identification:_identify(src/my_action_interface) by extensions ['ignore', 'ignore_ament_install']
[0.229s] Level 1:colcon.colcon_core.package_identification:_identify(src/my_action_interface) by extension 'ignore'
[0.229s] Level 1:colcon.colcon_core.package_identification:_identify(src/my_action_interface) by extension 'ignore_ament_install'
[0.229s] Level 1:colcon.colcon_core.package_identification:_identify(src/my_action_interface) by extensions ['colcon_pkg']
[0.229s] Level 1:colcon.colcon_core.package_identification:_identify(src/my_action_interface) by extension 'colcon_pkg'
[0.229s] Level 1:colcon.colcon_core.package_identification:_identify(src/my_action_interface) by extensions ['colcon_meta']
[0.229s] Level 1:colcon.colcon_core.package_identification:_identify(src/my_action_interface) by extension 'colcon_meta'
[0.229s] Level 1:colcon.colcon_core.package_identification:_identify(src/my_action_interface) by extensions ['ros']
[0.229s] Level 1:colcon.colcon_core.package_identification:_identify(src/my_action_interface) by extension 'ros'
[0.231s] DEBUG:colcon.colcon_core.package_identification:Package 'src/my_action_interface' with type 'ros.ament_cmake' and name 'my_action_interface'
[0.231s] Level 1:colcon.colcon_core.package_identification:_identify(src/my_calculate_action) by extensions ['ignore', 'ignore_ament_install']
[0.231s] Level 1:colcon.colcon_core.package_identification:_identify(src/my_calculate_action) by extension 'ignore'
[0.231s] Level 1:colcon.colcon_core.package_identification:_identify(src/my_calculate_action) by extension 'ignore_ament_install'
[0.231s] Level 1:colcon.colcon_core.package_identification:_identify(src/my_calculate_action) by extensions ['colcon_pkg']
[0.231s] Level 1:colcon.colcon_core.package_identification:_identify(src/my_calculate_action) by extension 'colcon_pkg'
[0.232s] Level 1:colcon.colcon_core.package_identification:_identify(src/my_calculate_action) by extensions ['colcon_meta']
[0.232s] Level 1:colcon.colcon_core.package_identification:_identify(src/my_calculate_action) by extension 'colcon_meta'
[0.232s] Level 1:colcon.colcon_core.package_identification:_identify(src/my_calculate_action) by extensions ['ros']
[0.232s] Level 1:colcon.colcon_core.package_identification:_identify(src/my_calculate_action) by extension 'ros'
[0.232s] DEBUG:colcon.colcon_core.package_identification:Package 'src/my_calculate_action' with type 'ros.ament_python' and name 'my_calculate_action'
[0.232s] Level 1:colcon.colcon_core.package_discovery:discover_packages(recursive) using defaults
[0.232s] Level 1:colcon.colcon_core.package_discovery:discover_packages(ignore) discover
[0.232s] Level 1:colcon.colcon_core.package_discovery:discover_packages(ignore) using defaults
[0.232s] Level 1:colcon.colcon_core.package_discovery:discover_packages(path) discover
[0.232s] Level 1:colcon.colcon_core.package_discovery:discover_packages(path) using defaults
[0.254s] Level 1:colcon.colcon_core.package_discovery:discover_packages(prefix_path) check parameters
[0.254s] Level 1:colcon.colcon_core.package_discovery:discover_packages(prefix_path) discover
[0.257s] DEBUG:colcon.colcon_installed_package_information.package_discovery:Found 2 installed packages in /home/dexforint/ROS2_study/simple_action/install
[0.259s] DEBUG:colcon.colcon_installed_package_information.package_discovery:Found 285 installed packages in /opt/ros/jazzy
[0.259s] Level 1:colcon.colcon_core.package_discovery:discover_packages(prefix_path) using defaults
[0.328s] Level 5:colcon.colcon_core.verb:set package 'my_action_interface' build argument 'cmake_args' from command line to 'None'
[0.328s] Level 5:colcon.colcon_core.verb:set package 'my_action_interface' build argument 'cmake_target' from command line to 'None'
[0.328s] Level 5:colcon.colcon_core.verb:set package 'my_action_interface' build argument 'cmake_target_skip_unavailable' from command line to 'False'
[0.328s] Level 5:colcon.colcon_core.verb:set package 'my_action_interface' build argument 'cmake_clean_cache' from command line to 'False'
[0.328s] Level 5:colcon.colcon_core.verb:set package 'my_action_interface' build argument 'cmake_clean_first' from command line to 'False'
[0.328s] Level 5:colcon.colcon_core.verb:set package 'my_action_interface' build argument 'cmake_force_configure' from command line to 'False'
[0.328s] Level 5:colcon.colcon_core.verb:set package 'my_action_interface' build argument 'ament_cmake_args' from command line to 'None'
[0.328s] Level 5:colcon.colcon_core.verb:set package 'my_action_interface' build argument 'catkin_cmake_args' from command line to 'None'
[0.328s] Level 5:colcon.colcon_core.verb:set package 'my_action_interface' build argument 'catkin_skip_building_tests' from command line to 'False'
[0.328s] DEBUG:colcon.colcon_core.verb:Building package 'my_action_interface' with the following arguments: {'ament_cmake_args': None, 'build_base': '/home/dexforint/ROS2_study/simple_action/build/my_action_interface', 'catkin_cmake_args': None, 'catkin_skip_building_tests': False, 'cmake_args': None, 'cmake_clean_cache': False, 'cmake_clean_first': False, 'cmake_force_configure': False, 'cmake_target': None, 'cmake_target_skip_unavailable': False, 'install_base': '/home/dexforint/ROS2_study/simple_action/install/my_action_interface', 'merge_install': False, 'path': '/home/dexforint/ROS2_study/simple_action/src/my_action_interface', 'symlink_install': False, 'test_result_base': None}
[0.328s] Level 5:colcon.colcon_core.verb:set package 'my_calculate_action' build argument 'cmake_args' from command line to 'None'
[0.328s] Level 5:colcon.colcon_core.verb:set package 'my_calculate_action' build argument 'cmake_target' from command line to 'None'
[0.328s] Level 5:colcon.colcon_core.verb:set package 'my_calculate_action' build argument 'cmake_target_skip_unavailable' from command line to 'False'
[0.328s] Level 5:colcon.colcon_core.verb:set package 'my_calculate_action' build argument 'cmake_clean_cache' from command line to 'False'
[0.328s] Level 5:colcon.colcon_core.verb:set package 'my_calculate_action' build argument 'cmake_clean_first' from command line to 'False'
[0.328s] Level 5:colcon.colcon_core.verb:set package 'my_calculate_action' build argument 'cmake_force_configure' from command line to 'False'
[0.328s] Level 5:colcon.colcon_core.verb:set package 'my_calculate_action' build argument 'ament_cmake_args' from command line to 'None'
[0.328s] Level 5:colcon.colcon_core.verb:set package 'my_calculate_action' build argument 'catkin_cmake_args' from command line to 'None'
[0.328s] Level 5:colcon.colcon_core.verb:set package 'my_calculate_action' build argument 'catkin_skip_building_tests' from command line to 'False'
[0.328s] DEBUG:colcon.colcon_core.verb:Building package 'my_calculate_action' with the following arguments: {'ament_cmake_args': None, 'build_base': '/home/dexforint/ROS2_study/simple_action/build/my_calculate_action', 'catkin_cmake_args': None, 'catkin_skip_building_tests': False, 'cmake_args': None, 'cmake_clean_cache': False, 'cmake_clean_first': False, 'cmake_force_configure': False, 'cmake_target': None, 'cmake_target_skip_unavailable': False, 'install_base': '/home/dexforint/ROS2_study/simple_action/install/my_calculate_action', 'merge_install': False, 'path': '/home/dexforint/ROS2_study/simple_action/src/my_calculate_action', 'symlink_install': False, 'test_result_base': None}
[0.328s] INFO:colcon.colcon_core.executor:Executing jobs using 'parallel' executor
[0.329s] DEBUG:colcon.colcon_parallel_executor.executor.parallel:run_until_complete
[0.329s] INFO:colcon.colcon_ros.task.ament_cmake.build:Building ROS package in '/home/dexforint/ROS2_study/simple_action/src/my_action_interface' with build type 'ament_cmake'
[0.329s] INFO:colcon.colcon_cmake.task.cmake.build:Building CMake package in '/home/dexforint/ROS2_study/simple_action/src/my_action_interface'
[0.335s] INFO:colcon.colcon_core.plugin_system:Skipping extension 'colcon_core.shell.bat': Not used on non-Windows systems
[0.335s] INFO:colcon.colcon_core.shell:Skip shell extension 'powershell' for command environment: Not usable outside of PowerShell
[0.335s] DEBUG:colcon.colcon_core.shell:Skip shell extension 'dsv' for command environment
[0.338s] INFO:colcon.colcon_ros.task.ament_python.build:Building ROS package in '/home/dexforint/ROS2_study/simple_action/src/my_calculate_action' with build type 'ament_python'
[0.338s] Level 1:colcon.colcon_core.shell:create_environment_hook('my_calculate_action', 'ament_prefix_path')
[0.338s] INFO:colcon.colcon_core.shell:Creating environment hook '/home/dexforint/ROS2_study/simple_action/install/my_calculate_action/share/my_calculate_action/hook/ament_prefix_path.ps1'
[0.339s] INFO:colcon.colcon_core.shell:Creating environment descriptor '/home/dexforint/ROS2_study/simple_action/install/my_calculate_action/share/my_calculate_action/hook/ament_prefix_path.dsv'
[0.339s] INFO:colcon.colcon_core.shell:Creating environment hook '/home/dexforint/ROS2_study/simple_action/install/my_calculate_action/share/my_calculate_action/hook/ament_prefix_path.sh'
[0.340s] INFO:colcon.colcon_core.shell:Skip shell extension 'powershell' for command environment: Not usable outside of PowerShell
[0.340s] DEBUG:colcon.colcon_core.shell:Skip shell extension 'dsv' for command environment
[0.343s] DEBUG:colcon.colcon_core.event_handler.log_command:Invoking command in '/home/dexforint/ROS2_study/simple_action/build/my_action_interface': CMAKE_PREFIX_PATH=${CMAKE_PREFIX_PATH}:/home/dexforint/ROS2_study/simple_action/install/my_calculate_action:/opt/ros/jazzy /usr/bin/cmake --build /home/dexforint/ROS2_study/simple_action/build/my_action_interface -- -j16 -l16
[0.493s] INFO:colcon.colcon_core.task.python.build:Building Python package in '/home/dexforint/ROS2_study/simple_action/src/my_calculate_action'
[0.493s] INFO:colcon.colcon_core.shell:Skip shell extension 'powershell' for command environment: Not usable outside of PowerShell
[0.493s] DEBUG:colcon.colcon_core.shell:Skip shell extension 'dsv' for command environment
[0.646s] DEBUG:colcon.colcon_core.event_handler.log_command:Invoked command in '/home/dexforint/ROS2_study/simple_action/build/my_action_interface' returned '0': CMAKE_PREFIX_PATH=${CMAKE_PREFIX_PATH}:/home/dexforint/ROS2_study/simple_action/install/my_calculate_action:/opt/ros/jazzy /usr/bin/cmake --build /home/dexforint/ROS2_study/simple_action/build/my_action_interface -- -j16 -l16
[0.653s] DEBUG:colcon.colcon_core.event_handler.log_command:Invoking command in '/home/dexforint/ROS2_study/simple_action/build/my_action_interface': CMAKE_PREFIX_PATH=${CMAKE_PREFIX_PATH}:/home/dexforint/ROS2_study/simple_action/install/my_calculate_action:/opt/ros/jazzy /usr/bin/cmake --install /home/dexforint/ROS2_study/simple_action/build/my_action_interface
[0.695s] Level 1:colcon.colcon_core.environment:create_environment_scripts_only(my_action_interface)
[0.696s] DEBUG:colcon.colcon_core.event_handler.log_command:Invoked command in '/home/dexforint/ROS2_study/simple_action/build/my_action_interface' returned '0': CMAKE_PREFIX_PATH=${CMAKE_PREFIX_PATH}:/home/dexforint/ROS2_study/simple_action/install/my_calculate_action:/opt/ros/jazzy /usr/bin/cmake --install /home/dexforint/ROS2_study/simple_action/build/my_action_interface
[0.703s] Level 1:colcon.colcon_core.environment:checking '/home/dexforint/ROS2_study/simple_action/install/my_action_interface' for CMake module files
[0.703s] Level 1:colcon.colcon_core.environment:checking '/home/dexforint/ROS2_study/simple_action/install/my_action_interface' for CMake config files
[0.703s] Level 1:colcon.colcon_core.shell:create_environment_hook('my_action_interface', 'cmake_prefix_path')
[0.703s] INFO:colcon.colcon_core.shell:Creating environment hook '/home/dexforint/ROS2_study/simple_action/install/my_action_interface/share/my_action_interface/hook/cmake_prefix_path.ps1'
[0.704s] INFO:colcon.colcon_core.shell:Creating environment descriptor '/home/dexforint/ROS2_study/simple_action/install/my_action_interface/share/my_action_interface/hook/cmake_prefix_path.dsv'
[0.704s] INFO:colcon.colcon_core.shell:Creating environment hook '/home/dexforint/ROS2_study/simple_action/install/my_action_interface/share/my_action_interface/hook/cmake_prefix_path.sh'
[0.704s] Level 1:colcon.colcon_core.environment:checking '/home/dexforint/ROS2_study/simple_action/install/my_action_interface/lib'
[0.704s] Level 1:colcon.colcon_core.shell:create_environment_hook('my_action_interface', 'ld_library_path_lib')
[0.704s] INFO:colcon.colcon_core.shell:Creating environment hook '/home/dexforint/ROS2_study/simple_action/install/my_action_interface/share/my_action_interface/hook/ld_library_path_lib.ps1'
[0.705s] INFO:colcon.colcon_core.shell:Creating environment descriptor '/home/dexforint/ROS2_study/simple_action/install/my_action_interface/share/my_action_interface/hook/ld_library_path_lib.dsv'
[0.705s] INFO:colcon.colcon_core.shell:Creating environment hook '/home/dexforint/ROS2_study/simple_action/install/my_action_interface/share/my_action_interface/hook/ld_library_path_lib.sh'
[0.705s] Level 1:colcon.colcon_core.environment:checking '/home/dexforint/ROS2_study/simple_action/install/my_action_interface/bin'
[0.705s] Level 1:colcon.colcon_core.environment:checking '/home/dexforint/ROS2_study/simple_action/install/my_action_interface/lib/pkgconfig/my_action_interface.pc'
[0.705s] Level 1:colcon.colcon_core.environment:checking '/home/dexforint/ROS2_study/simple_action/install/my_action_interface/lib/python3.12/site-packages'
[0.705s] Level 1:colcon.colcon_core.shell:create_environment_hook('my_action_interface', 'pythonpath')
[0.705s] INFO:colcon.colcon_core.shell:Creating environment hook '/home/dexforint/ROS2_study/simple_action/install/my_action_interface/share/my_action_interface/hook/pythonpath.ps1'
[0.705s] INFO:colcon.colcon_core.shell:Creating environment descriptor '/home/dexforint/ROS2_study/simple_action/install/my_action_interface/share/my_action_interface/hook/pythonpath.dsv'
[0.706s] INFO:colcon.colcon_core.shell:Creating environment hook '/home/dexforint/ROS2_study/simple_action/install/my_action_interface/share/my_action_interface/hook/pythonpath.sh'
[0.706s] Level 1:colcon.colcon_core.environment:checking '/home/dexforint/ROS2_study/simple_action/install/my_action_interface/bin'
[0.706s] INFO:colcon.colcon_core.shell:Creating package script '/home/dexforint/ROS2_study/simple_action/install/my_action_interface/share/my_action_interface/package.ps1'
[0.707s] INFO:colcon.colcon_core.shell:Creating package descriptor '/home/dexforint/ROS2_study/simple_action/install/my_action_interface/share/my_action_interface/package.dsv'
[0.707s] INFO:colcon.colcon_core.shell:Creating package script '/home/dexforint/ROS2_study/simple_action/install/my_action_interface/share/my_action_interface/package.sh'
[0.708s] INFO:colcon.colcon_core.shell:Creating package script '/home/dexforint/ROS2_study/simple_action/install/my_action_interface/share/my_action_interface/package.bash'
[0.708s] INFO:colcon.colcon_core.shell:Creating package script '/home/dexforint/ROS2_study/simple_action/install/my_action_interface/share/my_action_interface/package.zsh'
[0.709s] Level 1:colcon.colcon_core.environment:create_file_with_runtime_dependencies(/home/dexforint/ROS2_study/simple_action/install/my_action_interface/share/colcon-core/packages/my_action_interface)
[0.709s] Level 1:colcon.colcon_core.environment:create_environment_scripts_only(my_action_interface)
[0.709s] Level 1:colcon.colcon_core.environment:checking '/home/dexforint/ROS2_study/simple_action/install/my_action_interface' for CMake module files
[0.710s] Level 1:colcon.colcon_core.environment:checking '/home/dexforint/ROS2_study/simple_action/install/my_action_interface' for CMake config files
[0.710s] Level 1:colcon.colcon_core.shell:create_environment_hook('my_action_interface', 'cmake_prefix_path')
[0.710s] INFO:colcon.colcon_core.shell:Creating environment hook '/home/dexforint/ROS2_study/simple_action/install/my_action_interface/share/my_action_interface/hook/cmake_prefix_path.ps1'
[0.710s] INFO:colcon.colcon_core.shell:Creating environment descriptor '/home/dexforint/ROS2_study/simple_action/install/my_action_interface/share/my_action_interface/hook/cmake_prefix_path.dsv'
[0.710s] INFO:colcon.colcon_core.shell:Creating environment hook '/home/dexforint/ROS2_study/simple_action/install/my_action_interface/share/my_action_interface/hook/cmake_prefix_path.sh'
[0.710s] Level 1:colcon.colcon_core.environment:checking '/home/dexforint/ROS2_study/simple_action/install/my_action_interface/lib'
[0.711s] Level 1:colcon.colcon_core.shell:create_environment_hook('my_action_interface', 'ld_library_path_lib')
[0.711s] INFO:colcon.colcon_core.shell:Creating environment hook '/home/dexforint/ROS2_study/simple_action/install/my_action_interface/share/my_action_interface/hook/ld_library_path_lib.ps1'
[0.711s] INFO:colcon.colcon_core.shell:Creating environment descriptor '/home/dexforint/ROS2_study/simple_action/install/my_action_interface/share/my_action_interface/hook/ld_library_path_lib.dsv'
[0.711s] INFO:colcon.colcon_core.shell:Creating environment hook '/home/dexforint/ROS2_study/simple_action/install/my_action_interface/share/my_action_interface/hook/ld_library_path_lib.sh'
[0.711s] Level 1:colcon.colcon_core.environment:checking '/home/dexforint/ROS2_study/simple_action/install/my_action_interface/bin'
[0.711s] Level 1:colcon.colcon_core.environment:checking '/home/dexforint/ROS2_study/simple_action/install/my_action_interface/lib/pkgconfig/my_action_interface.pc'
[0.711s] Level 1:colcon.colcon_core.environment:checking '/home/dexforint/ROS2_study/simple_action/install/my_action_interface/lib/python3.12/site-packages'
[0.711s] Level 1:colcon.colcon_core.shell:create_environment_hook('my_action_interface', 'pythonpath')
[0.711s] INFO:colcon.colcon_core.shell:Creating environment hook '/home/dexforint/ROS2_study/simple_action/install/my_action_interface/share/my_action_interface/hook/pythonpath.ps1'
[0.712s] INFO:colcon.colcon_core.shell:Creating environment descriptor '/home/dexforint/ROS2_study/simple_action/install/my_action_interface/share/my_action_interface/hook/pythonpath.dsv'
[0.712s] INFO:colcon.colcon_core.shell:Creating environment hook '/home/dexforint/ROS2_study/simple_action/install/my_action_interface/share/my_action_interface/hook/pythonpath.sh'
[0.712s] Level 1:colcon.colcon_core.environment:checking '/home/dexforint/ROS2_study/simple_action/install/my_action_interface/bin'
[0.712s] INFO:colcon.colcon_core.shell:Creating package script '/home/dexforint/ROS2_study/simple_action/install/my_action_interface/share/my_action_interface/package.ps1'
[0.713s] INFO:colcon.colcon_core.shell:Creating package descriptor '/home/dexforint/ROS2_study/simple_action/install/my_action_interface/share/my_action_interface/package.dsv'
[0.713s] INFO:colcon.colcon_core.shell:Creating package script '/home/dexforint/ROS2_study/simple_action/install/my_action_interface/share/my_action_interface/package.sh'
[0.713s] INFO:colcon.colcon_core.shell:Creating package script '/home/dexforint/ROS2_study/simple_action/install/my_action_interface/share/my_action_interface/package.bash'
[0.713s] INFO:colcon.colcon_core.shell:Creating package script '/home/dexforint/ROS2_study/simple_action/install/my_action_interface/share/my_action_interface/package.zsh'
[0.714s] Level 1:colcon.colcon_core.environment:create_file_with_runtime_dependencies(/home/dexforint/ROS2_study/simple_action/install/my_action_interface/share/colcon-core/packages/my_action_interface)
[1.078s] DEBUG:colcon.colcon_core.event_handler.log_command:Invoking command in '/home/dexforint/ROS2_study/simple_action/src/my_calculate_action': PYTHONPATH=/home/dexforint/ROS2_study/simple_action/build/my_calculate_action/prefix_override:/usr/lib/python3/dist-packages/colcon_core/task/python/colcon_distutils_commands:/home/dexforint/ROS2_study/simple_action/install/my_calculate_action/lib/python3.12/site-packages:${PYTHONPATH} /usr/bin/python3 -W ignore:setup.py install is deprecated -W ignore:easy_install command is deprecated setup.py egg_info --egg-base ../../build/my_calculate_action build --build-base /home/dexforint/ROS2_study/simple_action/build/my_calculate_action/build install --record /home/dexforint/ROS2_study/simple_action/build/my_calculate_action/install.log --single-version-externally-managed install_data
[1.358s] Level 1:colcon.colcon_core.environment:checking '/home/dexforint/ROS2_study/simple_action/install/my_calculate_action' for CMake module files
[1.359s] DEBUG:colcon.colcon_core.event_handler.log_command:Invoked command in '/home/dexforint/ROS2_study/simple_action/src/my_calculate_action' returned '0': PYTHONPATH=/home/dexforint/ROS2_study/simple_action/build/my_calculate_action/prefix_override:/usr/lib/python3/dist-packages/colcon_core/task/python/colcon_distutils_commands:/home/dexforint/ROS2_study/simple_action/install/my_calculate_action/lib/python3.12/site-packages:${PYTHONPATH} /usr/bin/python3 -W ignore:setup.py install is deprecated -W ignore:easy_install command is deprecated setup.py egg_info --egg-base ../../build/my_calculate_action build --build-base /home/dexforint/ROS2_study/simple_action/build/my_calculate_action/build install --record /home/dexforint/ROS2_study/simple_action/build/my_calculate_action/install.log --single-version-externally-managed install_data
[1.359s] Level 1:colcon.colcon_core.environment:checking '/home/dexforint/ROS2_study/simple_action/install/my_calculate_action' for CMake config files
[1.359s] Level 1:colcon.colcon_core.environment:checking '/home/dexforint/ROS2_study/simple_action/install/my_calculate_action/lib'
[1.359s] Level 1:colcon.colcon_core.environment:checking '/home/dexforint/ROS2_study/simple_action/install/my_calculate_action/bin'
[1.359s] Level 1:colcon.colcon_core.environment:checking '/home/dexforint/ROS2_study/simple_action/install/my_calculate_action/lib/pkgconfig/my_calculate_action.pc'
[1.359s] Level 1:colcon.colcon_core.environment:checking '/home/dexforint/ROS2_study/simple_action/install/my_calculate_action/lib/python3.12/site-packages'
[1.359s] Level 1:colcon.colcon_core.shell:create_environment_hook('my_calculate_action', 'pythonpath')
[1.360s] INFO:colcon.colcon_core.shell:Creating environment hook '/home/dexforint/ROS2_study/simple_action/install/my_calculate_action/share/my_calculate_action/hook/pythonpath.ps1'
[1.360s] INFO:colcon.colcon_core.shell:Creating environment descriptor '/home/dexforint/ROS2_study/simple_action/install/my_calculate_action/share/my_calculate_action/hook/pythonpath.dsv'
[1.360s] INFO:colcon.colcon_core.shell:Creating environment hook '/home/dexforint/ROS2_study/simple_action/install/my_calculate_action/share/my_calculate_action/hook/pythonpath.sh'
[1.361s] Level 1:colcon.colcon_core.environment:checking '/home/dexforint/ROS2_study/simple_action/install/my_calculate_action/bin'
[1.361s] Level 1:colcon.colcon_core.environment:create_environment_scripts_only(my_calculate_action)
[1.361s] INFO:colcon.colcon_core.shell:Creating package script '/home/dexforint/ROS2_study/simple_action/install/my_calculate_action/share/my_calculate_action/package.ps1'
[1.361s] INFO:colcon.colcon_core.shell:Creating package descriptor '/home/dexforint/ROS2_study/simple_action/install/my_calculate_action/share/my_calculate_action/package.dsv'
[1.362s] INFO:colcon.colcon_core.shell:Creating package script '/home/dexforint/ROS2_study/simple_action/install/my_calculate_action/share/my_calculate_action/package.sh'
[1.362s] INFO:colcon.colcon_core.shell:Creating package script '/home/dexforint/ROS2_study/simple_action/install/my_calculate_action/share/my_calculate_action/package.bash'
[1.362s] INFO:colcon.colcon_core.shell:Creating package script '/home/dexforint/ROS2_study/simple_action/install/my_calculate_action/share/my_calculate_action/package.zsh'
[1.362s] Level 1:colcon.colcon_core.environment:create_file_with_runtime_dependencies(/home/dexforint/ROS2_study/simple_action/install/my_calculate_action/share/colcon-core/packages/my_calculate_action)
[1.362s] DEBUG:colcon.colcon_parallel_executor.executor.parallel:closing loop
[1.362s] DEBUG:colcon.colcon_parallel_executor.executor.parallel:loop closed
[1.362s] DEBUG:colcon.colcon_parallel_executor.executor.parallel:run_until_complete finished with '0'
[1.362s] DEBUG:colcon.colcon_core.event_reactor:joining thread
[1.390s] INFO:colcon.colcon_core.plugin_system:Skipping extension 'colcon_notification.desktop_notification.notify_send': Could not find 'notify-send'
[1.390s] INFO:colcon.colcon_core.plugin_system:Skipping extension 'colcon_notification.desktop_notification.terminal_notifier': Not used on non-Darwin systems
[1.390s] INFO:colcon.colcon_core.plugin_system:Skipping extension 'colcon_notification.desktop_notification.win32': Not used on non-Windows systems
[1.390s] INFO:colcon.colcon_notification.desktop_notification:Sending desktop notification using 'notify2'
[1.392s] DEBUG:colcon.colcon_notification.desktop_notification.notify2:Failed to initialize notify2: org.freedesktop.DBus.Error.ServiceUnknown: The name org.freedesktop.Notifications was not provided by any .service files
[1.392s] DEBUG:colcon.colcon_core.event_reactor:joined thread
[1.392s] INFO:colcon.colcon_core.shell:Creating prefix script '/home/dexforint/ROS2_study/simple_action/install/local_setup.ps1'
[1.393s] INFO:colcon.colcon_core.shell:Creating prefix util module '/home/dexforint/ROS2_study/simple_action/install/_local_setup_util_ps1.py'
[1.393s] INFO:colcon.colcon_core.shell:Creating prefix chain script '/home/dexforint/ROS2_study/simple_action/install/setup.ps1'
[1.394s] INFO:colcon.colcon_core.shell:Creating prefix script '/home/dexforint/ROS2_study/simple_action/install/local_setup.sh'
[1.394s] INFO:colcon.colcon_core.shell:Creating prefix util module '/home/dexforint/ROS2_study/simple_action/install/_local_setup_util_sh.py'
[1.395s] INFO:colcon.colcon_core.shell:Creating prefix chain script '/home/dexforint/ROS2_study/simple_action/install/setup.sh'
[1.395s] INFO:colcon.colcon_core.shell:Creating prefix script '/home/dexforint/ROS2_study/simple_action/install/local_setup.bash'
[1.396s] INFO:colcon.colcon_core.shell:Creating prefix chain script '/home/dexforint/ROS2_study/simple_action/install/setup.bash'
[1.396s] INFO:colcon.colcon_core.shell:Creating prefix script '/home/dexforint/ROS2_study/simple_action/install/local_setup.zsh'
[1.397s] INFO:colcon.colcon_core.shell:Creating prefix chain script '/home/dexforint/ROS2_study/simple_action/install/setup.zsh'
