[0.768s] Invoking command in '/home/dexforint/ROS2_study/simple_action/src/my_calculate_action': PYTHONPATH=/home/dexforint/ROS2_study/simple_action/build/my_calculate_action/prefix_override:/usr/lib/python3/dist-packages/colcon_core/task/python/colcon_distutils_commands:/home/dexforint/ROS2_study/simple_action/install/my_calculate_action/lib/python3.12/site-packages:${PYTHONPATH} /usr/bin/python3 -W ignore:setup.py install is deprecated -W ignore:easy_install command is deprecated setup.py egg_info --egg-base ../../build/my_calculate_action build --build-base /home/dexforint/ROS2_study/simple_action/build/my_calculate_action/build install --record /home/dexforint/ROS2_study/simple_action/build/my_calculate_action/install.log --single-version-externally-managed install_data
[0.900s] running egg_info
[0.909s] writing ../../build/my_calculate_action/my_calculate_action.egg-info/PKG-INFO
[0.909s] writing dependency_links to ../../build/my_calculate_action/my_calculate_action.egg-info/dependency_links.txt
[0.909s] writing entry points to ../../build/my_calculate_action/my_calculate_action.egg-info/entry_points.txt
[0.909s] writing requirements to ../../build/my_calculate_action/my_calculate_action.egg-info/requires.txt
[0.910s] writing top-level names to ../../build/my_calculate_action/my_calculate_action.egg-info/top_level.txt
[0.928s] reading manifest file '../../build/my_calculate_action/my_calculate_action.egg-info/SOURCES.txt'
[0.928s] writing manifest file '../../build/my_calculate_action/my_calculate_action.egg-info/SOURCES.txt'
[0.928s] running build
[0.928s] running build_py
[0.929s] copying my_calculate_action/calculate_action_client.py -> /home/dexforint/ROS2_study/simple_action/build/my_calculate_action/build/lib/my_calculate_action
[0.929s] copying my_calculate_action/calculate_action_server.py -> /home/dexforint/ROS2_study/simple_action/build/my_calculate_action/build/lib/my_calculate_action
[0.929s] copying my_calculate_action/publisher_node.py -> /home/dexforint/ROS2_study/simple_action/build/my_calculate_action/build/lib/my_calculate_action
[0.929s] running install
[0.932s] running install_lib
[0.943s] copying /home/dexforint/ROS2_study/simple_action/build/my_calculate_action/build/lib/my_calculate_action/calculate_action_client.py -> /home/dexforint/ROS2_study/simple_action/install/my_calculate_action/lib/python3.12/site-packages/my_calculate_action
[0.943s] copying /home/dexforint/ROS2_study/simple_action/build/my_calculate_action/build/lib/my_calculate_action/calculate_action_server.py -> /home/dexforint/ROS2_study/simple_action/install/my_calculate_action/lib/python3.12/site-packages/my_calculate_action
[0.943s] copying /home/dexforint/ROS2_study/simple_action/build/my_calculate_action/build/lib/my_calculate_action/publisher_node.py -> /home/dexforint/ROS2_study/simple_action/install/my_calculate_action/lib/python3.12/site-packages/my_calculate_action
[0.944s] byte-compiling /home/dexforint/ROS2_study/simple_action/install/my_calculate_action/lib/python3.12/site-packages/my_calculate_action/calculate_action_client.py to calculate_action_client.cpython-312.pyc
[0.945s] byte-compiling /home/dexforint/ROS2_study/simple_action/install/my_calculate_action/lib/python3.12/site-packages/my_calculate_action/calculate_action_server.py to calculate_action_server.cpython-312.pyc
[0.945s] byte-compiling /home/dexforint/ROS2_study/simple_action/install/my_calculate_action/lib/python3.12/site-packages/my_calculate_action/publisher_node.py to publisher_node.cpython-312.pyc
[0.946s] running install_data
[0.946s] running install_egg_info
[0.957s] removing '/home/dexforint/ROS2_study/simple_action/install/my_calculate_action/lib/python3.12/site-packages/my_calculate_action-0.0.0-py3.12.egg-info' (and everything under it)
[0.958s] Copying ../../build/my_calculate_action/my_calculate_action.egg-info to /home/dexforint/ROS2_study/simple_action/install/my_calculate_action/lib/python3.12/site-packages/my_calculate_action-0.0.0-py3.12.egg-info
[0.958s] running install_scripts
[1.024s] Installing calculate_action_client script to /home/dexforint/ROS2_study/simple_action/install/my_calculate_action/lib/my_calculate_action
[1.024s] Installing calculate_action_server script to /home/dexforint/ROS2_study/simple_action/install/my_calculate_action/lib/my_calculate_action
[1.024s] Installing number_publisher script to /home/dexforint/ROS2_study/simple_action/install/my_calculate_action/lib/my_calculate_action
[1.024s] writing list of installed files to '/home/dexforint/ROS2_study/simple_action/build/my_calculate_action/install.log'
[1.039s] Invoked command in '/home/dexforint/ROS2_study/simple_action/src/my_calculate_action' returned '0': PYTHONPATH=/home/dexforint/ROS2_study/simple_action/build/my_calculate_action/prefix_override:/usr/lib/python3/dist-packages/colcon_core/task/python/colcon_distutils_commands:/home/dexforint/ROS2_study/simple_action/install/my_calculate_action/lib/python3.12/site-packages:${PYTHONPATH} /usr/bin/python3 -W ignore:setup.py install is deprecated -W ignore:easy_install command is deprecated setup.py egg_info --egg-base ../../build/my_calculate_action build --build-base /home/dexforint/ROS2_study/simple_action/build/my_calculate_action/build install --record /home/dexforint/ROS2_study/simple_action/build/my_calculate_action/install.log --single-version-externally-managed install_data
