[0.199s] DEBUG:colcon:Command line arguments: ['/usr/bin/colcon', 'build']
[0.199s] DEBUG:colcon:Parsed command line arguments: Namespace(log_base=None, log_level=None, verb_name='build', build_base='build', install_base='install', merge_install=False, symlink_install=False, test_result_base=None, continue_on_error=False, executor='parallel', parallel_workers=16, event_handlers=None, ignore_user_meta=False, metas=['./colcon.meta'], base_paths=['.'], packages_ignore=None, packages_ignore_regex=None, paths=None, packages_up_to=None, packages_up_to_regex=None, packages_above=None, packages_above_and_dependencies=None, packages_above_depth=None, packages_select_by_dep=None, packages_skip_by_dep=None, packages_skip_up_to=None, packages_select_build_failed=False, packages_skip_build_finished=False, packages_select_test_failures=False, packages_skip_test_passed=False, packages_select=None, packages_skip=None, packages_select_regex=None, packages_skip_regex=None, packages_start=None, packages_end=None, allow_overriding=[], cmake_args=None, cmake_target=None, cmake_target_skip_unavailable=False, cmake_clean_cache=False, cmake_clean_first=False, cmake_force_configure=False, ament_cmake_args=None, catkin_cmake_args=None, catkin_skip_building_tests=False, mixin_files=None, mixin=None, verb_parser=<colcon_mixin.mixin.mixin_argument.MixinArgumentDecorator object at 0x7f1c8cdb17f0>, verb_extension=<colcon_core.verb.build.BuildVerb object at 0x7f1c8cdb1160>, main=<bound method BuildVerb.main of <colcon_core.verb.build.BuildVerb object at 0x7f1c8cdb1160>>, mixin_verb=('build',))
[0.246s] Level 1:colcon.colcon_core.package_discovery:discover_packages(colcon_meta) check parameters
[0.246s] Level 1:colcon.colcon_core.package_discovery:discover_packages(recursive) check parameters
[0.246s] Level 1:colcon.colcon_core.package_discovery:discover_packages(ignore) check parameters
[0.246s] Level 1:colcon.colcon_core.package_discovery:discover_packages(path) check parameters
[0.246s] Level 1:colcon.colcon_core.package_discovery:discover_packages(colcon_meta) discover
[0.246s] Level 1:colcon.colcon_core.package_discovery:discover_packages(recursive) discover
[0.246s] INFO:colcon.colcon_core.package_discovery:Crawling recursively for packages in '/home/dexforint/ROS2_study/simple_action'
[0.246s] Level 1:colcon.colcon_core.package_identification:_identify(.) by extensions ['ignore', 'ignore_ament_install']
[0.246s] Level 1:colcon.colcon_core.package_identification:_identify(.) by extension 'ignore'
[0.246s] Level 1:colcon.colcon_core.package_identification:_identify(.) by extension 'ignore_ament_install'
[0.246s] Level 1:colcon.colcon_core.package_identification:_identify(.) by extensions ['colcon_pkg']
[0.246s] Level 1:colcon.colcon_core.package_identification:_identify(.) by extension 'colcon_pkg'
[0.246s] Level 1:colcon.colcon_core.package_identification:_identify(.) by extensions ['colcon_meta']
[0.246s] Level 1:colcon.colcon_core.package_identification:_identify(.) by extension 'colcon_meta'
[0.246s] Level 1:colcon.colcon_core.package_identification:_identify(.) by extensions ['ros']
[0.246s] Level 1:colcon.colcon_core.package_identification:_identify(.) by extension 'ros'
[0.269s] Level 1:colcon.colcon_core.package_identification:_identify(.) by extensions ['cmake', 'python']
[0.269s] Level 1:colcon.colcon_core.package_identification:_identify(.) by extension 'cmake'
[0.269s] Level 1:colcon.colcon_core.package_identification:_identify(.) by extension 'python'
[0.269s] Level 1:colcon.colcon_core.package_identification:_identify(.) by extensions ['python_setup_py']
[0.269s] Level 1:colcon.colcon_core.package_identification:_identify(.) by extension 'python_setup_py'
[0.269s] Level 1:colcon.colcon_core.package_identification:_identify(build) by extensions ['ignore', 'ignore_ament_install']
[0.269s] Level 1:colcon.colcon_core.package_identification:_identify(build) by extension 'ignore'
[0.269s] Level 1:colcon.colcon_core.package_identification:_identify(build) ignored
[0.269s] Level 1:colcon.colcon_core.package_identification:_identify(install) by extensions ['ignore', 'ignore_ament_install']
[0.269s] Level 1:colcon.colcon_core.package_identification:_identify(install) by extension 'ignore'
[0.269s] Level 1:colcon.colcon_core.package_identification:_identify(install) ignored
[0.269s] Level 1:colcon.colcon_core.package_identification:_identify(log) by extensions ['ignore', 'ignore_ament_install']
[0.269s] Level 1:colcon.colcon_core.package_identification:_identify(log) by extension 'ignore'
[0.269s] Level 1:colcon.colcon_core.package_identification:_identify(log) ignored
[0.269s] Level 1:colcon.colcon_core.package_identification:_identify(src) by extensions ['ignore', 'ignore_ament_install']
[0.270s] Level 1:colcon.colcon_core.package_identification:_identify(src) by extension 'ignore'
[0.270s] Level 1:colcon.colcon_core.package_identification:_identify(src) by extension 'ignore_ament_install'
[0.270s] Level 1:colcon.colcon_core.package_identification:_identify(src) by extensions ['colcon_pkg']
[0.270s] Level 1:colcon.colcon_core.package_identification:_identify(src) by extension 'colcon_pkg'
[0.270s] Level 1:colcon.colcon_core.package_identification:_identify(src) by extensions ['colcon_meta']
[0.270s] Level 1:colcon.colcon_core.package_identification:_identify(src) by extension 'colcon_meta'
[0.270s] Level 1:colcon.colcon_core.package_identification:_identify(src) by extensions ['ros']
[0.270s] Level 1:colcon.colcon_core.package_identification:_identify(src) by extension 'ros'
[0.270s] Level 1:colcon.colcon_core.package_identification:_identify(src) by extensions ['cmake', 'python']
[0.270s] Level 1:colcon.colcon_core.package_identification:_identify(src) by extension 'cmake'
[0.270s] Level 1:colcon.colcon_core.package_identification:_identify(src) by extension 'python'
[0.270s] Level 1:colcon.colcon_core.package_identification:_identify(src) by extensions ['python_setup_py']
[0.270s] Level 1:colcon.colcon_core.package_identification:_identify(src) by extension 'python_setup_py'
[0.270s] Level 1:colcon.colcon_core.package_identification:_identify(src/my_action_interface) by extensions ['ignore', 'ignore_ament_install']
[0.270s] Level 1:colcon.colcon_core.package_identification:_identify(src/my_action_interface) by extension 'ignore'
[0.270s] Level 1:colcon.colcon_core.package_identification:_identify(src/my_action_interface) by extension 'ignore_ament_install'
[0.270s] Level 1:colcon.colcon_core.package_identification:_identify(src/my_action_interface) by extensions ['colcon_pkg']
[0.270s] Level 1:colcon.colcon_core.package_identification:_identify(src/my_action_interface) by extension 'colcon_pkg'
[0.270s] Level 1:colcon.colcon_core.package_identification:_identify(src/my_action_interface) by extensions ['colcon_meta']
[0.270s] Level 1:colcon.colcon_core.package_identification:_identify(src/my_action_interface) by extension 'colcon_meta'
[0.270s] Level 1:colcon.colcon_core.package_identification:_identify(src/my_action_interface) by extensions ['ros']
[0.270s] Level 1:colcon.colcon_core.package_identification:_identify(src/my_action_interface) by extension 'ros'
[0.274s] DEBUG:colcon.colcon_core.package_identification:Package 'src/my_action_interface' with type 'ros.ament_cmake' and name 'my_action_interface'
[0.274s] Level 1:colcon.colcon_core.package_identification:_identify(src/my_calculate_action) by extensions ['ignore', 'ignore_ament_install']
[0.274s] Level 1:colcon.colcon_core.package_identification:_identify(src/my_calculate_action) by extension 'ignore'
[0.274s] Level 1:colcon.colcon_core.package_identification:_identify(src/my_calculate_action) by extension 'ignore_ament_install'
[0.274s] Level 1:colcon.colcon_core.package_identification:_identify(src/my_calculate_action) by extensions ['colcon_pkg']
[0.274s] Level 1:colcon.colcon_core.package_identification:_identify(src/my_calculate_action) by extension 'colcon_pkg'
[0.274s] Level 1:colcon.colcon_core.package_identification:_identify(src/my_calculate_action) by extensions ['colcon_meta']
[0.274s] Level 1:colcon.colcon_core.package_identification:_identify(src/my_calculate_action) by extension 'colcon_meta'
[0.274s] Level 1:colcon.colcon_core.package_identification:_identify(src/my_calculate_action) by extensions ['ros']
[0.274s] Level 1:colcon.colcon_core.package_identification:_identify(src/my_calculate_action) by extension 'ros'
[0.274s] DEBUG:colcon.colcon_core.package_identification:Package 'src/my_calculate_action' with type 'ros.ament_python' and name 'my_calculate_action'
[0.274s] Level 1:colcon.colcon_core.package_discovery:discover_packages(recursive) using defaults
[0.274s] Level 1:colcon.colcon_core.package_discovery:discover_packages(ignore) discover
[0.275s] Level 1:colcon.colcon_core.package_discovery:discover_packages(ignore) using defaults
[0.275s] Level 1:colcon.colcon_core.package_discovery:discover_packages(path) discover
[0.275s] Level 1:colcon.colcon_core.package_discovery:discover_packages(path) using defaults
[0.304s] Level 1:colcon.colcon_core.package_discovery:discover_packages(prefix_path) check parameters
[0.305s] Level 1:colcon.colcon_core.package_discovery:discover_packages(prefix_path) discover
[0.310s] DEBUG:colcon.colcon_installed_package_information.package_discovery:Found 285 installed packages in /opt/ros/jazzy
[0.311s] Level 1:colcon.colcon_core.package_discovery:discover_packages(prefix_path) using defaults
[0.363s] Level 5:colcon.colcon_core.verb:set package 'my_action_interface' build argument 'cmake_args' from command line to 'None'
[0.363s] Level 5:colcon.colcon_core.verb:set package 'my_action_interface' build argument 'cmake_target' from command line to 'None'
[0.363s] Level 5:colcon.colcon_core.verb:set package 'my_action_interface' build argument 'cmake_target_skip_unavailable' from command line to 'False'
[0.363s] Level 5:colcon.colcon_core.verb:set package 'my_action_interface' build argument 'cmake_clean_cache' from command line to 'False'
[0.363s] Level 5:colcon.colcon_core.verb:set package 'my_action_interface' build argument 'cmake_clean_first' from command line to 'False'
[0.363s] Level 5:colcon.colcon_core.verb:set package 'my_action_interface' build argument 'cmake_force_configure' from command line to 'False'
[0.363s] Level 5:colcon.colcon_core.verb:set package 'my_action_interface' build argument 'ament_cmake_args' from command line to 'None'
[0.363s] Level 5:colcon.colcon_core.verb:set package 'my_action_interface' build argument 'catkin_cmake_args' from command line to 'None'
[0.363s] Level 5:colcon.colcon_core.verb:set package 'my_action_interface' build argument 'catkin_skip_building_tests' from command line to 'False'
[0.363s] DEBUG:colcon.colcon_core.verb:Building package 'my_action_interface' with the following arguments: {'ament_cmake_args': None, 'build_base': '/home/dexforint/ROS2_study/simple_action/build/my_action_interface', 'catkin_cmake_args': None, 'catkin_skip_building_tests': False, 'cmake_args': None, 'cmake_clean_cache': False, 'cmake_clean_first': False, 'cmake_force_configure': False, 'cmake_target': None, 'cmake_target_skip_unavailable': False, 'install_base': '/home/dexforint/ROS2_study/simple_action/install/my_action_interface', 'merge_install': False, 'path': '/home/dexforint/ROS2_study/simple_action/src/my_action_interface', 'symlink_install': False, 'test_result_base': None}
[0.363s] Level 5:colcon.colcon_core.verb:set package 'my_calculate_action' build argument 'cmake_args' from command line to 'None'
[0.363s] Level 5:colcon.colcon_core.verb:set package 'my_calculate_action' build argument 'cmake_target' from command line to 'None'
[0.363s] Level 5:colcon.colcon_core.verb:set package 'my_calculate_action' build argument 'cmake_target_skip_unavailable' from command line to 'False'
[0.363s] Level 5:colcon.colcon_core.verb:set package 'my_calculate_action' build argument 'cmake_clean_cache' from command line to 'False'
[0.363s] Level 5:colcon.colcon_core.verb:set package 'my_calculate_action' build argument 'cmake_clean_first' from command line to 'False'
[0.363s] Level 5:colcon.colcon_core.verb:set package 'my_calculate_action' build argument 'cmake_force_configure' from command line to 'False'
[0.363s] Level 5:colcon.colcon_core.verb:set package 'my_calculate_action' build argument 'ament_cmake_args' from command line to 'None'
[0.363s] Level 5:colcon.colcon_core.verb:set package 'my_calculate_action' build argument 'catkin_cmake_args' from command line to 'None'
[0.363s] Level 5:colcon.colcon_core.verb:set package 'my_calculate_action' build argument 'catkin_skip_building_tests' from command line to 'False'
[0.363s] DEBUG:colcon.colcon_core.verb:Building package 'my_calculate_action' with the following arguments: {'ament_cmake_args': None, 'build_base': '/home/dexforint/ROS2_study/simple_action/build/my_calculate_action', 'catkin_cmake_args': None, 'catkin_skip_building_tests': False, 'cmake_args': None, 'cmake_clean_cache': False, 'cmake_clean_first': False, 'cmake_force_configure': False, 'cmake_target': None, 'cmake_target_skip_unavailable': False, 'install_base': '/home/dexforint/ROS2_study/simple_action/install/my_calculate_action', 'merge_install': False, 'path': '/home/dexforint/ROS2_study/simple_action/src/my_calculate_action', 'symlink_install': False, 'test_result_base': None}
[0.363s] INFO:colcon.colcon_core.executor:Executing jobs using 'parallel' executor
[0.364s] DEBUG:colcon.colcon_parallel_executor.executor.parallel:run_until_complete
[0.364s] INFO:colcon.colcon_ros.task.ament_cmake.build:Building ROS package in '/home/dexforint/ROS2_study/simple_action/src/my_action_interface' with build type 'ament_cmake'
[0.364s] INFO:colcon.colcon_cmake.task.cmake.build:Building CMake package in '/home/dexforint/ROS2_study/simple_action/src/my_action_interface'
[0.368s] INFO:colcon.colcon_core.plugin_system:Skipping extension 'colcon_core.shell.bat': Not used on non-Windows systems
[0.368s] INFO:colcon.colcon_core.shell:Skip shell extension 'powershell' for command environment: Not usable outside of PowerShell
[0.368s] DEBUG:colcon.colcon_core.shell:Skip shell extension 'dsv' for command environment
[0.370s] INFO:colcon.colcon_ros.task.ament_python.build:Building ROS package in '/home/dexforint/ROS2_study/simple_action/src/my_calculate_action' with build type 'ament_python'
[0.370s] Level 1:colcon.colcon_core.shell:create_environment_hook('my_calculate_action', 'ament_prefix_path')
[0.370s] INFO:colcon.colcon_core.shell:Creating environment hook '/home/dexforint/ROS2_study/simple_action/install/my_calculate_action/share/my_calculate_action/hook/ament_prefix_path.ps1'
[0.372s] INFO:colcon.colcon_core.shell:Creating environment descriptor '/home/dexforint/ROS2_study/simple_action/install/my_calculate_action/share/my_calculate_action/hook/ament_prefix_path.dsv'
[0.372s] INFO:colcon.colcon_core.shell:Creating environment hook '/home/dexforint/ROS2_study/simple_action/install/my_calculate_action/share/my_calculate_action/hook/ament_prefix_path.sh'
[0.373s] INFO:colcon.colcon_core.shell:Skip shell extension 'powershell' for command environment: Not usable outside of PowerShell
[0.373s] DEBUG:colcon.colcon_core.shell:Skip shell extension 'dsv' for command environment
[0.377s] DEBUG:colcon.colcon_core.event_handler.log_command:Invoking command in '/home/dexforint/ROS2_study/simple_action/build/my_action_interface': CMAKE_PREFIX_PATH=${CMAKE_PREFIX_PATH}:/opt/ros/jazzy /usr/bin/cmake --build /home/dexforint/ROS2_study/simple_action/build/my_action_interface -- -j16 -l16
[0.492s] INFO:colcon.colcon_core.task.python.build:Building Python package in '/home/dexforint/ROS2_study/simple_action/src/my_calculate_action'
[0.493s] INFO:colcon.colcon_core.shell:Skip shell extension 'powershell' for command environment: Not usable outside of PowerShell
[0.493s] DEBUG:colcon.colcon_core.shell:Skip shell extension 'dsv' for command environment
[1.025s] DEBUG:colcon.colcon_core.event_handler.log_command:Invoking command in '/home/dexforint/ROS2_study/simple_action/src/my_calculate_action': PYTHONPATH=/home/dexforint/ROS2_study/simple_action/build/my_calculate_action/prefix_override:/usr/lib/python3/dist-packages/colcon_core/task/python/colcon_distutils_commands:/home/dexforint/ROS2_study/simple_action/install/my_calculate_action/lib/python3.12/site-packages:${PYTHONPATH} /usr/bin/python3 -W ignore:setup.py install is deprecated -W ignore:easy_install command is deprecated setup.py egg_info --egg-base ../../build/my_calculate_action build --build-base /home/dexforint/ROS2_study/simple_action/build/my_calculate_action/build install --record /home/dexforint/ROS2_study/simple_action/build/my_calculate_action/install.log --single-version-externally-managed install_data
[1.294s] DEBUG:colcon.colcon_core.event_handler.log_command:Invoked command in '/home/dexforint/ROS2_study/simple_action/src/my_calculate_action' returned '0': PYTHONPATH=/home/dexforint/ROS2_study/simple_action/build/my_calculate_action/prefix_override:/usr/lib/python3/dist-packages/colcon_core/task/python/colcon_distutils_commands:/home/dexforint/ROS2_study/simple_action/install/my_calculate_action/lib/python3.12/site-packages:${PYTHONPATH} /usr/bin/python3 -W ignore:setup.py install is deprecated -W ignore:easy_install command is deprecated setup.py egg_info --egg-base ../../build/my_calculate_action build --build-base /home/dexforint/ROS2_study/simple_action/build/my_calculate_action/build install --record /home/dexforint/ROS2_study/simple_action/build/my_calculate_action/install.log --single-version-externally-managed install_data
[1.298s] Level 1:colcon.colcon_core.environment:checking '/home/dexforint/ROS2_study/simple_action/install/my_calculate_action' for CMake module files
[1.298s] Level 1:colcon.colcon_core.environment:checking '/home/dexforint/ROS2_study/simple_action/install/my_calculate_action' for CMake config files
[1.299s] Level 1:colcon.colcon_core.environment:checking '/home/dexforint/ROS2_study/simple_action/install/my_calculate_action/lib'
[1.299s] Level 1:colcon.colcon_core.environment:checking '/home/dexforint/ROS2_study/simple_action/install/my_calculate_action/bin'
[1.299s] Level 1:colcon.colcon_core.environment:checking '/home/dexforint/ROS2_study/simple_action/install/my_calculate_action/lib/pkgconfig/my_calculate_action.pc'
[1.299s] Level 1:colcon.colcon_core.environment:checking '/home/dexforint/ROS2_study/simple_action/install/my_calculate_action/lib/python3.12/site-packages'
[1.299s] Level 1:colcon.colcon_core.shell:create_environment_hook('my_calculate_action', 'pythonpath')
[1.299s] INFO:colcon.colcon_core.shell:Creating environment hook '/home/dexforint/ROS2_study/simple_action/install/my_calculate_action/share/my_calculate_action/hook/pythonpath.ps1'
[1.300s] INFO:colcon.colcon_core.shell:Creating environment descriptor '/home/dexforint/ROS2_study/simple_action/install/my_calculate_action/share/my_calculate_action/hook/pythonpath.dsv'
[1.300s] INFO:colcon.colcon_core.shell:Creating environment hook '/home/dexforint/ROS2_study/simple_action/install/my_calculate_action/share/my_calculate_action/hook/pythonpath.sh'
[1.300s] Level 1:colcon.colcon_core.environment:checking '/home/dexforint/ROS2_study/simple_action/install/my_calculate_action/bin'
[1.300s] Level 1:colcon.colcon_core.environment:create_environment_scripts_only(my_calculate_action)
[1.300s] INFO:colcon.colcon_core.shell:Creating package script '/home/dexforint/ROS2_study/simple_action/install/my_calculate_action/share/my_calculate_action/package.ps1'
[1.301s] INFO:colcon.colcon_core.shell:Creating package descriptor '/home/dexforint/ROS2_study/simple_action/install/my_calculate_action/share/my_calculate_action/package.dsv'
[1.302s] INFO:colcon.colcon_core.shell:Creating package script '/home/dexforint/ROS2_study/simple_action/install/my_calculate_action/share/my_calculate_action/package.sh'
[1.302s] INFO:colcon.colcon_core.shell:Creating package script '/home/dexforint/ROS2_study/simple_action/install/my_calculate_action/share/my_calculate_action/package.bash'
[1.303s] INFO:colcon.colcon_core.shell:Creating package script '/home/dexforint/ROS2_study/simple_action/install/my_calculate_action/share/my_calculate_action/package.zsh'
[1.303s] Level 1:colcon.colcon_core.environment:create_file_with_runtime_dependencies(/home/dexforint/ROS2_study/simple_action/install/my_calculate_action/share/colcon-core/packages/my_calculate_action)
[2.626s] DEBUG:colcon.colcon_core.event_handler.log_command:Invoked command in '/home/dexforint/ROS2_study/simple_action/build/my_action_interface' returned '0': CMAKE_PREFIX_PATH=${CMAKE_PREFIX_PATH}:/opt/ros/jazzy /usr/bin/cmake --build /home/dexforint/ROS2_study/simple_action/build/my_action_interface -- -j16 -l16
[2.630s] DEBUG:colcon.colcon_core.event_handler.log_command:Invoking command in '/home/dexforint/ROS2_study/simple_action/build/my_action_interface': CMAKE_PREFIX_PATH=${CMAKE_PREFIX_PATH}:/opt/ros/jazzy /usr/bin/cmake --install /home/dexforint/ROS2_study/simple_action/build/my_action_interface
[2.678s] Level 1:colcon.colcon_core.environment:create_environment_scripts_only(my_action_interface)
[2.678s] DEBUG:colcon.colcon_core.event_handler.log_command:Invoked command in '/home/dexforint/ROS2_study/simple_action/build/my_action_interface' returned '0': CMAKE_PREFIX_PATH=${CMAKE_PREFIX_PATH}:/opt/ros/jazzy /usr/bin/cmake --install /home/dexforint/ROS2_study/simple_action/build/my_action_interface
[2.678s] Level 1:colcon.colcon_core.environment:checking '/home/dexforint/ROS2_study/simple_action/install/my_action_interface' for CMake module files
[2.679s] Level 1:colcon.colcon_core.environment:checking '/home/dexforint/ROS2_study/simple_action/install/my_action_interface' for CMake config files
[2.679s] Level 1:colcon.colcon_core.shell:create_environment_hook('my_action_interface', 'cmake_prefix_path')
[2.679s] INFO:colcon.colcon_core.shell:Creating environment hook '/home/dexforint/ROS2_study/simple_action/install/my_action_interface/share/my_action_interface/hook/cmake_prefix_path.ps1'
[2.679s] INFO:colcon.colcon_core.shell:Creating environment descriptor '/home/dexforint/ROS2_study/simple_action/install/my_action_interface/share/my_action_interface/hook/cmake_prefix_path.dsv'
[2.680s] INFO:colcon.colcon_core.shell:Creating environment hook '/home/dexforint/ROS2_study/simple_action/install/my_action_interface/share/my_action_interface/hook/cmake_prefix_path.sh'
[2.680s] Level 1:colcon.colcon_core.environment:checking '/home/dexforint/ROS2_study/simple_action/install/my_action_interface/lib'
[2.680s] Level 1:colcon.colcon_core.shell:create_environment_hook('my_action_interface', 'ld_library_path_lib')
[2.680s] INFO:colcon.colcon_core.shell:Creating environment hook '/home/dexforint/ROS2_study/simple_action/install/my_action_interface/share/my_action_interface/hook/ld_library_path_lib.ps1'
[2.680s] INFO:colcon.colcon_core.shell:Creating environment descriptor '/home/dexforint/ROS2_study/simple_action/install/my_action_interface/share/my_action_interface/hook/ld_library_path_lib.dsv'
[2.680s] INFO:colcon.colcon_core.shell:Creating environment hook '/home/dexforint/ROS2_study/simple_action/install/my_action_interface/share/my_action_interface/hook/ld_library_path_lib.sh'
[2.680s] Level 1:colcon.colcon_core.environment:checking '/home/dexforint/ROS2_study/simple_action/install/my_action_interface/bin'
[2.680s] Level 1:colcon.colcon_core.environment:checking '/home/dexforint/ROS2_study/simple_action/install/my_action_interface/lib/pkgconfig/my_action_interface.pc'
[2.681s] Level 1:colcon.colcon_core.environment:checking '/home/dexforint/ROS2_study/simple_action/install/my_action_interface/lib/python3.12/site-packages'
[2.681s] Level 1:colcon.colcon_core.shell:create_environment_hook('my_action_interface', 'pythonpath')
[2.681s] INFO:colcon.colcon_core.shell:Creating environment hook '/home/dexforint/ROS2_study/simple_action/install/my_action_interface/share/my_action_interface/hook/pythonpath.ps1'
[2.681s] INFO:colcon.colcon_core.shell:Creating environment descriptor '/home/dexforint/ROS2_study/simple_action/install/my_action_interface/share/my_action_interface/hook/pythonpath.dsv'
[2.681s] INFO:colcon.colcon_core.shell:Creating environment hook '/home/dexforint/ROS2_study/simple_action/install/my_action_interface/share/my_action_interface/hook/pythonpath.sh'
[2.681s] Level 1:colcon.colcon_core.environment:checking '/home/dexforint/ROS2_study/simple_action/install/my_action_interface/bin'
[2.682s] INFO:colcon.colcon_core.shell:Creating package script '/home/dexforint/ROS2_study/simple_action/install/my_action_interface/share/my_action_interface/package.ps1'
[2.682s] INFO:colcon.colcon_core.shell:Creating package descriptor '/home/dexforint/ROS2_study/simple_action/install/my_action_interface/share/my_action_interface/package.dsv'
[2.682s] INFO:colcon.colcon_core.shell:Creating package script '/home/dexforint/ROS2_study/simple_action/install/my_action_interface/share/my_action_interface/package.sh'
[2.682s] INFO:colcon.colcon_core.shell:Creating package script '/home/dexforint/ROS2_study/simple_action/install/my_action_interface/share/my_action_interface/package.bash'
[2.682s] INFO:colcon.colcon_core.shell:Creating package script '/home/dexforint/ROS2_study/simple_action/install/my_action_interface/share/my_action_interface/package.zsh'
[2.683s] Level 1:colcon.colcon_core.environment:create_file_with_runtime_dependencies(/home/dexforint/ROS2_study/simple_action/install/my_action_interface/share/colcon-core/packages/my_action_interface)
[2.683s] Level 1:colcon.colcon_core.environment:create_environment_scripts_only(my_action_interface)
[2.683s] Level 1:colcon.colcon_core.environment:checking '/home/dexforint/ROS2_study/simple_action/install/my_action_interface' for CMake module files
[2.683s] Level 1:colcon.colcon_core.environment:checking '/home/dexforint/ROS2_study/simple_action/install/my_action_interface' for CMake config files
[2.683s] Level 1:colcon.colcon_core.shell:create_environment_hook('my_action_interface', 'cmake_prefix_path')
[2.684s] INFO:colcon.colcon_core.shell:Creating environment hook '/home/dexforint/ROS2_study/simple_action/install/my_action_interface/share/my_action_interface/hook/cmake_prefix_path.ps1'
[2.684s] INFO:colcon.colcon_core.shell:Creating environment descriptor '/home/dexforint/ROS2_study/simple_action/install/my_action_interface/share/my_action_interface/hook/cmake_prefix_path.dsv'
[2.684s] INFO:colcon.colcon_core.shell:Creating environment hook '/home/dexforint/ROS2_study/simple_action/install/my_action_interface/share/my_action_interface/hook/cmake_prefix_path.sh'
[2.684s] Level 1:colcon.colcon_core.environment:checking '/home/dexforint/ROS2_study/simple_action/install/my_action_interface/lib'
[2.684s] Level 1:colcon.colcon_core.shell:create_environment_hook('my_action_interface', 'ld_library_path_lib')
[2.684s] INFO:colcon.colcon_core.shell:Creating environment hook '/home/dexforint/ROS2_study/simple_action/install/my_action_interface/share/my_action_interface/hook/ld_library_path_lib.ps1'
[2.685s] INFO:colcon.colcon_core.shell:Creating environment descriptor '/home/dexforint/ROS2_study/simple_action/install/my_action_interface/share/my_action_interface/hook/ld_library_path_lib.dsv'
[2.685s] INFO:colcon.colcon_core.shell:Creating environment hook '/home/dexforint/ROS2_study/simple_action/install/my_action_interface/share/my_action_interface/hook/ld_library_path_lib.sh'
[2.685s] Level 1:colcon.colcon_core.environment:checking '/home/dexforint/ROS2_study/simple_action/install/my_action_interface/bin'
[2.685s] Level 1:colcon.colcon_core.environment:checking '/home/dexforint/ROS2_study/simple_action/install/my_action_interface/lib/pkgconfig/my_action_interface.pc'
[2.685s] Level 1:colcon.colcon_core.environment:checking '/home/dexforint/ROS2_study/simple_action/install/my_action_interface/lib/python3.12/site-packages'
[2.685s] Level 1:colcon.colcon_core.shell:create_environment_hook('my_action_interface', 'pythonpath')
[2.685s] INFO:colcon.colcon_core.shell:Creating environment hook '/home/dexforint/ROS2_study/simple_action/install/my_action_interface/share/my_action_interface/hook/pythonpath.ps1'
[2.686s] INFO:colcon.colcon_core.shell:Creating environment descriptor '/home/dexforint/ROS2_study/simple_action/install/my_action_interface/share/my_action_interface/hook/pythonpath.dsv'
[2.686s] INFO:colcon.colcon_core.shell:Creating environment hook '/home/dexforint/ROS2_study/simple_action/install/my_action_interface/share/my_action_interface/hook/pythonpath.sh'
[2.686s] Level 1:colcon.colcon_core.environment:checking '/home/dexforint/ROS2_study/simple_action/install/my_action_interface/bin'
[2.686s] INFO:colcon.colcon_core.shell:Creating package script '/home/dexforint/ROS2_study/simple_action/install/my_action_interface/share/my_action_interface/package.ps1'
[2.686s] INFO:colcon.colcon_core.shell:Creating package descriptor '/home/dexforint/ROS2_study/simple_action/install/my_action_interface/share/my_action_interface/package.dsv'
[2.687s] INFO:colcon.colcon_core.shell:Creating package script '/home/dexforint/ROS2_study/simple_action/install/my_action_interface/share/my_action_interface/package.sh'
[2.687s] INFO:colcon.colcon_core.shell:Creating package script '/home/dexforint/ROS2_study/simple_action/install/my_action_interface/share/my_action_interface/package.bash'
[2.687s] INFO:colcon.colcon_core.shell:Creating package script '/home/dexforint/ROS2_study/simple_action/install/my_action_interface/share/my_action_interface/package.zsh'
[2.687s] Level 1:colcon.colcon_core.environment:create_file_with_runtime_dependencies(/home/dexforint/ROS2_study/simple_action/install/my_action_interface/share/colcon-core/packages/my_action_interface)
[2.687s] DEBUG:colcon.colcon_parallel_executor.executor.parallel:closing loop
[2.688s] DEBUG:colcon.colcon_parallel_executor.executor.parallel:loop closed
[2.688s] DEBUG:colcon.colcon_parallel_executor.executor.parallel:run_until_complete finished with '0'
[2.688s] DEBUG:colcon.colcon_core.event_reactor:joining thread
[2.706s] INFO:colcon.colcon_core.plugin_system:Skipping extension 'colcon_notification.desktop_notification.notify_send': Could not find 'notify-send'
[2.706s] INFO:colcon.colcon_core.plugin_system:Skipping extension 'colcon_notification.desktop_notification.terminal_notifier': Not used on non-Darwin systems
[2.706s] INFO:colcon.colcon_core.plugin_system:Skipping extension 'colcon_notification.desktop_notification.win32': Not used on non-Windows systems
[2.706s] INFO:colcon.colcon_notification.desktop_notification:Sending desktop notification using 'notify2'
[2.717s] DEBUG:colcon.colcon_notification.desktop_notification.notify2:Failed to initialize notify2: org.freedesktop.DBus.Error.ServiceUnknown: The name org.freedesktop.Notifications was not provided by any .service files
[2.718s] DEBUG:colcon.colcon_core.event_reactor:joined thread
[2.718s] INFO:colcon.colcon_core.shell:Creating prefix script '/home/dexforint/ROS2_study/simple_action/install/local_setup.ps1'
[2.718s] INFO:colcon.colcon_core.shell:Creating prefix util module '/home/dexforint/ROS2_study/simple_action/install/_local_setup_util_ps1.py'
[2.719s] INFO:colcon.colcon_core.shell:Creating prefix chain script '/home/dexforint/ROS2_study/simple_action/install/setup.ps1'
[2.720s] INFO:colcon.colcon_core.shell:Creating prefix script '/home/dexforint/ROS2_study/simple_action/install/local_setup.sh'
[2.720s] INFO:colcon.colcon_core.shell:Creating prefix util module '/home/dexforint/ROS2_study/simple_action/install/_local_setup_util_sh.py'
[2.721s] INFO:colcon.colcon_core.shell:Creating prefix chain script '/home/dexforint/ROS2_study/simple_action/install/setup.sh'
[2.721s] INFO:colcon.colcon_core.shell:Creating prefix script '/home/dexforint/ROS2_study/simple_action/install/local_setup.bash'
[2.721s] INFO:colcon.colcon_core.shell:Creating prefix chain script '/home/dexforint/ROS2_study/simple_action/install/setup.bash'
[2.722s] INFO:colcon.colcon_core.shell:Creating prefix script '/home/dexforint/ROS2_study/simple_action/install/local_setup.zsh'
[2.722s] INFO:colcon.colcon_core.shell:Creating prefix chain script '/home/dexforint/ROS2_study/simple_action/install/setup.zsh'
