[0.146s] Invoking command in '/home/dexforint/ROS2_study/turtlesim_action/build/my_turtle_action_interface': CMAKE_PREFIX_PATH=${CMAKE_PREFIX_PATH}:/home/dexforint/ROS2_study/turtlesim_action/install/my_turtle_action:/opt/ros/jazzy /usr/bin/cmake --build /home/dexforint/ROS2_study/turtlesim_action/build/my_turtle_action_interface -- -j16 -l16
[0.216s] -- Found ament_cmake: 2.5.4 (/opt/ros/jazzy/share/ament_cmake/cmake)
[0.238s] -- Found Python3: /usr/bin/python3 (found version "3.12.3") found components: Interpreter 
[0.323s] -- Found rosidl_default_generators: 1.6.0 (/opt/ros/jazzy/share/rosidl_default_generators/cmake)
[0.327s] -- Using all available rosidl_typesupport_c: rosidl_typesupport_fastrtps_c;rosidl_typesupport_introspection_c
[0.437s] -- Using all available rosidl_typesupport_cpp: rosidl_typesupport_fastrtps_cpp;rosidl_typesupport_introspection_cpp
[0.472s] -- Found rosidl_adapter: 4.6.6 (/opt/ros/jazzy/share/rosidl_adapter/cmake)
[0.703s] -- Found ament_cmake_ros: 0.12.0 (/opt/ros/jazzy/share/ament_cmake_ros/cmake)
[0.770s] -- Using all available rosidl_typesupport_c: rosidl_typesupport_fastrtps_c;rosidl_typesupport_introspection_c
[0.866s] -- Using all available rosidl_typesupport_cpp: rosidl_typesupport_fastrtps_cpp;rosidl_typesupport_introspection_cpp
[0.867s] -- Found python_cmake_module: 0.11.1 (/opt/ros/jazzy/share/python_cmake_module/cmake)
[1.112s] -- Found Python3: /usr/bin/python3 (found version "3.12.3") found components: Interpreter Development NumPy Development.Module Development.Embed 
[1.122s] -- Found ament_lint_auto: 0.17.3 (/opt/ros/jazzy/share/ament_lint_auto/cmake)
[1.136s] -- Added test 'lint_cmake' to check CMake code style
[1.137s] -- Added test 'xmllint' to check XML markup files
[1.138s] -- Configuring done (0.9s)
[1.168s] -- Generating done (0.0s)
[1.176s] -- Build files have been written to: /home/dexforint/ROS2_study/turtlesim_action/build/my_turtle_action_interface
[1.193s] [  2%] [34m[1mGenerating type hashes for ROS interfaces[0m
[1.197s] [  2%] Built target ament_cmake_python_copy_my_turtle_action_interface
[1.325s] running egg_info
[1.336s] writing my_turtle_action_interface.egg-info/PKG-INFO
[1.337s] writing dependency_links to my_turtle_action_interface.egg-info/dependency_links.txt
[1.337s] writing top-level names to my_turtle_action_interface.egg-info/top_level.txt
[1.343s] [  2%] Built target my_turtle_action_interface__rosidl_generator_type_description
[1.348s] [  5%] [34m[1mGenerating C code for ROS interfaces[0m
[1.353s] [  8%] [34m[1mGenerating C++ code for ROS interfaces[0m
[1.367s] reading manifest file 'my_turtle_action_interface.egg-info/SOURCES.txt'
[1.368s] writing manifest file 'my_turtle_action_interface.egg-info/SOURCES.txt'
[1.383s] [  8%] Built target ament_cmake_python_build_my_turtle_action_interface_egg
[1.599s] [  8%] Built target my_turtle_action_interface__cpp
[1.627s] [ 17%] [32mBuilding C object CMakeFiles/my_turtle_action_interface__rosidl_generator_c.dir/rosidl_generator_c/my_turtle_action_interface/action/detail/target_point__type_support.c.o[0m
[1.627s] [ 17%] [32mBuilding C object CMakeFiles/my_turtle_action_interface__rosidl_generator_c.dir/rosidl_generator_c/my_turtle_action_interface/action/detail/target_point__functions.c.o[0m
[1.627s] [ 17%] [32mBuilding C object CMakeFiles/my_turtle_action_interface__rosidl_generator_c.dir/rosidl_generator_c/my_turtle_action_interface/action/detail/target_point__description.c.o[0m
[1.765s] [ 20%] [32m[1mLinking C shared library libmy_turtle_action_interface__rosidl_generator_c.so[0m
[1.830s] [ 20%] Built target my_turtle_action_interface__rosidl_generator_c
[1.835s] [ 29%] [34m[1mGenerating C type support for eProsima Fast-RTPS[0m
[1.836s] [ 29%] [34m[1mGenerating C++ type support for eProsima Fast-RTPS[0m
[1.836s] [ 29%] [34m[1mGenerating C type support dispatch for ROS interfaces[0m
[1.836s] [ 32%] [34m[1mGenerating C introspection for ROS interfaces[0m
[1.839s] [ 38%] [34m[1mGenerating C++ introspection for ROS interfaces[0m
[1.839s] [ 38%] [34m[1mGenerating C++ type support dispatch for ROS interfaces[0m
[2.049s] [ 41%] [32mBuilding CXX object CMakeFiles/my_turtle_action_interface__rosidl_typesupport_cpp.dir/rosidl_typesupport_cpp/my_turtle_action_interface/action/target_point__type_support.cpp.o[0m
[2.051s] [ 47%] [32mBuilding CXX object CMakeFiles/my_turtle_action_interface__rosidl_typesupport_introspection_cpp.dir/rosidl_typesupport_introspection_cpp/my_turtle_action_interface/action/detail/target_point__type_support.cpp.o[0m
[2.051s] [ 47%] [32mBuilding CXX object CMakeFiles/my_turtle_action_interface__rosidl_typesupport_c.dir/rosidl_typesupport_c/my_turtle_action_interface/action/target_point__type_support.cpp.o[0m
[2.065s] [ 50%] [32mBuilding C object CMakeFiles/my_turtle_action_interface__rosidl_typesupport_introspection_c.dir/rosidl_typesupport_introspection_c/my_turtle_action_interface/action/detail/target_point__type_support.c.o[0m
[2.111s] [ 52%] [32m[1mLinking C shared library libmy_turtle_action_interface__rosidl_typesupport_introspection_c.so[0m
[2.139s] [ 55%] [32m[1mLinking CXX shared library libmy_turtle_action_interface__rosidl_typesupport_c.so[0m
[2.143s] [ 58%] [32mBuilding CXX object CMakeFiles/my_turtle_action_interface__rosidl_typesupport_fastrtps_cpp.dir/rosidl_typesupport_fastrtps_cpp/my_turtle_action_interface/action/detail/dds_fastrtps/target_point__type_support.cpp.o[0m
[2.183s] [ 61%] [32mBuilding CXX object CMakeFiles/my_turtle_action_interface__rosidl_typesupport_fastrtps_c.dir/rosidl_typesupport_fastrtps_c/my_turtle_action_interface/action/detail/target_point__type_support_c.cpp.o[0m
[2.193s] [ 61%] Built target my_turtle_action_interface__rosidl_typesupport_introspection_c
[2.218s] [ 61%] Built target my_turtle_action_interface__rosidl_typesupport_c
[2.563s] [ 64%] [32m[1mLinking CXX shared library libmy_turtle_action_interface__rosidl_typesupport_cpp.so[0m
[2.564s] [ 67%] [32m[1mLinking CXX shared library libmy_turtle_action_interface__rosidl_typesupport_fastrtps_c.so[0m
[2.613s] [ 70%] [32m[1mLinking CXX shared library libmy_turtle_action_interface__rosidl_typesupport_introspection_cpp.so[0m
[2.632s] [ 70%] Built target my_turtle_action_interface__rosidl_typesupport_fastrtps_c
[2.638s] [ 70%] Built target my_turtle_action_interface__rosidl_typesupport_cpp
[2.699s] [ 70%] Built target my_turtle_action_interface__rosidl_typesupport_introspection_cpp
[2.795s] [ 73%] [32m[1mLinking CXX shared library libmy_turtle_action_interface__rosidl_typesupport_fastrtps_cpp.so[0m
[2.873s] [ 73%] Built target my_turtle_action_interface__rosidl_typesupport_fastrtps_cpp
[2.885s] [ 73%] Built target my_turtle_action_interface
[2.894s] [ 76%] [34m[1mGenerating Python code for ROS interfaces[0m
[3.344s] [ 76%] Built target my_turtle_action_interface__py
[3.353s] [ 79%] [32mBuilding C object CMakeFiles/my_turtle_action_interface__rosidl_generator_py.dir/rosidl_generator_py/my_turtle_action_interface/action/_target_point_s.c.o[0m
[3.495s] [ 82%] [32m[1mLinking C shared library libmy_turtle_action_interface__rosidl_generator_py.so[0m
[3.561s] [ 82%] Built target my_turtle_action_interface__rosidl_generator_py
[3.573s] [ 85%] [32mBuilding C object CMakeFiles/my_turtle_action_interface_s__rosidl_typesupport_fastrtps_c.dir/rosidl_generator_py/my_turtle_action_interface/_my_turtle_action_interface_s.ep.rosidl_typesupport_fastrtps_c.c.o[0m
[3.574s] [ 88%] [32mBuilding C object CMakeFiles/my_turtle_action_interface_s__rosidl_typesupport_c.dir/rosidl_generator_py/my_turtle_action_interface/_my_turtle_action_interface_s.ep.rosidl_typesupport_c.c.o[0m
[3.574s] [ 91%] [32mBuilding C object CMakeFiles/my_turtle_action_interface_s__rosidl_typesupport_introspection_c.dir/rosidl_generator_py/my_turtle_action_interface/_my_turtle_action_interface_s.ep.rosidl_typesupport_introspection_c.c.o[0m
[3.648s] [ 94%] [32m[1mLinking C shared module rosidl_generator_py/my_turtle_action_interface/my_turtle_action_interface_s__rosidl_typesupport_c.so[0m
[3.653s] [ 97%] [32m[1mLinking C shared module rosidl_generator_py/my_turtle_action_interface/my_turtle_action_interface_s__rosidl_typesupport_introspection_c.so[0m
[3.655s] [100%] [32m[1mLinking C shared module rosidl_generator_py/my_turtle_action_interface/my_turtle_action_interface_s__rosidl_typesupport_fastrtps_c.so[0m
[3.703s] [100%] Built target my_turtle_action_interface_s__rosidl_typesupport_introspection_c
[3.704s] [100%] Built target my_turtle_action_interface_s__rosidl_typesupport_fastrtps_c
[3.705s] [100%] Built target my_turtle_action_interface_s__rosidl_typesupport_c
[3.713s] Invoked command in '/home/dexforint/ROS2_study/turtlesim_action/build/my_turtle_action_interface' returned '0': CMAKE_PREFIX_PATH=${CMAKE_PREFIX_PATH}:/home/dexforint/ROS2_study/turtlesim_action/install/my_turtle_action:/opt/ros/jazzy /usr/bin/cmake --build /home/dexforint/ROS2_study/turtlesim_action/build/my_turtle_action_interface -- -j16 -l16
[3.715s] Invoking command in '/home/dexforint/ROS2_study/turtlesim_action/build/my_turtle_action_interface': CMAKE_PREFIX_PATH=${CMAKE_PREFIX_PATH}:/home/dexforint/ROS2_study/turtlesim_action/install/my_turtle_action:/opt/ros/jazzy /usr/bin/cmake --install /home/dexforint/ROS2_study/turtlesim_action/build/my_turtle_action_interface
[3.719s] -- Install configuration: ""
[3.719s] -- Installing: /home/dexforint/ROS2_study/turtlesim_action/install/my_turtle_action_interface/share/ament_index/resource_index/rosidl_interfaces/my_turtle_action_interface
[3.719s] -- Installing: /home/dexforint/ROS2_study/turtlesim_action/install/my_turtle_action_interface/share/my_turtle_action_interface/action/TargetPoint.json
[3.719s] -- Up-to-date: /home/dexforint/ROS2_study/turtlesim_action/install/my_turtle_action_interface/include/my_turtle_action_interface/my_turtle_action_interface
[3.719s] -- Up-to-date: /home/dexforint/ROS2_study/turtlesim_action/install/my_turtle_action_interface/include/my_turtle_action_interface/my_turtle_action_interface/action
[3.719s] -- Up-to-date: /home/dexforint/ROS2_study/turtlesim_action/install/my_turtle_action_interface/include/my_turtle_action_interface/my_turtle_action_interface/action/detail
[3.719s] -- Installing: /home/dexforint/ROS2_study/turtlesim_action/install/my_turtle_action_interface/include/my_turtle_action_interface/my_turtle_action_interface/action/detail/target_point__type_support.c
[3.719s] -- Installing: /home/dexforint/ROS2_study/turtlesim_action/install/my_turtle_action_interface/include/my_turtle_action_interface/my_turtle_action_interface/action/detail/target_point__functions.c
[3.719s] -- Installing: /home/dexforint/ROS2_study/turtlesim_action/install/my_turtle_action_interface/include/my_turtle_action_interface/my_turtle_action_interface/action/detail/target_point__description.c
[3.720s] -- Up-to-date: /home/dexforint/ROS2_study/turtlesim_action/install/my_turtle_action_interface/include/my_turtle_action_interface/my_turtle_action_interface/action/detail/summ_calculate__struct.h
[3.720s] -- Up-to-date: /home/dexforint/ROS2_study/turtlesim_action/install/my_turtle_action_interface/include/my_turtle_action_interface/my_turtle_action_interface/action/detail/summ_calculate__functions.c
[3.720s] -- Installing: /home/dexforint/ROS2_study/turtlesim_action/install/my_turtle_action_interface/include/my_turtle_action_interface/my_turtle_action_interface/action/detail/target_point__struct.h
[3.720s] -- Up-to-date: /home/dexforint/ROS2_study/turtlesim_action/install/my_turtle_action_interface/include/my_turtle_action_interface/my_turtle_action_interface/action/detail/summ_calculate__type_support.c
[3.720s] -- Up-to-date: /home/dexforint/ROS2_study/turtlesim_action/install/my_turtle_action_interface/include/my_turtle_action_interface/my_turtle_action_interface/action/detail/summ_calculate__functions.h
[3.720s] -- Installing: /home/dexforint/ROS2_study/turtlesim_action/install/my_turtle_action_interface/include/my_turtle_action_interface/my_turtle_action_interface/action/detail/target_point__functions.h
[3.720s] -- Up-to-date: /home/dexforint/ROS2_study/turtlesim_action/install/my_turtle_action_interface/include/my_turtle_action_interface/my_turtle_action_interface/action/detail/summ_calculate__type_support.h
[3.720s] -- Installing: /home/dexforint/ROS2_study/turtlesim_action/install/my_turtle_action_interface/include/my_turtle_action_interface/my_turtle_action_interface/action/detail/target_point__type_support.h
[3.720s] -- Up-to-date: /home/dexforint/ROS2_study/turtlesim_action/install/my_turtle_action_interface/include/my_turtle_action_interface/my_turtle_action_interface/action/detail/summ_calculate__description.c
[3.721s] -- Installing: /home/dexforint/ROS2_study/turtlesim_action/install/my_turtle_action_interface/include/my_turtle_action_interface/my_turtle_action_interface/action/target_point.h
[3.721s] -- Up-to-date: /home/dexforint/ROS2_study/turtlesim_action/install/my_turtle_action_interface/include/my_turtle_action_interface/my_turtle_action_interface/action/summ_calculate.h
[3.721s] -- Up-to-date: /home/dexforint/ROS2_study/turtlesim_action/install/my_turtle_action_interface/include/my_turtle_action_interface/my_turtle_action_interface/msg
[3.721s] -- Up-to-date: /home/dexforint/ROS2_study/turtlesim_action/install/my_turtle_action_interface/include/my_turtle_action_interface/my_turtle_action_interface/msg/rosidl_generator_c__visibility_control.h
[3.721s] -- Up-to-date: /home/dexforint/ROS2_study/turtlesim_action/install/my_turtle_action_interface/share/my_turtle_action_interface/environment/library_path.sh
[3.721s] -- Up-to-date: /home/dexforint/ROS2_study/turtlesim_action/install/my_turtle_action_interface/share/my_turtle_action_interface/environment/library_path.dsv
[3.721s] -- Installing: /home/dexforint/ROS2_study/turtlesim_action/install/my_turtle_action_interface/lib/libmy_turtle_action_interface__rosidl_generator_c.so
[3.721s] -- Set non-toolchain portion of runtime path of "/home/dexforint/ROS2_study/turtlesim_action/install/my_turtle_action_interface/lib/libmy_turtle_action_interface__rosidl_generator_c.so" to ""
[3.721s] -- Up-to-date: /home/dexforint/ROS2_study/turtlesim_action/install/my_turtle_action_interface/include/my_turtle_action_interface/my_turtle_action_interface
[3.721s] -- Up-to-date: /home/dexforint/ROS2_study/turtlesim_action/install/my_turtle_action_interface/include/my_turtle_action_interface/my_turtle_action_interface/action
[3.721s] -- Up-to-date: /home/dexforint/ROS2_study/turtlesim_action/install/my_turtle_action_interface/include/my_turtle_action_interface/my_turtle_action_interface/action/detail
[3.722s] -- Up-to-date: /home/dexforint/ROS2_study/turtlesim_action/install/my_turtle_action_interface/include/my_turtle_action_interface/my_turtle_action_interface/action/detail/summ_calculate__rosidl_typesupport_fastrtps_c.h
[3.722s] -- Installing: /home/dexforint/ROS2_study/turtlesim_action/install/my_turtle_action_interface/include/my_turtle_action_interface/my_turtle_action_interface/action/detail/target_point__rosidl_typesupport_fastrtps_c.h
[3.722s] -- Up-to-date: /home/dexforint/ROS2_study/turtlesim_action/install/my_turtle_action_interface/include/my_turtle_action_interface/my_turtle_action_interface/msg
[3.722s] -- Up-to-date: /home/dexforint/ROS2_study/turtlesim_action/install/my_turtle_action_interface/include/my_turtle_action_interface/my_turtle_action_interface/msg/rosidl_typesupport_fastrtps_c__visibility_control.h
[3.722s] -- Installing: /home/dexforint/ROS2_study/turtlesim_action/install/my_turtle_action_interface/lib/libmy_turtle_action_interface__rosidl_typesupport_fastrtps_c.so
[3.722s] -- Set non-toolchain portion of runtime path of "/home/dexforint/ROS2_study/turtlesim_action/install/my_turtle_action_interface/lib/libmy_turtle_action_interface__rosidl_typesupport_fastrtps_c.so" to ""
[3.722s] -- Up-to-date: /home/dexforint/ROS2_study/turtlesim_action/install/my_turtle_action_interface/include/my_turtle_action_interface/my_turtle_action_interface
[3.722s] -- Up-to-date: /home/dexforint/ROS2_study/turtlesim_action/install/my_turtle_action_interface/include/my_turtle_action_interface/my_turtle_action_interface/action
[3.722s] -- Up-to-date: /home/dexforint/ROS2_study/turtlesim_action/install/my_turtle_action_interface/include/my_turtle_action_interface/my_turtle_action_interface/action/detail
[3.723s] -- Installing: /home/dexforint/ROS2_study/turtlesim_action/install/my_turtle_action_interface/include/my_turtle_action_interface/my_turtle_action_interface/action/detail/target_point__type_support.c
[3.723s] -- Up-to-date: /home/dexforint/ROS2_study/turtlesim_action/install/my_turtle_action_interface/include/my_turtle_action_interface/my_turtle_action_interface/action/detail/summ_calculate__rosidl_typesupport_introspection_c.h
[3.723s] -- Up-to-date: /home/dexforint/ROS2_study/turtlesim_action/install/my_turtle_action_interface/include/my_turtle_action_interface/my_turtle_action_interface/action/detail/summ_calculate__type_support.c
[3.723s] -- Installing: /home/dexforint/ROS2_study/turtlesim_action/install/my_turtle_action_interface/include/my_turtle_action_interface/my_turtle_action_interface/action/detail/target_point__rosidl_typesupport_introspection_c.h
[3.723s] -- Up-to-date: /home/dexforint/ROS2_study/turtlesim_action/install/my_turtle_action_interface/include/my_turtle_action_interface/my_turtle_action_interface/msg
[3.723s] -- Up-to-date: /home/dexforint/ROS2_study/turtlesim_action/install/my_turtle_action_interface/include/my_turtle_action_interface/my_turtle_action_interface/msg/rosidl_typesupport_introspection_c__visibility_control.h
[3.723s] -- Installing: /home/dexforint/ROS2_study/turtlesim_action/install/my_turtle_action_interface/lib/libmy_turtle_action_interface__rosidl_typesupport_introspection_c.so
[3.723s] -- Set non-toolchain portion of runtime path of "/home/dexforint/ROS2_study/turtlesim_action/install/my_turtle_action_interface/lib/libmy_turtle_action_interface__rosidl_typesupport_introspection_c.so" to ""
[3.723s] -- Installing: /home/dexforint/ROS2_study/turtlesim_action/install/my_turtle_action_interface/lib/libmy_turtle_action_interface__rosidl_typesupport_c.so
[3.723s] -- Set non-toolchain portion of runtime path of "/home/dexforint/ROS2_study/turtlesim_action/install/my_turtle_action_interface/lib/libmy_turtle_action_interface__rosidl_typesupport_c.so" to ""
[3.723s] -- Up-to-date: /home/dexforint/ROS2_study/turtlesim_action/install/my_turtle_action_interface/include/my_turtle_action_interface/my_turtle_action_interface
[3.723s] -- Up-to-date: /home/dexforint/ROS2_study/turtlesim_action/install/my_turtle_action_interface/include/my_turtle_action_interface/my_turtle_action_interface/action
[3.723s] -- Up-to-date: /home/dexforint/ROS2_study/turtlesim_action/install/my_turtle_action_interface/include/my_turtle_action_interface/my_turtle_action_interface/action/summ_calculate.hpp
[3.724s] -- Up-to-date: /home/dexforint/ROS2_study/turtlesim_action/install/my_turtle_action_interface/include/my_turtle_action_interface/my_turtle_action_interface/action/detail
[3.724s] -- Installing: /home/dexforint/ROS2_study/turtlesim_action/install/my_turtle_action_interface/include/my_turtle_action_interface/my_turtle_action_interface/action/detail/target_point__type_support.hpp
[3.724s] -- Up-to-date: /home/dexforint/ROS2_study/turtlesim_action/install/my_turtle_action_interface/include/my_turtle_action_interface/my_turtle_action_interface/action/detail/summ_calculate__struct.hpp
[3.724s] -- Up-to-date: /home/dexforint/ROS2_study/turtlesim_action/install/my_turtle_action_interface/include/my_turtle_action_interface/my_turtle_action_interface/action/detail/summ_calculate__builder.hpp
[3.724s] -- Up-to-date: /home/dexforint/ROS2_study/turtlesim_action/install/my_turtle_action_interface/include/my_turtle_action_interface/my_turtle_action_interface/action/detail/summ_calculate__traits.hpp
[3.724s] -- Installing: /home/dexforint/ROS2_study/turtlesim_action/install/my_turtle_action_interface/include/my_turtle_action_interface/my_turtle_action_interface/action/detail/target_point__struct.hpp
[3.724s] -- Installing: /home/dexforint/ROS2_study/turtlesim_action/install/my_turtle_action_interface/include/my_turtle_action_interface/my_turtle_action_interface/action/detail/target_point__traits.hpp
[3.724s] -- Installing: /home/dexforint/ROS2_study/turtlesim_action/install/my_turtle_action_interface/include/my_turtle_action_interface/my_turtle_action_interface/action/detail/target_point__builder.hpp
[3.724s] -- Up-to-date: /home/dexforint/ROS2_study/turtlesim_action/install/my_turtle_action_interface/include/my_turtle_action_interface/my_turtle_action_interface/action/detail/summ_calculate__type_support.hpp
[3.724s] -- Installing: /home/dexforint/ROS2_study/turtlesim_action/install/my_turtle_action_interface/include/my_turtle_action_interface/my_turtle_action_interface/action/target_point.hpp
[3.725s] -- Up-to-date: /home/dexforint/ROS2_study/turtlesim_action/install/my_turtle_action_interface/include/my_turtle_action_interface/my_turtle_action_interface/msg
[3.725s] -- Installing: /home/dexforint/ROS2_study/turtlesim_action/install/my_turtle_action_interface/include/my_turtle_action_interface/my_turtle_action_interface/msg/rosidl_generator_cpp__visibility_control.hpp
[3.725s] -- Up-to-date: /home/dexforint/ROS2_study/turtlesim_action/install/my_turtle_action_interface/include/my_turtle_action_interface/my_turtle_action_interface
[3.725s] -- Up-to-date: /home/dexforint/ROS2_study/turtlesim_action/install/my_turtle_action_interface/include/my_turtle_action_interface/my_turtle_action_interface/action
[3.725s] -- Up-to-date: /home/dexforint/ROS2_study/turtlesim_action/install/my_turtle_action_interface/include/my_turtle_action_interface/my_turtle_action_interface/action/detail
[3.725s] -- Up-to-date: /home/dexforint/ROS2_study/turtlesim_action/install/my_turtle_action_interface/include/my_turtle_action_interface/my_turtle_action_interface/action/detail/dds_fastrtps
[3.725s] -- Installing: /home/dexforint/ROS2_study/turtlesim_action/install/my_turtle_action_interface/include/my_turtle_action_interface/my_turtle_action_interface/action/detail/target_point__rosidl_typesupport_fastrtps_cpp.hpp
[3.725s] -- Up-to-date: /home/dexforint/ROS2_study/turtlesim_action/install/my_turtle_action_interface/include/my_turtle_action_interface/my_turtle_action_interface/action/detail/summ_calculate__rosidl_typesupport_fastrtps_cpp.hpp
[3.725s] -- Up-to-date: /home/dexforint/ROS2_study/turtlesim_action/install/my_turtle_action_interface/include/my_turtle_action_interface/my_turtle_action_interface/msg
[3.725s] -- Up-to-date: /home/dexforint/ROS2_study/turtlesim_action/install/my_turtle_action_interface/include/my_turtle_action_interface/my_turtle_action_interface/msg/rosidl_typesupport_fastrtps_cpp__visibility_control.h
[3.727s] -- Installing: /home/dexforint/ROS2_study/turtlesim_action/install/my_turtle_action_interface/lib/libmy_turtle_action_interface__rosidl_typesupport_fastrtps_cpp.so
[3.727s] -- Set non-toolchain portion of runtime path of "/home/dexforint/ROS2_study/turtlesim_action/install/my_turtle_action_interface/lib/libmy_turtle_action_interface__rosidl_typesupport_fastrtps_cpp.so" to ""
[3.727s] -- Up-to-date: /home/dexforint/ROS2_study/turtlesim_action/install/my_turtle_action_interface/include/my_turtle_action_interface/my_turtle_action_interface
[3.727s] -- Up-to-date: /home/dexforint/ROS2_study/turtlesim_action/install/my_turtle_action_interface/include/my_turtle_action_interface/my_turtle_action_interface/action
[3.727s] -- Up-to-date: /home/dexforint/ROS2_study/turtlesim_action/install/my_turtle_action_interface/include/my_turtle_action_interface/my_turtle_action_interface/action/detail
[3.727s] -- Up-to-date: /home/dexforint/ROS2_study/turtlesim_action/install/my_turtle_action_interface/include/my_turtle_action_interface/my_turtle_action_interface/action/detail/summ_calculate__type_support.cpp
[3.727s] -- Up-to-date: /home/dexforint/ROS2_study/turtlesim_action/install/my_turtle_action_interface/include/my_turtle_action_interface/my_turtle_action_interface/action/detail/summ_calculate__rosidl_typesupport_introspection_cpp.hpp
[3.727s] -- Installing: /home/dexforint/ROS2_study/turtlesim_action/install/my_turtle_action_interface/include/my_turtle_action_interface/my_turtle_action_interface/action/detail/target_point__rosidl_typesupport_introspection_cpp.hpp
[3.728s] -- Installing: /home/dexforint/ROS2_study/turtlesim_action/install/my_turtle_action_interface/include/my_turtle_action_interface/my_turtle_action_interface/action/detail/target_point__type_support.cpp
[3.728s] -- Installing: /home/dexforint/ROS2_study/turtlesim_action/install/my_turtle_action_interface/lib/libmy_turtle_action_interface__rosidl_typesupport_introspection_cpp.so
[3.728s] -- Set non-toolchain portion of runtime path of "/home/dexforint/ROS2_study/turtlesim_action/install/my_turtle_action_interface/lib/libmy_turtle_action_interface__rosidl_typesupport_introspection_cpp.so" to ""
[3.728s] -- Installing: /home/dexforint/ROS2_study/turtlesim_action/install/my_turtle_action_interface/lib/libmy_turtle_action_interface__rosidl_typesupport_cpp.so
[3.728s] -- Set non-toolchain portion of runtime path of "/home/dexforint/ROS2_study/turtlesim_action/install/my_turtle_action_interface/lib/libmy_turtle_action_interface__rosidl_typesupport_cpp.so" to ""
[3.728s] -- Up-to-date: /home/dexforint/ROS2_study/turtlesim_action/install/my_turtle_action_interface/share/my_turtle_action_interface/environment/pythonpath.sh
[3.728s] -- Up-to-date: /home/dexforint/ROS2_study/turtlesim_action/install/my_turtle_action_interface/share/my_turtle_action_interface/environment/pythonpath.dsv
[3.728s] -- Up-to-date: /home/dexforint/ROS2_study/turtlesim_action/install/my_turtle_action_interface/lib/python3.12/site-packages/my_turtle_action_interface-0.0.0-py3.12.egg-info
[3.728s] -- Installing: /home/dexforint/ROS2_study/turtlesim_action/install/my_turtle_action_interface/lib/python3.12/site-packages/my_turtle_action_interface-0.0.0-py3.12.egg-info/dependency_links.txt
[3.728s] -- Installing: /home/dexforint/ROS2_study/turtlesim_action/install/my_turtle_action_interface/lib/python3.12/site-packages/my_turtle_action_interface-0.0.0-py3.12.egg-info/PKG-INFO
[3.728s] -- Installing: /home/dexforint/ROS2_study/turtlesim_action/install/my_turtle_action_interface/lib/python3.12/site-packages/my_turtle_action_interface-0.0.0-py3.12.egg-info/SOURCES.txt
[3.728s] -- Installing: /home/dexforint/ROS2_study/turtlesim_action/install/my_turtle_action_interface/lib/python3.12/site-packages/my_turtle_action_interface-0.0.0-py3.12.egg-info/top_level.txt
[3.728s] -- Up-to-date: /home/dexforint/ROS2_study/turtlesim_action/install/my_turtle_action_interface/lib/python3.12/site-packages/my_turtle_action_interface
[3.728s] -- Installing: /home/dexforint/ROS2_study/turtlesim_action/install/my_turtle_action_interface/lib/python3.12/site-packages/my_turtle_action_interface/_my_turtle_action_interface_s.ep.rosidl_typesupport_c.c
[3.728s] -- Installing: /home/dexforint/ROS2_study/turtlesim_action/install/my_turtle_action_interface/lib/python3.12/site-packages/my_turtle_action_interface/my_turtle_action_interface_s__rosidl_typesupport_introspection_c.so
[3.728s] -- Up-to-date: /home/dexforint/ROS2_study/turtlesim_action/install/my_turtle_action_interface/lib/python3.12/site-packages/my_turtle_action_interface/action
[3.728s] -- Installing: /home/dexforint/ROS2_study/turtlesim_action/install/my_turtle_action_interface/lib/python3.12/site-packages/my_turtle_action_interface/action/_target_point.py
[3.728s] -- Installing: /home/dexforint/ROS2_study/turtlesim_action/install/my_turtle_action_interface/lib/python3.12/site-packages/my_turtle_action_interface/action/__init__.py
[3.728s] -- Installing: /home/dexforint/ROS2_study/turtlesim_action/install/my_turtle_action_interface/lib/python3.12/site-packages/my_turtle_action_interface/action/_target_point_s.c
[3.728s] -- Up-to-date: /home/dexforint/ROS2_study/turtlesim_action/install/my_turtle_action_interface/lib/python3.12/site-packages/my_turtle_action_interface/action/_summ_calculate_s.c
[3.728s] -- Up-to-date: /home/dexforint/ROS2_study/turtlesim_action/install/my_turtle_action_interface/lib/python3.12/site-packages/my_turtle_action_interface/action/_summ_calculate.py
[3.728s] -- Installing: /home/dexforint/ROS2_study/turtlesim_action/install/my_turtle_action_interface/lib/python3.12/site-packages/my_turtle_action_interface/__init__.py
[3.728s] -- Installing: /home/dexforint/ROS2_study/turtlesim_action/install/my_turtle_action_interface/lib/python3.12/site-packages/my_turtle_action_interface/_my_turtle_action_interface_s.ep.rosidl_typesupport_introspection_c.c
[3.728s] -- Installing: /home/dexforint/ROS2_study/turtlesim_action/install/my_turtle_action_interface/lib/python3.12/site-packages/my_turtle_action_interface/my_turtle_action_interface_s__rosidl_typesupport_c.so
[3.728s] -- Installing: /home/dexforint/ROS2_study/turtlesim_action/install/my_turtle_action_interface/lib/python3.12/site-packages/my_turtle_action_interface/my_turtle_action_interface_s__rosidl_typesupport_fastrtps_c.so
[3.728s] -- Installing: /home/dexforint/ROS2_study/turtlesim_action/install/my_turtle_action_interface/lib/python3.12/site-packages/my_turtle_action_interface/_my_turtle_action_interface_s.ep.rosidl_typesupport_fastrtps_c.c
[3.760s] Listing '/home/dexforint/ROS2_study/turtlesim_action/install/my_turtle_action_interface/lib/python3.12/site-packages/my_turtle_action_interface'...
[3.760s] Compiling '/home/dexforint/ROS2_study/turtlesim_action/install/my_turtle_action_interface/lib/python3.12/site-packages/my_turtle_action_interface/__init__.py'...
[3.760s] Listing '/home/dexforint/ROS2_study/turtlesim_action/install/my_turtle_action_interface/lib/python3.12/site-packages/my_turtle_action_interface/action'...
[3.760s] Compiling '/home/dexforint/ROS2_study/turtlesim_action/install/my_turtle_action_interface/lib/python3.12/site-packages/my_turtle_action_interface/action/__init__.py'...
[3.760s] Compiling '/home/dexforint/ROS2_study/turtlesim_action/install/my_turtle_action_interface/lib/python3.12/site-packages/my_turtle_action_interface/action/_target_point.py'...
[3.764s] -- Installing: /home/dexforint/ROS2_study/turtlesim_action/install/my_turtle_action_interface/lib/python3.12/site-packages/my_turtle_action_interface/my_turtle_action_interface_s__rosidl_typesupport_fastrtps_c.so
[3.764s] -- Set non-toolchain portion of runtime path of "/home/dexforint/ROS2_study/turtlesim_action/install/my_turtle_action_interface/lib/python3.12/site-packages/my_turtle_action_interface/my_turtle_action_interface_s__rosidl_typesupport_fastrtps_c.so" to ""
[3.764s] -- Installing: /home/dexforint/ROS2_study/turtlesim_action/install/my_turtle_action_interface/lib/python3.12/site-packages/my_turtle_action_interface/my_turtle_action_interface_s__rosidl_typesupport_introspection_c.so
[3.765s] -- Set non-toolchain portion of runtime path of "/home/dexforint/ROS2_study/turtlesim_action/install/my_turtle_action_interface/lib/python3.12/site-packages/my_turtle_action_interface/my_turtle_action_interface_s__rosidl_typesupport_introspection_c.so" to ""
[3.765s] -- Installing: /home/dexforint/ROS2_study/turtlesim_action/install/my_turtle_action_interface/lib/python3.12/site-packages/my_turtle_action_interface/my_turtle_action_interface_s__rosidl_typesupport_c.so
[3.765s] -- Set non-toolchain portion of runtime path of "/home/dexforint/ROS2_study/turtlesim_action/install/my_turtle_action_interface/lib/python3.12/site-packages/my_turtle_action_interface/my_turtle_action_interface_s__rosidl_typesupport_c.so" to ""
[3.765s] -- Installing: /home/dexforint/ROS2_study/turtlesim_action/install/my_turtle_action_interface/lib/libmy_turtle_action_interface__rosidl_generator_py.so
[3.765s] -- Set non-toolchain portion of runtime path of "/home/dexforint/ROS2_study/turtlesim_action/install/my_turtle_action_interface/lib/libmy_turtle_action_interface__rosidl_generator_py.so" to ""
[3.765s] -- Installing: /home/dexforint/ROS2_study/turtlesim_action/install/my_turtle_action_interface/share/my_turtle_action_interface/action/TargetPoint.idl
[3.766s] -- Installing: /home/dexforint/ROS2_study/turtlesim_action/install/my_turtle_action_interface/share/my_turtle_action_interface/action/TargetPoint.action
[3.766s] -- Up-to-date: /home/dexforint/ROS2_study/turtlesim_action/install/my_turtle_action_interface/share/ament_index/resource_index/package_run_dependencies/my_turtle_action_interface
[3.766s] -- Installing: /home/dexforint/ROS2_study/turtlesim_action/install/my_turtle_action_interface/share/ament_index/resource_index/parent_prefix_path/my_turtle_action_interface
[3.766s] -- Up-to-date: /home/dexforint/ROS2_study/turtlesim_action/install/my_turtle_action_interface/share/my_turtle_action_interface/environment/ament_prefix_path.sh
[3.766s] -- Up-to-date: /home/dexforint/ROS2_study/turtlesim_action/install/my_turtle_action_interface/share/my_turtle_action_interface/environment/ament_prefix_path.dsv
[3.766s] -- Up-to-date: /home/dexforint/ROS2_study/turtlesim_action/install/my_turtle_action_interface/share/my_turtle_action_interface/environment/path.sh
[3.766s] -- Up-to-date: /home/dexforint/ROS2_study/turtlesim_action/install/my_turtle_action_interface/share/my_turtle_action_interface/environment/path.dsv
[3.766s] -- Up-to-date: /home/dexforint/ROS2_study/turtlesim_action/install/my_turtle_action_interface/share/my_turtle_action_interface/local_setup.bash
[3.766s] -- Up-to-date: /home/dexforint/ROS2_study/turtlesim_action/install/my_turtle_action_interface/share/my_turtle_action_interface/local_setup.sh
[3.766s] -- Up-to-date: /home/dexforint/ROS2_study/turtlesim_action/install/my_turtle_action_interface/share/my_turtle_action_interface/local_setup.zsh
[3.767s] -- Up-to-date: /home/dexforint/ROS2_study/turtlesim_action/install/my_turtle_action_interface/share/my_turtle_action_interface/local_setup.dsv
[3.767s] -- Installing: /home/dexforint/ROS2_study/turtlesim_action/install/my_turtle_action_interface/share/my_turtle_action_interface/package.dsv
[3.767s] -- Up-to-date: /home/dexforint/ROS2_study/turtlesim_action/install/my_turtle_action_interface/share/ament_index/resource_index/packages/my_turtle_action_interface
[3.767s] -- Up-to-date: /home/dexforint/ROS2_study/turtlesim_action/install/my_turtle_action_interface/share/my_turtle_action_interface/cmake/export_my_turtle_action_interface__rosidl_generator_cExport.cmake
[3.767s] -- Up-to-date: /home/dexforint/ROS2_study/turtlesim_action/install/my_turtle_action_interface/share/my_turtle_action_interface/cmake/export_my_turtle_action_interface__rosidl_generator_cExport-noconfig.cmake
[3.767s] -- Up-to-date: /home/dexforint/ROS2_study/turtlesim_action/install/my_turtle_action_interface/share/my_turtle_action_interface/cmake/export_my_turtle_action_interface__rosidl_typesupport_fastrtps_cExport.cmake
[3.767s] -- Up-to-date: /home/dexforint/ROS2_study/turtlesim_action/install/my_turtle_action_interface/share/my_turtle_action_interface/cmake/export_my_turtle_action_interface__rosidl_typesupport_fastrtps_cExport-noconfig.cmake
[3.767s] -- Up-to-date: /home/dexforint/ROS2_study/turtlesim_action/install/my_turtle_action_interface/share/my_turtle_action_interface/cmake/my_turtle_action_interface__rosidl_typesupport_introspection_cExport.cmake
[3.767s] -- Up-to-date: /home/dexforint/ROS2_study/turtlesim_action/install/my_turtle_action_interface/share/my_turtle_action_interface/cmake/my_turtle_action_interface__rosidl_typesupport_introspection_cExport-noconfig.cmake
[3.767s] -- Up-to-date: /home/dexforint/ROS2_study/turtlesim_action/install/my_turtle_action_interface/share/my_turtle_action_interface/cmake/my_turtle_action_interface__rosidl_typesupport_cExport.cmake
[3.767s] -- Up-to-date: /home/dexforint/ROS2_study/turtlesim_action/install/my_turtle_action_interface/share/my_turtle_action_interface/cmake/my_turtle_action_interface__rosidl_typesupport_cExport-noconfig.cmake
[3.767s] -- Up-to-date: /home/dexforint/ROS2_study/turtlesim_action/install/my_turtle_action_interface/share/my_turtle_action_interface/cmake/export_my_turtle_action_interface__rosidl_generator_cppExport.cmake
[3.767s] -- Up-to-date: /home/dexforint/ROS2_study/turtlesim_action/install/my_turtle_action_interface/share/my_turtle_action_interface/cmake/export_my_turtle_action_interface__rosidl_typesupport_fastrtps_cppExport.cmake
[3.768s] -- Up-to-date: /home/dexforint/ROS2_study/turtlesim_action/install/my_turtle_action_interface/share/my_turtle_action_interface/cmake/export_my_turtle_action_interface__rosidl_typesupport_fastrtps_cppExport-noconfig.cmake
[3.768s] -- Up-to-date: /home/dexforint/ROS2_study/turtlesim_action/install/my_turtle_action_interface/share/my_turtle_action_interface/cmake/my_turtle_action_interface__rosidl_typesupport_introspection_cppExport.cmake
[3.768s] -- Up-to-date: /home/dexforint/ROS2_study/turtlesim_action/install/my_turtle_action_interface/share/my_turtle_action_interface/cmake/my_turtle_action_interface__rosidl_typesupport_introspection_cppExport-noconfig.cmake
[3.768s] -- Up-to-date: /home/dexforint/ROS2_study/turtlesim_action/install/my_turtle_action_interface/share/my_turtle_action_interface/cmake/my_turtle_action_interface__rosidl_typesupport_cppExport.cmake
[3.768s] -- Up-to-date: /home/dexforint/ROS2_study/turtlesim_action/install/my_turtle_action_interface/share/my_turtle_action_interface/cmake/my_turtle_action_interface__rosidl_typesupport_cppExport-noconfig.cmake
[3.768s] -- Up-to-date: /home/dexforint/ROS2_study/turtlesim_action/install/my_turtle_action_interface/share/my_turtle_action_interface/cmake/export_my_turtle_action_interface__rosidl_generator_pyExport.cmake
[3.768s] -- Up-to-date: /home/dexforint/ROS2_study/turtlesim_action/install/my_turtle_action_interface/share/my_turtle_action_interface/cmake/export_my_turtle_action_interface__rosidl_generator_pyExport-noconfig.cmake
[3.768s] -- Installing: /home/dexforint/ROS2_study/turtlesim_action/install/my_turtle_action_interface/share/my_turtle_action_interface/cmake/rosidl_cmake-extras.cmake
[3.768s] -- Up-to-date: /home/dexforint/ROS2_study/turtlesim_action/install/my_turtle_action_interface/share/my_turtle_action_interface/cmake/ament_cmake_export_dependencies-extras.cmake
[3.768s] -- Up-to-date: /home/dexforint/ROS2_study/turtlesim_action/install/my_turtle_action_interface/share/my_turtle_action_interface/cmake/ament_cmake_export_include_directories-extras.cmake
[3.768s] -- Up-to-date: /home/dexforint/ROS2_study/turtlesim_action/install/my_turtle_action_interface/share/my_turtle_action_interface/cmake/ament_cmake_export_libraries-extras.cmake
[3.768s] -- Up-to-date: /home/dexforint/ROS2_study/turtlesim_action/install/my_turtle_action_interface/share/my_turtle_action_interface/cmake/ament_cmake_export_targets-extras.cmake
[3.769s] -- Up-to-date: /home/dexforint/ROS2_study/turtlesim_action/install/my_turtle_action_interface/share/my_turtle_action_interface/cmake/rosidl_cmake_export_typesupport_targets-extras.cmake
[3.769s] -- Up-to-date: /home/dexforint/ROS2_study/turtlesim_action/install/my_turtle_action_interface/share/my_turtle_action_interface/cmake/rosidl_cmake_export_typesupport_libraries-extras.cmake
[3.769s] -- Up-to-date: /home/dexforint/ROS2_study/turtlesim_action/install/my_turtle_action_interface/share/my_turtle_action_interface/cmake/my_turtle_action_interfaceConfig.cmake
[3.769s] -- Up-to-date: /home/dexforint/ROS2_study/turtlesim_action/install/my_turtle_action_interface/share/my_turtle_action_interface/cmake/my_turtle_action_interfaceConfig-version.cmake
[3.769s] -- Up-to-date: /home/dexforint/ROS2_study/turtlesim_action/install/my_turtle_action_interface/share/my_turtle_action_interface/package.xml
[3.770s] Invoked command in '/home/dexforint/ROS2_study/turtlesim_action/build/my_turtle_action_interface' returned '0': CMAKE_PREFIX_PATH=${CMAKE_PREFIX_PATH}:/home/dexforint/ROS2_study/turtlesim_action/install/my_turtle_action:/opt/ros/jazzy /usr/bin/cmake --install /home/dexforint/ROS2_study/turtlesim_action/build/my_turtle_action_interface
