[0.655s] Invoking command in '/home/dexforint/ROS2_study/simple_action/src/my_calculate_action': PYTHONPATH=/home/dexforint/ROS2_study/simple_action/build/my_calculate_action/prefix_override:/usr/lib/python3/dist-packages/colcon_core/task/python/colcon_distutils_commands:/home/dexforint/ROS2_study/simple_action/install/my_calculate_action/lib/python3.12/site-packages:${PYTHONPATH} /usr/bin/python3 -W ignore:setup.py install is deprecated -W ignore:easy_install command is deprecated setup.py egg_info --egg-base ../../build/my_calculate_action build --build-base /home/dexforint/ROS2_study/simple_action/build/my_calculate_action/build install --record /home/dexforint/ROS2_study/simple_action/build/my_calculate_action/install.log --single-version-externally-managed install_data
[0.785s] running egg_info
[0.785s] creating ../../build/my_calculate_action/my_calculate_action.egg-info
[0.794s] writing ../../build/my_calculate_action/my_calculate_action.egg-info/PKG-INFO
[0.794s] writing dependency_links to ../../build/my_calculate_action/my_calculate_action.egg-info/dependency_links.txt
[0.794s] writing entry points to ../../build/my_calculate_action/my_calculate_action.egg-info/entry_points.txt
[0.794s] writing requirements to ../../build/my_calculate_action/my_calculate_action.egg-info/requires.txt
[0.795s] writing top-level names to ../../build/my_calculate_action/my_calculate_action.egg-info/top_level.txt
[0.795s] writing manifest file '../../build/my_calculate_action/my_calculate_action.egg-info/SOURCES.txt'
[0.812s] reading manifest file '../../build/my_calculate_action/my_calculate_action.egg-info/SOURCES.txt'
[0.812s] writing manifest file '../../build/my_calculate_action/my_calculate_action.egg-info/SOURCES.txt'
[0.813s] running build
[0.813s] running build_py
[0.813s] creating /home/dexforint/ROS2_study/simple_action/build/my_calculate_action/build
[0.813s] creating /home/dexforint/ROS2_study/simple_action/build/my_calculate_action/build/lib
[0.813s] creating /home/dexforint/ROS2_study/simple_action/build/my_calculate_action/build/lib/my_calculate_action
[0.813s] copying my_calculate_action/__init__.py -> /home/dexforint/ROS2_study/simple_action/build/my_calculate_action/build/lib/my_calculate_action
[0.814s] copying my_calculate_action/calculate_action_client.py -> /home/dexforint/ROS2_study/simple_action/build/my_calculate_action/build/lib/my_calculate_action
[0.814s] copying my_calculate_action/calculate_action_server.py -> /home/dexforint/ROS2_study/simple_action/build/my_calculate_action/build/lib/my_calculate_action
[0.814s] running install
[0.817s] running install_lib
[0.830s] creating /home/dexforint/ROS2_study/simple_action/install/my_calculate_action/lib/python3.12/site-packages/my_calculate_action
[0.831s] copying /home/dexforint/ROS2_study/simple_action/build/my_calculate_action/build/lib/my_calculate_action/__init__.py -> /home/dexforint/ROS2_study/simple_action/install/my_calculate_action/lib/python3.12/site-packages/my_calculate_action
[0.831s] copying /home/dexforint/ROS2_study/simple_action/build/my_calculate_action/build/lib/my_calculate_action/calculate_action_client.py -> /home/dexforint/ROS2_study/simple_action/install/my_calculate_action/lib/python3.12/site-packages/my_calculate_action
[0.831s] copying /home/dexforint/ROS2_study/simple_action/build/my_calculate_action/build/lib/my_calculate_action/calculate_action_server.py -> /home/dexforint/ROS2_study/simple_action/install/my_calculate_action/lib/python3.12/site-packages/my_calculate_action
[0.831s] byte-compiling /home/dexforint/ROS2_study/simple_action/install/my_calculate_action/lib/python3.12/site-packages/my_calculate_action/__init__.py to __init__.cpython-312.pyc
[0.831s] byte-compiling /home/dexforint/ROS2_study/simple_action/install/my_calculate_action/lib/python3.12/site-packages/my_calculate_action/calculate_action_client.py to calculate_action_client.cpython-312.pyc
[0.832s] byte-compiling /home/dexforint/ROS2_study/simple_action/install/my_calculate_action/lib/python3.12/site-packages/my_calculate_action/calculate_action_server.py to calculate_action_server.cpython-312.pyc
[0.832s] running install_data
[0.832s] creating /home/dexforint/ROS2_study/simple_action/install/my_calculate_action/share/ament_index
[0.833s] creating /home/dexforint/ROS2_study/simple_action/install/my_calculate_action/share/ament_index/resource_index
[0.833s] creating /home/dexforint/ROS2_study/simple_action/install/my_calculate_action/share/ament_index/resource_index/packages
[0.833s] copying resource/my_calculate_action -> /home/dexforint/ROS2_study/simple_action/install/my_calculate_action/share/ament_index/resource_index/packages
[0.833s] copying package.xml -> /home/dexforint/ROS2_study/simple_action/install/my_calculate_action/share/my_calculate_action
[0.833s] running install_egg_info
[0.843s] Copying ../../build/my_calculate_action/my_calculate_action.egg-info to /home/dexforint/ROS2_study/simple_action/install/my_calculate_action/lib/python3.12/site-packages/my_calculate_action-0.0.0-py3.12.egg-info
[0.843s] running install_scripts
[0.906s] Installing calculate_action_client script to /home/dexforint/ROS2_study/simple_action/install/my_calculate_action/lib/my_calculate_action
[0.906s] Installing calculate_action_server script to /home/dexforint/ROS2_study/simple_action/install/my_calculate_action/lib/my_calculate_action
[0.907s] writing list of installed files to '/home/dexforint/ROS2_study/simple_action/build/my_calculate_action/install.log'
[0.924s] Invoked command in '/home/dexforint/ROS2_study/simple_action/src/my_calculate_action' returned '0': PYTHONPATH=/home/dexforint/ROS2_study/simple_action/build/my_calculate_action/prefix_override:/usr/lib/python3/dist-packages/colcon_core/task/python/colcon_distutils_commands:/home/dexforint/ROS2_study/simple_action/install/my_calculate_action/lib/python3.12/site-packages:${PYTHONPATH} /usr/bin/python3 -W ignore:setup.py install is deprecated -W ignore:easy_install command is deprecated setup.py egg_info --egg-base ../../build/my_calculate_action build --build-base /home/dexforint/ROS2_study/simple_action/build/my_calculate_action/build install --record /home/dexforint/ROS2_study/simple_action/build/my_calculate_action/install.log --single-version-externally-managed install_data
