[0.745s] Invoking command in '/home/dexforint/ROS2_study/simple_action/src/my_calculate_action': PYTHONPATH=/home/dexforint/ROS2_study/simple_action/build/my_calculate_action/prefix_override:/usr/lib/python3/dist-packages/colcon_core/task/python/colcon_distutils_commands:/home/dexforint/ROS2_study/simple_action/install/my_calculate_action/lib/python3.12/site-packages:${PYTHONPATH} /usr/bin/python3 -W ignore:setup.py install is deprecated -W ignore:easy_install command is deprecated setup.py egg_info --egg-base ../../build/my_calculate_action build --build-base /home/dexforint/ROS2_study/simple_action/build/my_calculate_action/build install --record /home/dexforint/ROS2_study/simple_action/build/my_calculate_action/install.log --single-version-externally-managed install_data
[0.890s] running egg_info
[0.899s] writing ../../build/my_calculate_action/my_calculate_action.egg-info/PKG-INFO
[0.899s] writing dependency_links to ../../build/my_calculate_action/my_calculate_action.egg-info/dependency_links.txt
[0.900s] writing entry points to ../../build/my_calculate_action/my_calculate_action.egg-info/entry_points.txt
[0.900s] writing requirements to ../../build/my_calculate_action/my_calculate_action.egg-info/requires.txt
[0.900s] writing top-level names to ../../build/my_calculate_action/my_calculate_action.egg-info/top_level.txt
[0.919s] reading manifest file '../../build/my_calculate_action/my_calculate_action.egg-info/SOURCES.txt'
[0.920s] writing manifest file '../../build/my_calculate_action/my_calculate_action.egg-info/SOURCES.txt'
[0.920s] running build
[0.920s] running build_py
[0.921s] copying my_calculate_action/calculate_action_client.py -> /home/dexforint/ROS2_study/simple_action/build/my_calculate_action/build/lib/my_calculate_action
[0.921s] copying my_calculate_action/calculate_action_server.py -> /home/dexforint/ROS2_study/simple_action/build/my_calculate_action/build/lib/my_calculate_action
[0.921s] copying my_calculate_action/publisher_node.py -> /home/dexforint/ROS2_study/simple_action/build/my_calculate_action/build/lib/my_calculate_action
[0.921s] running install
[0.924s] running install_lib
[0.934s] copying /home/dexforint/ROS2_study/simple_action/build/my_calculate_action/build/lib/my_calculate_action/calculate_action_client.py -> /home/dexforint/ROS2_study/simple_action/install/my_calculate_action/lib/python3.12/site-packages/my_calculate_action
[0.934s] copying /home/dexforint/ROS2_study/simple_action/build/my_calculate_action/build/lib/my_calculate_action/calculate_action_server.py -> /home/dexforint/ROS2_study/simple_action/install/my_calculate_action/lib/python3.12/site-packages/my_calculate_action
[0.934s] copying /home/dexforint/ROS2_study/simple_action/build/my_calculate_action/build/lib/my_calculate_action/publisher_node.py -> /home/dexforint/ROS2_study/simple_action/install/my_calculate_action/lib/python3.12/site-packages/my_calculate_action
[0.934s] byte-compiling /home/dexforint/ROS2_study/simple_action/install/my_calculate_action/lib/python3.12/site-packages/my_calculate_action/calculate_action_client.py to calculate_action_client.cpython-312.pyc
[0.935s] byte-compiling /home/dexforint/ROS2_study/simple_action/install/my_calculate_action/lib/python3.12/site-packages/my_calculate_action/calculate_action_server.py to calculate_action_server.cpython-312.pyc
[0.936s] byte-compiling /home/dexforint/ROS2_study/simple_action/install/my_calculate_action/lib/python3.12/site-packages/my_calculate_action/publisher_node.py to publisher_node.cpython-312.pyc
[0.936s] running install_data
[0.936s] copying package.xml -> /home/dexforint/ROS2_study/simple_action/install/my_calculate_action/share/my_calculate_action
[0.936s] running install_egg_info
[0.947s] removing '/home/dexforint/ROS2_study/simple_action/install/my_calculate_action/lib/python3.12/site-packages/my_calculate_action-0.0.0-py3.12.egg-info' (and everything under it)
[0.947s] Copying ../../build/my_calculate_action/my_calculate_action.egg-info to /home/dexforint/ROS2_study/simple_action/install/my_calculate_action/lib/python3.12/site-packages/my_calculate_action-0.0.0-py3.12.egg-info
[0.948s] running install_scripts
[1.014s] Installing calculate_action_client script to /home/dexforint/ROS2_study/simple_action/install/my_calculate_action/lib/my_calculate_action
[1.014s] Installing calculate_action_server script to /home/dexforint/ROS2_study/simple_action/install/my_calculate_action/lib/my_calculate_action
[1.014s] Installing number_publisher script to /home/dexforint/ROS2_study/simple_action/install/my_calculate_action/lib/my_calculate_action
[1.014s] writing list of installed files to '/home/dexforint/ROS2_study/simple_action/build/my_calculate_action/install.log'
[1.032s] Invoked command in '/home/dexforint/ROS2_study/simple_action/src/my_calculate_action' returned '0': PYTHONPATH=/home/dexforint/ROS2_study/simple_action/build/my_calculate_action/prefix_override:/usr/lib/python3/dist-packages/colcon_core/task/python/colcon_distutils_commands:/home/dexforint/ROS2_study/simple_action/install/my_calculate_action/lib/python3.12/site-packages:${PYTHONPATH} /usr/bin/python3 -W ignore:setup.py install is deprecated -W ignore:easy_install command is deprecated setup.py egg_info --egg-base ../../build/my_calculate_action build --build-base /home/dexforint/ROS2_study/simple_action/build/my_calculate_action/build install --record /home/dexforint/ROS2_study/simple_action/build/my_calculate_action/install.log --single-version-externally-managed install_data
