[0.009s] Invoking command in '/home/dexforint/ROS2_study/simple_action/build/my_custom_interface': CMAKE_PREFIX_PATH=${CMAKE_PREFIX_PATH}:/home/dexforint/ROS2_study/simple_action/install/my_calculate_action:/opt/ros/jazzy /usr/bin/cmake /home/dexforint/ROS2_study/simple_action/src/my_custom_interface -DCMAKE_INSTALL_PREFIX=/home/dexforint/ROS2_study/simple_action/install/my_custom_interface
[0.175s] -- The C compiler identification is GNU 13.3.0
[0.506s] -- The CXX compiler identification is GNU 13.3.0
[0.770s] -- Detecting C compiler ABI info
[0.886s] -- Detecting C compiler ABI info - done
[0.891s] -- Check for working C compiler: /usr/bin/cc - skipped
[0.893s] -- Detecting C compile features
[0.894s] -- Detecting C compile features - done
[0.938s] -- Detecting CXX compiler ABI info
[1.055s] -- Detecting CXX compiler ABI info - done
[1.060s] -- Check for working CXX compiler: /usr/bin/c++ - skipped
[1.061s] -- Detecting CXX compile features
[1.061s] -- Detecting CXX compile features - done
[1.076s] -- Found ament_cmake: 2.5.4 (/opt/ros/jazzy/share/ament_cmake/cmake)
[1.162s] -- Found Python3: /usr/bin/python3 (found version "3.12.3") found components: Interpreter 
[1.247s] -- Found rosidl_default_generators: 1.6.0 (/opt/ros/jazzy/share/rosidl_default_generators/cmake)
[1.252s] -- Using all available rosidl_typesupport_c: rosidl_typesupport_fastrtps_c;rosidl_typesupport_introspection_c
[1.351s] -- Using all available rosidl_typesupport_cpp: rosidl_typesupport_fastrtps_cpp;rosidl_typesupport_introspection_cpp
[1.388s] -- Found rosidl_adapter: 4.6.6 (/opt/ros/jazzy/share/rosidl_adapter/cmake)
[1.737s] -- Found ament_cmake_ros: 0.12.0 (/opt/ros/jazzy/share/ament_cmake_ros/cmake)
[1.986s] -- Using all available rosidl_typesupport_c: rosidl_typesupport_fastrtps_c;rosidl_typesupport_introspection_c
[2.310s] -- Using all available rosidl_typesupport_cpp: rosidl_typesupport_fastrtps_cpp;rosidl_typesupport_introspection_cpp
[2.313s] -- Found python_cmake_module: 0.11.1 (/opt/ros/jazzy/share/python_cmake_module/cmake)
[2.395s] -- Found PythonExtra: /usr/bin/python3  
[2.690s] -- Found Python3: /usr/bin/python3 (found version "3.12.3") found components: Interpreter Development NumPy Development.Module Development.Embed 
[2.711s] -- Found ament_lint_auto: 0.17.3 (/opt/ros/jazzy/share/ament_lint_auto/cmake)
[2.732s] -- Added test 'lint_cmake' to check CMake code style
[2.734s] -- Added test 'xmllint' to check XML markup files
[2.737s] -- Configuring done (2.7s)
[2.756s] -- Generating done (0.0s)
[2.763s] -- Build files have been written to: /home/dexforint/ROS2_study/simple_action/build/my_custom_interface
[2.767s] Invoked command in '/home/dexforint/ROS2_study/simple_action/build/my_custom_interface' returned '0': CMAKE_PREFIX_PATH=${CMAKE_PREFIX_PATH}:/home/dexforint/ROS2_study/simple_action/install/my_calculate_action:/opt/ros/jazzy /usr/bin/cmake /home/dexforint/ROS2_study/simple_action/src/my_custom_interface -DCMAKE_INSTALL_PREFIX=/home/dexforint/ROS2_study/simple_action/install/my_custom_interface
[2.768s] Invoking command in '/home/dexforint/ROS2_study/simple_action/build/my_custom_interface': CMAKE_PREFIX_PATH=${CMAKE_PREFIX_PATH}:/home/dexforint/ROS2_study/simple_action/install/my_calculate_action:/opt/ros/jazzy /usr/bin/cmake --build /home/dexforint/ROS2_study/simple_action/build/my_custom_interface -- -j16 -l16
[2.790s] [  2%] [34m[1mGenerating type hashes for ROS interfaces[0m
[2.794s] [  2%] Built target ament_cmake_python_copy_my_custom_interface
[2.907s] [  2%] Built target my_custom_interface__rosidl_generator_type_description
[2.911s] [  5%] [34m[1mGenerating C code for ROS interfaces[0m
[2.912s] running egg_info
[2.912s] creating my_custom_interface.egg-info
[2.916s] [  8%] [34m[1mGenerating C++ code for ROS interfaces[0m
[2.922s] writing my_custom_interface.egg-info/PKG-INFO
[2.922s] writing dependency_links to my_custom_interface.egg-info/dependency_links.txt
[2.923s] writing top-level names to my_custom_interface.egg-info/top_level.txt
[2.923s] writing manifest file 'my_custom_interface.egg-info/SOURCES.txt'
[2.953s] reading manifest file 'my_custom_interface.egg-info/SOURCES.txt'
[2.953s] writing manifest file 'my_custom_interface.egg-info/SOURCES.txt'
[2.971s] [  8%] Built target ament_cmake_python_build_my_custom_interface_egg
[3.053s] [  8%] Built target my_custom_interface__cpp
[3.067s] [ 17%] [32mBuilding C object CMakeFiles/my_custom_interface__rosidl_generator_c.dir/rosidl_generator_c/my_custom_interface/msg/detail/numbers__description.c.o[0m
[3.068s] [ 17%] [32mBuilding C object CMakeFiles/my_custom_interface__rosidl_generator_c.dir/rosidl_generator_c/my_custom_interface/msg/detail/numbers__type_support.c.o[0m
[3.068s] [ 17%] [32mBuilding C object CMakeFiles/my_custom_interface__rosidl_generator_c.dir/rosidl_generator_c/my_custom_interface/msg/detail/numbers__functions.c.o[0m
[3.113s] [ 20%] [32m[1mLinking C shared library libmy_custom_interface__rosidl_generator_c.so[0m
[3.167s] [ 20%] Built target my_custom_interface__rosidl_generator_c
[3.174s] [ 29%] [34m[1mGenerating C type support for eProsima Fast-RTPS[0m
[3.174s] [ 29%] [34m[1mGenerating C++ type support dispatch for ROS interfaces[0m
[3.174s] [ 29%] [34m[1mGenerating C introspection for ROS interfaces[0m
[3.174s] [ 32%] [34m[1mGenerating C type support dispatch for ROS interfaces[0m
[3.174s] [ 35%] [34m[1mGenerating C++ type support for eProsima Fast-RTPS[0m
[3.175s] [ 38%] [34m[1mGenerating C++ introspection for ROS interfaces[0m
[3.304s] [ 44%] [32mBuilding CXX object CMakeFiles/my_custom_interface__rosidl_typesupport_cpp.dir/rosidl_typesupport_cpp/my_custom_interface/msg/numbers__type_support.cpp.o[0m
[3.304s] [ 44%] [32mBuilding CXX object CMakeFiles/my_custom_interface__rosidl_typesupport_c.dir/rosidl_typesupport_c/my_custom_interface/msg/numbers__type_support.cpp.o[0m
[3.323s] [ 47%] [32mBuilding CXX object CMakeFiles/my_custom_interface__rosidl_typesupport_fastrtps_cpp.dir/rosidl_typesupport_fastrtps_cpp/my_custom_interface/msg/detail/dds_fastrtps/numbers__type_support.cpp.o[0m
[3.324s] [ 50%] [32mBuilding C object CMakeFiles/my_custom_interface__rosidl_typesupport_introspection_c.dir/rosidl_typesupport_introspection_c/my_custom_interface/msg/detail/numbers__type_support.c.o[0m
[3.333s] [ 55%] [32mBuilding CXX object CMakeFiles/my_custom_interface__rosidl_typesupport_fastrtps_c.dir/rosidl_typesupport_fastrtps_c/my_custom_interface/msg/detail/numbers__type_support_c.cpp.o[0m
[3.334s] [ 55%] [32m[1mLinking CXX shared library libmy_custom_interface__rosidl_typesupport_c.so[0m
[3.340s] [ 58%] [32mBuilding CXX object CMakeFiles/my_custom_interface__rosidl_typesupport_introspection_cpp.dir/rosidl_typesupport_introspection_cpp/my_custom_interface/msg/detail/numbers__type_support.cpp.o[0m
[3.345s] [ 61%] [32m[1mLinking C shared library libmy_custom_interface__rosidl_typesupport_introspection_c.so[0m
[3.404s] [ 61%] Built target my_custom_interface__rosidl_typesupport_c
[3.407s] [ 61%] Built target my_custom_interface__rosidl_typesupport_introspection_c
[3.507s] [ 64%] [32m[1mLinking CXX shared library libmy_custom_interface__rosidl_typesupport_cpp.so[0m
[3.523s] [ 67%] [32m[1mLinking CXX shared library libmy_custom_interface__rosidl_typesupport_introspection_cpp.so[0m
[3.561s] [ 67%] Built target my_custom_interface__rosidl_typesupport_cpp
[3.575s] [ 67%] Built target my_custom_interface__rosidl_typesupport_introspection_cpp
[3.607s] [ 73%] [32m[1mLinking CXX shared library libmy_custom_interface__rosidl_typesupport_fastrtps_c.so[0m
[3.607s] [ 73%] [32m[1mLinking CXX shared library libmy_custom_interface__rosidl_typesupport_fastrtps_cpp.so[0m
[3.660s] [ 73%] Built target my_custom_interface__rosidl_typesupport_fastrtps_c
[3.660s] [ 73%] Built target my_custom_interface__rosidl_typesupport_fastrtps_cpp
[3.669s] [ 73%] Built target my_custom_interface
[3.676s] [ 76%] [34m[1mGenerating Python code for ROS interfaces[0m
[3.827s] [ 76%] Built target my_custom_interface__py
[3.837s] [ 79%] [32mBuilding C object CMakeFiles/my_custom_interface__rosidl_generator_py.dir/rosidl_generator_py/my_custom_interface/msg/_numbers_s.c.o[0m
[3.924s] [ 82%] [32m[1mLinking C shared library libmy_custom_interface__rosidl_generator_py.so[0m
[3.975s] [ 82%] Built target my_custom_interface__rosidl_generator_py
[3.985s] [ 88%] [32mBuilding C object CMakeFiles/my_custom_interface_s__rosidl_typesupport_introspection_c.dir/rosidl_generator_py/my_custom_interface/_my_custom_interface_s.ep.rosidl_typesupport_introspection_c.c.o[0m
[3.985s] [ 88%] [32mBuilding C object CMakeFiles/my_custom_interface_s__rosidl_typesupport_fastrtps_c.dir/rosidl_generator_py/my_custom_interface/_my_custom_interface_s.ep.rosidl_typesupport_fastrtps_c.c.o[0m
[3.985s] [ 91%] [32mBuilding C object CMakeFiles/my_custom_interface_s__rosidl_typesupport_c.dir/rosidl_generator_py/my_custom_interface/_my_custom_interface_s.ep.rosidl_typesupport_c.c.o[0m
[4.031s] [ 97%] [32m[1mLinking C shared module rosidl_generator_py/my_custom_interface/my_custom_interface_s__rosidl_typesupport_c.so[0m
[4.031s] [ 97%] [32m[1mLinking C shared module rosidl_generator_py/my_custom_interface/my_custom_interface_s__rosidl_typesupport_introspection_c.so[0m
[4.038s] [100%] [32m[1mLinking C shared module rosidl_generator_py/my_custom_interface/my_custom_interface_s__rosidl_typesupport_fastrtps_c.so[0m
[4.074s] [100%] Built target my_custom_interface_s__rosidl_typesupport_c
[4.074s] [100%] Built target my_custom_interface_s__rosidl_typesupport_introspection_c
[4.092s] [100%] Built target my_custom_interface_s__rosidl_typesupport_fastrtps_c
[4.098s] Invoked command in '/home/dexforint/ROS2_study/simple_action/build/my_custom_interface' returned '0': CMAKE_PREFIX_PATH=${CMAKE_PREFIX_PATH}:/home/dexforint/ROS2_study/simple_action/install/my_calculate_action:/opt/ros/jazzy /usr/bin/cmake --build /home/dexforint/ROS2_study/simple_action/build/my_custom_interface -- -j16 -l16
[4.102s] Invoking command in '/home/dexforint/ROS2_study/simple_action/build/my_custom_interface': CMAKE_PREFIX_PATH=${CMAKE_PREFIX_PATH}:/home/dexforint/ROS2_study/simple_action/install/my_calculate_action:/opt/ros/jazzy /usr/bin/cmake --install /home/dexforint/ROS2_study/simple_action/build/my_custom_interface
[4.105s] -- Install configuration: ""
[4.105s] -- Installing: /home/dexforint/ROS2_study/simple_action/install/my_custom_interface/share/ament_index/resource_index/rosidl_interfaces/my_custom_interface
[4.106s] -- Installing: /home/dexforint/ROS2_study/simple_action/install/my_custom_interface/share/my_custom_interface/msg/Numbers.json
[4.106s] -- Installing: /home/dexforint/ROS2_study/simple_action/install/my_custom_interface/include/my_custom_interface/my_custom_interface
[4.106s] -- Installing: /home/dexforint/ROS2_study/simple_action/install/my_custom_interface/include/my_custom_interface/my_custom_interface/msg
[4.106s] -- Installing: /home/dexforint/ROS2_study/simple_action/install/my_custom_interface/include/my_custom_interface/my_custom_interface/msg/detail
[4.106s] -- Installing: /home/dexforint/ROS2_study/simple_action/install/my_custom_interface/include/my_custom_interface/my_custom_interface/msg/detail/numbers__struct.h
[4.106s] -- Installing: /home/dexforint/ROS2_study/simple_action/install/my_custom_interface/include/my_custom_interface/my_custom_interface/msg/detail/numbers__type_support.c
[4.106s] -- Installing: /home/dexforint/ROS2_study/simple_action/install/my_custom_interface/include/my_custom_interface/my_custom_interface/msg/detail/numbers__type_support.h
[4.106s] -- Installing: /home/dexforint/ROS2_study/simple_action/install/my_custom_interface/include/my_custom_interface/my_custom_interface/msg/detail/numbers__functions.c
[4.106s] -- Installing: /home/dexforint/ROS2_study/simple_action/install/my_custom_interface/include/my_custom_interface/my_custom_interface/msg/detail/numbers__functions.h
[4.106s] -- Installing: /home/dexforint/ROS2_study/simple_action/install/my_custom_interface/include/my_custom_interface/my_custom_interface/msg/detail/numbers__description.c
[4.108s] -- Installing: /home/dexforint/ROS2_study/simple_action/install/my_custom_interface/include/my_custom_interface/my_custom_interface/msg/numbers.h
[4.108s] -- Installing: /home/dexforint/ROS2_study/simple_action/install/my_custom_interface/include/my_custom_interface/my_custom_interface/msg/rosidl_generator_c__visibility_control.h
[4.108s] -- Installing: /home/dexforint/ROS2_study/simple_action/install/my_custom_interface/share/my_custom_interface/environment/library_path.sh
[4.108s] -- Installing: /home/dexforint/ROS2_study/simple_action/install/my_custom_interface/share/my_custom_interface/environment/library_path.dsv
[4.108s] -- Installing: /home/dexforint/ROS2_study/simple_action/install/my_custom_interface/lib/libmy_custom_interface__rosidl_generator_c.so
[4.108s] -- Set non-toolchain portion of runtime path of "/home/dexforint/ROS2_study/simple_action/install/my_custom_interface/lib/libmy_custom_interface__rosidl_generator_c.so" to ""
[4.108s] -- Up-to-date: /home/dexforint/ROS2_study/simple_action/install/my_custom_interface/include/my_custom_interface/my_custom_interface
[4.109s] -- Up-to-date: /home/dexforint/ROS2_study/simple_action/install/my_custom_interface/include/my_custom_interface/my_custom_interface/msg
[4.109s] -- Up-to-date: /home/dexforint/ROS2_study/simple_action/install/my_custom_interface/include/my_custom_interface/my_custom_interface/msg/detail
[4.109s] -- Installing: /home/dexforint/ROS2_study/simple_action/install/my_custom_interface/include/my_custom_interface/my_custom_interface/msg/detail/numbers__rosidl_typesupport_fastrtps_c.h
[4.109s] -- Installing: /home/dexforint/ROS2_study/simple_action/install/my_custom_interface/include/my_custom_interface/my_custom_interface/msg/rosidl_typesupport_fastrtps_c__visibility_control.h
[4.109s] -- Installing: /home/dexforint/ROS2_study/simple_action/install/my_custom_interface/lib/libmy_custom_interface__rosidl_typesupport_fastrtps_c.so
[4.109s] -- Set non-toolchain portion of runtime path of "/home/dexforint/ROS2_study/simple_action/install/my_custom_interface/lib/libmy_custom_interface__rosidl_typesupport_fastrtps_c.so" to ""
[4.109s] -- Up-to-date: /home/dexforint/ROS2_study/simple_action/install/my_custom_interface/include/my_custom_interface/my_custom_interface
[4.109s] -- Up-to-date: /home/dexforint/ROS2_study/simple_action/install/my_custom_interface/include/my_custom_interface/my_custom_interface/msg
[4.109s] -- Installing: /home/dexforint/ROS2_study/simple_action/install/my_custom_interface/include/my_custom_interface/my_custom_interface/msg/rosidl_typesupport_introspection_c__visibility_control.h
[4.109s] -- Up-to-date: /home/dexforint/ROS2_study/simple_action/install/my_custom_interface/include/my_custom_interface/my_custom_interface/msg/detail
[4.109s] -- Up-to-date: /home/dexforint/ROS2_study/simple_action/install/my_custom_interface/include/my_custom_interface/my_custom_interface/msg/detail/numbers__type_support.c
[4.109s] -- Installing: /home/dexforint/ROS2_study/simple_action/install/my_custom_interface/include/my_custom_interface/my_custom_interface/msg/detail/numbers__rosidl_typesupport_introspection_c.h
[4.110s] -- Installing: /home/dexforint/ROS2_study/simple_action/install/my_custom_interface/lib/libmy_custom_interface__rosidl_typesupport_introspection_c.so
[4.110s] -- Set non-toolchain portion of runtime path of "/home/dexforint/ROS2_study/simple_action/install/my_custom_interface/lib/libmy_custom_interface__rosidl_typesupport_introspection_c.so" to ""
[4.110s] -- Installing: /home/dexforint/ROS2_study/simple_action/install/my_custom_interface/lib/libmy_custom_interface__rosidl_typesupport_c.so
[4.110s] -- Set non-toolchain portion of runtime path of "/home/dexforint/ROS2_study/simple_action/install/my_custom_interface/lib/libmy_custom_interface__rosidl_typesupport_c.so" to ""
[4.110s] -- Up-to-date: /home/dexforint/ROS2_study/simple_action/install/my_custom_interface/include/my_custom_interface/my_custom_interface
[4.110s] -- Up-to-date: /home/dexforint/ROS2_study/simple_action/install/my_custom_interface/include/my_custom_interface/my_custom_interface/msg
[4.110s] -- Installing: /home/dexforint/ROS2_study/simple_action/install/my_custom_interface/include/my_custom_interface/my_custom_interface/msg/numbers.hpp
[4.110s] -- Up-to-date: /home/dexforint/ROS2_study/simple_action/install/my_custom_interface/include/my_custom_interface/my_custom_interface/msg/detail
[4.110s] -- Installing: /home/dexforint/ROS2_study/simple_action/install/my_custom_interface/include/my_custom_interface/my_custom_interface/msg/detail/numbers__builder.hpp
[4.110s] -- Installing: /home/dexforint/ROS2_study/simple_action/install/my_custom_interface/include/my_custom_interface/my_custom_interface/msg/detail/numbers__struct.hpp
[4.110s] -- Installing: /home/dexforint/ROS2_study/simple_action/install/my_custom_interface/include/my_custom_interface/my_custom_interface/msg/detail/numbers__traits.hpp
[4.110s] -- Installing: /home/dexforint/ROS2_study/simple_action/install/my_custom_interface/include/my_custom_interface/my_custom_interface/msg/detail/numbers__type_support.hpp
[4.110s] -- Installing: /home/dexforint/ROS2_study/simple_action/install/my_custom_interface/include/my_custom_interface/my_custom_interface/msg/rosidl_generator_cpp__visibility_control.hpp
[4.110s] -- Up-to-date: /home/dexforint/ROS2_study/simple_action/install/my_custom_interface/include/my_custom_interface/my_custom_interface
[4.110s] -- Up-to-date: /home/dexforint/ROS2_study/simple_action/install/my_custom_interface/include/my_custom_interface/my_custom_interface/msg
[4.110s] -- Up-to-date: /home/dexforint/ROS2_study/simple_action/install/my_custom_interface/include/my_custom_interface/my_custom_interface/msg/detail
[4.110s] -- Installing: /home/dexforint/ROS2_study/simple_action/install/my_custom_interface/include/my_custom_interface/my_custom_interface/msg/detail/dds_fastrtps
[4.110s] -- Installing: /home/dexforint/ROS2_study/simple_action/install/my_custom_interface/include/my_custom_interface/my_custom_interface/msg/detail/numbers__rosidl_typesupport_fastrtps_cpp.hpp
[4.110s] -- Installing: /home/dexforint/ROS2_study/simple_action/install/my_custom_interface/include/my_custom_interface/my_custom_interface/msg/rosidl_typesupport_fastrtps_cpp__visibility_control.h
[4.110s] -- Installing: /home/dexforint/ROS2_study/simple_action/install/my_custom_interface/lib/libmy_custom_interface__rosidl_typesupport_fastrtps_cpp.so
[4.111s] -- Set non-toolchain portion of runtime path of "/home/dexforint/ROS2_study/simple_action/install/my_custom_interface/lib/libmy_custom_interface__rosidl_typesupport_fastrtps_cpp.so" to ""
[4.111s] -- Up-to-date: /home/dexforint/ROS2_study/simple_action/install/my_custom_interface/include/my_custom_interface/my_custom_interface
[4.111s] -- Up-to-date: /home/dexforint/ROS2_study/simple_action/install/my_custom_interface/include/my_custom_interface/my_custom_interface/msg
[4.111s] -- Up-to-date: /home/dexforint/ROS2_study/simple_action/install/my_custom_interface/include/my_custom_interface/my_custom_interface/msg/detail
[4.111s] -- Installing: /home/dexforint/ROS2_study/simple_action/install/my_custom_interface/include/my_custom_interface/my_custom_interface/msg/detail/numbers__rosidl_typesupport_introspection_cpp.hpp
[4.111s] -- Installing: /home/dexforint/ROS2_study/simple_action/install/my_custom_interface/include/my_custom_interface/my_custom_interface/msg/detail/numbers__type_support.cpp
[4.111s] -- Installing: /home/dexforint/ROS2_study/simple_action/install/my_custom_interface/lib/libmy_custom_interface__rosidl_typesupport_introspection_cpp.so
[4.111s] -- Set non-toolchain portion of runtime path of "/home/dexforint/ROS2_study/simple_action/install/my_custom_interface/lib/libmy_custom_interface__rosidl_typesupport_introspection_cpp.so" to ""
[4.111s] -- Installing: /home/dexforint/ROS2_study/simple_action/install/my_custom_interface/lib/libmy_custom_interface__rosidl_typesupport_cpp.so
[4.111s] -- Set non-toolchain portion of runtime path of "/home/dexforint/ROS2_study/simple_action/install/my_custom_interface/lib/libmy_custom_interface__rosidl_typesupport_cpp.so" to ""
[4.111s] -- Installing: /home/dexforint/ROS2_study/simple_action/install/my_custom_interface/share/my_custom_interface/environment/pythonpath.sh
[4.111s] -- Installing: /home/dexforint/ROS2_study/simple_action/install/my_custom_interface/share/my_custom_interface/environment/pythonpath.dsv
[4.111s] -- Installing: /home/dexforint/ROS2_study/simple_action/install/my_custom_interface/lib/python3.12/site-packages/my_custom_interface-0.0.0-py3.12.egg-info
[4.111s] -- Installing: /home/dexforint/ROS2_study/simple_action/install/my_custom_interface/lib/python3.12/site-packages/my_custom_interface-0.0.0-py3.12.egg-info/dependency_links.txt
[4.111s] -- Installing: /home/dexforint/ROS2_study/simple_action/install/my_custom_interface/lib/python3.12/site-packages/my_custom_interface-0.0.0-py3.12.egg-info/PKG-INFO
[4.111s] -- Installing: /home/dexforint/ROS2_study/simple_action/install/my_custom_interface/lib/python3.12/site-packages/my_custom_interface-0.0.0-py3.12.egg-info/SOURCES.txt
[4.111s] -- Installing: /home/dexforint/ROS2_study/simple_action/install/my_custom_interface/lib/python3.12/site-packages/my_custom_interface-0.0.0-py3.12.egg-info/top_level.txt
[4.111s] -- Installing: /home/dexforint/ROS2_study/simple_action/install/my_custom_interface/lib/python3.12/site-packages/my_custom_interface
[4.111s] -- Installing: /home/dexforint/ROS2_study/simple_action/install/my_custom_interface/lib/python3.12/site-packages/my_custom_interface/my_custom_interface_s__rosidl_typesupport_fastrtps_c.so
[4.111s] -- Installing: /home/dexforint/ROS2_study/simple_action/install/my_custom_interface/lib/python3.12/site-packages/my_custom_interface/__init__.py
[4.111s] -- Installing: /home/dexforint/ROS2_study/simple_action/install/my_custom_interface/lib/python3.12/site-packages/my_custom_interface/_my_custom_interface_s.ep.rosidl_typesupport_fastrtps_c.c
[4.111s] -- Installing: /home/dexforint/ROS2_study/simple_action/install/my_custom_interface/lib/python3.12/site-packages/my_custom_interface/_my_custom_interface_s.ep.rosidl_typesupport_c.c
[4.111s] -- Installing: /home/dexforint/ROS2_study/simple_action/install/my_custom_interface/lib/python3.12/site-packages/my_custom_interface/my_custom_interface_s__rosidl_typesupport_c.so
[4.111s] -- Installing: /home/dexforint/ROS2_study/simple_action/install/my_custom_interface/lib/python3.12/site-packages/my_custom_interface/msg
[4.111s] -- Installing: /home/dexforint/ROS2_study/simple_action/install/my_custom_interface/lib/python3.12/site-packages/my_custom_interface/msg/_numbers_s.c
[4.111s] -- Installing: /home/dexforint/ROS2_study/simple_action/install/my_custom_interface/lib/python3.12/site-packages/my_custom_interface/msg/__init__.py
[4.111s] -- Installing: /home/dexforint/ROS2_study/simple_action/install/my_custom_interface/lib/python3.12/site-packages/my_custom_interface/msg/_numbers.py
[4.111s] -- Installing: /home/dexforint/ROS2_study/simple_action/install/my_custom_interface/lib/python3.12/site-packages/my_custom_interface/_my_custom_interface_s.ep.rosidl_typesupport_introspection_c.c
[4.111s] -- Installing: /home/dexforint/ROS2_study/simple_action/install/my_custom_interface/lib/python3.12/site-packages/my_custom_interface/my_custom_interface_s__rosidl_typesupport_introspection_c.so
[4.134s] Listing '/home/dexforint/ROS2_study/simple_action/install/my_custom_interface/lib/python3.12/site-packages/my_custom_interface'...
[4.134s] Compiling '/home/dexforint/ROS2_study/simple_action/install/my_custom_interface/lib/python3.12/site-packages/my_custom_interface/__init__.py'...
[4.134s] Listing '/home/dexforint/ROS2_study/simple_action/install/my_custom_interface/lib/python3.12/site-packages/my_custom_interface/msg'...
[4.134s] Compiling '/home/dexforint/ROS2_study/simple_action/install/my_custom_interface/lib/python3.12/site-packages/my_custom_interface/msg/__init__.py'...
[4.134s] Compiling '/home/dexforint/ROS2_study/simple_action/install/my_custom_interface/lib/python3.12/site-packages/my_custom_interface/msg/_numbers.py'...
[4.139s] -- Installing: /home/dexforint/ROS2_study/simple_action/install/my_custom_interface/lib/python3.12/site-packages/my_custom_interface/my_custom_interface_s__rosidl_typesupport_fastrtps_c.so
[4.139s] -- Set non-toolchain portion of runtime path of "/home/dexforint/ROS2_study/simple_action/install/my_custom_interface/lib/python3.12/site-packages/my_custom_interface/my_custom_interface_s__rosidl_typesupport_fastrtps_c.so" to ""
[4.139s] -- Installing: /home/dexforint/ROS2_study/simple_action/install/my_custom_interface/lib/python3.12/site-packages/my_custom_interface/my_custom_interface_s__rosidl_typesupport_introspection_c.so
[4.140s] -- Set non-toolchain portion of runtime path of "/home/dexforint/ROS2_study/simple_action/install/my_custom_interface/lib/python3.12/site-packages/my_custom_interface/my_custom_interface_s__rosidl_typesupport_introspection_c.so" to ""
[4.140s] -- Installing: /home/dexforint/ROS2_study/simple_action/install/my_custom_interface/lib/python3.12/site-packages/my_custom_interface/my_custom_interface_s__rosidl_typesupport_c.so
[4.140s] -- Set non-toolchain portion of runtime path of "/home/dexforint/ROS2_study/simple_action/install/my_custom_interface/lib/python3.12/site-packages/my_custom_interface/my_custom_interface_s__rosidl_typesupport_c.so" to ""
[4.140s] -- Installing: /home/dexforint/ROS2_study/simple_action/install/my_custom_interface/lib/libmy_custom_interface__rosidl_generator_py.so
[4.140s] -- Set non-toolchain portion of runtime path of "/home/dexforint/ROS2_study/simple_action/install/my_custom_interface/lib/libmy_custom_interface__rosidl_generator_py.so" to ""
[4.140s] -- Installing: /home/dexforint/ROS2_study/simple_action/install/my_custom_interface/share/my_custom_interface/msg/Numbers.idl
[4.140s] -- Installing: /home/dexforint/ROS2_study/simple_action/install/my_custom_interface/share/my_custom_interface/msg/Numbers.msg
[4.140s] -- Installing: /home/dexforint/ROS2_study/simple_action/install/my_custom_interface/share/ament_index/resource_index/package_run_dependencies/my_custom_interface
[4.140s] -- Installing: /home/dexforint/ROS2_study/simple_action/install/my_custom_interface/share/ament_index/resource_index/parent_prefix_path/my_custom_interface
[4.140s] -- Installing: /home/dexforint/ROS2_study/simple_action/install/my_custom_interface/share/my_custom_interface/environment/ament_prefix_path.sh
[4.140s] -- Installing: /home/dexforint/ROS2_study/simple_action/install/my_custom_interface/share/my_custom_interface/environment/ament_prefix_path.dsv
[4.140s] -- Installing: /home/dexforint/ROS2_study/simple_action/install/my_custom_interface/share/my_custom_interface/environment/path.sh
[4.141s] -- Installing: /home/dexforint/ROS2_study/simple_action/install/my_custom_interface/share/my_custom_interface/environment/path.dsv
[4.141s] -- Installing: /home/dexforint/ROS2_study/simple_action/install/my_custom_interface/share/my_custom_interface/local_setup.bash
[4.141s] -- Installing: /home/dexforint/ROS2_study/simple_action/install/my_custom_interface/share/my_custom_interface/local_setup.sh
[4.141s] -- Installing: /home/dexforint/ROS2_study/simple_action/install/my_custom_interface/share/my_custom_interface/local_setup.zsh
[4.141s] -- Installing: /home/dexforint/ROS2_study/simple_action/install/my_custom_interface/share/my_custom_interface/local_setup.dsv
[4.141s] -- Installing: /home/dexforint/ROS2_study/simple_action/install/my_custom_interface/share/my_custom_interface/package.dsv
[4.141s] -- Installing: /home/dexforint/ROS2_study/simple_action/install/my_custom_interface/share/ament_index/resource_index/packages/my_custom_interface
[4.142s] -- Installing: /home/dexforint/ROS2_study/simple_action/install/my_custom_interface/share/my_custom_interface/cmake/export_my_custom_interface__rosidl_generator_cExport.cmake
[4.142s] -- Installing: /home/dexforint/ROS2_study/simple_action/install/my_custom_interface/share/my_custom_interface/cmake/export_my_custom_interface__rosidl_generator_cExport-noconfig.cmake
[4.142s] -- Installing: /home/dexforint/ROS2_study/simple_action/install/my_custom_interface/share/my_custom_interface/cmake/export_my_custom_interface__rosidl_typesupport_fastrtps_cExport.cmake
[4.142s] -- Installing: /home/dexforint/ROS2_study/simple_action/install/my_custom_interface/share/my_custom_interface/cmake/export_my_custom_interface__rosidl_typesupport_fastrtps_cExport-noconfig.cmake
[4.142s] -- Installing: /home/dexforint/ROS2_study/simple_action/install/my_custom_interface/share/my_custom_interface/cmake/my_custom_interface__rosidl_typesupport_introspection_cExport.cmake
[4.142s] -- Installing: /home/dexforint/ROS2_study/simple_action/install/my_custom_interface/share/my_custom_interface/cmake/my_custom_interface__rosidl_typesupport_introspection_cExport-noconfig.cmake
[4.142s] -- Installing: /home/dexforint/ROS2_study/simple_action/install/my_custom_interface/share/my_custom_interface/cmake/my_custom_interface__rosidl_typesupport_cExport.cmake
[4.142s] -- Installing: /home/dexforint/ROS2_study/simple_action/install/my_custom_interface/share/my_custom_interface/cmake/my_custom_interface__rosidl_typesupport_cExport-noconfig.cmake
[4.142s] -- Installing: /home/dexforint/ROS2_study/simple_action/install/my_custom_interface/share/my_custom_interface/cmake/export_my_custom_interface__rosidl_generator_cppExport.cmake
[4.143s] -- Installing: /home/dexforint/ROS2_study/simple_action/install/my_custom_interface/share/my_custom_interface/cmake/export_my_custom_interface__rosidl_typesupport_fastrtps_cppExport.cmake
[4.143s] -- Installing: /home/dexforint/ROS2_study/simple_action/install/my_custom_interface/share/my_custom_interface/cmake/export_my_custom_interface__rosidl_typesupport_fastrtps_cppExport-noconfig.cmake
[4.143s] -- Installing: /home/dexforint/ROS2_study/simple_action/install/my_custom_interface/share/my_custom_interface/cmake/my_custom_interface__rosidl_typesupport_introspection_cppExport.cmake
[4.143s] -- Installing: /home/dexforint/ROS2_study/simple_action/install/my_custom_interface/share/my_custom_interface/cmake/my_custom_interface__rosidl_typesupport_introspection_cppExport-noconfig.cmake
[4.143s] -- Installing: /home/dexforint/ROS2_study/simple_action/install/my_custom_interface/share/my_custom_interface/cmake/my_custom_interface__rosidl_typesupport_cppExport.cmake
[4.143s] -- Installing: /home/dexforint/ROS2_study/simple_action/install/my_custom_interface/share/my_custom_interface/cmake/my_custom_interface__rosidl_typesupport_cppExport-noconfig.cmake
[4.143s] -- Installing: /home/dexforint/ROS2_study/simple_action/install/my_custom_interface/share/my_custom_interface/cmake/export_my_custom_interface__rosidl_generator_pyExport.cmake
[4.143s] -- Installing: /home/dexforint/ROS2_study/simple_action/install/my_custom_interface/share/my_custom_interface/cmake/export_my_custom_interface__rosidl_generator_pyExport-noconfig.cmake
[4.143s] -- Installing: /home/dexforint/ROS2_study/simple_action/install/my_custom_interface/share/my_custom_interface/cmake/rosidl_cmake-extras.cmake
[4.143s] -- Installing: /home/dexforint/ROS2_study/simple_action/install/my_custom_interface/share/my_custom_interface/cmake/ament_cmake_export_include_directories-extras.cmake
[4.143s] -- Installing: /home/dexforint/ROS2_study/simple_action/install/my_custom_interface/share/my_custom_interface/cmake/ament_cmake_export_libraries-extras.cmake
[4.143s] -- Installing: /home/dexforint/ROS2_study/simple_action/install/my_custom_interface/share/my_custom_interface/cmake/ament_cmake_export_targets-extras.cmake
[4.144s] -- Installing: /home/dexforint/ROS2_study/simple_action/install/my_custom_interface/share/my_custom_interface/cmake/rosidl_cmake_export_typesupport_targets-extras.cmake
[4.144s] -- Installing: /home/dexforint/ROS2_study/simple_action/install/my_custom_interface/share/my_custom_interface/cmake/ament_cmake_export_dependencies-extras.cmake
[4.144s] -- Installing: /home/dexforint/ROS2_study/simple_action/install/my_custom_interface/share/my_custom_interface/cmake/rosidl_cmake_export_typesupport_libraries-extras.cmake
[4.144s] -- Installing: /home/dexforint/ROS2_study/simple_action/install/my_custom_interface/share/my_custom_interface/cmake/my_custom_interfaceConfig.cmake
[4.144s] -- Installing: /home/dexforint/ROS2_study/simple_action/install/my_custom_interface/share/my_custom_interface/cmake/my_custom_interfaceConfig-version.cmake
[4.144s] -- Installing: /home/dexforint/ROS2_study/simple_action/install/my_custom_interface/share/my_custom_interface/package.xml
[4.144s] Invoked command in '/home/dexforint/ROS2_study/simple_action/build/my_custom_interface' returned '0': CMAKE_PREFIX_PATH=${CMAKE_PREFIX_PATH}:/home/dexforint/ROS2_study/simple_action/install/my_calculate_action:/opt/ros/jazzy /usr/bin/cmake --install /home/dexforint/ROS2_study/simple_action/build/my_custom_interface
