[0.132s] Invoking command in '/home/dexforint/ROS2_study/turtlesim_action/build/my_turtle_action_interface': CMAKE_PREFIX_PATH=${CMAKE_PREFIX_PATH}:/home/dexforint/ROS2_study/turtlesim_action/install/my_turtle_action:/opt/ros/jazzy /usr/bin/cmake --build /home/dexforint/ROS2_study/turtlesim_action/build/my_turtle_action_interface -- -j16 -l16
[0.192s] [  2%] Built target my_turtle_action_interface__rosidl_generator_type_description
[0.199s] [  2%] Built target ament_cmake_python_copy_my_turtle_action_interface
[0.216s] [  5%] Built target my_turtle_action_interface__cpp
[0.217s] [ 20%] Built target my_turtle_action_interface__rosidl_generator_c
[0.232s] [ 29%] Built target my_turtle_action_interface__rosidl_typesupport_cpp
[0.238s] [ 38%] Built target my_turtle_action_interface__rosidl_typesupport_fastrtps_c
[0.239s] [ 47%] Built target my_turtle_action_interface__rosidl_typesupport_introspection_cpp
[0.240s] [ 64%] Built target my_turtle_action_interface__rosidl_typesupport_introspection_c
[0.240s] [ 61%] Built target my_turtle_action_interface__rosidl_typesupport_fastrtps_cpp
[0.241s] [ 73%] Built target my_turtle_action_interface__rosidl_typesupport_c
[0.251s] [ 73%] Built target my_turtle_action_interface
[0.262s] [ 76%] Built target my_turtle_action_interface__py
[0.276s] [ 82%] Built target my_turtle_action_interface__rosidl_generator_py
[0.290s] [ 94%] Built target my_turtle_action_interface_s__rosidl_typesupport_c
[0.290s] [ 94%] Built target my_turtle_action_interface_s__rosidl_typesupport_fastrtps_c
[0.291s] [100%] Built target my_turtle_action_interface_s__rosidl_typesupport_introspection_c
[0.355s] running egg_info
[0.366s] writing my_turtle_action_interface.egg-info/PKG-INFO
[0.366s] writing dependency_links to my_turtle_action_interface.egg-info/dependency_links.txt
[0.366s] writing top-level names to my_turtle_action_interface.egg-info/top_level.txt
[0.394s] reading manifest file 'my_turtle_action_interface.egg-info/SOURCES.txt'
[0.394s] writing manifest file 'my_turtle_action_interface.egg-info/SOURCES.txt'
[0.412s] [100%] Built target ament_cmake_python_build_my_turtle_action_interface_egg
[0.419s] Invoked command in '/home/dexforint/ROS2_study/turtlesim_action/build/my_turtle_action_interface' returned '0': CMAKE_PREFIX_PATH=${CMAKE_PREFIX_PATH}:/home/dexforint/ROS2_study/turtlesim_action/install/my_turtle_action:/opt/ros/jazzy /usr/bin/cmake --build /home/dexforint/ROS2_study/turtlesim_action/build/my_turtle_action_interface -- -j16 -l16
[0.424s] Invoking command in '/home/dexforint/ROS2_study/turtlesim_action/build/my_turtle_action_interface': CMAKE_PREFIX_PATH=${CMAKE_PREFIX_PATH}:/home/dexforint/ROS2_study/turtlesim_action/install/my_turtle_action:/opt/ros/jazzy /usr/bin/cmake --install /home/dexforint/ROS2_study/turtlesim_action/build/my_turtle_action_interface
[0.429s] -- Install configuration: ""
[0.429s] -- Up-to-date: /home/dexforint/ROS2_study/turtlesim_action/install/my_turtle_action_interface/share/ament_index/resource_index/rosidl_interfaces/my_turtle_action_interface
[0.429s] -- Up-to-date: /home/dexforint/ROS2_study/turtlesim_action/install/my_turtle_action_interface/share/my_turtle_action_interface/action/SummCalculate.json
[0.430s] -- Up-to-date: /home/dexforint/ROS2_study/turtlesim_action/install/my_turtle_action_interface/include/my_turtle_action_interface/my_turtle_action_interface
[0.430s] -- Up-to-date: /home/dexforint/ROS2_study/turtlesim_action/install/my_turtle_action_interface/include/my_turtle_action_interface/my_turtle_action_interface/action
[0.430s] -- Up-to-date: /home/dexforint/ROS2_study/turtlesim_action/install/my_turtle_action_interface/include/my_turtle_action_interface/my_turtle_action_interface/action/detail
[0.430s] -- Up-to-date: /home/dexforint/ROS2_study/turtlesim_action/install/my_turtle_action_interface/include/my_turtle_action_interface/my_turtle_action_interface/action/detail/summ_calculate__struct.h
[0.430s] -- Up-to-date: /home/dexforint/ROS2_study/turtlesim_action/install/my_turtle_action_interface/include/my_turtle_action_interface/my_turtle_action_interface/action/detail/summ_calculate__functions.c
[0.430s] -- Up-to-date: /home/dexforint/ROS2_study/turtlesim_action/install/my_turtle_action_interface/include/my_turtle_action_interface/my_turtle_action_interface/action/detail/summ_calculate__type_support.c
[0.430s] -- Up-to-date: /home/dexforint/ROS2_study/turtlesim_action/install/my_turtle_action_interface/include/my_turtle_action_interface/my_turtle_action_interface/action/detail/summ_calculate__functions.h
[0.431s] -- Up-to-date: /home/dexforint/ROS2_study/turtlesim_action/install/my_turtle_action_interface/include/my_turtle_action_interface/my_turtle_action_interface/action/detail/summ_calculate__type_support.h
[0.431s] -- Up-to-date: /home/dexforint/ROS2_study/turtlesim_action/install/my_turtle_action_interface/include/my_turtle_action_interface/my_turtle_action_interface/action/detail/summ_calculate__description.c
[0.431s] -- Up-to-date: /home/dexforint/ROS2_study/turtlesim_action/install/my_turtle_action_interface/include/my_turtle_action_interface/my_turtle_action_interface/action/summ_calculate.h
[0.431s] -- Up-to-date: /home/dexforint/ROS2_study/turtlesim_action/install/my_turtle_action_interface/include/my_turtle_action_interface/my_turtle_action_interface/msg
[0.434s] -- Up-to-date: /home/dexforint/ROS2_study/turtlesim_action/install/my_turtle_action_interface/include/my_turtle_action_interface/my_turtle_action_interface/msg/rosidl_generator_c__visibility_control.h
[0.436s] -- Up-to-date: /home/dexforint/ROS2_study/turtlesim_action/install/my_turtle_action_interface/share/my_turtle_action_interface/environment/library_path.sh
[0.436s] -- Up-to-date: /home/dexforint/ROS2_study/turtlesim_action/install/my_turtle_action_interface/share/my_turtle_action_interface/environment/library_path.dsv
[0.436s] -- Up-to-date: /home/dexforint/ROS2_study/turtlesim_action/install/my_turtle_action_interface/lib/libmy_turtle_action_interface__rosidl_generator_c.so
[0.436s] -- Up-to-date: /home/dexforint/ROS2_study/turtlesim_action/install/my_turtle_action_interface/include/my_turtle_action_interface/my_turtle_action_interface
[0.436s] -- Up-to-date: /home/dexforint/ROS2_study/turtlesim_action/install/my_turtle_action_interface/include/my_turtle_action_interface/my_turtle_action_interface/action
[0.436s] -- Up-to-date: /home/dexforint/ROS2_study/turtlesim_action/install/my_turtle_action_interface/include/my_turtle_action_interface/my_turtle_action_interface/action/detail
[0.437s] -- Up-to-date: /home/dexforint/ROS2_study/turtlesim_action/install/my_turtle_action_interface/include/my_turtle_action_interface/my_turtle_action_interface/action/detail/summ_calculate__rosidl_typesupport_fastrtps_c.h
[0.437s] -- Up-to-date: /home/dexforint/ROS2_study/turtlesim_action/install/my_turtle_action_interface/include/my_turtle_action_interface/my_turtle_action_interface/msg
[0.437s] -- Up-to-date: /home/dexforint/ROS2_study/turtlesim_action/install/my_turtle_action_interface/include/my_turtle_action_interface/my_turtle_action_interface/msg/rosidl_typesupport_fastrtps_c__visibility_control.h
[0.437s] -- Up-to-date: /home/dexforint/ROS2_study/turtlesim_action/install/my_turtle_action_interface/lib/libmy_turtle_action_interface__rosidl_typesupport_fastrtps_c.so
[0.437s] -- Up-to-date: /home/dexforint/ROS2_study/turtlesim_action/install/my_turtle_action_interface/include/my_turtle_action_interface/my_turtle_action_interface
[0.437s] -- Up-to-date: /home/dexforint/ROS2_study/turtlesim_action/install/my_turtle_action_interface/include/my_turtle_action_interface/my_turtle_action_interface/action
[0.437s] -- Up-to-date: /home/dexforint/ROS2_study/turtlesim_action/install/my_turtle_action_interface/include/my_turtle_action_interface/my_turtle_action_interface/action/detail
[0.437s] -- Up-to-date: /home/dexforint/ROS2_study/turtlesim_action/install/my_turtle_action_interface/include/my_turtle_action_interface/my_turtle_action_interface/action/detail/summ_calculate__rosidl_typesupport_introspection_c.h
[0.437s] -- Up-to-date: /home/dexforint/ROS2_study/turtlesim_action/install/my_turtle_action_interface/include/my_turtle_action_interface/my_turtle_action_interface/action/detail/summ_calculate__type_support.c
[0.437s] -- Up-to-date: /home/dexforint/ROS2_study/turtlesim_action/install/my_turtle_action_interface/include/my_turtle_action_interface/my_turtle_action_interface/msg
[0.437s] -- Up-to-date: /home/dexforint/ROS2_study/turtlesim_action/install/my_turtle_action_interface/include/my_turtle_action_interface/my_turtle_action_interface/msg/rosidl_typesupport_introspection_c__visibility_control.h
[0.437s] -- Up-to-date: /home/dexforint/ROS2_study/turtlesim_action/install/my_turtle_action_interface/lib/libmy_turtle_action_interface__rosidl_typesupport_introspection_c.so
[0.437s] -- Up-to-date: /home/dexforint/ROS2_study/turtlesim_action/install/my_turtle_action_interface/lib/libmy_turtle_action_interface__rosidl_typesupport_c.so
[0.437s] -- Up-to-date: /home/dexforint/ROS2_study/turtlesim_action/install/my_turtle_action_interface/include/my_turtle_action_interface/my_turtle_action_interface
[0.437s] -- Up-to-date: /home/dexforint/ROS2_study/turtlesim_action/install/my_turtle_action_interface/include/my_turtle_action_interface/my_turtle_action_interface/action
[0.437s] -- Up-to-date: /home/dexforint/ROS2_study/turtlesim_action/install/my_turtle_action_interface/include/my_turtle_action_interface/my_turtle_action_interface/action/summ_calculate.hpp
[0.437s] -- Up-to-date: /home/dexforint/ROS2_study/turtlesim_action/install/my_turtle_action_interface/include/my_turtle_action_interface/my_turtle_action_interface/action/detail
[0.437s] -- Up-to-date: /home/dexforint/ROS2_study/turtlesim_action/install/my_turtle_action_interface/include/my_turtle_action_interface/my_turtle_action_interface/action/detail/summ_calculate__struct.hpp
[0.437s] -- Up-to-date: /home/dexforint/ROS2_study/turtlesim_action/install/my_turtle_action_interface/include/my_turtle_action_interface/my_turtle_action_interface/action/detail/summ_calculate__builder.hpp
[0.437s] -- Up-to-date: /home/dexforint/ROS2_study/turtlesim_action/install/my_turtle_action_interface/include/my_turtle_action_interface/my_turtle_action_interface/action/detail/summ_calculate__traits.hpp
[0.437s] -- Up-to-date: /home/dexforint/ROS2_study/turtlesim_action/install/my_turtle_action_interface/include/my_turtle_action_interface/my_turtle_action_interface/action/detail/summ_calculate__type_support.hpp
[0.438s] -- Up-to-date: /home/dexforint/ROS2_study/turtlesim_action/install/my_turtle_action_interface/include/my_turtle_action_interface/my_turtle_action_interface/msg
[0.438s] -- Up-to-date: /home/dexforint/ROS2_study/turtlesim_action/install/my_turtle_action_interface/include/my_turtle_action_interface/my_turtle_action_interface/msg/rosidl_generator_cpp__visibility_control.hpp
[0.438s] -- Up-to-date: /home/dexforint/ROS2_study/turtlesim_action/install/my_turtle_action_interface/include/my_turtle_action_interface/my_turtle_action_interface
[0.438s] -- Up-to-date: /home/dexforint/ROS2_study/turtlesim_action/install/my_turtle_action_interface/include/my_turtle_action_interface/my_turtle_action_interface/action
[0.438s] -- Up-to-date: /home/dexforint/ROS2_study/turtlesim_action/install/my_turtle_action_interface/include/my_turtle_action_interface/my_turtle_action_interface/action/detail
[0.438s] -- Up-to-date: /home/dexforint/ROS2_study/turtlesim_action/install/my_turtle_action_interface/include/my_turtle_action_interface/my_turtle_action_interface/action/detail/dds_fastrtps
[0.438s] -- Up-to-date: /home/dexforint/ROS2_study/turtlesim_action/install/my_turtle_action_interface/include/my_turtle_action_interface/my_turtle_action_interface/action/detail/summ_calculate__rosidl_typesupport_fastrtps_cpp.hpp
[0.438s] -- Up-to-date: /home/dexforint/ROS2_study/turtlesim_action/install/my_turtle_action_interface/include/my_turtle_action_interface/my_turtle_action_interface/msg
[0.438s] -- Up-to-date: /home/dexforint/ROS2_study/turtlesim_action/install/my_turtle_action_interface/include/my_turtle_action_interface/my_turtle_action_interface/msg/rosidl_typesupport_fastrtps_cpp__visibility_control.h
[0.438s] -- Up-to-date: /home/dexforint/ROS2_study/turtlesim_action/install/my_turtle_action_interface/lib/libmy_turtle_action_interface__rosidl_typesupport_fastrtps_cpp.so
[0.438s] -- Up-to-date: /home/dexforint/ROS2_study/turtlesim_action/install/my_turtle_action_interface/include/my_turtle_action_interface/my_turtle_action_interface
[0.438s] -- Up-to-date: /home/dexforint/ROS2_study/turtlesim_action/install/my_turtle_action_interface/include/my_turtle_action_interface/my_turtle_action_interface/action
[0.438s] -- Up-to-date: /home/dexforint/ROS2_study/turtlesim_action/install/my_turtle_action_interface/include/my_turtle_action_interface/my_turtle_action_interface/action/detail
[0.438s] -- Up-to-date: /home/dexforint/ROS2_study/turtlesim_action/install/my_turtle_action_interface/include/my_turtle_action_interface/my_turtle_action_interface/action/detail/summ_calculate__type_support.cpp
[0.438s] -- Up-to-date: /home/dexforint/ROS2_study/turtlesim_action/install/my_turtle_action_interface/include/my_turtle_action_interface/my_turtle_action_interface/action/detail/summ_calculate__rosidl_typesupport_introspection_cpp.hpp
[0.438s] -- Up-to-date: /home/dexforint/ROS2_study/turtlesim_action/install/my_turtle_action_interface/lib/libmy_turtle_action_interface__rosidl_typesupport_introspection_cpp.so
[0.438s] -- Up-to-date: /home/dexforint/ROS2_study/turtlesim_action/install/my_turtle_action_interface/lib/libmy_turtle_action_interface__rosidl_typesupport_cpp.so
[0.438s] -- Up-to-date: /home/dexforint/ROS2_study/turtlesim_action/install/my_turtle_action_interface/share/my_turtle_action_interface/environment/pythonpath.sh
[0.438s] -- Up-to-date: /home/dexforint/ROS2_study/turtlesim_action/install/my_turtle_action_interface/share/my_turtle_action_interface/environment/pythonpath.dsv
[0.438s] -- Up-to-date: /home/dexforint/ROS2_study/turtlesim_action/install/my_turtle_action_interface/lib/python3.12/site-packages/my_turtle_action_interface-0.0.0-py3.12.egg-info
[0.438s] -- Installing: /home/dexforint/ROS2_study/turtlesim_action/install/my_turtle_action_interface/lib/python3.12/site-packages/my_turtle_action_interface-0.0.0-py3.12.egg-info/dependency_links.txt
[0.438s] -- Installing: /home/dexforint/ROS2_study/turtlesim_action/install/my_turtle_action_interface/lib/python3.12/site-packages/my_turtle_action_interface-0.0.0-py3.12.egg-info/PKG-INFO
[0.438s] -- Installing: /home/dexforint/ROS2_study/turtlesim_action/install/my_turtle_action_interface/lib/python3.12/site-packages/my_turtle_action_interface-0.0.0-py3.12.egg-info/SOURCES.txt
[0.439s] -- Installing: /home/dexforint/ROS2_study/turtlesim_action/install/my_turtle_action_interface/lib/python3.12/site-packages/my_turtle_action_interface-0.0.0-py3.12.egg-info/top_level.txt
[0.439s] -- Up-to-date: /home/dexforint/ROS2_study/turtlesim_action/install/my_turtle_action_interface/lib/python3.12/site-packages/my_turtle_action_interface
[0.439s] -- Up-to-date: /home/dexforint/ROS2_study/turtlesim_action/install/my_turtle_action_interface/lib/python3.12/site-packages/my_turtle_action_interface/_my_turtle_action_interface_s.ep.rosidl_typesupport_c.c
[0.439s] -- Up-to-date: /home/dexforint/ROS2_study/turtlesim_action/install/my_turtle_action_interface/lib/python3.12/site-packages/my_turtle_action_interface/my_turtle_action_interface_s__rosidl_typesupport_introspection_c.so
[0.439s] -- Up-to-date: /home/dexforint/ROS2_study/turtlesim_action/install/my_turtle_action_interface/lib/python3.12/site-packages/my_turtle_action_interface/action
[0.439s] -- Up-to-date: /home/dexforint/ROS2_study/turtlesim_action/install/my_turtle_action_interface/lib/python3.12/site-packages/my_turtle_action_interface/action/__init__.py
[0.439s] -- Up-to-date: /home/dexforint/ROS2_study/turtlesim_action/install/my_turtle_action_interface/lib/python3.12/site-packages/my_turtle_action_interface/action/_summ_calculate_s.c
[0.439s] -- Up-to-date: /home/dexforint/ROS2_study/turtlesim_action/install/my_turtle_action_interface/lib/python3.12/site-packages/my_turtle_action_interface/action/_summ_calculate.py
[0.439s] -- Up-to-date: /home/dexforint/ROS2_study/turtlesim_action/install/my_turtle_action_interface/lib/python3.12/site-packages/my_turtle_action_interface/__init__.py
[0.439s] -- Up-to-date: /home/dexforint/ROS2_study/turtlesim_action/install/my_turtle_action_interface/lib/python3.12/site-packages/my_turtle_action_interface/_my_turtle_action_interface_s.ep.rosidl_typesupport_introspection_c.c
[0.439s] -- Up-to-date: /home/dexforint/ROS2_study/turtlesim_action/install/my_turtle_action_interface/lib/python3.12/site-packages/my_turtle_action_interface/my_turtle_action_interface_s__rosidl_typesupport_c.so
[0.439s] -- Up-to-date: /home/dexforint/ROS2_study/turtlesim_action/install/my_turtle_action_interface/lib/python3.12/site-packages/my_turtle_action_interface/my_turtle_action_interface_s__rosidl_typesupport_fastrtps_c.so
[0.439s] -- Up-to-date: /home/dexforint/ROS2_study/turtlesim_action/install/my_turtle_action_interface/lib/python3.12/site-packages/my_turtle_action_interface/_my_turtle_action_interface_s.ep.rosidl_typesupport_fastrtps_c.c
[0.456s] Listing '/home/dexforint/ROS2_study/turtlesim_action/install/my_turtle_action_interface/lib/python3.12/site-packages/my_turtle_action_interface'...
[0.456s] Listing '/home/dexforint/ROS2_study/turtlesim_action/install/my_turtle_action_interface/lib/python3.12/site-packages/my_turtle_action_interface/action'...
[0.461s] -- Up-to-date: /home/dexforint/ROS2_study/turtlesim_action/install/my_turtle_action_interface/lib/python3.12/site-packages/my_turtle_action_interface/my_turtle_action_interface_s__rosidl_typesupport_fastrtps_c.so
[0.461s] -- Up-to-date: /home/dexforint/ROS2_study/turtlesim_action/install/my_turtle_action_interface/lib/python3.12/site-packages/my_turtle_action_interface/my_turtle_action_interface_s__rosidl_typesupport_introspection_c.so
[0.461s] -- Up-to-date: /home/dexforint/ROS2_study/turtlesim_action/install/my_turtle_action_interface/lib/python3.12/site-packages/my_turtle_action_interface/my_turtle_action_interface_s__rosidl_typesupport_c.so
[0.463s] -- Up-to-date: /home/dexforint/ROS2_study/turtlesim_action/install/my_turtle_action_interface/lib/libmy_turtle_action_interface__rosidl_generator_py.so
[0.463s] -- Up-to-date: /home/dexforint/ROS2_study/turtlesim_action/install/my_turtle_action_interface/share/my_turtle_action_interface/action/SummCalculate.idl
[0.463s] -- Up-to-date: /home/dexforint/ROS2_study/turtlesim_action/install/my_turtle_action_interface/share/my_turtle_action_interface/action/SummCalculate.action
[0.463s] -- Up-to-date: /home/dexforint/ROS2_study/turtlesim_action/install/my_turtle_action_interface/share/ament_index/resource_index/package_run_dependencies/my_turtle_action_interface
[0.463s] -- Up-to-date: /home/dexforint/ROS2_study/turtlesim_action/install/my_turtle_action_interface/share/ament_index/resource_index/parent_prefix_path/my_turtle_action_interface
[0.463s] -- Up-to-date: /home/dexforint/ROS2_study/turtlesim_action/install/my_turtle_action_interface/share/my_turtle_action_interface/environment/ament_prefix_path.sh
[0.464s] -- Up-to-date: /home/dexforint/ROS2_study/turtlesim_action/install/my_turtle_action_interface/share/my_turtle_action_interface/environment/ament_prefix_path.dsv
[0.464s] -- Up-to-date: /home/dexforint/ROS2_study/turtlesim_action/install/my_turtle_action_interface/share/my_turtle_action_interface/environment/path.sh
[0.464s] -- Up-to-date: /home/dexforint/ROS2_study/turtlesim_action/install/my_turtle_action_interface/share/my_turtle_action_interface/environment/path.dsv
[0.464s] -- Up-to-date: /home/dexforint/ROS2_study/turtlesim_action/install/my_turtle_action_interface/share/my_turtle_action_interface/local_setup.bash
[0.464s] -- Up-to-date: /home/dexforint/ROS2_study/turtlesim_action/install/my_turtle_action_interface/share/my_turtle_action_interface/local_setup.sh
[0.464s] -- Up-to-date: /home/dexforint/ROS2_study/turtlesim_action/install/my_turtle_action_interface/share/my_turtle_action_interface/local_setup.zsh
[0.464s] -- Up-to-date: /home/dexforint/ROS2_study/turtlesim_action/install/my_turtle_action_interface/share/my_turtle_action_interface/local_setup.dsv
[0.464s] -- Installing: /home/dexforint/ROS2_study/turtlesim_action/install/my_turtle_action_interface/share/my_turtle_action_interface/package.dsv
[0.464s] -- Up-to-date: /home/dexforint/ROS2_study/turtlesim_action/install/my_turtle_action_interface/share/ament_index/resource_index/packages/my_turtle_action_interface
[0.465s] -- Up-to-date: /home/dexforint/ROS2_study/turtlesim_action/install/my_turtle_action_interface/share/my_turtle_action_interface/cmake/export_my_turtle_action_interface__rosidl_generator_cExport.cmake
[0.468s] -- Up-to-date: /home/dexforint/ROS2_study/turtlesim_action/install/my_turtle_action_interface/share/my_turtle_action_interface/cmake/export_my_turtle_action_interface__rosidl_generator_cExport-noconfig.cmake
[0.468s] -- Up-to-date: /home/dexforint/ROS2_study/turtlesim_action/install/my_turtle_action_interface/share/my_turtle_action_interface/cmake/export_my_turtle_action_interface__rosidl_typesupport_fastrtps_cExport.cmake
[0.468s] -- Up-to-date: /home/dexforint/ROS2_study/turtlesim_action/install/my_turtle_action_interface/share/my_turtle_action_interface/cmake/export_my_turtle_action_interface__rosidl_typesupport_fastrtps_cExport-noconfig.cmake
[0.468s] -- Up-to-date: /home/dexforint/ROS2_study/turtlesim_action/install/my_turtle_action_interface/share/my_turtle_action_interface/cmake/my_turtle_action_interface__rosidl_typesupport_introspection_cExport.cmake
[0.468s] -- Up-to-date: /home/dexforint/ROS2_study/turtlesim_action/install/my_turtle_action_interface/share/my_turtle_action_interface/cmake/my_turtle_action_interface__rosidl_typesupport_introspection_cExport-noconfig.cmake
[0.468s] -- Up-to-date: /home/dexforint/ROS2_study/turtlesim_action/install/my_turtle_action_interface/share/my_turtle_action_interface/cmake/my_turtle_action_interface__rosidl_typesupport_cExport.cmake
[0.468s] -- Up-to-date: /home/dexforint/ROS2_study/turtlesim_action/install/my_turtle_action_interface/share/my_turtle_action_interface/cmake/my_turtle_action_interface__rosidl_typesupport_cExport-noconfig.cmake
[0.468s] -- Up-to-date: /home/dexforint/ROS2_study/turtlesim_action/install/my_turtle_action_interface/share/my_turtle_action_interface/cmake/export_my_turtle_action_interface__rosidl_generator_cppExport.cmake
[0.469s] -- Up-to-date: /home/dexforint/ROS2_study/turtlesim_action/install/my_turtle_action_interface/share/my_turtle_action_interface/cmake/export_my_turtle_action_interface__rosidl_typesupport_fastrtps_cppExport.cmake
[0.469s] -- Up-to-date: /home/dexforint/ROS2_study/turtlesim_action/install/my_turtle_action_interface/share/my_turtle_action_interface/cmake/export_my_turtle_action_interface__rosidl_typesupport_fastrtps_cppExport-noconfig.cmake
[0.469s] -- Up-to-date: /home/dexforint/ROS2_study/turtlesim_action/install/my_turtle_action_interface/share/my_turtle_action_interface/cmake/my_turtle_action_interface__rosidl_typesupport_introspection_cppExport.cmake
[0.469s] -- Up-to-date: /home/dexforint/ROS2_study/turtlesim_action/install/my_turtle_action_interface/share/my_turtle_action_interface/cmake/my_turtle_action_interface__rosidl_typesupport_introspection_cppExport-noconfig.cmake
[0.469s] -- Up-to-date: /home/dexforint/ROS2_study/turtlesim_action/install/my_turtle_action_interface/share/my_turtle_action_interface/cmake/my_turtle_action_interface__rosidl_typesupport_cppExport.cmake
[0.469s] -- Up-to-date: /home/dexforint/ROS2_study/turtlesim_action/install/my_turtle_action_interface/share/my_turtle_action_interface/cmake/my_turtle_action_interface__rosidl_typesupport_cppExport-noconfig.cmake
[0.469s] -- Up-to-date: /home/dexforint/ROS2_study/turtlesim_action/install/my_turtle_action_interface/share/my_turtle_action_interface/cmake/export_my_turtle_action_interface__rosidl_generator_pyExport.cmake
[0.469s] -- Up-to-date: /home/dexforint/ROS2_study/turtlesim_action/install/my_turtle_action_interface/share/my_turtle_action_interface/cmake/export_my_turtle_action_interface__rosidl_generator_pyExport-noconfig.cmake
[0.469s] -- Up-to-date: /home/dexforint/ROS2_study/turtlesim_action/install/my_turtle_action_interface/share/my_turtle_action_interface/cmake/rosidl_cmake-extras.cmake
[0.469s] -- Up-to-date: /home/dexforint/ROS2_study/turtlesim_action/install/my_turtle_action_interface/share/my_turtle_action_interface/cmake/ament_cmake_export_dependencies-extras.cmake
[0.469s] -- Up-to-date: /home/dexforint/ROS2_study/turtlesim_action/install/my_turtle_action_interface/share/my_turtle_action_interface/cmake/ament_cmake_export_include_directories-extras.cmake
[0.469s] -- Up-to-date: /home/dexforint/ROS2_study/turtlesim_action/install/my_turtle_action_interface/share/my_turtle_action_interface/cmake/ament_cmake_export_libraries-extras.cmake
[0.469s] -- Up-to-date: /home/dexforint/ROS2_study/turtlesim_action/install/my_turtle_action_interface/share/my_turtle_action_interface/cmake/ament_cmake_export_targets-extras.cmake
[0.469s] -- Up-to-date: /home/dexforint/ROS2_study/turtlesim_action/install/my_turtle_action_interface/share/my_turtle_action_interface/cmake/rosidl_cmake_export_typesupport_targets-extras.cmake
[0.469s] -- Up-to-date: /home/dexforint/ROS2_study/turtlesim_action/install/my_turtle_action_interface/share/my_turtle_action_interface/cmake/rosidl_cmake_export_typesupport_libraries-extras.cmake
[0.469s] -- Up-to-date: /home/dexforint/ROS2_study/turtlesim_action/install/my_turtle_action_interface/share/my_turtle_action_interface/cmake/my_turtle_action_interfaceConfig.cmake
[0.469s] -- Up-to-date: /home/dexforint/ROS2_study/turtlesim_action/install/my_turtle_action_interface/share/my_turtle_action_interface/cmake/my_turtle_action_interfaceConfig-version.cmake
[0.469s] -- Up-to-date: /home/dexforint/ROS2_study/turtlesim_action/install/my_turtle_action_interface/share/my_turtle_action_interface/package.xml
[0.489s] Invoked command in '/home/dexforint/ROS2_study/turtlesim_action/build/my_turtle_action_interface' returned '0': CMAKE_PREFIX_PATH=${CMAKE_PREFIX_PATH}:/home/dexforint/ROS2_study/turtlesim_action/install/my_turtle_action:/opt/ros/jazzy /usr/bin/cmake --install /home/dexforint/ROS2_study/turtlesim_action/build/my_turtle_action_interface
