running egg_info
writing ../../build/my_turtle_action/my_turtle_action.egg-info/PKG-INFO
writing dependency_links to ../../build/my_turtle_action/my_turtle_action.egg-info/dependency_links.txt
writing entry points to ../../build/my_turtle_action/my_turtle_action.egg-info/entry_points.txt
writing requirements to ../../build/my_turtle_action/my_turtle_action.egg-info/requires.txt
writing top-level names to ../../build/my_turtle_action/my_turtle_action.egg-info/top_level.txt
reading manifest file '../../build/my_turtle_action/my_turtle_action.egg-info/SOURCES.txt'
writing manifest file '../../build/my_turtle_action/my_turtle_action.egg-info/SOURCES.txt'
running build
running build_py
copying my_turtle_action/client.py -> /home/dexforint/ROS2_study/turtlesim_action/build/my_turtle_action/build/lib/my_turtle_action
copying my_turtle_action/server.py -> /home/dexforint/ROS2_study/turtlesim_action/build/my_turtle_action/build/lib/my_turtle_action
running install
running install_lib
copying /home/dexforint/ROS2_study/turtlesim_action/build/my_turtle_action/build/lib/my_turtle_action/client.py -> /home/dexforint/ROS2_study/turtlesim_action/install/my_turtle_action/lib/python3.12/site-packages/my_turtle_action
copying /home/dexforint/ROS2_study/turtlesim_action/build/my_turtle_action/build/lib/my_turtle_action/server.py -> /home/dexforint/ROS2_study/turtlesim_action/install/my_turtle_action/lib/python3.12/site-packages/my_turtle_action
byte-compiling /home/dexforint/ROS2_study/turtlesim_action/install/my_turtle_action/lib/python3.12/site-packages/my_turtle_action/client.py to client.cpython-312.pyc
byte-compiling /home/dexforint/ROS2_study/turtlesim_action/install/my_turtle_action/lib/python3.12/site-packages/my_turtle_action/server.py to server.cpython-312.pyc
running install_data
running install_egg_info
removing '/home/dexforint/ROS2_study/turtlesim_action/install/my_turtle_action/lib/python3.12/site-packages/my_turtle_action-0.0.0-py3.12.egg-info' (and everything under it)
Copying ../../build/my_turtle_action/my_turtle_action.egg-info to /home/dexforint/ROS2_study/turtlesim_action/install/my_turtle_action/lib/python3.12/site-packages/my_turtle_action-0.0.0-py3.12.egg-info
running install_scripts
Installing client script to /home/dexforint/ROS2_study/turtlesim_action/install/my_turtle_action/lib/my_turtle_action
Installing number_publisher script to /home/dexforint/ROS2_study/turtlesim_action/install/my_turtle_action/lib/my_turtle_action
Installing server script to /home/dexforint/ROS2_study/turtlesim_action/install/my_turtle_action/lib/my_turtle_action
writing list of installed files to '/home/dexforint/ROS2_study/turtlesim_action/build/my_turtle_action/install.log'
