[0.439s] Invoking command in '/home/dexforint/ROS2_study/ros2_ws2/src/my_turtle_controller': PYTHONPATH=/home/dexforint/ROS2_study/ros2_ws2/build/my_turtle_controller/prefix_override:/usr/lib/python3/dist-packages/colcon_core/task/python/colcon_distutils_commands:/home/dexforint/ROS2_study/ros2_ws2/install/my_turtle_controller/lib/python3.12/site-packages:${PYTHONPATH} /usr/bin/python3 -W ignore:setup.py install is deprecated -W ignore:easy_install command is deprecated setup.py egg_info --egg-base ../../build/my_turtle_controller build --build-base /home/dexforint/ROS2_study/ros2_ws2/build/my_turtle_controller/build install --record /home/dexforint/ROS2_study/ros2_ws2/build/my_turtle_controller/install.log --single-version-externally-managed install_data
[0.584s] running egg_info
[0.584s] creating ../../build/my_turtle_controller/my_turtle_controller.egg-info
[0.593s] writing ../../build/my_turtle_controller/my_turtle_controller.egg-info/PKG-INFO
[0.593s] writing dependency_links to ../../build/my_turtle_controller/my_turtle_controller.egg-info/dependency_links.txt
[0.593s] writing entry points to ../../build/my_turtle_controller/my_turtle_controller.egg-info/entry_points.txt
[0.593s] writing requirements to ../../build/my_turtle_controller/my_turtle_controller.egg-info/requires.txt
[0.593s] writing top-level names to ../../build/my_turtle_controller/my_turtle_controller.egg-info/top_level.txt
[0.594s] writing manifest file '../../build/my_turtle_controller/my_turtle_controller.egg-info/SOURCES.txt'
[0.613s] reading manifest file '../../build/my_turtle_controller/my_turtle_controller.egg-info/SOURCES.txt'
[0.614s] writing manifest file '../../build/my_turtle_controller/my_turtle_controller.egg-info/SOURCES.txt'
[0.614s] running build
[0.614s] running build_py
[0.615s] creating /home/dexforint/ROS2_study/ros2_ws2/build/my_turtle_controller/build
[0.615s] creating /home/dexforint/ROS2_study/ros2_ws2/build/my_turtle_controller/build/lib
[0.615s] creating /home/dexforint/ROS2_study/ros2_ws2/build/my_turtle_controller/build/lib/my_turtle_controller
[0.615s] copying my_turtle_controller/__init__.py -> /home/dexforint/ROS2_study/ros2_ws2/build/my_turtle_controller/build/lib/my_turtle_controller
[0.615s] copying my_turtle_controller/turtle_mover.py -> /home/dexforint/ROS2_study/ros2_ws2/build/my_turtle_controller/build/lib/my_turtle_controller
[0.615s] running install
[0.618s] running install_lib
[0.628s] creating /home/dexforint/ROS2_study/ros2_ws2/install/my_turtle_controller/lib/python3.12/site-packages/my_turtle_controller
[0.628s] copying /home/dexforint/ROS2_study/ros2_ws2/build/my_turtle_controller/build/lib/my_turtle_controller/__init__.py -> /home/dexforint/ROS2_study/ros2_ws2/install/my_turtle_controller/lib/python3.12/site-packages/my_turtle_controller
[0.628s] copying /home/dexforint/ROS2_study/ros2_ws2/build/my_turtle_controller/build/lib/my_turtle_controller/turtle_mover.py -> /home/dexforint/ROS2_study/ros2_ws2/install/my_turtle_controller/lib/python3.12/site-packages/my_turtle_controller
[0.628s] byte-compiling /home/dexforint/ROS2_study/ros2_ws2/install/my_turtle_controller/lib/python3.12/site-packages/my_turtle_controller/__init__.py to __init__.cpython-312.pyc
[0.628s] byte-compiling /home/dexforint/ROS2_study/ros2_ws2/install/my_turtle_controller/lib/python3.12/site-packages/my_turtle_controller/turtle_mover.py to turtle_mover.cpython-312.pyc
[0.629s] running install_data
[0.629s] creating /home/dexforint/ROS2_study/ros2_ws2/install/my_turtle_controller/share/ament_index
[0.629s] creating /home/dexforint/ROS2_study/ros2_ws2/install/my_turtle_controller/share/ament_index/resource_index
[0.629s] creating /home/dexforint/ROS2_study/ros2_ws2/install/my_turtle_controller/share/ament_index/resource_index/packages
[0.629s] copying resource/my_turtle_controller -> /home/dexforint/ROS2_study/ros2_ws2/install/my_turtle_controller/share/ament_index/resource_index/packages
[0.629s] copying package.xml -> /home/dexforint/ROS2_study/ros2_ws2/install/my_turtle_controller/share/my_turtle_controller
[0.629s] running install_egg_info
[0.639s] Copying ../../build/my_turtle_controller/my_turtle_controller.egg-info to /home/dexforint/ROS2_study/ros2_ws2/install/my_turtle_controller/lib/python3.12/site-packages/my_turtle_controller-0.0.0-py3.12.egg-info
[0.639s] running install_scripts
[0.707s] Installing turtle_mover script to /home/dexforint/ROS2_study/ros2_ws2/install/my_turtle_controller/lib/my_turtle_controller
[0.707s] writing list of installed files to '/home/dexforint/ROS2_study/ros2_ws2/build/my_turtle_controller/install.log'
[0.727s] Invoked command in '/home/dexforint/ROS2_study/ros2_ws2/src/my_turtle_controller' returned '0': PYTHONPATH=/home/dexforint/ROS2_study/ros2_ws2/build/my_turtle_controller/prefix_override:/usr/lib/python3/dist-packages/colcon_core/task/python/colcon_distutils_commands:/home/dexforint/ROS2_study/ros2_ws2/install/my_turtle_controller/lib/python3.12/site-packages:${PYTHONPATH} /usr/bin/python3 -W ignore:setup.py install is deprecated -W ignore:easy_install command is deprecated setup.py egg_info --egg-base ../../build/my_turtle_controller build --build-base /home/dexforint/ROS2_study/ros2_ws2/build/my_turtle_controller/build install --record /home/dexforint/ROS2_study/ros2_ws2/build/my_turtle_controller/install.log --single-version-externally-managed install_data
