[  2%] Built target my_turtle_msg_interface__rosidl_generator_type_description
[  2%] Built target ament_cmake_python_copy_my_turtle_msg_interface
[  5%] Built target my_turtle_msg_interface__cpp
[ 20%] Built target my_turtle_msg_interface__rosidl_generator_c
[ 38%] Built target my_turtle_msg_interface__rosidl_typesupport_fastrtps_cpp
[ 38%] Built target my_turtle_msg_interface__rosidl_typesupport_c
[ 55%] Built target my_turtle_msg_interface__rosidl_typesupport_introspection_cpp
[ 55%] Built target my_turtle_msg_interface__rosidl_typesupport_introspection_c
[ 64%] Built target my_turtle_msg_interface__rosidl_typesupport_fastrtps_c
[ 73%] Built target my_turtle_msg_interface__rosidl_typesupport_cpp
[ 73%] Built target my_turtle_msg_interface
[ 76%] Built target my_turtle_msg_interface__py
[ 82%] Built target my_turtle_msg_interface__rosidl_generator_py
[ 94%] Built target my_turtle_msg_interface_s__rosidl_typesupport_introspection_c
[ 94%] Built target my_turtle_msg_interface_s__rosidl_typesupport_c
[100%] Built target my_turtle_msg_interface_s__rosidl_typesupport_fastrtps_c
running egg_info
writing my_turtle_msg_interface.egg-info/PKG-INFO
writing dependency_links to my_turtle_msg_interface.egg-info/dependency_links.txt
writing top-level names to my_turtle_msg_interface.egg-info/top_level.txt
reading manifest file 'my_turtle_msg_interface.egg-info/SOURCES.txt'
writing manifest file 'my_turtle_msg_interface.egg-info/SOURCES.txt'
[100%] Built target ament_cmake_python_build_my_turtle_msg_interface_egg
-- Install configuration: ""
-- Up-to-date: /home/dexforint/ROS2_study/turtlesim_action/install/my_turtle_msg_interface/share/ament_index/resource_index/rosidl_interfaces/my_turtle_msg_interface
-- Up-to-date: /home/dexforint/ROS2_study/turtlesim_action/install/my_turtle_msg_interface/share/my_turtle_msg_interface/msg/Numbers.json
-- Up-to-date: /home/dexforint/ROS2_study/turtlesim_action/install/my_turtle_msg_interface/include/my_turtle_msg_interface/my_turtle_msg_interface
-- Up-to-date: /home/dexforint/ROS2_study/turtlesim_action/install/my_turtle_msg_interface/include/my_turtle_msg_interface/my_turtle_msg_interface/msg
-- Up-to-date: /home/dexforint/ROS2_study/turtlesim_action/install/my_turtle_msg_interface/include/my_turtle_msg_interface/my_turtle_msg_interface/msg/detail
-- Up-to-date: /home/dexforint/ROS2_study/turtlesim_action/install/my_turtle_msg_interface/include/my_turtle_msg_interface/my_turtle_msg_interface/msg/detail/numbers__struct.h
-- Up-to-date: /home/dexforint/ROS2_study/turtlesim_action/install/my_turtle_msg_interface/include/my_turtle_msg_interface/my_turtle_msg_interface/msg/detail/numbers__type_support.c
-- Up-to-date: /home/dexforint/ROS2_study/turtlesim_action/install/my_turtle_msg_interface/include/my_turtle_msg_interface/my_turtle_msg_interface/msg/detail/numbers__type_support.h
-- Up-to-date: /home/dexforint/ROS2_study/turtlesim_action/install/my_turtle_msg_interface/include/my_turtle_msg_interface/my_turtle_msg_interface/msg/detail/numbers__functions.c
-- Up-to-date: /home/dexforint/ROS2_study/turtlesim_action/install/my_turtle_msg_interface/include/my_turtle_msg_interface/my_turtle_msg_interface/msg/detail/numbers__functions.h
-- Up-to-date: /home/dexforint/ROS2_study/turtlesim_action/install/my_turtle_msg_interface/include/my_turtle_msg_interface/my_turtle_msg_interface/msg/detail/numbers__description.c
-- Up-to-date: /home/dexforint/ROS2_study/turtlesim_action/install/my_turtle_msg_interface/include/my_turtle_msg_interface/my_turtle_msg_interface/msg/numbers.h
-- Up-to-date: /home/dexforint/ROS2_study/turtlesim_action/install/my_turtle_msg_interface/include/my_turtle_msg_interface/my_turtle_msg_interface/msg/rosidl_generator_c__visibility_control.h
-- Up-to-date: /home/dexforint/ROS2_study/turtlesim_action/install/my_turtle_msg_interface/share/my_turtle_msg_interface/environment/library_path.sh
-- Up-to-date: /home/dexforint/ROS2_study/turtlesim_action/install/my_turtle_msg_interface/share/my_turtle_msg_interface/environment/library_path.dsv
-- Up-to-date: /home/dexforint/ROS2_study/turtlesim_action/install/my_turtle_msg_interface/lib/libmy_turtle_msg_interface__rosidl_generator_c.so
-- Up-to-date: /home/dexforint/ROS2_study/turtlesim_action/install/my_turtle_msg_interface/include/my_turtle_msg_interface/my_turtle_msg_interface
-- Up-to-date: /home/dexforint/ROS2_study/turtlesim_action/install/my_turtle_msg_interface/include/my_turtle_msg_interface/my_turtle_msg_interface/msg
-- Up-to-date: /home/dexforint/ROS2_study/turtlesim_action/install/my_turtle_msg_interface/include/my_turtle_msg_interface/my_turtle_msg_interface/msg/detail
-- Up-to-date: /home/dexforint/ROS2_study/turtlesim_action/install/my_turtle_msg_interface/include/my_turtle_msg_interface/my_turtle_msg_interface/msg/detail/numbers__rosidl_typesupport_fastrtps_c.h
-- Up-to-date: /home/dexforint/ROS2_study/turtlesim_action/install/my_turtle_msg_interface/include/my_turtle_msg_interface/my_turtle_msg_interface/msg/rosidl_typesupport_fastrtps_c__visibility_control.h
-- Up-to-date: /home/dexforint/ROS2_study/turtlesim_action/install/my_turtle_msg_interface/lib/libmy_turtle_msg_interface__rosidl_typesupport_fastrtps_c.so
-- Up-to-date: /home/dexforint/ROS2_study/turtlesim_action/install/my_turtle_msg_interface/include/my_turtle_msg_interface/my_turtle_msg_interface
-- Up-to-date: /home/dexforint/ROS2_study/turtlesim_action/install/my_turtle_msg_interface/include/my_turtle_msg_interface/my_turtle_msg_interface/msg
-- Up-to-date: /home/dexforint/ROS2_study/turtlesim_action/install/my_turtle_msg_interface/include/my_turtle_msg_interface/my_turtle_msg_interface/msg/rosidl_typesupport_introspection_c__visibility_control.h
-- Up-to-date: /home/dexforint/ROS2_study/turtlesim_action/install/my_turtle_msg_interface/include/my_turtle_msg_interface/my_turtle_msg_interface/msg/detail
-- Up-to-date: /home/dexforint/ROS2_study/turtlesim_action/install/my_turtle_msg_interface/include/my_turtle_msg_interface/my_turtle_msg_interface/msg/detail/numbers__type_support.c
-- Up-to-date: /home/dexforint/ROS2_study/turtlesim_action/install/my_turtle_msg_interface/include/my_turtle_msg_interface/my_turtle_msg_interface/msg/detail/numbers__rosidl_typesupport_introspection_c.h
-- Up-to-date: /home/dexforint/ROS2_study/turtlesim_action/install/my_turtle_msg_interface/lib/libmy_turtle_msg_interface__rosidl_typesupport_introspection_c.so
-- Up-to-date: /home/dexforint/ROS2_study/turtlesim_action/install/my_turtle_msg_interface/lib/libmy_turtle_msg_interface__rosidl_typesupport_c.so
-- Up-to-date: /home/dexforint/ROS2_study/turtlesim_action/install/my_turtle_msg_interface/include/my_turtle_msg_interface/my_turtle_msg_interface
-- Up-to-date: /home/dexforint/ROS2_study/turtlesim_action/install/my_turtle_msg_interface/include/my_turtle_msg_interface/my_turtle_msg_interface/msg
-- Up-to-date: /home/dexforint/ROS2_study/turtlesim_action/install/my_turtle_msg_interface/include/my_turtle_msg_interface/my_turtle_msg_interface/msg/numbers.hpp
-- Up-to-date: /home/dexforint/ROS2_study/turtlesim_action/install/my_turtle_msg_interface/include/my_turtle_msg_interface/my_turtle_msg_interface/msg/detail
-- Up-to-date: /home/dexforint/ROS2_study/turtlesim_action/install/my_turtle_msg_interface/include/my_turtle_msg_interface/my_turtle_msg_interface/msg/detail/numbers__builder.hpp
-- Up-to-date: /home/dexforint/ROS2_study/turtlesim_action/install/my_turtle_msg_interface/include/my_turtle_msg_interface/my_turtle_msg_interface/msg/detail/numbers__struct.hpp
-- Up-to-date: /home/dexforint/ROS2_study/turtlesim_action/install/my_turtle_msg_interface/include/my_turtle_msg_interface/my_turtle_msg_interface/msg/detail/numbers__traits.hpp
-- Up-to-date: /home/dexforint/ROS2_study/turtlesim_action/install/my_turtle_msg_interface/include/my_turtle_msg_interface/my_turtle_msg_interface/msg/detail/numbers__type_support.hpp
-- Up-to-date: /home/dexforint/ROS2_study/turtlesim_action/install/my_turtle_msg_interface/include/my_turtle_msg_interface/my_turtle_msg_interface/msg/rosidl_generator_cpp__visibility_control.hpp
-- Up-to-date: /home/dexforint/ROS2_study/turtlesim_action/install/my_turtle_msg_interface/include/my_turtle_msg_interface/my_turtle_msg_interface
-- Up-to-date: /home/dexforint/ROS2_study/turtlesim_action/install/my_turtle_msg_interface/include/my_turtle_msg_interface/my_turtle_msg_interface/msg
-- Up-to-date: /home/dexforint/ROS2_study/turtlesim_action/install/my_turtle_msg_interface/include/my_turtle_msg_interface/my_turtle_msg_interface/msg/detail
-- Up-to-date: /home/dexforint/ROS2_study/turtlesim_action/install/my_turtle_msg_interface/include/my_turtle_msg_interface/my_turtle_msg_interface/msg/detail/dds_fastrtps
-- Up-to-date: /home/dexforint/ROS2_study/turtlesim_action/install/my_turtle_msg_interface/include/my_turtle_msg_interface/my_turtle_msg_interface/msg/detail/numbers__rosidl_typesupport_fastrtps_cpp.hpp
-- Up-to-date: /home/dexforint/ROS2_study/turtlesim_action/install/my_turtle_msg_interface/include/my_turtle_msg_interface/my_turtle_msg_interface/msg/rosidl_typesupport_fastrtps_cpp__visibility_control.h
-- Up-to-date: /home/dexforint/ROS2_study/turtlesim_action/install/my_turtle_msg_interface/lib/libmy_turtle_msg_interface__rosidl_typesupport_fastrtps_cpp.so
-- Up-to-date: /home/dexforint/ROS2_study/turtlesim_action/install/my_turtle_msg_interface/include/my_turtle_msg_interface/my_turtle_msg_interface
-- Up-to-date: /home/dexforint/ROS2_study/turtlesim_action/install/my_turtle_msg_interface/include/my_turtle_msg_interface/my_turtle_msg_interface/msg
-- Up-to-date: /home/dexforint/ROS2_study/turtlesim_action/install/my_turtle_msg_interface/include/my_turtle_msg_interface/my_turtle_msg_interface/msg/detail
-- Up-to-date: /home/dexforint/ROS2_study/turtlesim_action/install/my_turtle_msg_interface/include/my_turtle_msg_interface/my_turtle_msg_interface/msg/detail/numbers__rosidl_typesupport_introspection_cpp.hpp
-- Up-to-date: /home/dexforint/ROS2_study/turtlesim_action/install/my_turtle_msg_interface/include/my_turtle_msg_interface/my_turtle_msg_interface/msg/detail/numbers__type_support.cpp
-- Up-to-date: /home/dexforint/ROS2_study/turtlesim_action/install/my_turtle_msg_interface/lib/libmy_turtle_msg_interface__rosidl_typesupport_introspection_cpp.so
-- Up-to-date: /home/dexforint/ROS2_study/turtlesim_action/install/my_turtle_msg_interface/lib/libmy_turtle_msg_interface__rosidl_typesupport_cpp.so
-- Up-to-date: /home/dexforint/ROS2_study/turtlesim_action/install/my_turtle_msg_interface/share/my_turtle_msg_interface/environment/pythonpath.sh
-- Up-to-date: /home/dexforint/ROS2_study/turtlesim_action/install/my_turtle_msg_interface/share/my_turtle_msg_interface/environment/pythonpath.dsv
-- Up-to-date: /home/dexforint/ROS2_study/turtlesim_action/install/my_turtle_msg_interface/lib/python3.12/site-packages/my_turtle_msg_interface-0.0.0-py3.12.egg-info
-- Installing: /home/dexforint/ROS2_study/turtlesim_action/install/my_turtle_msg_interface/lib/python3.12/site-packages/my_turtle_msg_interface-0.0.0-py3.12.egg-info/dependency_links.txt
-- Installing: /home/dexforint/ROS2_study/turtlesim_action/install/my_turtle_msg_interface/lib/python3.12/site-packages/my_turtle_msg_interface-0.0.0-py3.12.egg-info/PKG-INFO
-- Installing: /home/dexforint/ROS2_study/turtlesim_action/install/my_turtle_msg_interface/lib/python3.12/site-packages/my_turtle_msg_interface-0.0.0-py3.12.egg-info/SOURCES.txt
-- Installing: /home/dexforint/ROS2_study/turtlesim_action/install/my_turtle_msg_interface/lib/python3.12/site-packages/my_turtle_msg_interface-0.0.0-py3.12.egg-info/top_level.txt
-- Up-to-date: /home/dexforint/ROS2_study/turtlesim_action/install/my_turtle_msg_interface/lib/python3.12/site-packages/my_turtle_msg_interface
-- Up-to-date: /home/dexforint/ROS2_study/turtlesim_action/install/my_turtle_msg_interface/lib/python3.12/site-packages/my_turtle_msg_interface/my_turtle_msg_interface_s__rosidl_typesupport_fastrtps_c.so
-- Up-to-date: /home/dexforint/ROS2_study/turtlesim_action/install/my_turtle_msg_interface/lib/python3.12/site-packages/my_turtle_msg_interface/_my_turtle_msg_interface_s.ep.rosidl_typesupport_fastrtps_c.c
-- Up-to-date: /home/dexforint/ROS2_study/turtlesim_action/install/my_turtle_msg_interface/lib/python3.12/site-packages/my_turtle_msg_interface/__init__.py
-- Up-to-date: /home/dexforint/ROS2_study/turtlesim_action/install/my_turtle_msg_interface/lib/python3.12/site-packages/my_turtle_msg_interface/my_turtle_msg_interface_s__rosidl_typesupport_introspection_c.so
-- Up-to-date: /home/dexforint/ROS2_study/turtlesim_action/install/my_turtle_msg_interface/lib/python3.12/site-packages/my_turtle_msg_interface/_my_turtle_msg_interface_s.ep.rosidl_typesupport_introspection_c.c
-- Up-to-date: /home/dexforint/ROS2_study/turtlesim_action/install/my_turtle_msg_interface/lib/python3.12/site-packages/my_turtle_msg_interface/my_turtle_msg_interface_s__rosidl_typesupport_c.so
-- Up-to-date: /home/dexforint/ROS2_study/turtlesim_action/install/my_turtle_msg_interface/lib/python3.12/site-packages/my_turtle_msg_interface/msg
-- Up-to-date: /home/dexforint/ROS2_study/turtlesim_action/install/my_turtle_msg_interface/lib/python3.12/site-packages/my_turtle_msg_interface/msg/_numbers_s.c
-- Up-to-date: /home/dexforint/ROS2_study/turtlesim_action/install/my_turtle_msg_interface/lib/python3.12/site-packages/my_turtle_msg_interface/msg/__init__.py
-- Up-to-date: /home/dexforint/ROS2_study/turtlesim_action/install/my_turtle_msg_interface/lib/python3.12/site-packages/my_turtle_msg_interface/msg/_numbers.py
-- Up-to-date: /home/dexforint/ROS2_study/turtlesim_action/install/my_turtle_msg_interface/lib/python3.12/site-packages/my_turtle_msg_interface/_my_turtle_msg_interface_s.ep.rosidl_typesupport_c.c
Listing '/home/dexforint/ROS2_study/turtlesim_action/install/my_turtle_msg_interface/lib/python3.12/site-packages/my_turtle_msg_interface'...
Listing '/home/dexforint/ROS2_study/turtlesim_action/install/my_turtle_msg_interface/lib/python3.12/site-packages/my_turtle_msg_interface/msg'...
-- Up-to-date: /home/dexforint/ROS2_study/turtlesim_action/install/my_turtle_msg_interface/lib/python3.12/site-packages/my_turtle_msg_interface/my_turtle_msg_interface_s__rosidl_typesupport_fastrtps_c.so
-- Up-to-date: /home/dexforint/ROS2_study/turtlesim_action/install/my_turtle_msg_interface/lib/python3.12/site-packages/my_turtle_msg_interface/my_turtle_msg_interface_s__rosidl_typesupport_introspection_c.so
-- Up-to-date: /home/dexforint/ROS2_study/turtlesim_action/install/my_turtle_msg_interface/lib/python3.12/site-packages/my_turtle_msg_interface/my_turtle_msg_interface_s__rosidl_typesupport_c.so
-- Up-to-date: /home/dexforint/ROS2_study/turtlesim_action/install/my_turtle_msg_interface/lib/libmy_turtle_msg_interface__rosidl_generator_py.so
-- Up-to-date: /home/dexforint/ROS2_study/turtlesim_action/install/my_turtle_msg_interface/share/my_turtle_msg_interface/msg/Numbers.idl
-- Up-to-date: /home/dexforint/ROS2_study/turtlesim_action/install/my_turtle_msg_interface/share/my_turtle_msg_interface/msg/Numbers.msg
-- Up-to-date: /home/dexforint/ROS2_study/turtlesim_action/install/my_turtle_msg_interface/share/ament_index/resource_index/package_run_dependencies/my_turtle_msg_interface
-- Up-to-date: /home/dexforint/ROS2_study/turtlesim_action/install/my_turtle_msg_interface/share/ament_index/resource_index/parent_prefix_path/my_turtle_msg_interface
-- Up-to-date: /home/dexforint/ROS2_study/turtlesim_action/install/my_turtle_msg_interface/share/my_turtle_msg_interface/environment/ament_prefix_path.sh
-- Up-to-date: /home/dexforint/ROS2_study/turtlesim_action/install/my_turtle_msg_interface/share/my_turtle_msg_interface/environment/ament_prefix_path.dsv
-- Up-to-date: /home/dexforint/ROS2_study/turtlesim_action/install/my_turtle_msg_interface/share/my_turtle_msg_interface/environment/path.sh
-- Up-to-date: /home/dexforint/ROS2_study/turtlesim_action/install/my_turtle_msg_interface/share/my_turtle_msg_interface/environment/path.dsv
-- Up-to-date: /home/dexforint/ROS2_study/turtlesim_action/install/my_turtle_msg_interface/share/my_turtle_msg_interface/local_setup.bash
-- Up-to-date: /home/dexforint/ROS2_study/turtlesim_action/install/my_turtle_msg_interface/share/my_turtle_msg_interface/local_setup.sh
-- Up-to-date: /home/dexforint/ROS2_study/turtlesim_action/install/my_turtle_msg_interface/share/my_turtle_msg_interface/local_setup.zsh
-- Up-to-date: /home/dexforint/ROS2_study/turtlesim_action/install/my_turtle_msg_interface/share/my_turtle_msg_interface/local_setup.dsv
-- Installing: /home/dexforint/ROS2_study/turtlesim_action/install/my_turtle_msg_interface/share/my_turtle_msg_interface/package.dsv
-- Up-to-date: /home/dexforint/ROS2_study/turtlesim_action/install/my_turtle_msg_interface/share/ament_index/resource_index/packages/my_turtle_msg_interface
-- Up-to-date: /home/dexforint/ROS2_study/turtlesim_action/install/my_turtle_msg_interface/share/my_turtle_msg_interface/cmake/export_my_turtle_msg_interface__rosidl_generator_cExport.cmake
-- Up-to-date: /home/dexforint/ROS2_study/turtlesim_action/install/my_turtle_msg_interface/share/my_turtle_msg_interface/cmake/export_my_turtle_msg_interface__rosidl_generator_cExport-noconfig.cmake
-- Up-to-date: /home/dexforint/ROS2_study/turtlesim_action/install/my_turtle_msg_interface/share/my_turtle_msg_interface/cmake/export_my_turtle_msg_interface__rosidl_typesupport_fastrtps_cExport.cmake
-- Up-to-date: /home/dexforint/ROS2_study/turtlesim_action/install/my_turtle_msg_interface/share/my_turtle_msg_interface/cmake/export_my_turtle_msg_interface__rosidl_typesupport_fastrtps_cExport-noconfig.cmake
-- Up-to-date: /home/dexforint/ROS2_study/turtlesim_action/install/my_turtle_msg_interface/share/my_turtle_msg_interface/cmake/my_turtle_msg_interface__rosidl_typesupport_introspection_cExport.cmake
-- Up-to-date: /home/dexforint/ROS2_study/turtlesim_action/install/my_turtle_msg_interface/share/my_turtle_msg_interface/cmake/my_turtle_msg_interface__rosidl_typesupport_introspection_cExport-noconfig.cmake
-- Up-to-date: /home/dexforint/ROS2_study/turtlesim_action/install/my_turtle_msg_interface/share/my_turtle_msg_interface/cmake/my_turtle_msg_interface__rosidl_typesupport_cExport.cmake
-- Up-to-date: /home/dexforint/ROS2_study/turtlesim_action/install/my_turtle_msg_interface/share/my_turtle_msg_interface/cmake/my_turtle_msg_interface__rosidl_typesupport_cExport-noconfig.cmake
-- Up-to-date: /home/dexforint/ROS2_study/turtlesim_action/install/my_turtle_msg_interface/share/my_turtle_msg_interface/cmake/export_my_turtle_msg_interface__rosidl_generator_cppExport.cmake
-- Up-to-date: /home/dexforint/ROS2_study/turtlesim_action/install/my_turtle_msg_interface/share/my_turtle_msg_interface/cmake/export_my_turtle_msg_interface__rosidl_typesupport_fastrtps_cppExport.cmake
-- Up-to-date: /home/dexforint/ROS2_study/turtlesim_action/install/my_turtle_msg_interface/share/my_turtle_msg_interface/cmake/export_my_turtle_msg_interface__rosidl_typesupport_fastrtps_cppExport-noconfig.cmake
-- Up-to-date: /home/dexforint/ROS2_study/turtlesim_action/install/my_turtle_msg_interface/share/my_turtle_msg_interface/cmake/my_turtle_msg_interface__rosidl_typesupport_introspection_cppExport.cmake
-- Up-to-date: /home/dexforint/ROS2_study/turtlesim_action/install/my_turtle_msg_interface/share/my_turtle_msg_interface/cmake/my_turtle_msg_interface__rosidl_typesupport_introspection_cppExport-noconfig.cmake
-- Up-to-date: /home/dexforint/ROS2_study/turtlesim_action/install/my_turtle_msg_interface/share/my_turtle_msg_interface/cmake/my_turtle_msg_interface__rosidl_typesupport_cppExport.cmake
-- Up-to-date: /home/dexforint/ROS2_study/turtlesim_action/install/my_turtle_msg_interface/share/my_turtle_msg_interface/cmake/my_turtle_msg_interface__rosidl_typesupport_cppExport-noconfig.cmake
-- Up-to-date: /home/dexforint/ROS2_study/turtlesim_action/install/my_turtle_msg_interface/share/my_turtle_msg_interface/cmake/export_my_turtle_msg_interface__rosidl_generator_pyExport.cmake
-- Up-to-date: /home/dexforint/ROS2_study/turtlesim_action/install/my_turtle_msg_interface/share/my_turtle_msg_interface/cmake/export_my_turtle_msg_interface__rosidl_generator_pyExport-noconfig.cmake
-- Up-to-date: /home/dexforint/ROS2_study/turtlesim_action/install/my_turtle_msg_interface/share/my_turtle_msg_interface/cmake/rosidl_cmake-extras.cmake
-- Up-to-date: /home/dexforint/ROS2_study/turtlesim_action/install/my_turtle_msg_interface/share/my_turtle_msg_interface/cmake/ament_cmake_export_include_directories-extras.cmake
-- Up-to-date: /home/dexforint/ROS2_study/turtlesim_action/install/my_turtle_msg_interface/share/my_turtle_msg_interface/cmake/ament_cmake_export_libraries-extras.cmake
-- Up-to-date: /home/dexforint/ROS2_study/turtlesim_action/install/my_turtle_msg_interface/share/my_turtle_msg_interface/cmake/ament_cmake_export_targets-extras.cmake
-- Up-to-date: /home/dexforint/ROS2_study/turtlesim_action/install/my_turtle_msg_interface/share/my_turtle_msg_interface/cmake/rosidl_cmake_export_typesupport_targets-extras.cmake
-- Up-to-date: /home/dexforint/ROS2_study/turtlesim_action/install/my_turtle_msg_interface/share/my_turtle_msg_interface/cmake/ament_cmake_export_dependencies-extras.cmake
-- Up-to-date: /home/dexforint/ROS2_study/turtlesim_action/install/my_turtle_msg_interface/share/my_turtle_msg_interface/cmake/rosidl_cmake_export_typesupport_libraries-extras.cmake
-- Up-to-date: /home/dexforint/ROS2_study/turtlesim_action/install/my_turtle_msg_interface/share/my_turtle_msg_interface/cmake/my_turtle_msg_interfaceConfig.cmake
-- Up-to-date: /home/dexforint/ROS2_study/turtlesim_action/install/my_turtle_msg_interface/share/my_turtle_msg_interface/cmake/my_turtle_msg_interfaceConfig-version.cmake
-- Up-to-date: /home/dexforint/ROS2_study/turtlesim_action/install/my_turtle_msg_interface/share/my_turtle_msg_interface/package.xml
