[0.136s] Invoking command in '/home/dexforint/ROS2_study/turtlesim_action/build/my_turtle_action_interface': CMAKE_PREFIX_PATH=${CMAKE_PREFIX_PATH}:/opt/ros/jazzy /usr/bin/cmake /home/dexforint/ROS2_study/turtlesim_action/src/my_turtle_action_interface -DCMAKE_INSTALL_PREFIX=/home/dexforint/ROS2_study/turtlesim_action/install/my_turtle_action_interface
[0.278s] -- The C compiler identification is GNU 13.3.0
[0.591s] -- The CXX compiler identification is GNU 13.3.0
[0.837s] -- Detecting C compiler ABI info
[0.935s] -- Detecting C compiler ABI info - done
[0.940s] -- Check for working C compiler: /usr/bin/cc - skipped
[0.941s] -- Detecting C compile features
[0.942s] -- Detecting C compile features - done
[0.973s] -- Detecting CXX compiler ABI info
[1.069s] -- Detecting CXX compiler ABI info - done
[1.075s] -- Check for working CXX compiler: /usr/bin/c++ - skipped
[1.075s] -- Detecting CXX compile features
[1.075s] -- Detecting CXX compile features - done
[1.082s] -- Found ament_cmake: 2.5.4 (/opt/ros/jazzy/share/ament_cmake/cmake)
[1.169s] -- Found Python3: /usr/bin/python3 (found version "3.12.3") found components: Interpreter 
[1.248s] -- Found rosidl_default_generators: 1.6.0 (/opt/ros/jazzy/share/rosidl_default_generators/cmake)
[1.253s] -- Using all available rosidl_typesupport_c: rosidl_typesupport_fastrtps_c;rosidl_typesupport_introspection_c
[1.345s] -- Using all available rosidl_typesupport_cpp: rosidl_typesupport_fastrtps_cpp;rosidl_typesupport_introspection_cpp
[1.383s] -- Found rosidl_adapter: 4.6.6 (/opt/ros/jazzy/share/rosidl_adapter/cmake)
[1.799s] -- Found ament_cmake_ros: 0.12.0 (/opt/ros/jazzy/share/ament_cmake_ros/cmake)
[2.058s] -- Using all available rosidl_typesupport_c: rosidl_typesupport_fastrtps_c;rosidl_typesupport_introspection_c
[2.395s] -- Using all available rosidl_typesupport_cpp: rosidl_typesupport_fastrtps_cpp;rosidl_typesupport_introspection_cpp
[2.398s] -- Found python_cmake_module: 0.11.1 (/opt/ros/jazzy/share/python_cmake_module/cmake)
[2.479s] -- Found PythonExtra: /usr/bin/python3  
[2.746s] -- Found Python3: /usr/bin/python3 (found version "3.12.3") found components: Interpreter Development NumPy Development.Module Development.Embed 
[2.767s] -- Found ament_lint_auto: 0.17.3 (/opt/ros/jazzy/share/ament_lint_auto/cmake)
[2.777s] -- Added test 'lint_cmake' to check CMake code style
[2.778s] -- Added test 'xmllint' to check XML markup files
[2.779s] -- Configuring done (2.6s)
[2.803s] -- Generating done (0.0s)
[2.812s] -- Build files have been written to: /home/dexforint/ROS2_study/turtlesim_action/build/my_turtle_action_interface
[2.819s] Invoked command in '/home/dexforint/ROS2_study/turtlesim_action/build/my_turtle_action_interface' returned '0': CMAKE_PREFIX_PATH=${CMAKE_PREFIX_PATH}:/opt/ros/jazzy /usr/bin/cmake /home/dexforint/ROS2_study/turtlesim_action/src/my_turtle_action_interface -DCMAKE_INSTALL_PREFIX=/home/dexforint/ROS2_study/turtlesim_action/install/my_turtle_action_interface
[2.820s] Invoking command in '/home/dexforint/ROS2_study/turtlesim_action/build/my_turtle_action_interface': CMAKE_PREFIX_PATH=${CMAKE_PREFIX_PATH}:/opt/ros/jazzy /usr/bin/cmake --build /home/dexforint/ROS2_study/turtlesim_action/build/my_turtle_action_interface -- -j16 -l16
[2.843s] [  2%] [34m[1mGenerating type hashes for ROS interfaces[0m
[2.847s] [  2%] Built target ament_cmake_python_copy_my_turtle_action_interface
[2.971s] running egg_info
[2.971s] creating my_turtle_action_interface.egg-info
[2.980s] [  2%] Built target my_turtle_action_interface__rosidl_generator_type_description
[2.984s] writing my_turtle_action_interface.egg-info/PKG-INFO
[2.984s] writing dependency_links to my_turtle_action_interface.egg-info/dependency_links.txt
[2.984s] writing top-level names to my_turtle_action_interface.egg-info/top_level.txt
[2.984s] writing manifest file 'my_turtle_action_interface.egg-info/SOURCES.txt'
[2.986s] [  5%] [34m[1mGenerating C code for ROS interfaces[0m
[2.994s] [  8%] [34m[1mGenerating C++ code for ROS interfaces[0m
[3.017s] reading manifest file 'my_turtle_action_interface.egg-info/SOURCES.txt'
[3.017s] writing manifest file 'my_turtle_action_interface.egg-info/SOURCES.txt'
[3.035s] [  8%] Built target ament_cmake_python_build_my_turtle_action_interface_egg
[3.293s] [ 17%] [32mBuilding C object CMakeFiles/my_turtle_action_interface__rosidl_generator_c.dir/rosidl_generator_c/my_turtle_action_interface/action/detail/summ_calculate__description.c.o[0m
[3.293s] [ 17%] [32mBuilding C object CMakeFiles/my_turtle_action_interface__rosidl_generator_c.dir/rosidl_generator_c/my_turtle_action_interface/action/detail/summ_calculate__functions.c.o[0m
[3.293s] [ 17%] [32mBuilding C object CMakeFiles/my_turtle_action_interface__rosidl_generator_c.dir/rosidl_generator_c/my_turtle_action_interface/action/detail/summ_calculate__type_support.c.o[0m
[3.313s] [ 17%] Built target my_turtle_action_interface__cpp
[3.428s] [ 20%] [32m[1mLinking C shared library libmy_turtle_action_interface__rosidl_generator_c.so[0m
[3.500s] [ 20%] Built target my_turtle_action_interface__rosidl_generator_c
[3.506s] [ 29%] [34m[1mGenerating C introspection for ROS interfaces[0m
[3.507s] [ 29%] [34m[1mGenerating C type support dispatch for ROS interfaces[0m
[3.507s] [ 29%] [34m[1mGenerating C type support for eProsima Fast-RTPS[0m
[3.507s] [ 32%] [34m[1mGenerating C++ type support dispatch for ROS interfaces[0m
[3.508s] [ 35%] [34m[1mGenerating C++ type support for eProsima Fast-RTPS[0m
[3.509s] [ 38%] [34m[1mGenerating C++ introspection for ROS interfaces[0m
[3.767s] [ 41%] [32mBuilding CXX object CMakeFiles/my_turtle_action_interface__rosidl_typesupport_c.dir/rosidl_typesupport_c/my_turtle_action_interface/action/summ_calculate__type_support.cpp.o[0m
[3.779s] [ 44%] [32mBuilding CXX object CMakeFiles/my_turtle_action_interface__rosidl_typesupport_cpp.dir/rosidl_typesupport_cpp/my_turtle_action_interface/action/summ_calculate__type_support.cpp.o[0m
[3.810s] [ 47%] [32m[1mLinking CXX shared library libmy_turtle_action_interface__rosidl_typesupport_c.so[0m
[3.811s] [ 50%] [32mBuilding CXX object CMakeFiles/my_turtle_action_interface__rosidl_typesupport_introspection_cpp.dir/rosidl_typesupport_introspection_cpp/my_turtle_action_interface/action/detail/summ_calculate__type_support.cpp.o[0m
[3.826s] [ 52%] [32mBuilding C object CMakeFiles/my_turtle_action_interface__rosidl_typesupport_introspection_c.dir/rosidl_typesupport_introspection_c/my_turtle_action_interface/action/detail/summ_calculate__type_support.c.o[0m
[3.866s] [ 55%] [32m[1mLinking C shared library libmy_turtle_action_interface__rosidl_typesupport_introspection_c.so[0m
[3.881s] [ 55%] Built target my_turtle_action_interface__rosidl_typesupport_c
[3.914s] [ 58%] [32mBuilding CXX object CMakeFiles/my_turtle_action_interface__rosidl_typesupport_fastrtps_c.dir/rosidl_typesupport_fastrtps_c/my_turtle_action_interface/action/detail/summ_calculate__type_support_c.cpp.o[0m
[3.935s] [ 58%] Built target my_turtle_action_interface__rosidl_typesupport_introspection_c
[3.962s] [ 61%] [32mBuilding CXX object CMakeFiles/my_turtle_action_interface__rosidl_typesupport_fastrtps_cpp.dir/rosidl_typesupport_fastrtps_cpp/my_turtle_action_interface/action/detail/dds_fastrtps/summ_calculate__type_support.cpp.o[0m
[4.258s] [ 64%] [32m[1mLinking CXX shared library libmy_turtle_action_interface__rosidl_typesupport_cpp.so[0m
[4.263s] [ 67%] [32m[1mLinking CXX shared library libmy_turtle_action_interface__rosidl_typesupport_introspection_cpp.so[0m
[4.297s] [ 70%] [32m[1mLinking CXX shared library libmy_turtle_action_interface__rosidl_typesupport_fastrtps_c.so[0m
[4.349s] [ 70%] Built target my_turtle_action_interface__rosidl_typesupport_cpp
[4.357s] [ 70%] Built target my_turtle_action_interface__rosidl_typesupport_introspection_cpp
[4.395s] [ 70%] Built target my_turtle_action_interface__rosidl_typesupport_fastrtps_c
[4.588s] [ 73%] [32m[1mLinking CXX shared library libmy_turtle_action_interface__rosidl_typesupport_fastrtps_cpp.so[0m
[4.669s] [ 73%] Built target my_turtle_action_interface__rosidl_typesupport_fastrtps_cpp
[4.678s] [ 73%] Built target my_turtle_action_interface
[4.686s] [ 76%] [34m[1mGenerating Python code for ROS interfaces[0m
[5.067s] [ 76%] Built target my_turtle_action_interface__py
[5.076s] [ 79%] [32mBuilding C object CMakeFiles/my_turtle_action_interface__rosidl_generator_py.dir/rosidl_generator_py/my_turtle_action_interface/action/_summ_calculate_s.c.o[0m
[5.193s] [ 82%] [32m[1mLinking C shared library libmy_turtle_action_interface__rosidl_generator_py.so[0m
[5.255s] [ 82%] Built target my_turtle_action_interface__rosidl_generator_py
[5.264s] [ 85%] [32mBuilding C object CMakeFiles/my_turtle_action_interface_s__rosidl_typesupport_introspection_c.dir/rosidl_generator_py/my_turtle_action_interface/_my_turtle_action_interface_s.ep.rosidl_typesupport_introspection_c.c.o[0m
[5.266s] [ 88%] [32mBuilding C object CMakeFiles/my_turtle_action_interface_s__rosidl_typesupport_fastrtps_c.dir/rosidl_generator_py/my_turtle_action_interface/_my_turtle_action_interface_s.ep.rosidl_typesupport_fastrtps_c.c.o[0m
[5.268s] [ 91%] [32mBuilding C object CMakeFiles/my_turtle_action_interface_s__rosidl_typesupport_c.dir/rosidl_generator_py/my_turtle_action_interface/_my_turtle_action_interface_s.ep.rosidl_typesupport_c.c.o[0m
[5.333s] [ 94%] [32m[1mLinking C shared module rosidl_generator_py/my_turtle_action_interface/my_turtle_action_interface_s__rosidl_typesupport_introspection_c.so[0m
[5.334s] [ 97%] [32m[1mLinking C shared module rosidl_generator_py/my_turtle_action_interface/my_turtle_action_interface_s__rosidl_typesupport_fastrtps_c.so[0m
[5.342s] [100%] [32m[1mLinking C shared module rosidl_generator_py/my_turtle_action_interface/my_turtle_action_interface_s__rosidl_typesupport_c.so[0m
[5.379s] [100%] Built target my_turtle_action_interface_s__rosidl_typesupport_introspection_c
[5.380s] [100%] Built target my_turtle_action_interface_s__rosidl_typesupport_fastrtps_c
[5.395s] [100%] Built target my_turtle_action_interface_s__rosidl_typesupport_c
[5.401s] Invoked command in '/home/dexforint/ROS2_study/turtlesim_action/build/my_turtle_action_interface' returned '0': CMAKE_PREFIX_PATH=${CMAKE_PREFIX_PATH}:/opt/ros/jazzy /usr/bin/cmake --build /home/dexforint/ROS2_study/turtlesim_action/build/my_turtle_action_interface -- -j16 -l16
[5.401s] Invoking command in '/home/dexforint/ROS2_study/turtlesim_action/build/my_turtle_action_interface': CMAKE_PREFIX_PATH=${CMAKE_PREFIX_PATH}:/opt/ros/jazzy /usr/bin/cmake --install /home/dexforint/ROS2_study/turtlesim_action/build/my_turtle_action_interface
[5.405s] -- Install configuration: ""
[5.406s] -- Installing: /home/dexforint/ROS2_study/turtlesim_action/install/my_turtle_action_interface/share/ament_index/resource_index/rosidl_interfaces/my_turtle_action_interface
[5.406s] -- Installing: /home/dexforint/ROS2_study/turtlesim_action/install/my_turtle_action_interface/share/my_turtle_action_interface/action/SummCalculate.json
[5.406s] -- Installing: /home/dexforint/ROS2_study/turtlesim_action/install/my_turtle_action_interface/include/my_turtle_action_interface/my_turtle_action_interface
[5.406s] -- Installing: /home/dexforint/ROS2_study/turtlesim_action/install/my_turtle_action_interface/include/my_turtle_action_interface/my_turtle_action_interface/action
[5.406s] -- Installing: /home/dexforint/ROS2_study/turtlesim_action/install/my_turtle_action_interface/include/my_turtle_action_interface/my_turtle_action_interface/action/detail
[5.406s] -- Installing: /home/dexforint/ROS2_study/turtlesim_action/install/my_turtle_action_interface/include/my_turtle_action_interface/my_turtle_action_interface/action/detail/summ_calculate__struct.h
[5.406s] -- Installing: /home/dexforint/ROS2_study/turtlesim_action/install/my_turtle_action_interface/include/my_turtle_action_interface/my_turtle_action_interface/action/detail/summ_calculate__functions.c
[5.406s] -- Installing: /home/dexforint/ROS2_study/turtlesim_action/install/my_turtle_action_interface/include/my_turtle_action_interface/my_turtle_action_interface/action/detail/summ_calculate__type_support.c
[5.407s] -- Installing: /home/dexforint/ROS2_study/turtlesim_action/install/my_turtle_action_interface/include/my_turtle_action_interface/my_turtle_action_interface/action/detail/summ_calculate__functions.h
[5.407s] -- Installing: /home/dexforint/ROS2_study/turtlesim_action/install/my_turtle_action_interface/include/my_turtle_action_interface/my_turtle_action_interface/action/detail/summ_calculate__type_support.h
[5.407s] -- Installing: /home/dexforint/ROS2_study/turtlesim_action/install/my_turtle_action_interface/include/my_turtle_action_interface/my_turtle_action_interface/action/detail/summ_calculate__description.c
[5.407s] -- Installing: /home/dexforint/ROS2_study/turtlesim_action/install/my_turtle_action_interface/include/my_turtle_action_interface/my_turtle_action_interface/action/summ_calculate.h
[5.407s] -- Installing: /home/dexforint/ROS2_study/turtlesim_action/install/my_turtle_action_interface/include/my_turtle_action_interface/my_turtle_action_interface/msg
[5.407s] -- Installing: /home/dexforint/ROS2_study/turtlesim_action/install/my_turtle_action_interface/include/my_turtle_action_interface/my_turtle_action_interface/msg/rosidl_generator_c__visibility_control.h
[5.407s] -- Installing: /home/dexforint/ROS2_study/turtlesim_action/install/my_turtle_action_interface/share/my_turtle_action_interface/environment/library_path.sh
[5.407s] -- Installing: /home/dexforint/ROS2_study/turtlesim_action/install/my_turtle_action_interface/share/my_turtle_action_interface/environment/library_path.dsv
[5.407s] -- Installing: /home/dexforint/ROS2_study/turtlesim_action/install/my_turtle_action_interface/lib/libmy_turtle_action_interface__rosidl_generator_c.so
[5.407s] -- Set non-toolchain portion of runtime path of "/home/dexforint/ROS2_study/turtlesim_action/install/my_turtle_action_interface/lib/libmy_turtle_action_interface__rosidl_generator_c.so" to ""
[5.408s] -- Up-to-date: /home/dexforint/ROS2_study/turtlesim_action/install/my_turtle_action_interface/include/my_turtle_action_interface/my_turtle_action_interface
[5.408s] -- Up-to-date: /home/dexforint/ROS2_study/turtlesim_action/install/my_turtle_action_interface/include/my_turtle_action_interface/my_turtle_action_interface/action
[5.408s] -- Up-to-date: /home/dexforint/ROS2_study/turtlesim_action/install/my_turtle_action_interface/include/my_turtle_action_interface/my_turtle_action_interface/action/detail
[5.408s] -- Installing: /home/dexforint/ROS2_study/turtlesim_action/install/my_turtle_action_interface/include/my_turtle_action_interface/my_turtle_action_interface/action/detail/summ_calculate__rosidl_typesupport_fastrtps_c.h
[5.408s] -- Up-to-date: /home/dexforint/ROS2_study/turtlesim_action/install/my_turtle_action_interface/include/my_turtle_action_interface/my_turtle_action_interface/msg
[5.408s] -- Installing: /home/dexforint/ROS2_study/turtlesim_action/install/my_turtle_action_interface/include/my_turtle_action_interface/my_turtle_action_interface/msg/rosidl_typesupport_fastrtps_c__visibility_control.h
[5.408s] -- Installing: /home/dexforint/ROS2_study/turtlesim_action/install/my_turtle_action_interface/lib/libmy_turtle_action_interface__rosidl_typesupport_fastrtps_c.so
[5.408s] -- Set non-toolchain portion of runtime path of "/home/dexforint/ROS2_study/turtlesim_action/install/my_turtle_action_interface/lib/libmy_turtle_action_interface__rosidl_typesupport_fastrtps_c.so" to ""
[5.408s] -- Up-to-date: /home/dexforint/ROS2_study/turtlesim_action/install/my_turtle_action_interface/include/my_turtle_action_interface/my_turtle_action_interface
[5.408s] -- Up-to-date: /home/dexforint/ROS2_study/turtlesim_action/install/my_turtle_action_interface/include/my_turtle_action_interface/my_turtle_action_interface/action
[5.409s] -- Up-to-date: /home/dexforint/ROS2_study/turtlesim_action/install/my_turtle_action_interface/include/my_turtle_action_interface/my_turtle_action_interface/action/detail
[5.409s] -- Installing: /home/dexforint/ROS2_study/turtlesim_action/install/my_turtle_action_interface/include/my_turtle_action_interface/my_turtle_action_interface/action/detail/summ_calculate__rosidl_typesupport_introspection_c.h
[5.409s] -- Up-to-date: /home/dexforint/ROS2_study/turtlesim_action/install/my_turtle_action_interface/include/my_turtle_action_interface/my_turtle_action_interface/action/detail/summ_calculate__type_support.c
[5.409s] -- Up-to-date: /home/dexforint/ROS2_study/turtlesim_action/install/my_turtle_action_interface/include/my_turtle_action_interface/my_turtle_action_interface/msg
[5.409s] -- Installing: /home/dexforint/ROS2_study/turtlesim_action/install/my_turtle_action_interface/include/my_turtle_action_interface/my_turtle_action_interface/msg/rosidl_typesupport_introspection_c__visibility_control.h
[5.409s] -- Installing: /home/dexforint/ROS2_study/turtlesim_action/install/my_turtle_action_interface/lib/libmy_turtle_action_interface__rosidl_typesupport_introspection_c.so
[5.409s] -- Set non-toolchain portion of runtime path of "/home/dexforint/ROS2_study/turtlesim_action/install/my_turtle_action_interface/lib/libmy_turtle_action_interface__rosidl_typesupport_introspection_c.so" to ""
[5.409s] -- Installing: /home/dexforint/ROS2_study/turtlesim_action/install/my_turtle_action_interface/lib/libmy_turtle_action_interface__rosidl_typesupport_c.so
[5.409s] -- Set non-toolchain portion of runtime path of "/home/dexforint/ROS2_study/turtlesim_action/install/my_turtle_action_interface/lib/libmy_turtle_action_interface__rosidl_typesupport_c.so" to ""
[5.409s] -- Up-to-date: /home/dexforint/ROS2_study/turtlesim_action/install/my_turtle_action_interface/include/my_turtle_action_interface/my_turtle_action_interface
[5.409s] -- Up-to-date: /home/dexforint/ROS2_study/turtlesim_action/install/my_turtle_action_interface/include/my_turtle_action_interface/my_turtle_action_interface/action
[5.410s] -- Installing: /home/dexforint/ROS2_study/turtlesim_action/install/my_turtle_action_interface/include/my_turtle_action_interface/my_turtle_action_interface/action/summ_calculate.hpp
[5.410s] -- Up-to-date: /home/dexforint/ROS2_study/turtlesim_action/install/my_turtle_action_interface/include/my_turtle_action_interface/my_turtle_action_interface/action/detail
[5.410s] -- Installing: /home/dexforint/ROS2_study/turtlesim_action/install/my_turtle_action_interface/include/my_turtle_action_interface/my_turtle_action_interface/action/detail/summ_calculate__struct.hpp
[5.410s] -- Installing: /home/dexforint/ROS2_study/turtlesim_action/install/my_turtle_action_interface/include/my_turtle_action_interface/my_turtle_action_interface/action/detail/summ_calculate__builder.hpp
[5.411s] -- Installing: /home/dexforint/ROS2_study/turtlesim_action/install/my_turtle_action_interface/include/my_turtle_action_interface/my_turtle_action_interface/action/detail/summ_calculate__traits.hpp
[5.412s] -- Installing: /home/dexforint/ROS2_study/turtlesim_action/install/my_turtle_action_interface/include/my_turtle_action_interface/my_turtle_action_interface/action/detail/summ_calculate__type_support.hpp
[5.412s] -- Up-to-date: /home/dexforint/ROS2_study/turtlesim_action/install/my_turtle_action_interface/include/my_turtle_action_interface/my_turtle_action_interface/msg
[5.412s] -- Installing: /home/dexforint/ROS2_study/turtlesim_action/install/my_turtle_action_interface/include/my_turtle_action_interface/my_turtle_action_interface/msg/rosidl_generator_cpp__visibility_control.hpp
[5.412s] -- Up-to-date: /home/dexforint/ROS2_study/turtlesim_action/install/my_turtle_action_interface/include/my_turtle_action_interface/my_turtle_action_interface
[5.412s] -- Up-to-date: /home/dexforint/ROS2_study/turtlesim_action/install/my_turtle_action_interface/include/my_turtle_action_interface/my_turtle_action_interface/action
[5.412s] -- Up-to-date: /home/dexforint/ROS2_study/turtlesim_action/install/my_turtle_action_interface/include/my_turtle_action_interface/my_turtle_action_interface/action/detail
[5.412s] -- Installing: /home/dexforint/ROS2_study/turtlesim_action/install/my_turtle_action_interface/include/my_turtle_action_interface/my_turtle_action_interface/action/detail/dds_fastrtps
[5.412s] -- Installing: /home/dexforint/ROS2_study/turtlesim_action/install/my_turtle_action_interface/include/my_turtle_action_interface/my_turtle_action_interface/action/detail/summ_calculate__rosidl_typesupport_fastrtps_cpp.hpp
[5.412s] -- Up-to-date: /home/dexforint/ROS2_study/turtlesim_action/install/my_turtle_action_interface/include/my_turtle_action_interface/my_turtle_action_interface/msg
[5.412s] -- Installing: /home/dexforint/ROS2_study/turtlesim_action/install/my_turtle_action_interface/include/my_turtle_action_interface/my_turtle_action_interface/msg/rosidl_typesupport_fastrtps_cpp__visibility_control.h
[5.412s] -- Installing: /home/dexforint/ROS2_study/turtlesim_action/install/my_turtle_action_interface/lib/libmy_turtle_action_interface__rosidl_typesupport_fastrtps_cpp.so
[5.412s] -- Set non-toolchain portion of runtime path of "/home/dexforint/ROS2_study/turtlesim_action/install/my_turtle_action_interface/lib/libmy_turtle_action_interface__rosidl_typesupport_fastrtps_cpp.so" to ""
[5.412s] -- Up-to-date: /home/dexforint/ROS2_study/turtlesim_action/install/my_turtle_action_interface/include/my_turtle_action_interface/my_turtle_action_interface
[5.412s] -- Up-to-date: /home/dexforint/ROS2_study/turtlesim_action/install/my_turtle_action_interface/include/my_turtle_action_interface/my_turtle_action_interface/action
[5.412s] -- Up-to-date: /home/dexforint/ROS2_study/turtlesim_action/install/my_turtle_action_interface/include/my_turtle_action_interface/my_turtle_action_interface/action/detail
[5.412s] -- Installing: /home/dexforint/ROS2_study/turtlesim_action/install/my_turtle_action_interface/include/my_turtle_action_interface/my_turtle_action_interface/action/detail/summ_calculate__type_support.cpp
[5.412s] -- Installing: /home/dexforint/ROS2_study/turtlesim_action/install/my_turtle_action_interface/include/my_turtle_action_interface/my_turtle_action_interface/action/detail/summ_calculate__rosidl_typesupport_introspection_cpp.hpp
[5.412s] -- Installing: /home/dexforint/ROS2_study/turtlesim_action/install/my_turtle_action_interface/lib/libmy_turtle_action_interface__rosidl_typesupport_introspection_cpp.so
[5.412s] -- Set non-toolchain portion of runtime path of "/home/dexforint/ROS2_study/turtlesim_action/install/my_turtle_action_interface/lib/libmy_turtle_action_interface__rosidl_typesupport_introspection_cpp.so" to ""
[5.413s] -- Installing: /home/dexforint/ROS2_study/turtlesim_action/install/my_turtle_action_interface/lib/libmy_turtle_action_interface__rosidl_typesupport_cpp.so
[5.413s] -- Set non-toolchain portion of runtime path of "/home/dexforint/ROS2_study/turtlesim_action/install/my_turtle_action_interface/lib/libmy_turtle_action_interface__rosidl_typesupport_cpp.so" to ""
[5.413s] -- Installing: /home/dexforint/ROS2_study/turtlesim_action/install/my_turtle_action_interface/share/my_turtle_action_interface/environment/pythonpath.sh
[5.413s] -- Installing: /home/dexforint/ROS2_study/turtlesim_action/install/my_turtle_action_interface/share/my_turtle_action_interface/environment/pythonpath.dsv
[5.413s] -- Installing: /home/dexforint/ROS2_study/turtlesim_action/install/my_turtle_action_interface/lib/python3.12/site-packages/my_turtle_action_interface-0.0.0-py3.12.egg-info
[5.413s] -- Installing: /home/dexforint/ROS2_study/turtlesim_action/install/my_turtle_action_interface/lib/python3.12/site-packages/my_turtle_action_interface-0.0.0-py3.12.egg-info/dependency_links.txt
[5.413s] -- Installing: /home/dexforint/ROS2_study/turtlesim_action/install/my_turtle_action_interface/lib/python3.12/site-packages/my_turtle_action_interface-0.0.0-py3.12.egg-info/PKG-INFO
[5.413s] -- Installing: /home/dexforint/ROS2_study/turtlesim_action/install/my_turtle_action_interface/lib/python3.12/site-packages/my_turtle_action_interface-0.0.0-py3.12.egg-info/SOURCES.txt
[5.413s] -- Installing: /home/dexforint/ROS2_study/turtlesim_action/install/my_turtle_action_interface/lib/python3.12/site-packages/my_turtle_action_interface-0.0.0-py3.12.egg-info/top_level.txt
[5.413s] -- Installing: /home/dexforint/ROS2_study/turtlesim_action/install/my_turtle_action_interface/lib/python3.12/site-packages/my_turtle_action_interface
[5.413s] -- Installing: /home/dexforint/ROS2_study/turtlesim_action/install/my_turtle_action_interface/lib/python3.12/site-packages/my_turtle_action_interface/_my_turtle_action_interface_s.ep.rosidl_typesupport_c.c
[5.413s] -- Installing: /home/dexforint/ROS2_study/turtlesim_action/install/my_turtle_action_interface/lib/python3.12/site-packages/my_turtle_action_interface/my_turtle_action_interface_s__rosidl_typesupport_introspection_c.so
[5.413s] -- Installing: /home/dexforint/ROS2_study/turtlesim_action/install/my_turtle_action_interface/lib/python3.12/site-packages/my_turtle_action_interface/action
[5.413s] -- Installing: /home/dexforint/ROS2_study/turtlesim_action/install/my_turtle_action_interface/lib/python3.12/site-packages/my_turtle_action_interface/action/__init__.py
[5.413s] -- Installing: /home/dexforint/ROS2_study/turtlesim_action/install/my_turtle_action_interface/lib/python3.12/site-packages/my_turtle_action_interface/action/_summ_calculate_s.c
[5.413s] -- Installing: /home/dexforint/ROS2_study/turtlesim_action/install/my_turtle_action_interface/lib/python3.12/site-packages/my_turtle_action_interface/action/_summ_calculate.py
[5.413s] -- Installing: /home/dexforint/ROS2_study/turtlesim_action/install/my_turtle_action_interface/lib/python3.12/site-packages/my_turtle_action_interface/__init__.py
[5.413s] -- Installing: /home/dexforint/ROS2_study/turtlesim_action/install/my_turtle_action_interface/lib/python3.12/site-packages/my_turtle_action_interface/_my_turtle_action_interface_s.ep.rosidl_typesupport_introspection_c.c
[5.413s] -- Installing: /home/dexforint/ROS2_study/turtlesim_action/install/my_turtle_action_interface/lib/python3.12/site-packages/my_turtle_action_interface/my_turtle_action_interface_s__rosidl_typesupport_c.so
[5.413s] -- Installing: /home/dexforint/ROS2_study/turtlesim_action/install/my_turtle_action_interface/lib/python3.12/site-packages/my_turtle_action_interface/my_turtle_action_interface_s__rosidl_typesupport_fastrtps_c.so
[5.413s] -- Installing: /home/dexforint/ROS2_study/turtlesim_action/install/my_turtle_action_interface/lib/python3.12/site-packages/my_turtle_action_interface/_my_turtle_action_interface_s.ep.rosidl_typesupport_fastrtps_c.c
[5.442s] Listing '/home/dexforint/ROS2_study/turtlesim_action/install/my_turtle_action_interface/lib/python3.12/site-packages/my_turtle_action_interface'...
[5.442s] Compiling '/home/dexforint/ROS2_study/turtlesim_action/install/my_turtle_action_interface/lib/python3.12/site-packages/my_turtle_action_interface/__init__.py'...
[5.442s] Listing '/home/dexforint/ROS2_study/turtlesim_action/install/my_turtle_action_interface/lib/python3.12/site-packages/my_turtle_action_interface/action'...
[5.442s] Compiling '/home/dexforint/ROS2_study/turtlesim_action/install/my_turtle_action_interface/lib/python3.12/site-packages/my_turtle_action_interface/action/__init__.py'...
[5.442s] Compiling '/home/dexforint/ROS2_study/turtlesim_action/install/my_turtle_action_interface/lib/python3.12/site-packages/my_turtle_action_interface/action/_summ_calculate.py'...
[5.446s] -- Installing: /home/dexforint/ROS2_study/turtlesim_action/install/my_turtle_action_interface/lib/python3.12/site-packages/my_turtle_action_interface/my_turtle_action_interface_s__rosidl_typesupport_fastrtps_c.so
[5.446s] -- Set non-toolchain portion of runtime path of "/home/dexforint/ROS2_study/turtlesim_action/install/my_turtle_action_interface/lib/python3.12/site-packages/my_turtle_action_interface/my_turtle_action_interface_s__rosidl_typesupport_fastrtps_c.so" to ""
[5.446s] -- Installing: /home/dexforint/ROS2_study/turtlesim_action/install/my_turtle_action_interface/lib/python3.12/site-packages/my_turtle_action_interface/my_turtle_action_interface_s__rosidl_typesupport_introspection_c.so
[5.446s] -- Set non-toolchain portion of runtime path of "/home/dexforint/ROS2_study/turtlesim_action/install/my_turtle_action_interface/lib/python3.12/site-packages/my_turtle_action_interface/my_turtle_action_interface_s__rosidl_typesupport_introspection_c.so" to ""
[5.446s] -- Installing: /home/dexforint/ROS2_study/turtlesim_action/install/my_turtle_action_interface/lib/python3.12/site-packages/my_turtle_action_interface/my_turtle_action_interface_s__rosidl_typesupport_c.so
[5.446s] -- Set non-toolchain portion of runtime path of "/home/dexforint/ROS2_study/turtlesim_action/install/my_turtle_action_interface/lib/python3.12/site-packages/my_turtle_action_interface/my_turtle_action_interface_s__rosidl_typesupport_c.so" to ""
[5.446s] -- Installing: /home/dexforint/ROS2_study/turtlesim_action/install/my_turtle_action_interface/lib/libmy_turtle_action_interface__rosidl_generator_py.so
[5.447s] -- Set non-toolchain portion of runtime path of "/home/dexforint/ROS2_study/turtlesim_action/install/my_turtle_action_interface/lib/libmy_turtle_action_interface__rosidl_generator_py.so" to ""
[5.447s] -- Installing: /home/dexforint/ROS2_study/turtlesim_action/install/my_turtle_action_interface/share/my_turtle_action_interface/action/SummCalculate.idl
[5.447s] -- Installing: /home/dexforint/ROS2_study/turtlesim_action/install/my_turtle_action_interface/share/my_turtle_action_interface/action/SummCalculate.action
[5.447s] -- Installing: /home/dexforint/ROS2_study/turtlesim_action/install/my_turtle_action_interface/share/ament_index/resource_index/package_run_dependencies/my_turtle_action_interface
[5.447s] -- Installing: /home/dexforint/ROS2_study/turtlesim_action/install/my_turtle_action_interface/share/ament_index/resource_index/parent_prefix_path/my_turtle_action_interface
[5.447s] -- Installing: /home/dexforint/ROS2_study/turtlesim_action/install/my_turtle_action_interface/share/my_turtle_action_interface/environment/ament_prefix_path.sh
[5.447s] -- Installing: /home/dexforint/ROS2_study/turtlesim_action/install/my_turtle_action_interface/share/my_turtle_action_interface/environment/ament_prefix_path.dsv
[5.447s] -- Installing: /home/dexforint/ROS2_study/turtlesim_action/install/my_turtle_action_interface/share/my_turtle_action_interface/environment/path.sh
[5.447s] -- Installing: /home/dexforint/ROS2_study/turtlesim_action/install/my_turtle_action_interface/share/my_turtle_action_interface/environment/path.dsv
[5.448s] -- Installing: /home/dexforint/ROS2_study/turtlesim_action/install/my_turtle_action_interface/share/my_turtle_action_interface/local_setup.bash
[5.448s] -- Installing: /home/dexforint/ROS2_study/turtlesim_action/install/my_turtle_action_interface/share/my_turtle_action_interface/local_setup.sh
[5.448s] -- Installing: /home/dexforint/ROS2_study/turtlesim_action/install/my_turtle_action_interface/share/my_turtle_action_interface/local_setup.zsh
[5.448s] -- Installing: /home/dexforint/ROS2_study/turtlesim_action/install/my_turtle_action_interface/share/my_turtle_action_interface/local_setup.dsv
[5.448s] -- Installing: /home/dexforint/ROS2_study/turtlesim_action/install/my_turtle_action_interface/share/my_turtle_action_interface/package.dsv
[5.448s] -- Installing: /home/dexforint/ROS2_study/turtlesim_action/install/my_turtle_action_interface/share/ament_index/resource_index/packages/my_turtle_action_interface
[5.448s] -- Installing: /home/dexforint/ROS2_study/turtlesim_action/install/my_turtle_action_interface/share/my_turtle_action_interface/cmake/export_my_turtle_action_interface__rosidl_generator_cExport.cmake
[5.449s] -- Installing: /home/dexforint/ROS2_study/turtlesim_action/install/my_turtle_action_interface/share/my_turtle_action_interface/cmake/export_my_turtle_action_interface__rosidl_generator_cExport-noconfig.cmake
[5.449s] -- Installing: /home/dexforint/ROS2_study/turtlesim_action/install/my_turtle_action_interface/share/my_turtle_action_interface/cmake/export_my_turtle_action_interface__rosidl_typesupport_fastrtps_cExport.cmake
[5.449s] -- Installing: /home/dexforint/ROS2_study/turtlesim_action/install/my_turtle_action_interface/share/my_turtle_action_interface/cmake/export_my_turtle_action_interface__rosidl_typesupport_fastrtps_cExport-noconfig.cmake
[5.449s] -- Installing: /home/dexforint/ROS2_study/turtlesim_action/install/my_turtle_action_interface/share/my_turtle_action_interface/cmake/my_turtle_action_interface__rosidl_typesupport_introspection_cExport.cmake
[5.449s] -- Installing: /home/dexforint/ROS2_study/turtlesim_action/install/my_turtle_action_interface/share/my_turtle_action_interface/cmake/my_turtle_action_interface__rosidl_typesupport_introspection_cExport-noconfig.cmake
[5.449s] -- Installing: /home/dexforint/ROS2_study/turtlesim_action/install/my_turtle_action_interface/share/my_turtle_action_interface/cmake/my_turtle_action_interface__rosidl_typesupport_cExport.cmake
[5.450s] -- Installing: /home/dexforint/ROS2_study/turtlesim_action/install/my_turtle_action_interface/share/my_turtle_action_interface/cmake/my_turtle_action_interface__rosidl_typesupport_cExport-noconfig.cmake
[5.450s] -- Installing: /home/dexforint/ROS2_study/turtlesim_action/install/my_turtle_action_interface/share/my_turtle_action_interface/cmake/export_my_turtle_action_interface__rosidl_generator_cppExport.cmake
[5.450s] -- Installing: /home/dexforint/ROS2_study/turtlesim_action/install/my_turtle_action_interface/share/my_turtle_action_interface/cmake/export_my_turtle_action_interface__rosidl_typesupport_fastrtps_cppExport.cmake
[5.451s] -- Installing: /home/dexforint/ROS2_study/turtlesim_action/install/my_turtle_action_interface/share/my_turtle_action_interface/cmake/export_my_turtle_action_interface__rosidl_typesupport_fastrtps_cppExport-noconfig.cmake
[5.451s] -- Installing: /home/dexforint/ROS2_study/turtlesim_action/install/my_turtle_action_interface/share/my_turtle_action_interface/cmake/my_turtle_action_interface__rosidl_typesupport_introspection_cppExport.cmake
[5.451s] -- Installing: /home/dexforint/ROS2_study/turtlesim_action/install/my_turtle_action_interface/share/my_turtle_action_interface/cmake/my_turtle_action_interface__rosidl_typesupport_introspection_cppExport-noconfig.cmake
[5.451s] -- Installing: /home/dexforint/ROS2_study/turtlesim_action/install/my_turtle_action_interface/share/my_turtle_action_interface/cmake/my_turtle_action_interface__rosidl_typesupport_cppExport.cmake
[5.451s] -- Installing: /home/dexforint/ROS2_study/turtlesim_action/install/my_turtle_action_interface/share/my_turtle_action_interface/cmake/my_turtle_action_interface__rosidl_typesupport_cppExport-noconfig.cmake
[5.451s] -- Installing: /home/dexforint/ROS2_study/turtlesim_action/install/my_turtle_action_interface/share/my_turtle_action_interface/cmake/export_my_turtle_action_interface__rosidl_generator_pyExport.cmake
[5.451s] -- Installing: /home/dexforint/ROS2_study/turtlesim_action/install/my_turtle_action_interface/share/my_turtle_action_interface/cmake/export_my_turtle_action_interface__rosidl_generator_pyExport-noconfig.cmake
[5.451s] -- Installing: /home/dexforint/ROS2_study/turtlesim_action/install/my_turtle_action_interface/share/my_turtle_action_interface/cmake/rosidl_cmake-extras.cmake
[5.451s] -- Installing: /home/dexforint/ROS2_study/turtlesim_action/install/my_turtle_action_interface/share/my_turtle_action_interface/cmake/ament_cmake_export_dependencies-extras.cmake
[5.451s] -- Installing: /home/dexforint/ROS2_study/turtlesim_action/install/my_turtle_action_interface/share/my_turtle_action_interface/cmake/ament_cmake_export_include_directories-extras.cmake
[5.451s] -- Installing: /home/dexforint/ROS2_study/turtlesim_action/install/my_turtle_action_interface/share/my_turtle_action_interface/cmake/ament_cmake_export_libraries-extras.cmake
[5.451s] -- Installing: /home/dexforint/ROS2_study/turtlesim_action/install/my_turtle_action_interface/share/my_turtle_action_interface/cmake/ament_cmake_export_targets-extras.cmake
[5.451s] -- Installing: /home/dexforint/ROS2_study/turtlesim_action/install/my_turtle_action_interface/share/my_turtle_action_interface/cmake/rosidl_cmake_export_typesupport_targets-extras.cmake
[5.451s] -- Installing: /home/dexforint/ROS2_study/turtlesim_action/install/my_turtle_action_interface/share/my_turtle_action_interface/cmake/rosidl_cmake_export_typesupport_libraries-extras.cmake
[5.452s] -- Installing: /home/dexforint/ROS2_study/turtlesim_action/install/my_turtle_action_interface/share/my_turtle_action_interface/cmake/my_turtle_action_interfaceConfig.cmake
[5.452s] -- Installing: /home/dexforint/ROS2_study/turtlesim_action/install/my_turtle_action_interface/share/my_turtle_action_interface/cmake/my_turtle_action_interfaceConfig-version.cmake
[5.452s] -- Installing: /home/dexforint/ROS2_study/turtlesim_action/install/my_turtle_action_interface/share/my_turtle_action_interface/package.xml
[5.453s] Invoked command in '/home/dexforint/ROS2_study/turtlesim_action/build/my_turtle_action_interface' returned '0': CMAKE_PREFIX_PATH=${CMAKE_PREFIX_PATH}:/opt/ros/jazzy /usr/bin/cmake --install /home/dexforint/ROS2_study/turtlesim_action/build/my_turtle_action_interface
