[0.087s] DEBUG:colcon:Command line arguments: ['/usr/bin/colcon', 'build']
[0.087s] DEBUG:colcon:Parsed command line arguments: Namespace(log_base=None, log_level=None, verb_name='build', build_base='build', install_base='install', merge_install=False, symlink_install=False, test_result_base=None, continue_on_error=False, executor='parallel', parallel_workers=16, event_handlers=None, ignore_user_meta=False, metas=['./colcon.meta'], base_paths=['.'], packages_ignore=None, packages_ignore_regex=None, paths=None, packages_up_to=None, packages_up_to_regex=None, packages_above=None, packages_above_and_dependencies=None, packages_above_depth=None, packages_select_by_dep=None, packages_skip_by_dep=None, packages_skip_up_to=None, packages_select_build_failed=False, packages_skip_build_finished=False, packages_select_test_failures=False, packages_skip_test_passed=False, packages_select=None, packages_skip=None, packages_select_regex=None, packages_skip_regex=None, packages_start=None, packages_end=None, allow_overriding=[], cmake_args=None, cmake_target=None, cmake_target_skip_unavailable=False, cmake_clean_cache=False, cmake_clean_first=False, cmake_force_configure=False, ament_cmake_args=None, catkin_cmake_args=None, catkin_skip_building_tests=False, mixin_files=None, mixin=None, verb_parser=<colcon_mixin.mixin.mixin_argument.MixinArgumentDecorator object at 0x7f63159c9820>, verb_extension=<colcon_core.verb.build.BuildVerb object at 0x7f63159c9520>, main=<bound method BuildVerb.main of <colcon_core.verb.build.BuildVerb object at 0x7f63159c9520>>, mixin_verb=('build',))
[0.108s] Level 1:colcon.colcon_core.package_discovery:discover_packages(colcon_meta) check parameters
[0.108s] Level 1:colcon.colcon_core.package_discovery:discover_packages(recursive) check parameters
[0.108s] Level 1:colcon.colcon_core.package_discovery:discover_packages(ignore) check parameters
[0.108s] Level 1:colcon.colcon_core.package_discovery:discover_packages(path) check parameters
[0.108s] Level 1:colcon.colcon_core.package_discovery:discover_packages(colcon_meta) discover
[0.108s] Level 1:colcon.colcon_core.package_discovery:discover_packages(recursive) discover
[0.108s] INFO:colcon.colcon_core.package_discovery:Crawling recursively for packages in '/home/dexforint/ROS2_study/turtlesim_action'
[0.108s] Level 1:colcon.colcon_core.package_identification:_identify(.) by extensions ['ignore', 'ignore_ament_install']
[0.108s] Level 1:colcon.colcon_core.package_identification:_identify(.) by extension 'ignore'
[0.109s] Level 1:colcon.colcon_core.package_identification:_identify(.) by extension 'ignore_ament_install'
[0.109s] Level 1:colcon.colcon_core.package_identification:_identify(.) by extensions ['colcon_pkg']
[0.109s] Level 1:colcon.colcon_core.package_identification:_identify(.) by extension 'colcon_pkg'
[0.109s] Level 1:colcon.colcon_core.package_identification:_identify(.) by extensions ['colcon_meta']
[0.109s] Level 1:colcon.colcon_core.package_identification:_identify(.) by extension 'colcon_meta'
[0.109s] Level 1:colcon.colcon_core.package_identification:_identify(.) by extensions ['ros']
[0.109s] Level 1:colcon.colcon_core.package_identification:_identify(.) by extension 'ros'
[0.124s] Level 1:colcon.colcon_core.package_identification:_identify(.) by extensions ['cmake', 'python']
[0.124s] Level 1:colcon.colcon_core.package_identification:_identify(.) by extension 'cmake'
[0.124s] Level 1:colcon.colcon_core.package_identification:_identify(.) by extension 'python'
[0.124s] Level 1:colcon.colcon_core.package_identification:_identify(.) by extensions ['python_setup_py']
[0.124s] Level 1:colcon.colcon_core.package_identification:_identify(.) by extension 'python_setup_py'
[0.124s] Level 1:colcon.colcon_core.package_identification:_identify(build) by extensions ['ignore', 'ignore_ament_install']
[0.124s] Level 1:colcon.colcon_core.package_identification:_identify(build) by extension 'ignore'
[0.124s] Level 1:colcon.colcon_core.package_identification:_identify(build) ignored
[0.124s] Level 1:colcon.colcon_core.package_identification:_identify(install) by extensions ['ignore', 'ignore_ament_install']
[0.124s] Level 1:colcon.colcon_core.package_identification:_identify(install) by extension 'ignore'
[0.124s] Level 1:colcon.colcon_core.package_identification:_identify(install) ignored
[0.124s] Level 1:colcon.colcon_core.package_identification:_identify(log) by extensions ['ignore', 'ignore_ament_install']
[0.124s] Level 1:colcon.colcon_core.package_identification:_identify(log) by extension 'ignore'
[0.124s] Level 1:colcon.colcon_core.package_identification:_identify(log) ignored
[0.124s] Level 1:colcon.colcon_core.package_identification:_identify(src) by extensions ['ignore', 'ignore_ament_install']
[0.125s] Level 1:colcon.colcon_core.package_identification:_identify(src) by extension 'ignore'
[0.125s] Level 1:colcon.colcon_core.package_identification:_identify(src) by extension 'ignore_ament_install'
[0.125s] Level 1:colcon.colcon_core.package_identification:_identify(src) by extensions ['colcon_pkg']
[0.125s] Level 1:colcon.colcon_core.package_identification:_identify(src) by extension 'colcon_pkg'
[0.125s] Level 1:colcon.colcon_core.package_identification:_identify(src) by extensions ['colcon_meta']
[0.125s] Level 1:colcon.colcon_core.package_identification:_identify(src) by extension 'colcon_meta'
[0.125s] Level 1:colcon.colcon_core.package_identification:_identify(src) by extensions ['ros']
[0.125s] Level 1:colcon.colcon_core.package_identification:_identify(src) by extension 'ros'
[0.125s] Level 1:colcon.colcon_core.package_identification:_identify(src) by extensions ['cmake', 'python']
[0.125s] Level 1:colcon.colcon_core.package_identification:_identify(src) by extension 'cmake'
[0.125s] Level 1:colcon.colcon_core.package_identification:_identify(src) by extension 'python'
[0.125s] Level 1:colcon.colcon_core.package_identification:_identify(src) by extensions ['python_setup_py']
[0.125s] Level 1:colcon.colcon_core.package_identification:_identify(src) by extension 'python_setup_py'
[0.125s] Level 1:colcon.colcon_core.package_identification:_identify(src/my_turtle_action) by extensions ['ignore', 'ignore_ament_install']
[0.125s] Level 1:colcon.colcon_core.package_identification:_identify(src/my_turtle_action) by extension 'ignore'
[0.125s] Level 1:colcon.colcon_core.package_identification:_identify(src/my_turtle_action) by extension 'ignore_ament_install'
[0.125s] Level 1:colcon.colcon_core.package_identification:_identify(src/my_turtle_action) by extensions ['colcon_pkg']
[0.125s] Level 1:colcon.colcon_core.package_identification:_identify(src/my_turtle_action) by extension 'colcon_pkg'
[0.125s] Level 1:colcon.colcon_core.package_identification:_identify(src/my_turtle_action) by extensions ['colcon_meta']
[0.125s] Level 1:colcon.colcon_core.package_identification:_identify(src/my_turtle_action) by extension 'colcon_meta'
[0.125s] Level 1:colcon.colcon_core.package_identification:_identify(src/my_turtle_action) by extensions ['ros']
[0.125s] Level 1:colcon.colcon_core.package_identification:_identify(src/my_turtle_action) by extension 'ros'
[0.126s] DEBUG:colcon.colcon_core.package_identification:Package 'src/my_turtle_action' with type 'ros.ament_python' and name 'my_turtle_action'
[0.126s] Level 1:colcon.colcon_core.package_identification:_identify(src/my_turtle_action_interface) by extensions ['ignore', 'ignore_ament_install']
[0.126s] Level 1:colcon.colcon_core.package_identification:_identify(src/my_turtle_action_interface) by extension 'ignore'
[0.126s] Level 1:colcon.colcon_core.package_identification:_identify(src/my_turtle_action_interface) by extension 'ignore_ament_install'
[0.126s] Level 1:colcon.colcon_core.package_identification:_identify(src/my_turtle_action_interface) by extensions ['colcon_pkg']
[0.127s] Level 1:colcon.colcon_core.package_identification:_identify(src/my_turtle_action_interface) by extension 'colcon_pkg'
[0.127s] Level 1:colcon.colcon_core.package_identification:_identify(src/my_turtle_action_interface) by extensions ['colcon_meta']
[0.127s] Level 1:colcon.colcon_core.package_identification:_identify(src/my_turtle_action_interface) by extension 'colcon_meta'
[0.127s] Level 1:colcon.colcon_core.package_identification:_identify(src/my_turtle_action_interface) by extensions ['ros']
[0.127s] Level 1:colcon.colcon_core.package_identification:_identify(src/my_turtle_action_interface) by extension 'ros'
[0.127s] DEBUG:colcon.colcon_core.package_identification:Package 'src/my_turtle_action_interface' with type 'ros.ament_cmake' and name 'my_turtle_action_interface'
[0.127s] Level 1:colcon.colcon_core.package_identification:_identify(src/my_turtle_msg_interface) by extensions ['ignore', 'ignore_ament_install']
[0.127s] Level 1:colcon.colcon_core.package_identification:_identify(src/my_turtle_msg_interface) by extension 'ignore'
[0.127s] Level 1:colcon.colcon_core.package_identification:_identify(src/my_turtle_msg_interface) by extension 'ignore_ament_install'
[0.127s] Level 1:colcon.colcon_core.package_identification:_identify(src/my_turtle_msg_interface) by extensions ['colcon_pkg']
[0.127s] Level 1:colcon.colcon_core.package_identification:_identify(src/my_turtle_msg_interface) by extension 'colcon_pkg'
[0.127s] Level 1:colcon.colcon_core.package_identification:_identify(src/my_turtle_msg_interface) by extensions ['colcon_meta']
[0.127s] Level 1:colcon.colcon_core.package_identification:_identify(src/my_turtle_msg_interface) by extension 'colcon_meta'
[0.127s] Level 1:colcon.colcon_core.package_identification:_identify(src/my_turtle_msg_interface) by extensions ['ros']
[0.127s] Level 1:colcon.colcon_core.package_identification:_identify(src/my_turtle_msg_interface) by extension 'ros'
[0.127s] DEBUG:colcon.colcon_core.package_identification:Package 'src/my_turtle_msg_interface' with type 'ros.ament_cmake' and name 'my_turtle_msg_interface'
[0.127s] Level 1:colcon.colcon_core.package_discovery:discover_packages(recursive) using defaults
[0.127s] Level 1:colcon.colcon_core.package_discovery:discover_packages(ignore) discover
[0.127s] Level 1:colcon.colcon_core.package_discovery:discover_packages(ignore) using defaults
[0.127s] Level 1:colcon.colcon_core.package_discovery:discover_packages(path) discover
[0.127s] Level 1:colcon.colcon_core.package_discovery:discover_packages(path) using defaults
[0.138s] Level 1:colcon.colcon_core.package_discovery:discover_packages(prefix_path) check parameters
[0.138s] Level 1:colcon.colcon_core.package_discovery:discover_packages(prefix_path) discover
[0.139s] DEBUG:colcon.colcon_installed_package_information.package_discovery:Found 285 installed packages in /opt/ros/jazzy
[0.140s] Level 1:colcon.colcon_core.package_discovery:discover_packages(prefix_path) using defaults
[0.159s] Level 5:colcon.colcon_core.verb:set package 'my_turtle_action' build argument 'cmake_args' from command line to 'None'
[0.159s] Level 5:colcon.colcon_core.verb:set package 'my_turtle_action' build argument 'cmake_target' from command line to 'None'
[0.159s] Level 5:colcon.colcon_core.verb:set package 'my_turtle_action' build argument 'cmake_target_skip_unavailable' from command line to 'False'
[0.159s] Level 5:colcon.colcon_core.verb:set package 'my_turtle_action' build argument 'cmake_clean_cache' from command line to 'False'
[0.159s] Level 5:colcon.colcon_core.verb:set package 'my_turtle_action' build argument 'cmake_clean_first' from command line to 'False'
[0.159s] Level 5:colcon.colcon_core.verb:set package 'my_turtle_action' build argument 'cmake_force_configure' from command line to 'False'
[0.159s] Level 5:colcon.colcon_core.verb:set package 'my_turtle_action' build argument 'ament_cmake_args' from command line to 'None'
[0.159s] Level 5:colcon.colcon_core.verb:set package 'my_turtle_action' build argument 'catkin_cmake_args' from command line to 'None'
[0.159s] Level 5:colcon.colcon_core.verb:set package 'my_turtle_action' build argument 'catkin_skip_building_tests' from command line to 'False'
[0.159s] DEBUG:colcon.colcon_core.verb:Building package 'my_turtle_action' with the following arguments: {'ament_cmake_args': None, 'build_base': '/home/dexforint/ROS2_study/turtlesim_action/build/my_turtle_action', 'catkin_cmake_args': None, 'catkin_skip_building_tests': False, 'cmake_args': None, 'cmake_clean_cache': False, 'cmake_clean_first': False, 'cmake_force_configure': False, 'cmake_target': None, 'cmake_target_skip_unavailable': False, 'install_base': '/home/dexforint/ROS2_study/turtlesim_action/install/my_turtle_action', 'merge_install': False, 'path': '/home/dexforint/ROS2_study/turtlesim_action/src/my_turtle_action', 'symlink_install': False, 'test_result_base': None}
[0.159s] Level 5:colcon.colcon_core.verb:set package 'my_turtle_action_interface' build argument 'cmake_args' from command line to 'None'
[0.159s] Level 5:colcon.colcon_core.verb:set package 'my_turtle_action_interface' build argument 'cmake_target' from command line to 'None'
[0.159s] Level 5:colcon.colcon_core.verb:set package 'my_turtle_action_interface' build argument 'cmake_target_skip_unavailable' from command line to 'False'
[0.159s] Level 5:colcon.colcon_core.verb:set package 'my_turtle_action_interface' build argument 'cmake_clean_cache' from command line to 'False'
[0.159s] Level 5:colcon.colcon_core.verb:set package 'my_turtle_action_interface' build argument 'cmake_clean_first' from command line to 'False'
[0.159s] Level 5:colcon.colcon_core.verb:set package 'my_turtle_action_interface' build argument 'cmake_force_configure' from command line to 'False'
[0.159s] Level 5:colcon.colcon_core.verb:set package 'my_turtle_action_interface' build argument 'ament_cmake_args' from command line to 'None'
[0.159s] Level 5:colcon.colcon_core.verb:set package 'my_turtle_action_interface' build argument 'catkin_cmake_args' from command line to 'None'
[0.159s] Level 5:colcon.colcon_core.verb:set package 'my_turtle_action_interface' build argument 'catkin_skip_building_tests' from command line to 'False'
[0.159s] DEBUG:colcon.colcon_core.verb:Building package 'my_turtle_action_interface' with the following arguments: {'ament_cmake_args': None, 'build_base': '/home/dexforint/ROS2_study/turtlesim_action/build/my_turtle_action_interface', 'catkin_cmake_args': None, 'catkin_skip_building_tests': False, 'cmake_args': None, 'cmake_clean_cache': False, 'cmake_clean_first': False, 'cmake_force_configure': False, 'cmake_target': None, 'cmake_target_skip_unavailable': False, 'install_base': '/home/dexforint/ROS2_study/turtlesim_action/install/my_turtle_action_interface', 'merge_install': False, 'path': '/home/dexforint/ROS2_study/turtlesim_action/src/my_turtle_action_interface', 'symlink_install': False, 'test_result_base': None}
[0.159s] Level 5:colcon.colcon_core.verb:set package 'my_turtle_msg_interface' build argument 'cmake_args' from command line to 'None'
[0.159s] Level 5:colcon.colcon_core.verb:set package 'my_turtle_msg_interface' build argument 'cmake_target' from command line to 'None'
[0.159s] Level 5:colcon.colcon_core.verb:set package 'my_turtle_msg_interface' build argument 'cmake_target_skip_unavailable' from command line to 'False'
[0.159s] Level 5:colcon.colcon_core.verb:set package 'my_turtle_msg_interface' build argument 'cmake_clean_cache' from command line to 'False'
[0.159s] Level 5:colcon.colcon_core.verb:set package 'my_turtle_msg_interface' build argument 'cmake_clean_first' from command line to 'False'
[0.159s] Level 5:colcon.colcon_core.verb:set package 'my_turtle_msg_interface' build argument 'cmake_force_configure' from command line to 'False'
[0.159s] Level 5:colcon.colcon_core.verb:set package 'my_turtle_msg_interface' build argument 'ament_cmake_args' from command line to 'None'
[0.159s] Level 5:colcon.colcon_core.verb:set package 'my_turtle_msg_interface' build argument 'catkin_cmake_args' from command line to 'None'
[0.159s] Level 5:colcon.colcon_core.verb:set package 'my_turtle_msg_interface' build argument 'catkin_skip_building_tests' from command line to 'False'
[0.159s] DEBUG:colcon.colcon_core.verb:Building package 'my_turtle_msg_interface' with the following arguments: {'ament_cmake_args': None, 'build_base': '/home/dexforint/ROS2_study/turtlesim_action/build/my_turtle_msg_interface', 'catkin_cmake_args': None, 'catkin_skip_building_tests': False, 'cmake_args': None, 'cmake_clean_cache': False, 'cmake_clean_first': False, 'cmake_force_configure': False, 'cmake_target': None, 'cmake_target_skip_unavailable': False, 'install_base': '/home/dexforint/ROS2_study/turtlesim_action/install/my_turtle_msg_interface', 'merge_install': False, 'path': '/home/dexforint/ROS2_study/turtlesim_action/src/my_turtle_msg_interface', 'symlink_install': False, 'test_result_base': None}
[0.159s] INFO:colcon.colcon_core.executor:Executing jobs using 'parallel' executor
[0.162s] DEBUG:colcon.colcon_parallel_executor.executor.parallel:run_until_complete
[0.162s] INFO:colcon.colcon_ros.task.ament_python.build:Building ROS package in '/home/dexforint/ROS2_study/turtlesim_action/src/my_turtle_action' with build type 'ament_python'
[0.162s] Level 1:colcon.colcon_core.shell:create_environment_hook('my_turtle_action', 'ament_prefix_path')
[0.163s] INFO:colcon.colcon_core.plugin_system:Skipping extension 'colcon_core.shell.bat': Not used on non-Windows systems
[0.163s] INFO:colcon.colcon_core.shell:Creating environment hook '/home/dexforint/ROS2_study/turtlesim_action/install/my_turtle_action/share/my_turtle_action/hook/ament_prefix_path.ps1'
[0.164s] INFO:colcon.colcon_core.shell:Creating environment descriptor '/home/dexforint/ROS2_study/turtlesim_action/install/my_turtle_action/share/my_turtle_action/hook/ament_prefix_path.dsv'
[0.164s] INFO:colcon.colcon_core.shell:Creating environment hook '/home/dexforint/ROS2_study/turtlesim_action/install/my_turtle_action/share/my_turtle_action/hook/ament_prefix_path.sh'
[0.165s] INFO:colcon.colcon_core.shell:Skip shell extension 'powershell' for command environment: Not usable outside of PowerShell
[0.165s] DEBUG:colcon.colcon_core.shell:Skip shell extension 'dsv' for command environment
[0.167s] INFO:colcon.colcon_ros.task.ament_cmake.build:Building ROS package in '/home/dexforint/ROS2_study/turtlesim_action/src/my_turtle_action_interface' with build type 'ament_cmake'
[0.167s] INFO:colcon.colcon_cmake.task.cmake.build:Building CMake package in '/home/dexforint/ROS2_study/turtlesim_action/src/my_turtle_action_interface'
[0.167s] INFO:colcon.colcon_core.shell:Skip shell extension 'powershell' for command environment: Not usable outside of PowerShell
[0.167s] DEBUG:colcon.colcon_core.shell:Skip shell extension 'dsv' for command environment
[0.169s] INFO:colcon.colcon_ros.task.ament_cmake.build:Building ROS package in '/home/dexforint/ROS2_study/turtlesim_action/src/my_turtle_msg_interface' with build type 'ament_cmake'
[0.169s] INFO:colcon.colcon_cmake.task.cmake.build:Building CMake package in '/home/dexforint/ROS2_study/turtlesim_action/src/my_turtle_msg_interface'
[0.169s] INFO:colcon.colcon_core.shell:Skip shell extension 'powershell' for command environment: Not usable outside of PowerShell
[0.169s] DEBUG:colcon.colcon_core.shell:Skip shell extension 'dsv' for command environment
[0.299s] INFO:colcon.colcon_core.task.python.build:Building Python package in '/home/dexforint/ROS2_study/turtlesim_action/src/my_turtle_action'
[0.299s] INFO:colcon.colcon_core.shell:Skip shell extension 'powershell' for command environment: Not usable outside of PowerShell
[0.299s] DEBUG:colcon.colcon_core.shell:Skip shell extension 'dsv' for command environment
[0.303s] DEBUG:colcon.colcon_core.event_handler.log_command:Invoking command in '/home/dexforint/ROS2_study/turtlesim_action/build/my_turtle_action_interface': CMAKE_PREFIX_PATH=${CMAKE_PREFIX_PATH}:/opt/ros/jazzy /usr/bin/cmake /home/dexforint/ROS2_study/turtlesim_action/src/my_turtle_action_interface -DCMAKE_INSTALL_PREFIX=/home/dexforint/ROS2_study/turtlesim_action/install/my_turtle_action_interface
[0.306s] DEBUG:colcon.colcon_core.event_handler.log_command:Invoking command in '/home/dexforint/ROS2_study/turtlesim_action/build/my_turtle_msg_interface': CMAKE_PREFIX_PATH=${CMAKE_PREFIX_PATH}:/opt/ros/jazzy /usr/bin/cmake /home/dexforint/ROS2_study/turtlesim_action/src/my_turtle_msg_interface -DCMAKE_INSTALL_PREFIX=/home/dexforint/ROS2_study/turtlesim_action/install/my_turtle_msg_interface
[0.632s] DEBUG:colcon.colcon_core.event_handler.log_command:Invoking command in '/home/dexforint/ROS2_study/turtlesim_action/src/my_turtle_action': PYTHONPATH=/home/dexforint/ROS2_study/turtlesim_action/build/my_turtle_action/prefix_override:/usr/lib/python3/dist-packages/colcon_core/task/python/colcon_distutils_commands:/home/dexforint/ROS2_study/turtlesim_action/install/my_turtle_action/lib/python3.12/site-packages:${PYTHONPATH} /usr/bin/python3 -W ignore:setup.py install is deprecated -W ignore:easy_install command is deprecated setup.py egg_info --egg-base ../../build/my_turtle_action build --build-base /home/dexforint/ROS2_study/turtlesim_action/build/my_turtle_action/build install --record /home/dexforint/ROS2_study/turtlesim_action/build/my_turtle_action/install.log --single-version-externally-managed install_data
[0.932s] DEBUG:colcon.colcon_core.event_handler.log_command:Invoked command in '/home/dexforint/ROS2_study/turtlesim_action/src/my_turtle_action' returned '0': PYTHONPATH=/home/dexforint/ROS2_study/turtlesim_action/build/my_turtle_action/prefix_override:/usr/lib/python3/dist-packages/colcon_core/task/python/colcon_distutils_commands:/home/dexforint/ROS2_study/turtlesim_action/install/my_turtle_action/lib/python3.12/site-packages:${PYTHONPATH} /usr/bin/python3 -W ignore:setup.py install is deprecated -W ignore:easy_install command is deprecated setup.py egg_info --egg-base ../../build/my_turtle_action build --build-base /home/dexforint/ROS2_study/turtlesim_action/build/my_turtle_action/build install --record /home/dexforint/ROS2_study/turtlesim_action/build/my_turtle_action/install.log --single-version-externally-managed install_data
[0.933s] Level 1:colcon.colcon_core.environment:checking '/home/dexforint/ROS2_study/turtlesim_action/install/my_turtle_action' for CMake module files
[0.934s] Level 1:colcon.colcon_core.environment:checking '/home/dexforint/ROS2_study/turtlesim_action/install/my_turtle_action' for CMake config files
[0.934s] Level 1:colcon.colcon_core.environment:checking '/home/dexforint/ROS2_study/turtlesim_action/install/my_turtle_action/lib'
[0.934s] Level 1:colcon.colcon_core.environment:checking '/home/dexforint/ROS2_study/turtlesim_action/install/my_turtle_action/bin'
[0.934s] Level 1:colcon.colcon_core.environment:checking '/home/dexforint/ROS2_study/turtlesim_action/install/my_turtle_action/lib/pkgconfig/my_turtle_action.pc'
[0.934s] Level 1:colcon.colcon_core.environment:checking '/home/dexforint/ROS2_study/turtlesim_action/install/my_turtle_action/lib/python3.12/site-packages'
[0.934s] Level 1:colcon.colcon_core.shell:create_environment_hook('my_turtle_action', 'pythonpath')
[0.934s] INFO:colcon.colcon_core.shell:Creating environment hook '/home/dexforint/ROS2_study/turtlesim_action/install/my_turtle_action/share/my_turtle_action/hook/pythonpath.ps1'
[0.935s] INFO:colcon.colcon_core.shell:Creating environment descriptor '/home/dexforint/ROS2_study/turtlesim_action/install/my_turtle_action/share/my_turtle_action/hook/pythonpath.dsv'
[0.935s] INFO:colcon.colcon_core.shell:Creating environment hook '/home/dexforint/ROS2_study/turtlesim_action/install/my_turtle_action/share/my_turtle_action/hook/pythonpath.sh'
[0.935s] Level 1:colcon.colcon_core.environment:checking '/home/dexforint/ROS2_study/turtlesim_action/install/my_turtle_action/bin'
[0.935s] Level 1:colcon.colcon_core.environment:create_environment_scripts_only(my_turtle_action)
[0.935s] INFO:colcon.colcon_core.shell:Creating package script '/home/dexforint/ROS2_study/turtlesim_action/install/my_turtle_action/share/my_turtle_action/package.ps1'
[0.936s] INFO:colcon.colcon_core.shell:Creating package descriptor '/home/dexforint/ROS2_study/turtlesim_action/install/my_turtle_action/share/my_turtle_action/package.dsv'
[0.936s] INFO:colcon.colcon_core.shell:Creating package script '/home/dexforint/ROS2_study/turtlesim_action/install/my_turtle_action/share/my_turtle_action/package.sh'
[0.936s] INFO:colcon.colcon_core.shell:Creating package script '/home/dexforint/ROS2_study/turtlesim_action/install/my_turtle_action/share/my_turtle_action/package.bash'
[0.937s] INFO:colcon.colcon_core.shell:Creating package script '/home/dexforint/ROS2_study/turtlesim_action/install/my_turtle_action/share/my_turtle_action/package.zsh'
[0.937s] Level 1:colcon.colcon_core.environment:create_file_with_runtime_dependencies(/home/dexforint/ROS2_study/turtlesim_action/install/my_turtle_action/share/colcon-core/packages/my_turtle_action)
[2.951s] DEBUG:colcon.colcon_core.event_handler.log_command:Invoked command in '/home/dexforint/ROS2_study/turtlesim_action/build/my_turtle_msg_interface' returned '0': CMAKE_PREFIX_PATH=${CMAKE_PREFIX_PATH}:/opt/ros/jazzy /usr/bin/cmake /home/dexforint/ROS2_study/turtlesim_action/src/my_turtle_msg_interface -DCMAKE_INSTALL_PREFIX=/home/dexforint/ROS2_study/turtlesim_action/install/my_turtle_msg_interface
[2.952s] DEBUG:colcon.colcon_core.event_handler.log_command:Invoking command in '/home/dexforint/ROS2_study/turtlesim_action/build/my_turtle_msg_interface': CMAKE_PREFIX_PATH=${CMAKE_PREFIX_PATH}:/opt/ros/jazzy /usr/bin/cmake --build /home/dexforint/ROS2_study/turtlesim_action/build/my_turtle_msg_interface -- -j16 -l16
[2.985s] DEBUG:colcon.colcon_core.event_handler.log_command:Invoked command in '/home/dexforint/ROS2_study/turtlesim_action/build/my_turtle_action_interface' returned '0': CMAKE_PREFIX_PATH=${CMAKE_PREFIX_PATH}:/opt/ros/jazzy /usr/bin/cmake /home/dexforint/ROS2_study/turtlesim_action/src/my_turtle_action_interface -DCMAKE_INSTALL_PREFIX=/home/dexforint/ROS2_study/turtlesim_action/install/my_turtle_action_interface
[2.986s] DEBUG:colcon.colcon_core.event_handler.log_command:Invoking command in '/home/dexforint/ROS2_study/turtlesim_action/build/my_turtle_action_interface': CMAKE_PREFIX_PATH=${CMAKE_PREFIX_PATH}:/opt/ros/jazzy /usr/bin/cmake --build /home/dexforint/ROS2_study/turtlesim_action/build/my_turtle_action_interface -- -j16 -l16
[4.617s] DEBUG:colcon.colcon_core.event_handler.log_command:Invoked command in '/home/dexforint/ROS2_study/turtlesim_action/build/my_turtle_msg_interface' returned '0': CMAKE_PREFIX_PATH=${CMAKE_PREFIX_PATH}:/opt/ros/jazzy /usr/bin/cmake --build /home/dexforint/ROS2_study/turtlesim_action/build/my_turtle_msg_interface -- -j16 -l16
[4.622s] DEBUG:colcon.colcon_core.event_handler.log_command:Invoking command in '/home/dexforint/ROS2_study/turtlesim_action/build/my_turtle_msg_interface': CMAKE_PREFIX_PATH=${CMAKE_PREFIX_PATH}:/opt/ros/jazzy /usr/bin/cmake --install /home/dexforint/ROS2_study/turtlesim_action/build/my_turtle_msg_interface
[4.666s] Level 1:colcon.colcon_core.environment:create_environment_scripts_only(my_turtle_msg_interface)
[4.666s] DEBUG:colcon.colcon_core.event_handler.log_command:Invoked command in '/home/dexforint/ROS2_study/turtlesim_action/build/my_turtle_msg_interface' returned '0': CMAKE_PREFIX_PATH=${CMAKE_PREFIX_PATH}:/opt/ros/jazzy /usr/bin/cmake --install /home/dexforint/ROS2_study/turtlesim_action/build/my_turtle_msg_interface
[4.666s] Level 1:colcon.colcon_core.environment:checking '/home/dexforint/ROS2_study/turtlesim_action/install/my_turtle_msg_interface' for CMake module files
[4.666s] Level 1:colcon.colcon_core.environment:checking '/home/dexforint/ROS2_study/turtlesim_action/install/my_turtle_msg_interface' for CMake config files
[4.667s] Level 1:colcon.colcon_core.shell:create_environment_hook('my_turtle_msg_interface', 'cmake_prefix_path')
[4.667s] INFO:colcon.colcon_core.shell:Creating environment hook '/home/dexforint/ROS2_study/turtlesim_action/install/my_turtle_msg_interface/share/my_turtle_msg_interface/hook/cmake_prefix_path.ps1'
[4.667s] INFO:colcon.colcon_core.shell:Creating environment descriptor '/home/dexforint/ROS2_study/turtlesim_action/install/my_turtle_msg_interface/share/my_turtle_msg_interface/hook/cmake_prefix_path.dsv'
[4.667s] INFO:colcon.colcon_core.shell:Creating environment hook '/home/dexforint/ROS2_study/turtlesim_action/install/my_turtle_msg_interface/share/my_turtle_msg_interface/hook/cmake_prefix_path.sh'
[4.668s] Level 1:colcon.colcon_core.environment:checking '/home/dexforint/ROS2_study/turtlesim_action/install/my_turtle_msg_interface/lib'
[4.668s] Level 1:colcon.colcon_core.shell:create_environment_hook('my_turtle_msg_interface', 'ld_library_path_lib')
[4.668s] INFO:colcon.colcon_core.shell:Creating environment hook '/home/dexforint/ROS2_study/turtlesim_action/install/my_turtle_msg_interface/share/my_turtle_msg_interface/hook/ld_library_path_lib.ps1'
[4.668s] INFO:colcon.colcon_core.shell:Creating environment descriptor '/home/dexforint/ROS2_study/turtlesim_action/install/my_turtle_msg_interface/share/my_turtle_msg_interface/hook/ld_library_path_lib.dsv'
[4.668s] INFO:colcon.colcon_core.shell:Creating environment hook '/home/dexforint/ROS2_study/turtlesim_action/install/my_turtle_msg_interface/share/my_turtle_msg_interface/hook/ld_library_path_lib.sh'
[4.668s] Level 1:colcon.colcon_core.environment:checking '/home/dexforint/ROS2_study/turtlesim_action/install/my_turtle_msg_interface/bin'
[4.668s] Level 1:colcon.colcon_core.environment:checking '/home/dexforint/ROS2_study/turtlesim_action/install/my_turtle_msg_interface/lib/pkgconfig/my_turtle_msg_interface.pc'
[4.669s] Level 1:colcon.colcon_core.environment:checking '/home/dexforint/ROS2_study/turtlesim_action/install/my_turtle_msg_interface/lib/python3.12/site-packages'
[4.669s] Level 1:colcon.colcon_core.shell:create_environment_hook('my_turtle_msg_interface', 'pythonpath')
[4.669s] INFO:colcon.colcon_core.shell:Creating environment hook '/home/dexforint/ROS2_study/turtlesim_action/install/my_turtle_msg_interface/share/my_turtle_msg_interface/hook/pythonpath.ps1'
[4.669s] INFO:colcon.colcon_core.shell:Creating environment descriptor '/home/dexforint/ROS2_study/turtlesim_action/install/my_turtle_msg_interface/share/my_turtle_msg_interface/hook/pythonpath.dsv'
[4.669s] INFO:colcon.colcon_core.shell:Creating environment hook '/home/dexforint/ROS2_study/turtlesim_action/install/my_turtle_msg_interface/share/my_turtle_msg_interface/hook/pythonpath.sh'
[4.669s] Level 1:colcon.colcon_core.environment:checking '/home/dexforint/ROS2_study/turtlesim_action/install/my_turtle_msg_interface/bin'
[4.670s] INFO:colcon.colcon_core.shell:Creating package script '/home/dexforint/ROS2_study/turtlesim_action/install/my_turtle_msg_interface/share/my_turtle_msg_interface/package.ps1'
[4.670s] INFO:colcon.colcon_core.shell:Creating package descriptor '/home/dexforint/ROS2_study/turtlesim_action/install/my_turtle_msg_interface/share/my_turtle_msg_interface/package.dsv'
[4.670s] INFO:colcon.colcon_core.shell:Creating package script '/home/dexforint/ROS2_study/turtlesim_action/install/my_turtle_msg_interface/share/my_turtle_msg_interface/package.sh'
[4.670s] INFO:colcon.colcon_core.shell:Creating package script '/home/dexforint/ROS2_study/turtlesim_action/install/my_turtle_msg_interface/share/my_turtle_msg_interface/package.bash'
[4.671s] INFO:colcon.colcon_core.shell:Creating package script '/home/dexforint/ROS2_study/turtlesim_action/install/my_turtle_msg_interface/share/my_turtle_msg_interface/package.zsh'
[4.671s] Level 1:colcon.colcon_core.environment:create_file_with_runtime_dependencies(/home/dexforint/ROS2_study/turtlesim_action/install/my_turtle_msg_interface/share/colcon-core/packages/my_turtle_msg_interface)
[4.671s] Level 1:colcon.colcon_core.environment:create_environment_scripts_only(my_turtle_msg_interface)
[4.671s] Level 1:colcon.colcon_core.environment:checking '/home/dexforint/ROS2_study/turtlesim_action/install/my_turtle_msg_interface' for CMake module files
[4.672s] Level 1:colcon.colcon_core.environment:checking '/home/dexforint/ROS2_study/turtlesim_action/install/my_turtle_msg_interface' for CMake config files
[4.672s] Level 1:colcon.colcon_core.shell:create_environment_hook('my_turtle_msg_interface', 'cmake_prefix_path')
[4.672s] INFO:colcon.colcon_core.shell:Creating environment hook '/home/dexforint/ROS2_study/turtlesim_action/install/my_turtle_msg_interface/share/my_turtle_msg_interface/hook/cmake_prefix_path.ps1'
[4.672s] INFO:colcon.colcon_core.shell:Creating environment descriptor '/home/dexforint/ROS2_study/turtlesim_action/install/my_turtle_msg_interface/share/my_turtle_msg_interface/hook/cmake_prefix_path.dsv'
[4.672s] INFO:colcon.colcon_core.shell:Creating environment hook '/home/dexforint/ROS2_study/turtlesim_action/install/my_turtle_msg_interface/share/my_turtle_msg_interface/hook/cmake_prefix_path.sh'
[4.673s] Level 1:colcon.colcon_core.environment:checking '/home/dexforint/ROS2_study/turtlesim_action/install/my_turtle_msg_interface/lib'
[4.673s] Level 1:colcon.colcon_core.shell:create_environment_hook('my_turtle_msg_interface', 'ld_library_path_lib')
[4.673s] INFO:colcon.colcon_core.shell:Creating environment hook '/home/dexforint/ROS2_study/turtlesim_action/install/my_turtle_msg_interface/share/my_turtle_msg_interface/hook/ld_library_path_lib.ps1'
[4.673s] INFO:colcon.colcon_core.shell:Creating environment descriptor '/home/dexforint/ROS2_study/turtlesim_action/install/my_turtle_msg_interface/share/my_turtle_msg_interface/hook/ld_library_path_lib.dsv'
[4.673s] INFO:colcon.colcon_core.shell:Creating environment hook '/home/dexforint/ROS2_study/turtlesim_action/install/my_turtle_msg_interface/share/my_turtle_msg_interface/hook/ld_library_path_lib.sh'
[4.673s] Level 1:colcon.colcon_core.environment:checking '/home/dexforint/ROS2_study/turtlesim_action/install/my_turtle_msg_interface/bin'
[4.673s] Level 1:colcon.colcon_core.environment:checking '/home/dexforint/ROS2_study/turtlesim_action/install/my_turtle_msg_interface/lib/pkgconfig/my_turtle_msg_interface.pc'
[4.673s] Level 1:colcon.colcon_core.environment:checking '/home/dexforint/ROS2_study/turtlesim_action/install/my_turtle_msg_interface/lib/python3.12/site-packages'
[4.673s] Level 1:colcon.colcon_core.shell:create_environment_hook('my_turtle_msg_interface', 'pythonpath')
[4.673s] INFO:colcon.colcon_core.shell:Creating environment hook '/home/dexforint/ROS2_study/turtlesim_action/install/my_turtle_msg_interface/share/my_turtle_msg_interface/hook/pythonpath.ps1'
[4.674s] INFO:colcon.colcon_core.shell:Creating environment descriptor '/home/dexforint/ROS2_study/turtlesim_action/install/my_turtle_msg_interface/share/my_turtle_msg_interface/hook/pythonpath.dsv'
[4.674s] INFO:colcon.colcon_core.shell:Creating environment hook '/home/dexforint/ROS2_study/turtlesim_action/install/my_turtle_msg_interface/share/my_turtle_msg_interface/hook/pythonpath.sh'
[4.674s] Level 1:colcon.colcon_core.environment:checking '/home/dexforint/ROS2_study/turtlesim_action/install/my_turtle_msg_interface/bin'
[4.674s] INFO:colcon.colcon_core.shell:Creating package script '/home/dexforint/ROS2_study/turtlesim_action/install/my_turtle_msg_interface/share/my_turtle_msg_interface/package.ps1'
[4.675s] INFO:colcon.colcon_core.shell:Creating package descriptor '/home/dexforint/ROS2_study/turtlesim_action/install/my_turtle_msg_interface/share/my_turtle_msg_interface/package.dsv'
[4.675s] INFO:colcon.colcon_core.shell:Creating package script '/home/dexforint/ROS2_study/turtlesim_action/install/my_turtle_msg_interface/share/my_turtle_msg_interface/package.sh'
[4.675s] INFO:colcon.colcon_core.shell:Creating package script '/home/dexforint/ROS2_study/turtlesim_action/install/my_turtle_msg_interface/share/my_turtle_msg_interface/package.bash'
[4.675s] INFO:colcon.colcon_core.shell:Creating package script '/home/dexforint/ROS2_study/turtlesim_action/install/my_turtle_msg_interface/share/my_turtle_msg_interface/package.zsh'
[4.675s] Level 1:colcon.colcon_core.environment:create_file_with_runtime_dependencies(/home/dexforint/ROS2_study/turtlesim_action/install/my_turtle_msg_interface/share/colcon-core/packages/my_turtle_msg_interface)
[5.567s] DEBUG:colcon.colcon_core.event_handler.log_command:Invoked command in '/home/dexforint/ROS2_study/turtlesim_action/build/my_turtle_action_interface' returned '0': CMAKE_PREFIX_PATH=${CMAKE_PREFIX_PATH}:/opt/ros/jazzy /usr/bin/cmake --build /home/dexforint/ROS2_study/turtlesim_action/build/my_turtle_action_interface -- -j16 -l16
[5.568s] DEBUG:colcon.colcon_core.event_handler.log_command:Invoking command in '/home/dexforint/ROS2_study/turtlesim_action/build/my_turtle_action_interface': CMAKE_PREFIX_PATH=${CMAKE_PREFIX_PATH}:/opt/ros/jazzy /usr/bin/cmake --install /home/dexforint/ROS2_study/turtlesim_action/build/my_turtle_action_interface
[5.619s] Level 1:colcon.colcon_core.environment:create_environment_scripts_only(my_turtle_action_interface)
[5.619s] DEBUG:colcon.colcon_core.event_handler.log_command:Invoked command in '/home/dexforint/ROS2_study/turtlesim_action/build/my_turtle_action_interface' returned '0': CMAKE_PREFIX_PATH=${CMAKE_PREFIX_PATH}:/opt/ros/jazzy /usr/bin/cmake --install /home/dexforint/ROS2_study/turtlesim_action/build/my_turtle_action_interface
[5.620s] Level 1:colcon.colcon_core.environment:checking '/home/dexforint/ROS2_study/turtlesim_action/install/my_turtle_action_interface' for CMake module files
[5.620s] Level 1:colcon.colcon_core.environment:checking '/home/dexforint/ROS2_study/turtlesim_action/install/my_turtle_action_interface' for CMake config files
[5.620s] Level 1:colcon.colcon_core.shell:create_environment_hook('my_turtle_action_interface', 'cmake_prefix_path')
[5.621s] INFO:colcon.colcon_core.shell:Creating environment hook '/home/dexforint/ROS2_study/turtlesim_action/install/my_turtle_action_interface/share/my_turtle_action_interface/hook/cmake_prefix_path.ps1'
[5.621s] INFO:colcon.colcon_core.shell:Creating environment descriptor '/home/dexforint/ROS2_study/turtlesim_action/install/my_turtle_action_interface/share/my_turtle_action_interface/hook/cmake_prefix_path.dsv'
[5.621s] INFO:colcon.colcon_core.shell:Creating environment hook '/home/dexforint/ROS2_study/turtlesim_action/install/my_turtle_action_interface/share/my_turtle_action_interface/hook/cmake_prefix_path.sh'
[5.621s] Level 1:colcon.colcon_core.environment:checking '/home/dexforint/ROS2_study/turtlesim_action/install/my_turtle_action_interface/lib'
[5.621s] Level 1:colcon.colcon_core.shell:create_environment_hook('my_turtle_action_interface', 'ld_library_path_lib')
[5.622s] INFO:colcon.colcon_core.shell:Creating environment hook '/home/dexforint/ROS2_study/turtlesim_action/install/my_turtle_action_interface/share/my_turtle_action_interface/hook/ld_library_path_lib.ps1'
[5.622s] INFO:colcon.colcon_core.shell:Creating environment descriptor '/home/dexforint/ROS2_study/turtlesim_action/install/my_turtle_action_interface/share/my_turtle_action_interface/hook/ld_library_path_lib.dsv'
[5.622s] INFO:colcon.colcon_core.shell:Creating environment hook '/home/dexforint/ROS2_study/turtlesim_action/install/my_turtle_action_interface/share/my_turtle_action_interface/hook/ld_library_path_lib.sh'
[5.622s] Level 1:colcon.colcon_core.environment:checking '/home/dexforint/ROS2_study/turtlesim_action/install/my_turtle_action_interface/bin'
[5.622s] Level 1:colcon.colcon_core.environment:checking '/home/dexforint/ROS2_study/turtlesim_action/install/my_turtle_action_interface/lib/pkgconfig/my_turtle_action_interface.pc'
[5.622s] Level 1:colcon.colcon_core.environment:checking '/home/dexforint/ROS2_study/turtlesim_action/install/my_turtle_action_interface/lib/python3.12/site-packages'
[5.622s] Level 1:colcon.colcon_core.shell:create_environment_hook('my_turtle_action_interface', 'pythonpath')
[5.622s] INFO:colcon.colcon_core.shell:Creating environment hook '/home/dexforint/ROS2_study/turtlesim_action/install/my_turtle_action_interface/share/my_turtle_action_interface/hook/pythonpath.ps1'
[5.622s] INFO:colcon.colcon_core.shell:Creating environment descriptor '/home/dexforint/ROS2_study/turtlesim_action/install/my_turtle_action_interface/share/my_turtle_action_interface/hook/pythonpath.dsv'
[5.623s] INFO:colcon.colcon_core.shell:Creating environment hook '/home/dexforint/ROS2_study/turtlesim_action/install/my_turtle_action_interface/share/my_turtle_action_interface/hook/pythonpath.sh'
[5.623s] Level 1:colcon.colcon_core.environment:checking '/home/dexforint/ROS2_study/turtlesim_action/install/my_turtle_action_interface/bin'
[5.623s] INFO:colcon.colcon_core.shell:Creating package script '/home/dexforint/ROS2_study/turtlesim_action/install/my_turtle_action_interface/share/my_turtle_action_interface/package.ps1'
[5.623s] INFO:colcon.colcon_core.shell:Creating package descriptor '/home/dexforint/ROS2_study/turtlesim_action/install/my_turtle_action_interface/share/my_turtle_action_interface/package.dsv'
[5.624s] INFO:colcon.colcon_core.shell:Creating package script '/home/dexforint/ROS2_study/turtlesim_action/install/my_turtle_action_interface/share/my_turtle_action_interface/package.sh'
[5.624s] INFO:colcon.colcon_core.shell:Creating package script '/home/dexforint/ROS2_study/turtlesim_action/install/my_turtle_action_interface/share/my_turtle_action_interface/package.bash'
[5.624s] INFO:colcon.colcon_core.shell:Creating package script '/home/dexforint/ROS2_study/turtlesim_action/install/my_turtle_action_interface/share/my_turtle_action_interface/package.zsh'
[5.624s] Level 1:colcon.colcon_core.environment:create_file_with_runtime_dependencies(/home/dexforint/ROS2_study/turtlesim_action/install/my_turtle_action_interface/share/colcon-core/packages/my_turtle_action_interface)
[5.625s] Level 1:colcon.colcon_core.environment:create_environment_scripts_only(my_turtle_action_interface)
[5.625s] Level 1:colcon.colcon_core.environment:checking '/home/dexforint/ROS2_study/turtlesim_action/install/my_turtle_action_interface' for CMake module files
[5.625s] Level 1:colcon.colcon_core.environment:checking '/home/dexforint/ROS2_study/turtlesim_action/install/my_turtle_action_interface' for CMake config files
[5.625s] Level 1:colcon.colcon_core.shell:create_environment_hook('my_turtle_action_interface', 'cmake_prefix_path')
[5.625s] INFO:colcon.colcon_core.shell:Creating environment hook '/home/dexforint/ROS2_study/turtlesim_action/install/my_turtle_action_interface/share/my_turtle_action_interface/hook/cmake_prefix_path.ps1'
[5.627s] INFO:colcon.colcon_core.shell:Creating environment descriptor '/home/dexforint/ROS2_study/turtlesim_action/install/my_turtle_action_interface/share/my_turtle_action_interface/hook/cmake_prefix_path.dsv'
[5.628s] INFO:colcon.colcon_core.shell:Creating environment hook '/home/dexforint/ROS2_study/turtlesim_action/install/my_turtle_action_interface/share/my_turtle_action_interface/hook/cmake_prefix_path.sh'
[5.628s] Level 1:colcon.colcon_core.environment:checking '/home/dexforint/ROS2_study/turtlesim_action/install/my_turtle_action_interface/lib'
[5.628s] Level 1:colcon.colcon_core.shell:create_environment_hook('my_turtle_action_interface', 'ld_library_path_lib')
[5.628s] INFO:colcon.colcon_core.shell:Creating environment hook '/home/dexforint/ROS2_study/turtlesim_action/install/my_turtle_action_interface/share/my_turtle_action_interface/hook/ld_library_path_lib.ps1'
[5.628s] INFO:colcon.colcon_core.shell:Creating environment descriptor '/home/dexforint/ROS2_study/turtlesim_action/install/my_turtle_action_interface/share/my_turtle_action_interface/hook/ld_library_path_lib.dsv'
[5.628s] INFO:colcon.colcon_core.shell:Creating environment hook '/home/dexforint/ROS2_study/turtlesim_action/install/my_turtle_action_interface/share/my_turtle_action_interface/hook/ld_library_path_lib.sh'
[5.629s] Level 1:colcon.colcon_core.environment:checking '/home/dexforint/ROS2_study/turtlesim_action/install/my_turtle_action_interface/bin'
[5.629s] Level 1:colcon.colcon_core.environment:checking '/home/dexforint/ROS2_study/turtlesim_action/install/my_turtle_action_interface/lib/pkgconfig/my_turtle_action_interface.pc'
[5.629s] Level 1:colcon.colcon_core.environment:checking '/home/dexforint/ROS2_study/turtlesim_action/install/my_turtle_action_interface/lib/python3.12/site-packages'
[5.629s] Level 1:colcon.colcon_core.shell:create_environment_hook('my_turtle_action_interface', 'pythonpath')
[5.629s] INFO:colcon.colcon_core.shell:Creating environment hook '/home/dexforint/ROS2_study/turtlesim_action/install/my_turtle_action_interface/share/my_turtle_action_interface/hook/pythonpath.ps1'
[5.629s] INFO:colcon.colcon_core.shell:Creating environment descriptor '/home/dexforint/ROS2_study/turtlesim_action/install/my_turtle_action_interface/share/my_turtle_action_interface/hook/pythonpath.dsv'
[5.629s] INFO:colcon.colcon_core.shell:Creating environment hook '/home/dexforint/ROS2_study/turtlesim_action/install/my_turtle_action_interface/share/my_turtle_action_interface/hook/pythonpath.sh'
[5.630s] Level 1:colcon.colcon_core.environment:checking '/home/dexforint/ROS2_study/turtlesim_action/install/my_turtle_action_interface/bin'
[5.630s] INFO:colcon.colcon_core.shell:Creating package script '/home/dexforint/ROS2_study/turtlesim_action/install/my_turtle_action_interface/share/my_turtle_action_interface/package.ps1'
[5.630s] INFO:colcon.colcon_core.shell:Creating package descriptor '/home/dexforint/ROS2_study/turtlesim_action/install/my_turtle_action_interface/share/my_turtle_action_interface/package.dsv'
[5.631s] INFO:colcon.colcon_core.shell:Creating package script '/home/dexforint/ROS2_study/turtlesim_action/install/my_turtle_action_interface/share/my_turtle_action_interface/package.sh'
[5.632s] INFO:colcon.colcon_core.shell:Creating package script '/home/dexforint/ROS2_study/turtlesim_action/install/my_turtle_action_interface/share/my_turtle_action_interface/package.bash'
[5.632s] INFO:colcon.colcon_core.shell:Creating package script '/home/dexforint/ROS2_study/turtlesim_action/install/my_turtle_action_interface/share/my_turtle_action_interface/package.zsh'
[5.632s] Level 1:colcon.colcon_core.environment:create_file_with_runtime_dependencies(/home/dexforint/ROS2_study/turtlesim_action/install/my_turtle_action_interface/share/colcon-core/packages/my_turtle_action_interface)
[5.632s] DEBUG:colcon.colcon_parallel_executor.executor.parallel:closing loop
[5.632s] DEBUG:colcon.colcon_parallel_executor.executor.parallel:loop closed
[5.632s] DEBUG:colcon.colcon_parallel_executor.executor.parallel:run_until_complete finished with '0'
[5.632s] DEBUG:colcon.colcon_core.event_reactor:joining thread
[5.655s] INFO:colcon.colcon_core.plugin_system:Skipping extension 'colcon_notification.desktop_notification.notify_send': Could not find 'notify-send'
[5.655s] INFO:colcon.colcon_core.plugin_system:Skipping extension 'colcon_notification.desktop_notification.terminal_notifier': Not used on non-Darwin systems
[5.655s] INFO:colcon.colcon_core.plugin_system:Skipping extension 'colcon_notification.desktop_notification.win32': Not used on non-Windows systems
[5.655s] INFO:colcon.colcon_notification.desktop_notification:Sending desktop notification using 'notify2'
[5.655s] DEBUG:colcon.colcon_notification.desktop_notification.notify2:Failed to initialize notify2: org.freedesktop.DBus.Error.ServiceUnknown: The name org.freedesktop.Notifications was not provided by any .service files
[5.655s] DEBUG:colcon.colcon_core.event_reactor:joined thread
[5.656s] INFO:colcon.colcon_core.shell:Creating prefix script '/home/dexforint/ROS2_study/turtlesim_action/install/local_setup.ps1'
[5.656s] INFO:colcon.colcon_core.shell:Creating prefix util module '/home/dexforint/ROS2_study/turtlesim_action/install/_local_setup_util_ps1.py'
[5.657s] INFO:colcon.colcon_core.shell:Creating prefix chain script '/home/dexforint/ROS2_study/turtlesim_action/install/setup.ps1'
[5.657s] INFO:colcon.colcon_core.shell:Creating prefix script '/home/dexforint/ROS2_study/turtlesim_action/install/local_setup.sh'
[5.657s] INFO:colcon.colcon_core.shell:Creating prefix util module '/home/dexforint/ROS2_study/turtlesim_action/install/_local_setup_util_sh.py'
[5.658s] INFO:colcon.colcon_core.shell:Creating prefix chain script '/home/dexforint/ROS2_study/turtlesim_action/install/setup.sh'
[5.658s] INFO:colcon.colcon_core.shell:Creating prefix script '/home/dexforint/ROS2_study/turtlesim_action/install/local_setup.bash'
[5.658s] INFO:colcon.colcon_core.shell:Creating prefix chain script '/home/dexforint/ROS2_study/turtlesim_action/install/setup.bash'
[5.658s] INFO:colcon.colcon_core.shell:Creating prefix script '/home/dexforint/ROS2_study/turtlesim_action/install/local_setup.zsh'
[5.659s] INFO:colcon.colcon_core.shell:Creating prefix chain script '/home/dexforint/ROS2_study/turtlesim_action/install/setup.zsh'
