running egg_info
creating ../../build/my_turtle_action/my_turtle_action.egg-info
writing ../../build/my_turtle_action/my_turtle_action.egg-info/PKG-INFO
writing dependency_links to ../../build/my_turtle_action/my_turtle_action.egg-info/dependency_links.txt
writing entry points to ../../build/my_turtle_action/my_turtle_action.egg-info/entry_points.txt
writing requirements to ../../build/my_turtle_action/my_turtle_action.egg-info/requires.txt
writing top-level names to ../../build/my_turtle_action/my_turtle_action.egg-info/top_level.txt
writing manifest file '../../build/my_turtle_action/my_turtle_action.egg-info/SOURCES.txt'
reading manifest file '../../build/my_turtle_action/my_turtle_action.egg-info/SOURCES.txt'
writing manifest file '../../build/my_turtle_action/my_turtle_action.egg-info/SOURCES.txt'
running build
running build_py
creating /home/dexforint/ROS2_study/turtlesim_action/build/my_turtle_action/build
creating /home/dexforint/ROS2_study/turtlesim_action/build/my_turtle_action/build/lib
creating /home/dexforint/ROS2_study/turtlesim_action/build/my_turtle_action/build/lib/my_turtle_action
copying my_turtle_action/client.py -> /home/dexforint/ROS2_study/turtlesim_action/build/my_turtle_action/build/lib/my_turtle_action
copying my_turtle_action/__init__.py -> /home/dexforint/ROS2_study/turtlesim_action/build/my_turtle_action/build/lib/my_turtle_action
copying my_turtle_action/server.py -> /home/dexforint/ROS2_study/turtlesim_action/build/my_turtle_action/build/lib/my_turtle_action
copying my_turtle_action/publisher_node.py -> /home/dexforint/ROS2_study/turtlesim_action/build/my_turtle_action/build/lib/my_turtle_action
running install
running install_lib
creating /home/dexforint/ROS2_study/turtlesim_action/install/my_turtle_action/lib/python3.12/site-packages/my_turtle_action
copying /home/dexforint/ROS2_study/turtlesim_action/build/my_turtle_action/build/lib/my_turtle_action/client.py -> /home/dexforint/ROS2_study/turtlesim_action/install/my_turtle_action/lib/python3.12/site-packages/my_turtle_action
copying /home/dexforint/ROS2_study/turtlesim_action/build/my_turtle_action/build/lib/my_turtle_action/__init__.py -> /home/dexforint/ROS2_study/turtlesim_action/install/my_turtle_action/lib/python3.12/site-packages/my_turtle_action
copying /home/dexforint/ROS2_study/turtlesim_action/build/my_turtle_action/build/lib/my_turtle_action/server.py -> /home/dexforint/ROS2_study/turtlesim_action/install/my_turtle_action/lib/python3.12/site-packages/my_turtle_action
copying /home/dexforint/ROS2_study/turtlesim_action/build/my_turtle_action/build/lib/my_turtle_action/publisher_node.py -> /home/dexforint/ROS2_study/turtlesim_action/install/my_turtle_action/lib/python3.12/site-packages/my_turtle_action
byte-compiling /home/dexforint/ROS2_study/turtlesim_action/install/my_turtle_action/lib/python3.12/site-packages/my_turtle_action/client.py to client.cpython-312.pyc
byte-compiling /home/dexforint/ROS2_study/turtlesim_action/install/my_turtle_action/lib/python3.12/site-packages/my_turtle_action/__init__.py to __init__.cpython-312.pyc
byte-compiling /home/dexforint/ROS2_study/turtlesim_action/install/my_turtle_action/lib/python3.12/site-packages/my_turtle_action/server.py to server.cpython-312.pyc
byte-compiling /home/dexforint/ROS2_study/turtlesim_action/install/my_turtle_action/lib/python3.12/site-packages/my_turtle_action/publisher_node.py to publisher_node.cpython-312.pyc
running install_data
creating /home/dexforint/ROS2_study/turtlesim_action/install/my_turtle_action/share/ament_index
creating /home/dexforint/ROS2_study/turtlesim_action/install/my_turtle_action/share/ament_index/resource_index
creating /home/dexforint/ROS2_study/turtlesim_action/install/my_turtle_action/share/ament_index/resource_index/packages
copying resource/my_turtle_action -> /home/dexforint/ROS2_study/turtlesim_action/install/my_turtle_action/share/ament_index/resource_index/packages
copying package.xml -> /home/dexforint/ROS2_study/turtlesim_action/install/my_turtle_action/share/my_turtle_action
running install_egg_info
Copying ../../build/my_turtle_action/my_turtle_action.egg-info to /home/dexforint/ROS2_study/turtlesim_action/install/my_turtle_action/lib/python3.12/site-packages/my_turtle_action-0.0.0-py3.12.egg-info
running install_scripts
Installing client script to /home/dexforint/ROS2_study/turtlesim_action/install/my_turtle_action/lib/my_turtle_action
Installing number_publisher script to /home/dexforint/ROS2_study/turtlesim_action/install/my_turtle_action/lib/my_turtle_action
Installing server script to /home/dexforint/ROS2_study/turtlesim_action/install/my_turtle_action/lib/my_turtle_action
writing list of installed files to '/home/dexforint/ROS2_study/turtlesim_action/build/my_turtle_action/install.log'
