[0.470s] Invoking command in '/home/dexforint/ROS2_study/turtlesim_action/src/my_turtle_action': PYTHONPATH=/home/dexforint/ROS2_study/turtlesim_action/build/my_turtle_action/prefix_override:/usr/lib/python3/dist-packages/colcon_core/task/python/colcon_distutils_commands:/home/dexforint/ROS2_study/turtlesim_action/install/my_turtle_action/lib/python3.12/site-packages:${PYTHONPATH} /usr/bin/python3 -W ignore:setup.py install is deprecated -W ignore:easy_install command is deprecated setup.py egg_info --egg-base ../../build/my_turtle_action build --build-base /home/dexforint/ROS2_study/turtlesim_action/build/my_turtle_action/build install --record /home/dexforint/ROS2_study/turtlesim_action/build/my_turtle_action/install.log --single-version-externally-managed install_data
[0.624s] running egg_info
[0.624s] creating ../../build/my_turtle_action/my_turtle_action.egg-info
[0.634s] writing ../../build/my_turtle_action/my_turtle_action.egg-info/PKG-INFO
[0.634s] writing dependency_links to ../../build/my_turtle_action/my_turtle_action.egg-info/dependency_links.txt
[0.634s] writing entry points to ../../build/my_turtle_action/my_turtle_action.egg-info/entry_points.txt
[0.634s] writing requirements to ../../build/my_turtle_action/my_turtle_action.egg-info/requires.txt
[0.634s] writing top-level names to ../../build/my_turtle_action/my_turtle_action.egg-info/top_level.txt
[0.634s] writing manifest file '../../build/my_turtle_action/my_turtle_action.egg-info/SOURCES.txt'
[0.654s] reading manifest file '../../build/my_turtle_action/my_turtle_action.egg-info/SOURCES.txt'
[0.654s] writing manifest file '../../build/my_turtle_action/my_turtle_action.egg-info/SOURCES.txt'
[0.654s] running build
[0.654s] running build_py
[0.654s] creating /home/dexforint/ROS2_study/turtlesim_action/build/my_turtle_action/build
[0.654s] creating /home/dexforint/ROS2_study/turtlesim_action/build/my_turtle_action/build/lib
[0.655s] creating /home/dexforint/ROS2_study/turtlesim_action/build/my_turtle_action/build/lib/my_turtle_action
[0.655s] copying my_turtle_action/client.py -> /home/dexforint/ROS2_study/turtlesim_action/build/my_turtle_action/build/lib/my_turtle_action
[0.655s] copying my_turtle_action/__init__.py -> /home/dexforint/ROS2_study/turtlesim_action/build/my_turtle_action/build/lib/my_turtle_action
[0.655s] copying my_turtle_action/server.py -> /home/dexforint/ROS2_study/turtlesim_action/build/my_turtle_action/build/lib/my_turtle_action
[0.655s] copying my_turtle_action/publisher_node.py -> /home/dexforint/ROS2_study/turtlesim_action/build/my_turtle_action/build/lib/my_turtle_action
[0.655s] running install
[0.658s] running install_lib
[0.668s] creating /home/dexforint/ROS2_study/turtlesim_action/install/my_turtle_action/lib/python3.12/site-packages/my_turtle_action
[0.668s] copying /home/dexforint/ROS2_study/turtlesim_action/build/my_turtle_action/build/lib/my_turtle_action/client.py -> /home/dexforint/ROS2_study/turtlesim_action/install/my_turtle_action/lib/python3.12/site-packages/my_turtle_action
[0.668s] copying /home/dexforint/ROS2_study/turtlesim_action/build/my_turtle_action/build/lib/my_turtle_action/__init__.py -> /home/dexforint/ROS2_study/turtlesim_action/install/my_turtle_action/lib/python3.12/site-packages/my_turtle_action
[0.668s] copying /home/dexforint/ROS2_study/turtlesim_action/build/my_turtle_action/build/lib/my_turtle_action/server.py -> /home/dexforint/ROS2_study/turtlesim_action/install/my_turtle_action/lib/python3.12/site-packages/my_turtle_action
[0.668s] copying /home/dexforint/ROS2_study/turtlesim_action/build/my_turtle_action/build/lib/my_turtle_action/publisher_node.py -> /home/dexforint/ROS2_study/turtlesim_action/install/my_turtle_action/lib/python3.12/site-packages/my_turtle_action
[0.669s] byte-compiling /home/dexforint/ROS2_study/turtlesim_action/install/my_turtle_action/lib/python3.12/site-packages/my_turtle_action/client.py to client.cpython-312.pyc
[0.669s] byte-compiling /home/dexforint/ROS2_study/turtlesim_action/install/my_turtle_action/lib/python3.12/site-packages/my_turtle_action/__init__.py to __init__.cpython-312.pyc
[0.670s] byte-compiling /home/dexforint/ROS2_study/turtlesim_action/install/my_turtle_action/lib/python3.12/site-packages/my_turtle_action/server.py to server.cpython-312.pyc
[0.670s] byte-compiling /home/dexforint/ROS2_study/turtlesim_action/install/my_turtle_action/lib/python3.12/site-packages/my_turtle_action/publisher_node.py to publisher_node.cpython-312.pyc
[0.671s] running install_data
[0.671s] creating /home/dexforint/ROS2_study/turtlesim_action/install/my_turtle_action/share/ament_index
[0.671s] creating /home/dexforint/ROS2_study/turtlesim_action/install/my_turtle_action/share/ament_index/resource_index
[0.671s] creating /home/dexforint/ROS2_study/turtlesim_action/install/my_turtle_action/share/ament_index/resource_index/packages
[0.671s] copying resource/my_turtle_action -> /home/dexforint/ROS2_study/turtlesim_action/install/my_turtle_action/share/ament_index/resource_index/packages
[0.671s] copying package.xml -> /home/dexforint/ROS2_study/turtlesim_action/install/my_turtle_action/share/my_turtle_action
[0.671s] running install_egg_info
[0.686s] Copying ../../build/my_turtle_action/my_turtle_action.egg-info to /home/dexforint/ROS2_study/turtlesim_action/install/my_turtle_action/lib/python3.12/site-packages/my_turtle_action-0.0.0-py3.12.egg-info
[0.686s] running install_scripts
[0.752s] Installing client script to /home/dexforint/ROS2_study/turtlesim_action/install/my_turtle_action/lib/my_turtle_action
[0.752s] Installing number_publisher script to /home/dexforint/ROS2_study/turtlesim_action/install/my_turtle_action/lib/my_turtle_action
[0.752s] Installing server script to /home/dexforint/ROS2_study/turtlesim_action/install/my_turtle_action/lib/my_turtle_action
[0.752s] writing list of installed files to '/home/dexforint/ROS2_study/turtlesim_action/build/my_turtle_action/install.log'
[0.770s] Invoked command in '/home/dexforint/ROS2_study/turtlesim_action/src/my_turtle_action' returned '0': PYTHONPATH=/home/dexforint/ROS2_study/turtlesim_action/build/my_turtle_action/prefix_override:/usr/lib/python3/dist-packages/colcon_core/task/python/colcon_distutils_commands:/home/dexforint/ROS2_study/turtlesim_action/install/my_turtle_action/lib/python3.12/site-packages:${PYTHONPATH} /usr/bin/python3 -W ignore:setup.py install is deprecated -W ignore:easy_install command is deprecated setup.py egg_info --egg-base ../../build/my_turtle_action build --build-base /home/dexforint/ROS2_study/turtlesim_action/build/my_turtle_action/build install --record /home/dexforint/ROS2_study/turtlesim_action/build/my_turtle_action/install.log --single-version-externally-managed install_data
