[0.774s] Invoking command in '/home/dexforint/ROS2_study/ros2_service/src/my_service_server': PYTHONPATH=/home/dexforint/ROS2_study/ros2_service/build/my_service_server/prefix_override:/usr/lib/python3/dist-packages/colcon_core/task/python/colcon_distutils_commands:/home/dexforint/ROS2_study/ros2_service/install/my_service_server/lib/python3.12/site-packages:${PYTHONPATH} /usr/bin/python3 -W ignore:setup.py install is deprecated -W ignore:easy_install command is deprecated setup.py egg_info --egg-base ../../build/my_service_server build --build-base /home/dexforint/ROS2_study/ros2_service/build/my_service_server/build install --record /home/dexforint/ROS2_study/ros2_service/build/my_service_server/install.log --single-version-externally-managed install_data
[0.912s] running egg_info
[0.912s] creating ../../build/my_service_server/my_service_server.egg-info
[0.923s] writing ../../build/my_service_server/my_service_server.egg-info/PKG-INFO
[0.923s] writing dependency_links to ../../build/my_service_server/my_service_server.egg-info/dependency_links.txt
[0.923s] writing entry points to ../../build/my_service_server/my_service_server.egg-info/entry_points.txt
[0.923s] writing requirements to ../../build/my_service_server/my_service_server.egg-info/requires.txt
[0.924s] writing top-level names to ../../build/my_service_server/my_service_server.egg-info/top_level.txt
[0.924s] writing manifest file '../../build/my_service_server/my_service_server.egg-info/SOURCES.txt'
[0.942s] reading manifest file '../../build/my_service_server/my_service_server.egg-info/SOURCES.txt'
[0.943s] writing manifest file '../../build/my_service_server/my_service_server.egg-info/SOURCES.txt'
[0.943s] running build
[0.943s] running build_py
[0.943s] creating /home/dexforint/ROS2_study/ros2_service/build/my_service_server/build
[0.944s] creating /home/dexforint/ROS2_study/ros2_service/build/my_service_server/build/lib
[0.944s] creating /home/dexforint/ROS2_study/ros2_service/build/my_service_server/build/lib/my_service_server
[0.944s] copying my_service_server/__init__.py -> /home/dexforint/ROS2_study/ros2_service/build/my_service_server/build/lib/my_service_server
[0.944s] copying my_service_server/server_node.py -> /home/dexforint/ROS2_study/ros2_service/build/my_service_server/build/lib/my_service_server
[0.944s] running install
[0.948s] running install_lib
[0.957s] creating /home/dexforint/ROS2_study/ros2_service/install/my_service_server/lib/python3.12/site-packages/my_service_server
[0.957s] copying /home/dexforint/ROS2_study/ros2_service/build/my_service_server/build/lib/my_service_server/__init__.py -> /home/dexforint/ROS2_study/ros2_service/install/my_service_server/lib/python3.12/site-packages/my_service_server
[0.958s] copying /home/dexforint/ROS2_study/ros2_service/build/my_service_server/build/lib/my_service_server/server_node.py -> /home/dexforint/ROS2_study/ros2_service/install/my_service_server/lib/python3.12/site-packages/my_service_server
[0.958s] byte-compiling /home/dexforint/ROS2_study/ros2_service/install/my_service_server/lib/python3.12/site-packages/my_service_server/__init__.py to __init__.cpython-312.pyc
[0.958s] byte-compiling /home/dexforint/ROS2_study/ros2_service/install/my_service_server/lib/python3.12/site-packages/my_service_server/server_node.py to server_node.cpython-312.pyc
[0.958s] running install_data
[0.958s] creating /home/dexforint/ROS2_study/ros2_service/install/my_service_server/share/ament_index
[0.958s] creating /home/dexforint/ROS2_study/ros2_service/install/my_service_server/share/ament_index/resource_index
[0.958s] creating /home/dexforint/ROS2_study/ros2_service/install/my_service_server/share/ament_index/resource_index/packages
[0.959s] copying resource/my_service_server -> /home/dexforint/ROS2_study/ros2_service/install/my_service_server/share/ament_index/resource_index/packages
[0.959s] copying package.xml -> /home/dexforint/ROS2_study/ros2_service/install/my_service_server/share/my_service_server
[0.959s] running install_egg_info
[0.968s] Copying ../../build/my_service_server/my_service_server.egg-info to /home/dexforint/ROS2_study/ros2_service/install/my_service_server/lib/python3.12/site-packages/my_service_server-0.0.0-py3.12.egg-info
[0.970s] running install_scripts
[1.033s] Installing velocity_server script to /home/dexforint/ROS2_study/ros2_service/install/my_service_server/lib/my_service_server
[1.034s] writing list of installed files to '/home/dexforint/ROS2_study/ros2_service/build/my_service_server/install.log'
[1.050s] Invoked command in '/home/dexforint/ROS2_study/ros2_service/src/my_service_server' returned '0': PYTHONPATH=/home/dexforint/ROS2_study/ros2_service/build/my_service_server/prefix_override:/usr/lib/python3/dist-packages/colcon_core/task/python/colcon_distutils_commands:/home/dexforint/ROS2_study/ros2_service/install/my_service_server/lib/python3.12/site-packages:${PYTHONPATH} /usr/bin/python3 -W ignore:setup.py install is deprecated -W ignore:easy_install command is deprecated setup.py egg_info --egg-base ../../build/my_service_server build --build-base /home/dexforint/ROS2_study/ros2_service/build/my_service_server/build install --record /home/dexforint/ROS2_study/ros2_service/build/my_service_server/install.log --single-version-externally-managed install_data
