/home/dexforint/ROS2_study/turtlesim_action/install/my_turtle_action/lib/python3.12/site-packages/my_turtle_action/client.py
/home/dexforint/ROS2_study/turtlesim_action/install/my_turtle_action/lib/python3.12/site-packages/my_turtle_action/__init__.py
/home/dexforint/ROS2_study/turtlesim_action/install/my_turtle_action/lib/python3.12/site-packages/my_turtle_action/server.py
/home/dexforint/ROS2_study/turtlesim_action/install/my_turtle_action/lib/python3.12/site-packages/my_turtle_action/publisher_node.py
/home/dexforint/ROS2_study/turtlesim_action/install/my_turtle_action/lib/python3.12/site-packages/my_turtle_action/__pycache__/client.cpython-312.pyc
/home/dexforint/ROS2_study/turtlesim_action/install/my_turtle_action/lib/python3.12/site-packages/my_turtle_action/__pycache__/__init__.cpython-312.pyc
/home/dexforint/ROS2_study/turtlesim_action/install/my_turtle_action/lib/python3.12/site-packages/my_turtle_action/__pycache__/server.cpython-312.pyc
/home/dexforint/ROS2_study/turtlesim_action/install/my_turtle_action/lib/python3.12/site-packages/my_turtle_action/__pycache__/publisher_node.cpython-312.pyc
/home/dexforint/ROS2_study/turtlesim_action/install/my_turtle_action/share/ament_index/resource_index/packages/my_turtle_action
/home/dexforint/ROS2_study/turtlesim_action/install/my_turtle_action/share/my_turtle_action/package.xml
/home/dexforint/ROS2_study/turtlesim_action/install/my_turtle_action/lib/python3.12/site-packages/my_turtle_action-0.0.0-py3.12.egg-info/zip-safe
/home/dexforint/ROS2_study/turtlesim_action/install/my_turtle_action/lib/python3.12/site-packages/my_turtle_action-0.0.0-py3.12.egg-info/requires.txt
/home/dexforint/ROS2_study/turtlesim_action/install/my_turtle_action/lib/python3.12/site-packages/my_turtle_action-0.0.0-py3.12.egg-info/dependency_links.txt
/home/dexforint/ROS2_study/turtlesim_action/install/my_turtle_action/lib/python3.12/site-packages/my_turtle_action-0.0.0-py3.12.egg-info/PKG-INFO
/home/dexforint/ROS2_study/turtlesim_action/install/my_turtle_action/lib/python3.12/site-packages/my_turtle_action-0.0.0-py3.12.egg-info/entry_points.txt
/home/dexforint/ROS2_study/turtlesim_action/install/my_turtle_action/lib/python3.12/site-packages/my_turtle_action-0.0.0-py3.12.egg-info/SOURCES.txt
/home/dexforint/ROS2_study/turtlesim_action/install/my_turtle_action/lib/python3.12/site-packages/my_turtle_action-0.0.0-py3.12.egg-info/top_level.txt
/home/dexforint/ROS2_study/turtlesim_action/install/my_turtle_action/lib/my_turtle_action/client
/home/dexforint/ROS2_study/turtlesim_action/install/my_turtle_action/lib/my_turtle_action/number_publisher
/home/dexforint/ROS2_study/turtlesim_action/install/my_turtle_action/lib/my_turtle_action/server
