[0.805s] Invoking command in '/home/dexforint/ROS2_study/ros2_ws/src/talker': PYTHONPATH=/home/dexforint/ROS2_study/ros2_ws/build/talker/prefix_override:/usr/lib/python3/dist-packages/colcon_core/task/python/colcon_distutils_commands:/home/dexforint/ROS2_study/ros2_ws/install/talker/lib/python3.12/site-packages:${PYTHONPATH} /usr/bin/python3 -W ignore:setup.py install is deprecated -W ignore:easy_install command is deprecated setup.py egg_info --egg-base ../../build/talker build --build-base /home/dexforint/ROS2_study/ros2_ws/build/talker/build install --record /home/dexforint/ROS2_study/ros2_ws/build/talker/install.log --single-version-externally-managed install_data
[0.944s] running egg_info
[0.944s] creating ../../build/talker/talker.egg-info
[0.954s] writing ../../build/talker/talker.egg-info/PKG-INFO
[0.954s] writing dependency_links to ../../build/talker/talker.egg-info/dependency_links.txt
[0.954s] writing entry points to ../../build/talker/talker.egg-info/entry_points.txt
[0.954s] writing requirements to ../../build/talker/talker.egg-info/requires.txt
[0.954s] writing top-level names to ../../build/talker/talker.egg-info/top_level.txt
[0.954s] writing manifest file '../../build/talker/talker.egg-info/SOURCES.txt'
[0.973s] reading manifest file '../../build/talker/talker.egg-info/SOURCES.txt'
[0.973s] writing manifest file '../../build/talker/talker.egg-info/SOURCES.txt'
[0.973s] running build
[0.974s] running build_py
[0.974s] creating /home/dexforint/ROS2_study/ros2_ws/build/talker/build
[0.974s] creating /home/dexforint/ROS2_study/ros2_ws/build/talker/build/lib
[0.974s] creating /home/dexforint/ROS2_study/ros2_ws/build/talker/build/lib/talker
[0.974s] copying talker/talker_node.py -> /home/dexforint/ROS2_study/ros2_ws/build/talker/build/lib/talker
[0.974s] copying talker/__init__.py -> /home/dexforint/ROS2_study/ros2_ws/build/talker/build/lib/talker
[0.974s] running install
[0.978s] running install_lib
[0.987s] creating /home/dexforint/ROS2_study/ros2_ws/install/talker/lib/python3.12/site-packages/talker
[0.987s] copying /home/dexforint/ROS2_study/ros2_ws/build/talker/build/lib/talker/talker_node.py -> /home/dexforint/ROS2_study/ros2_ws/install/talker/lib/python3.12/site-packages/talker
[0.988s] copying /home/dexforint/ROS2_study/ros2_ws/build/talker/build/lib/talker/__init__.py -> /home/dexforint/ROS2_study/ros2_ws/install/talker/lib/python3.12/site-packages/talker
[0.988s] byte-compiling /home/dexforint/ROS2_study/ros2_ws/install/talker/lib/python3.12/site-packages/talker/talker_node.py to talker_node.cpython-312.pyc
[0.988s] byte-compiling /home/dexforint/ROS2_study/ros2_ws/install/talker/lib/python3.12/site-packages/talker/__init__.py to __init__.cpython-312.pyc
[0.989s] running install_data
[0.989s] creating /home/dexforint/ROS2_study/ros2_ws/install/talker/share/ament_index
[0.989s] creating /home/dexforint/ROS2_study/ros2_ws/install/talker/share/ament_index/resource_index
[0.989s] creating /home/dexforint/ROS2_study/ros2_ws/install/talker/share/ament_index/resource_index/packages
[0.989s] copying resource/talker -> /home/dexforint/ROS2_study/ros2_ws/install/talker/share/ament_index/resource_index/packages
[0.990s] copying package.xml -> /home/dexforint/ROS2_study/ros2_ws/install/talker/share/talker
[0.990s] running install_egg_info
[1.000s] Copying ../../build/talker/talker.egg-info to /home/dexforint/ROS2_study/ros2_ws/install/talker/lib/python3.12/site-packages/talker-0.0.0-py3.12.egg-info
[1.000s] running install_scripts
[1.075s] Installing talker script to /home/dexforint/ROS2_study/ros2_ws/install/talker/lib/talker
[1.075s] writing list of installed files to '/home/dexforint/ROS2_study/ros2_ws/build/talker/install.log'
[1.099s] Invoked command in '/home/dexforint/ROS2_study/ros2_ws/src/talker' returned '0': PYTHONPATH=/home/dexforint/ROS2_study/ros2_ws/build/talker/prefix_override:/usr/lib/python3/dist-packages/colcon_core/task/python/colcon_distutils_commands:/home/dexforint/ROS2_study/ros2_ws/install/talker/lib/python3.12/site-packages:${PYTHONPATH} /usr/bin/python3 -W ignore:setup.py install is deprecated -W ignore:easy_install command is deprecated setup.py egg_info --egg-base ../../build/talker build --build-base /home/dexforint/ROS2_study/ros2_ws/build/talker/build install --record /home/dexforint/ROS2_study/ros2_ws/build/talker/install.log --single-version-externally-managed install_data
