[0.012s] Invoking command in '/home/dexforint/ROS2_study/ros2_service/build/my_service_interfaces': CMAKE_PREFIX_PATH=${CMAKE_PREFIX_PATH}:/home/dexforint/ROS2_study/ros2_ws2/install/my_turtle_controller:/opt/ros/jazzy /usr/bin/cmake /home/dexforint/ROS2_study/ros2_service/src/my_service_interfaces -DCMAKE_INSTALL_PREFIX=/home/dexforint/ROS2_study/ros2_service/install/my_service_interfaces
[0.208s] -- The C compiler identification is GNU 13.3.0
[0.565s] -- The CXX compiler identification is GNU 13.3.0
[0.839s] -- Detecting C compiler ABI info
[0.963s] -- Detecting C compiler ABI info - done
[0.969s] -- Check for working C compiler: /usr/bin/cc - skipped
[0.970s] -- Detecting C compile features
[0.970s] -- Detecting C compile features - done
[1.008s] -- Detecting CXX compiler ABI info
[1.135s] -- Detecting CXX compiler ABI info - done
[1.142s] -- Check for working CXX compiler: /usr/bin/c++ - skipped
[1.142s] -- Detecting CXX compile features
[1.142s] -- Detecting CXX compile features - done
[1.155s] -- Found ament_cmake: 2.5.4 (/opt/ros/jazzy/share/ament_cmake/cmake)
[1.249s] -- Found Python3: /usr/bin/python3 (found version "3.12.3") found components: Interpreter 
[1.336s] -- Found rosidl_default_generators: 1.6.0 (/opt/ros/jazzy/share/rosidl_default_generators/cmake)
[1.343s] -- Using all available rosidl_typesupport_c: rosidl_typesupport_fastrtps_c;rosidl_typesupport_introspection_c
[1.437s] -- Using all available rosidl_typesupport_cpp: rosidl_typesupport_fastrtps_cpp;rosidl_typesupport_introspection_cpp
[1.476s] -- Found rosidl_adapter: 4.6.6 (/opt/ros/jazzy/share/rosidl_adapter/cmake)
[1.860s] -- Found ament_cmake_ros: 0.12.0 (/opt/ros/jazzy/share/ament_cmake_ros/cmake)
[2.146s] -- Using all available rosidl_typesupport_c: rosidl_typesupport_fastrtps_c;rosidl_typesupport_introspection_c
[2.531s] -- Using all available rosidl_typesupport_cpp: rosidl_typesupport_fastrtps_cpp;rosidl_typesupport_introspection_cpp
[2.535s] -- Found python_cmake_module: 0.11.1 (/opt/ros/jazzy/share/python_cmake_module/cmake)
[2.628s] -- Found PythonExtra: /usr/bin/python3  
[2.942s] -- Found Python3: /usr/bin/python3 (found version "3.12.3") found components: Interpreter Development NumPy Development.Module Development.Embed 
[2.967s] -- Found ament_lint_auto: 0.17.3 (/opt/ros/jazzy/share/ament_lint_auto/cmake)
[2.990s] -- Added test 'lint_cmake' to check CMake code style
[2.991s] -- Added test 'xmllint' to check XML markup files
[2.995s] -- Configuring done (2.9s)
[3.019s] -- Generating done (0.0s)
[3.028s] -- Build files have been written to: /home/dexforint/ROS2_study/ros2_service/build/my_service_interfaces
[3.034s] Invoked command in '/home/dexforint/ROS2_study/ros2_service/build/my_service_interfaces' returned '0': CMAKE_PREFIX_PATH=${CMAKE_PREFIX_PATH}:/home/dexforint/ROS2_study/ros2_ws2/install/my_turtle_controller:/opt/ros/jazzy /usr/bin/cmake /home/dexforint/ROS2_study/ros2_service/src/my_service_interfaces -DCMAKE_INSTALL_PREFIX=/home/dexforint/ROS2_study/ros2_service/install/my_service_interfaces
[3.036s] Invoking command in '/home/dexforint/ROS2_study/ros2_service/build/my_service_interfaces': CMAKE_PREFIX_PATH=${CMAKE_PREFIX_PATH}:/home/dexforint/ROS2_study/ros2_ws2/install/my_turtle_controller:/opt/ros/jazzy /usr/bin/cmake --build /home/dexforint/ROS2_study/ros2_service/build/my_service_interfaces -- -j16 -l16
[3.059s] [  2%] [34m[1mGenerating type hashes for ROS interfaces[0m
[3.062s] [  2%] Built target ament_cmake_python_copy_my_service_interfaces
[3.191s] [  2%] Built target my_service_interfaces__rosidl_generator_type_description
[3.196s] [  5%] [34m[1mGenerating C code for ROS interfaces[0m
[3.201s] [  8%] [34m[1mGenerating C++ code for ROS interfaces[0m
[3.201s] running egg_info
[3.202s] creating my_service_interfaces.egg-info
[3.214s] writing my_service_interfaces.egg-info/PKG-INFO
[3.214s] writing dependency_links to my_service_interfaces.egg-info/dependency_links.txt
[3.214s] writing top-level names to my_service_interfaces.egg-info/top_level.txt
[3.215s] writing manifest file 'my_service_interfaces.egg-info/SOURCES.txt'
[3.250s] reading manifest file 'my_service_interfaces.egg-info/SOURCES.txt'
[3.250s] writing manifest file 'my_service_interfaces.egg-info/SOURCES.txt'
[3.270s] [  8%] Built target ament_cmake_python_build_my_service_interfaces_egg
[3.382s] [  8%] Built target my_service_interfaces__cpp
[3.391s] [ 11%] [32mBuilding C object CMakeFiles/my_service_interfaces__rosidl_generator_c.dir/rosidl_generator_c/my_service_interfaces/srv/detail/set_velocity__description.c.o[0m
[3.391s] [ 14%] [32mBuilding C object CMakeFiles/my_service_interfaces__rosidl_generator_c.dir/rosidl_generator_c/my_service_interfaces/srv/detail/set_velocity__functions.c.o[0m
[3.392s] [ 17%] [32mBuilding C object CMakeFiles/my_service_interfaces__rosidl_generator_c.dir/rosidl_generator_c/my_service_interfaces/srv/detail/set_velocity__type_support.c.o[0m
[3.451s] [ 20%] [32m[1mLinking C shared library libmy_service_interfaces__rosidl_generator_c.so[0m
[3.504s] [ 20%] Built target my_service_interfaces__rosidl_generator_c
[3.510s] [ 23%] [34m[1mGenerating C++ type support dispatch for ROS interfaces[0m
[3.510s] [ 29%] [34m[1mGenerating C++ type support for eProsima Fast-RTPS[0m
[3.510s] [ 29%] [34m[1mGenerating C introspection for ROS interfaces[0m
[3.512s] [ 32%] [34m[1mGenerating C type support for eProsima Fast-RTPS[0m
[3.512s] [ 35%] [34m[1mGenerating C type support dispatch for ROS interfaces[0m
[3.512s] [ 38%] [34m[1mGenerating C++ introspection for ROS interfaces[0m
[3.666s] [ 41%] [32mBuilding CXX object CMakeFiles/my_service_interfaces__rosidl_typesupport_c.dir/rosidl_typesupport_c/my_service_interfaces/srv/set_velocity__type_support.cpp.o[0m
[3.681s] [ 44%] [32mBuilding CXX object CMakeFiles/my_service_interfaces__rosidl_typesupport_introspection_cpp.dir/rosidl_typesupport_introspection_cpp/my_service_interfaces/srv/detail/set_velocity__type_support.cpp.o[0m
[3.686s] [ 50%] [32mBuilding CXX object CMakeFiles/my_service_interfaces__rosidl_typesupport_cpp.dir/rosidl_typesupport_cpp/my_service_interfaces/srv/set_velocity__type_support.cpp.o[0m
[3.686s] [ 50%] [32mBuilding C object CMakeFiles/my_service_interfaces__rosidl_typesupport_introspection_c.dir/rosidl_typesupport_introspection_c/my_service_interfaces/srv/detail/set_velocity__type_support.c.o[0m
[3.700s] [ 52%] [32m[1mLinking CXX shared library libmy_service_interfaces__rosidl_typesupport_c.so[0m
[3.702s] [ 55%] [32mBuilding CXX object CMakeFiles/my_service_interfaces__rosidl_typesupport_fastrtps_cpp.dir/rosidl_typesupport_fastrtps_cpp/my_service_interfaces/srv/detail/dds_fastrtps/set_velocity__type_support.cpp.o[0m
[3.716s] [ 58%] [32m[1mLinking C shared library libmy_service_interfaces__rosidl_typesupport_introspection_c.so[0m
[3.723s] [ 61%] [32mBuilding CXX object CMakeFiles/my_service_interfaces__rosidl_typesupport_fastrtps_c.dir/rosidl_typesupport_fastrtps_c/my_service_interfaces/srv/detail/set_velocity__type_support_c.cpp.o[0m
[3.785s] [ 61%] Built target my_service_interfaces__rosidl_typesupport_c
[3.787s] [ 61%] Built target my_service_interfaces__rosidl_typesupport_introspection_c
[3.945s] [ 64%] [32m[1mLinking CXX shared library libmy_service_interfaces__rosidl_typesupport_cpp.so[0m
[3.963s] [ 67%] [32m[1mLinking CXX shared library libmy_service_interfaces__rosidl_typesupport_introspection_cpp.so[0m
[4.029s] [ 70%] [32m[1mLinking CXX shared library libmy_service_interfaces__rosidl_typesupport_fastrtps_c.so[0m
[4.035s] [ 70%] Built target my_service_interfaces__rosidl_typesupport_cpp
[4.042s] [ 70%] Built target my_service_interfaces__rosidl_typesupport_introspection_cpp
[4.092s] [ 73%] [32m[1mLinking CXX shared library libmy_service_interfaces__rosidl_typesupport_fastrtps_cpp.so[0m
[4.109s] [ 73%] Built target my_service_interfaces__rosidl_typesupport_fastrtps_c
[4.161s] [ 73%] Built target my_service_interfaces__rosidl_typesupport_fastrtps_cpp
[4.171s] [ 73%] Built target my_service_interfaces
[4.180s] [ 76%] [34m[1mGenerating Python code for ROS interfaces[0m
[4.400s] [ 76%] Built target my_service_interfaces__py
[4.410s] [ 79%] [32mBuilding C object CMakeFiles/my_service_interfaces__rosidl_generator_py.dir/rosidl_generator_py/my_service_interfaces/srv/_set_velocity_s.c.o[0m
[4.511s] [ 82%] [32m[1mLinking C shared library libmy_service_interfaces__rosidl_generator_py.so[0m
[4.570s] [ 82%] Built target my_service_interfaces__rosidl_generator_py
[4.579s] [ 85%] [32mBuilding C object CMakeFiles/my_service_interfaces_s__rosidl_typesupport_introspection_c.dir/rosidl_generator_py/my_service_interfaces/_my_service_interfaces_s.ep.rosidl_typesupport_introspection_c.c.o[0m
[4.579s] [ 88%] [32mBuilding C object CMakeFiles/my_service_interfaces_s__rosidl_typesupport_fastrtps_c.dir/rosidl_generator_py/my_service_interfaces/_my_service_interfaces_s.ep.rosidl_typesupport_fastrtps_c.c.o[0m
[4.581s] [ 91%] [32mBuilding C object CMakeFiles/my_service_interfaces_s__rosidl_typesupport_c.dir/rosidl_generator_py/my_service_interfaces/_my_service_interfaces_s.ep.rosidl_typesupport_c.c.o[0m
[4.635s] [ 94%] [32m[1mLinking C shared module rosidl_generator_py/my_service_interfaces/my_service_interfaces_s__rosidl_typesupport_fastrtps_c.so[0m
[4.636s] [ 97%] [32m[1mLinking C shared module rosidl_generator_py/my_service_interfaces/my_service_interfaces_s__rosidl_typesupport_c.so[0m
[4.647s] [100%] [32m[1mLinking C shared module rosidl_generator_py/my_service_interfaces/my_service_interfaces_s__rosidl_typesupport_introspection_c.so[0m
[4.685s] [100%] Built target my_service_interfaces_s__rosidl_typesupport_c
[4.686s] [100%] Built target my_service_interfaces_s__rosidl_typesupport_fastrtps_c
[4.704s] [100%] Built target my_service_interfaces_s__rosidl_typesupport_introspection_c
[4.709s] Invoked command in '/home/dexforint/ROS2_study/ros2_service/build/my_service_interfaces' returned '0': CMAKE_PREFIX_PATH=${CMAKE_PREFIX_PATH}:/home/dexforint/ROS2_study/ros2_ws2/install/my_turtle_controller:/opt/ros/jazzy /usr/bin/cmake --build /home/dexforint/ROS2_study/ros2_service/build/my_service_interfaces -- -j16 -l16
[4.713s] Invoking command in '/home/dexforint/ROS2_study/ros2_service/build/my_service_interfaces': CMAKE_PREFIX_PATH=${CMAKE_PREFIX_PATH}:/home/dexforint/ROS2_study/ros2_ws2/install/my_turtle_controller:/opt/ros/jazzy /usr/bin/cmake --install /home/dexforint/ROS2_study/ros2_service/build/my_service_interfaces
[4.717s] -- Install configuration: ""
[4.717s] -- Installing: /home/dexforint/ROS2_study/ros2_service/install/my_service_interfaces/share/ament_index/resource_index/rosidl_interfaces/my_service_interfaces
[4.717s] -- Installing: /home/dexforint/ROS2_study/ros2_service/install/my_service_interfaces/share/my_service_interfaces/srv/SetVelocity.json
[4.718s] -- Installing: /home/dexforint/ROS2_study/ros2_service/install/my_service_interfaces/include/my_service_interfaces/my_service_interfaces
[4.719s] -- Installing: /home/dexforint/ROS2_study/ros2_service/install/my_service_interfaces/include/my_service_interfaces/my_service_interfaces/srv
[4.719s] -- Installing: /home/dexforint/ROS2_study/ros2_service/install/my_service_interfaces/include/my_service_interfaces/my_service_interfaces/srv/detail
[4.719s] -- Installing: /home/dexforint/ROS2_study/ros2_service/install/my_service_interfaces/include/my_service_interfaces/my_service_interfaces/srv/detail/set_velocity__functions.c
[4.719s] -- Installing: /home/dexforint/ROS2_study/ros2_service/install/my_service_interfaces/include/my_service_interfaces/my_service_interfaces/srv/detail/set_velocity__functions.h
[4.719s] -- Installing: /home/dexforint/ROS2_study/ros2_service/install/my_service_interfaces/include/my_service_interfaces/my_service_interfaces/srv/detail/set_velocity__struct.h
[4.720s] -- Installing: /home/dexforint/ROS2_study/ros2_service/install/my_service_interfaces/include/my_service_interfaces/my_service_interfaces/srv/detail/set_velocity__type_support.c
[4.720s] -- Installing: /home/dexforint/ROS2_study/ros2_service/install/my_service_interfaces/include/my_service_interfaces/my_service_interfaces/srv/detail/set_velocity__type_support.h
[4.720s] -- Installing: /home/dexforint/ROS2_study/ros2_service/install/my_service_interfaces/include/my_service_interfaces/my_service_interfaces/srv/detail/set_velocity__description.c
[4.720s] -- Installing: /home/dexforint/ROS2_study/ros2_service/install/my_service_interfaces/include/my_service_interfaces/my_service_interfaces/srv/set_velocity.h
[4.720s] -- Installing: /home/dexforint/ROS2_study/ros2_service/install/my_service_interfaces/include/my_service_interfaces/my_service_interfaces/msg
[4.720s] -- Installing: /home/dexforint/ROS2_study/ros2_service/install/my_service_interfaces/include/my_service_interfaces/my_service_interfaces/msg/rosidl_generator_c__visibility_control.h
[4.720s] -- Installing: /home/dexforint/ROS2_study/ros2_service/install/my_service_interfaces/share/my_service_interfaces/environment/library_path.sh
[4.720s] -- Installing: /home/dexforint/ROS2_study/ros2_service/install/my_service_interfaces/share/my_service_interfaces/environment/library_path.dsv
[4.720s] -- Installing: /home/dexforint/ROS2_study/ros2_service/install/my_service_interfaces/lib/libmy_service_interfaces__rosidl_generator_c.so
[4.720s] -- Set non-toolchain portion of runtime path of "/home/dexforint/ROS2_study/ros2_service/install/my_service_interfaces/lib/libmy_service_interfaces__rosidl_generator_c.so" to ""
[4.720s] -- Up-to-date: /home/dexforint/ROS2_study/ros2_service/install/my_service_interfaces/include/my_service_interfaces/my_service_interfaces
[4.720s] -- Up-to-date: /home/dexforint/ROS2_study/ros2_service/install/my_service_interfaces/include/my_service_interfaces/my_service_interfaces/srv
[4.720s] -- Up-to-date: /home/dexforint/ROS2_study/ros2_service/install/my_service_interfaces/include/my_service_interfaces/my_service_interfaces/srv/detail
[4.721s] -- Installing: /home/dexforint/ROS2_study/ros2_service/install/my_service_interfaces/include/my_service_interfaces/my_service_interfaces/srv/detail/set_velocity__rosidl_typesupport_fastrtps_c.h
[4.721s] -- Up-to-date: /home/dexforint/ROS2_study/ros2_service/install/my_service_interfaces/include/my_service_interfaces/my_service_interfaces/msg
[4.721s] -- Installing: /home/dexforint/ROS2_study/ros2_service/install/my_service_interfaces/include/my_service_interfaces/my_service_interfaces/msg/rosidl_typesupport_fastrtps_c__visibility_control.h
[4.721s] -- Installing: /home/dexforint/ROS2_study/ros2_service/install/my_service_interfaces/lib/libmy_service_interfaces__rosidl_typesupport_fastrtps_c.so
[4.721s] -- Set non-toolchain portion of runtime path of "/home/dexforint/ROS2_study/ros2_service/install/my_service_interfaces/lib/libmy_service_interfaces__rosidl_typesupport_fastrtps_c.so" to ""
[4.721s] -- Up-to-date: /home/dexforint/ROS2_study/ros2_service/install/my_service_interfaces/include/my_service_interfaces/my_service_interfaces
[4.721s] -- Up-to-date: /home/dexforint/ROS2_study/ros2_service/install/my_service_interfaces/include/my_service_interfaces/my_service_interfaces/srv
[4.721s] -- Up-to-date: /home/dexforint/ROS2_study/ros2_service/install/my_service_interfaces/include/my_service_interfaces/my_service_interfaces/srv/detail
[4.721s] -- Up-to-date: /home/dexforint/ROS2_study/ros2_service/install/my_service_interfaces/include/my_service_interfaces/my_service_interfaces/srv/detail/set_velocity__type_support.c
[4.721s] -- Installing: /home/dexforint/ROS2_study/ros2_service/install/my_service_interfaces/include/my_service_interfaces/my_service_interfaces/srv/detail/set_velocity__rosidl_typesupport_introspection_c.h
[4.722s] -- Up-to-date: /home/dexforint/ROS2_study/ros2_service/install/my_service_interfaces/include/my_service_interfaces/my_service_interfaces/msg
[4.722s] -- Installing: /home/dexforint/ROS2_study/ros2_service/install/my_service_interfaces/include/my_service_interfaces/my_service_interfaces/msg/rosidl_typesupport_introspection_c__visibility_control.h
[4.722s] -- Installing: /home/dexforint/ROS2_study/ros2_service/install/my_service_interfaces/lib/libmy_service_interfaces__rosidl_typesupport_introspection_c.so
[4.722s] -- Set non-toolchain portion of runtime path of "/home/dexforint/ROS2_study/ros2_service/install/my_service_interfaces/lib/libmy_service_interfaces__rosidl_typesupport_introspection_c.so" to ""
[4.722s] -- Installing: /home/dexforint/ROS2_study/ros2_service/install/my_service_interfaces/lib/libmy_service_interfaces__rosidl_typesupport_c.so
[4.722s] -- Set non-toolchain portion of runtime path of "/home/dexforint/ROS2_study/ros2_service/install/my_service_interfaces/lib/libmy_service_interfaces__rosidl_typesupport_c.so" to ""
[4.722s] -- Up-to-date: /home/dexforint/ROS2_study/ros2_service/install/my_service_interfaces/include/my_service_interfaces/my_service_interfaces
[4.722s] -- Up-to-date: /home/dexforint/ROS2_study/ros2_service/install/my_service_interfaces/include/my_service_interfaces/my_service_interfaces/srv
[4.722s] -- Up-to-date: /home/dexforint/ROS2_study/ros2_service/install/my_service_interfaces/include/my_service_interfaces/my_service_interfaces/srv/detail
[4.722s] -- Installing: /home/dexforint/ROS2_study/ros2_service/install/my_service_interfaces/include/my_service_interfaces/my_service_interfaces/srv/detail/set_velocity__type_support.hpp
[4.722s] -- Installing: /home/dexforint/ROS2_study/ros2_service/install/my_service_interfaces/include/my_service_interfaces/my_service_interfaces/srv/detail/set_velocity__struct.hpp
[4.722s] -- Installing: /home/dexforint/ROS2_study/ros2_service/install/my_service_interfaces/include/my_service_interfaces/my_service_interfaces/srv/detail/set_velocity__builder.hpp
[4.722s] -- Installing: /home/dexforint/ROS2_study/ros2_service/install/my_service_interfaces/include/my_service_interfaces/my_service_interfaces/srv/detail/set_velocity__traits.hpp
[4.723s] -- Installing: /home/dexforint/ROS2_study/ros2_service/install/my_service_interfaces/include/my_service_interfaces/my_service_interfaces/srv/set_velocity.hpp
[4.723s] -- Up-to-date: /home/dexforint/ROS2_study/ros2_service/install/my_service_interfaces/include/my_service_interfaces/my_service_interfaces/msg
[4.723s] -- Installing: /home/dexforint/ROS2_study/ros2_service/install/my_service_interfaces/include/my_service_interfaces/my_service_interfaces/msg/rosidl_generator_cpp__visibility_control.hpp
[4.723s] -- Up-to-date: /home/dexforint/ROS2_study/ros2_service/install/my_service_interfaces/include/my_service_interfaces/my_service_interfaces
[4.723s] -- Up-to-date: /home/dexforint/ROS2_study/ros2_service/install/my_service_interfaces/include/my_service_interfaces/my_service_interfaces/srv
[4.723s] -- Up-to-date: /home/dexforint/ROS2_study/ros2_service/install/my_service_interfaces/include/my_service_interfaces/my_service_interfaces/srv/detail
[4.723s] -- Installing: /home/dexforint/ROS2_study/ros2_service/install/my_service_interfaces/include/my_service_interfaces/my_service_interfaces/srv/detail/dds_fastrtps
[4.723s] -- Installing: /home/dexforint/ROS2_study/ros2_service/install/my_service_interfaces/include/my_service_interfaces/my_service_interfaces/srv/detail/set_velocity__rosidl_typesupport_fastrtps_cpp.hpp
[4.724s] -- Up-to-date: /home/dexforint/ROS2_study/ros2_service/install/my_service_interfaces/include/my_service_interfaces/my_service_interfaces/msg
[4.724s] -- Installing: /home/dexforint/ROS2_study/ros2_service/install/my_service_interfaces/include/my_service_interfaces/my_service_interfaces/msg/rosidl_typesupport_fastrtps_cpp__visibility_control.h
[4.724s] -- Installing: /home/dexforint/ROS2_study/ros2_service/install/my_service_interfaces/lib/libmy_service_interfaces__rosidl_typesupport_fastrtps_cpp.so
[4.724s] -- Set non-toolchain portion of runtime path of "/home/dexforint/ROS2_study/ros2_service/install/my_service_interfaces/lib/libmy_service_interfaces__rosidl_typesupport_fastrtps_cpp.so" to ""
[4.724s] -- Up-to-date: /home/dexforint/ROS2_study/ros2_service/install/my_service_interfaces/include/my_service_interfaces/my_service_interfaces
[4.724s] -- Up-to-date: /home/dexforint/ROS2_study/ros2_service/install/my_service_interfaces/include/my_service_interfaces/my_service_interfaces/srv
[4.724s] -- Up-to-date: /home/dexforint/ROS2_study/ros2_service/install/my_service_interfaces/include/my_service_interfaces/my_service_interfaces/srv/detail
[4.724s] -- Installing: /home/dexforint/ROS2_study/ros2_service/install/my_service_interfaces/include/my_service_interfaces/my_service_interfaces/srv/detail/set_velocity__type_support.cpp
[4.724s] -- Installing: /home/dexforint/ROS2_study/ros2_service/install/my_service_interfaces/include/my_service_interfaces/my_service_interfaces/srv/detail/set_velocity__rosidl_typesupport_introspection_cpp.hpp
[4.724s] -- Installing: /home/dexforint/ROS2_study/ros2_service/install/my_service_interfaces/lib/libmy_service_interfaces__rosidl_typesupport_introspection_cpp.so
[4.724s] -- Set non-toolchain portion of runtime path of "/home/dexforint/ROS2_study/ros2_service/install/my_service_interfaces/lib/libmy_service_interfaces__rosidl_typesupport_introspection_cpp.so" to ""
[4.724s] -- Installing: /home/dexforint/ROS2_study/ros2_service/install/my_service_interfaces/lib/libmy_service_interfaces__rosidl_typesupport_cpp.so
[4.724s] -- Set non-toolchain portion of runtime path of "/home/dexforint/ROS2_study/ros2_service/install/my_service_interfaces/lib/libmy_service_interfaces__rosidl_typesupport_cpp.so" to ""
[4.724s] -- Installing: /home/dexforint/ROS2_study/ros2_service/install/my_service_interfaces/share/my_service_interfaces/environment/pythonpath.sh
[4.724s] -- Installing: /home/dexforint/ROS2_study/ros2_service/install/my_service_interfaces/share/my_service_interfaces/environment/pythonpath.dsv
[4.724s] -- Installing: /home/dexforint/ROS2_study/ros2_service/install/my_service_interfaces/lib/python3.12/site-packages/my_service_interfaces-0.0.0-py3.12.egg-info
[4.724s] -- Installing: /home/dexforint/ROS2_study/ros2_service/install/my_service_interfaces/lib/python3.12/site-packages/my_service_interfaces-0.0.0-py3.12.egg-info/dependency_links.txt
[4.724s] -- Installing: /home/dexforint/ROS2_study/ros2_service/install/my_service_interfaces/lib/python3.12/site-packages/my_service_interfaces-0.0.0-py3.12.egg-info/PKG-INFO
[4.724s] -- Installing: /home/dexforint/ROS2_study/ros2_service/install/my_service_interfaces/lib/python3.12/site-packages/my_service_interfaces-0.0.0-py3.12.egg-info/SOURCES.txt
[4.724s] -- Installing: /home/dexforint/ROS2_study/ros2_service/install/my_service_interfaces/lib/python3.12/site-packages/my_service_interfaces-0.0.0-py3.12.egg-info/top_level.txt
[4.724s] -- Installing: /home/dexforint/ROS2_study/ros2_service/install/my_service_interfaces/lib/python3.12/site-packages/my_service_interfaces
[4.724s] -- Installing: /home/dexforint/ROS2_study/ros2_service/install/my_service_interfaces/lib/python3.12/site-packages/my_service_interfaces/_my_service_interfaces_s.ep.rosidl_typesupport_introspection_c.c
[4.724s] -- Installing: /home/dexforint/ROS2_study/ros2_service/install/my_service_interfaces/lib/python3.12/site-packages/my_service_interfaces/_my_service_interfaces_s.ep.rosidl_typesupport_c.c
[4.724s] -- Installing: /home/dexforint/ROS2_study/ros2_service/install/my_service_interfaces/lib/python3.12/site-packages/my_service_interfaces/my_service_interfaces_s__rosidl_typesupport_introspection_c.so
[4.724s] -- Installing: /home/dexforint/ROS2_study/ros2_service/install/my_service_interfaces/lib/python3.12/site-packages/my_service_interfaces/__init__.py
[4.724s] -- Installing: /home/dexforint/ROS2_study/ros2_service/install/my_service_interfaces/lib/python3.12/site-packages/my_service_interfaces/_my_service_interfaces_s.ep.rosidl_typesupport_fastrtps_c.c
[4.724s] -- Installing: /home/dexforint/ROS2_study/ros2_service/install/my_service_interfaces/lib/python3.12/site-packages/my_service_interfaces/srv
[4.724s] -- Installing: /home/dexforint/ROS2_study/ros2_service/install/my_service_interfaces/lib/python3.12/site-packages/my_service_interfaces/srv/__init__.py
[4.724s] -- Installing: /home/dexforint/ROS2_study/ros2_service/install/my_service_interfaces/lib/python3.12/site-packages/my_service_interfaces/srv/_set_velocity.py
[4.724s] -- Installing: /home/dexforint/ROS2_study/ros2_service/install/my_service_interfaces/lib/python3.12/site-packages/my_service_interfaces/srv/_set_velocity_s.c
[4.724s] -- Installing: /home/dexforint/ROS2_study/ros2_service/install/my_service_interfaces/lib/python3.12/site-packages/my_service_interfaces/my_service_interfaces_s__rosidl_typesupport_fastrtps_c.so
[4.725s] -- Installing: /home/dexforint/ROS2_study/ros2_service/install/my_service_interfaces/lib/python3.12/site-packages/my_service_interfaces/my_service_interfaces_s__rosidl_typesupport_c.so
[4.750s] Listing '/home/dexforint/ROS2_study/ros2_service/install/my_service_interfaces/lib/python3.12/site-packages/my_service_interfaces'...
[4.751s] Compiling '/home/dexforint/ROS2_study/ros2_service/install/my_service_interfaces/lib/python3.12/site-packages/my_service_interfaces/__init__.py'...
[4.751s] Listing '/home/dexforint/ROS2_study/ros2_service/install/my_service_interfaces/lib/python3.12/site-packages/my_service_interfaces/srv'...
[4.751s] Compiling '/home/dexforint/ROS2_study/ros2_service/install/my_service_interfaces/lib/python3.12/site-packages/my_service_interfaces/srv/__init__.py'...
[4.751s] Compiling '/home/dexforint/ROS2_study/ros2_service/install/my_service_interfaces/lib/python3.12/site-packages/my_service_interfaces/srv/_set_velocity.py'...
[4.754s] -- Installing: /home/dexforint/ROS2_study/ros2_service/install/my_service_interfaces/lib/python3.12/site-packages/my_service_interfaces/my_service_interfaces_s__rosidl_typesupport_fastrtps_c.so
[4.754s] -- Set non-toolchain portion of runtime path of "/home/dexforint/ROS2_study/ros2_service/install/my_service_interfaces/lib/python3.12/site-packages/my_service_interfaces/my_service_interfaces_s__rosidl_typesupport_fastrtps_c.so" to ""
[4.754s] -- Installing: /home/dexforint/ROS2_study/ros2_service/install/my_service_interfaces/lib/python3.12/site-packages/my_service_interfaces/my_service_interfaces_s__rosidl_typesupport_introspection_c.so
[4.754s] -- Set non-toolchain portion of runtime path of "/home/dexforint/ROS2_study/ros2_service/install/my_service_interfaces/lib/python3.12/site-packages/my_service_interfaces/my_service_interfaces_s__rosidl_typesupport_introspection_c.so" to ""
[4.754s] -- Installing: /home/dexforint/ROS2_study/ros2_service/install/my_service_interfaces/lib/python3.12/site-packages/my_service_interfaces/my_service_interfaces_s__rosidl_typesupport_c.so
[4.755s] -- Set non-toolchain portion of runtime path of "/home/dexforint/ROS2_study/ros2_service/install/my_service_interfaces/lib/python3.12/site-packages/my_service_interfaces/my_service_interfaces_s__rosidl_typesupport_c.so" to ""
[4.756s] -- Installing: /home/dexforint/ROS2_study/ros2_service/install/my_service_interfaces/lib/libmy_service_interfaces__rosidl_generator_py.so
[4.756s] -- Set non-toolchain portion of runtime path of "/home/dexforint/ROS2_study/ros2_service/install/my_service_interfaces/lib/libmy_service_interfaces__rosidl_generator_py.so" to ""
[4.756s] -- Installing: /home/dexforint/ROS2_study/ros2_service/install/my_service_interfaces/share/my_service_interfaces/srv/SetVelocity.idl
[4.756s] -- Installing: /home/dexforint/ROS2_study/ros2_service/install/my_service_interfaces/share/my_service_interfaces/srv/SetVelocity.srv
[4.756s] -- Installing: /home/dexforint/ROS2_study/ros2_service/install/my_service_interfaces/share/ament_index/resource_index/package_run_dependencies/my_service_interfaces
[4.756s] -- Installing: /home/dexforint/ROS2_study/ros2_service/install/my_service_interfaces/share/ament_index/resource_index/parent_prefix_path/my_service_interfaces
[4.756s] -- Installing: /home/dexforint/ROS2_study/ros2_service/install/my_service_interfaces/share/my_service_interfaces/environment/ament_prefix_path.sh
[4.756s] -- Installing: /home/dexforint/ROS2_study/ros2_service/install/my_service_interfaces/share/my_service_interfaces/environment/ament_prefix_path.dsv
[4.756s] -- Installing: /home/dexforint/ROS2_study/ros2_service/install/my_service_interfaces/share/my_service_interfaces/environment/path.sh
[4.757s] -- Installing: /home/dexforint/ROS2_study/ros2_service/install/my_service_interfaces/share/my_service_interfaces/environment/path.dsv
[4.757s] -- Installing: /home/dexforint/ROS2_study/ros2_service/install/my_service_interfaces/share/my_service_interfaces/local_setup.bash
[4.757s] -- Installing: /home/dexforint/ROS2_study/ros2_service/install/my_service_interfaces/share/my_service_interfaces/local_setup.sh
[4.757s] -- Installing: /home/dexforint/ROS2_study/ros2_service/install/my_service_interfaces/share/my_service_interfaces/local_setup.zsh
[4.757s] -- Installing: /home/dexforint/ROS2_study/ros2_service/install/my_service_interfaces/share/my_service_interfaces/local_setup.dsv
[4.757s] -- Installing: /home/dexforint/ROS2_study/ros2_service/install/my_service_interfaces/share/my_service_interfaces/package.dsv
[4.757s] -- Installing: /home/dexforint/ROS2_study/ros2_service/install/my_service_interfaces/share/ament_index/resource_index/packages/my_service_interfaces
[4.757s] -- Installing: /home/dexforint/ROS2_study/ros2_service/install/my_service_interfaces/share/my_service_interfaces/cmake/export_my_service_interfaces__rosidl_generator_cExport.cmake
[4.757s] -- Installing: /home/dexforint/ROS2_study/ros2_service/install/my_service_interfaces/share/my_service_interfaces/cmake/export_my_service_interfaces__rosidl_generator_cExport-noconfig.cmake
[4.757s] -- Installing: /home/dexforint/ROS2_study/ros2_service/install/my_service_interfaces/share/my_service_interfaces/cmake/export_my_service_interfaces__rosidl_typesupport_fastrtps_cExport.cmake
[4.758s] -- Installing: /home/dexforint/ROS2_study/ros2_service/install/my_service_interfaces/share/my_service_interfaces/cmake/export_my_service_interfaces__rosidl_typesupport_fastrtps_cExport-noconfig.cmake
[4.758s] -- Installing: /home/dexforint/ROS2_study/ros2_service/install/my_service_interfaces/share/my_service_interfaces/cmake/my_service_interfaces__rosidl_typesupport_introspection_cExport.cmake
[4.758s] -- Installing: /home/dexforint/ROS2_study/ros2_service/install/my_service_interfaces/share/my_service_interfaces/cmake/my_service_interfaces__rosidl_typesupport_introspection_cExport-noconfig.cmake
[4.758s] -- Installing: /home/dexforint/ROS2_study/ros2_service/install/my_service_interfaces/share/my_service_interfaces/cmake/my_service_interfaces__rosidl_typesupport_cExport.cmake
[4.758s] -- Installing: /home/dexforint/ROS2_study/ros2_service/install/my_service_interfaces/share/my_service_interfaces/cmake/my_service_interfaces__rosidl_typesupport_cExport-noconfig.cmake
[4.758s] -- Installing: /home/dexforint/ROS2_study/ros2_service/install/my_service_interfaces/share/my_service_interfaces/cmake/export_my_service_interfaces__rosidl_generator_cppExport.cmake
[4.758s] -- Installing: /home/dexforint/ROS2_study/ros2_service/install/my_service_interfaces/share/my_service_interfaces/cmake/export_my_service_interfaces__rosidl_typesupport_fastrtps_cppExport.cmake
[4.758s] -- Installing: /home/dexforint/ROS2_study/ros2_service/install/my_service_interfaces/share/my_service_interfaces/cmake/export_my_service_interfaces__rosidl_typesupport_fastrtps_cppExport-noconfig.cmake
[4.758s] -- Installing: /home/dexforint/ROS2_study/ros2_service/install/my_service_interfaces/share/my_service_interfaces/cmake/my_service_interfaces__rosidl_typesupport_introspection_cppExport.cmake
[4.758s] -- Installing: /home/dexforint/ROS2_study/ros2_service/install/my_service_interfaces/share/my_service_interfaces/cmake/my_service_interfaces__rosidl_typesupport_introspection_cppExport-noconfig.cmake
[4.758s] -- Installing: /home/dexforint/ROS2_study/ros2_service/install/my_service_interfaces/share/my_service_interfaces/cmake/my_service_interfaces__rosidl_typesupport_cppExport.cmake
[4.758s] -- Installing: /home/dexforint/ROS2_study/ros2_service/install/my_service_interfaces/share/my_service_interfaces/cmake/my_service_interfaces__rosidl_typesupport_cppExport-noconfig.cmake
[4.758s] -- Installing: /home/dexforint/ROS2_study/ros2_service/install/my_service_interfaces/share/my_service_interfaces/cmake/export_my_service_interfaces__rosidl_generator_pyExport.cmake
[4.758s] -- Installing: /home/dexforint/ROS2_study/ros2_service/install/my_service_interfaces/share/my_service_interfaces/cmake/export_my_service_interfaces__rosidl_generator_pyExport-noconfig.cmake
[4.758s] -- Installing: /home/dexforint/ROS2_study/ros2_service/install/my_service_interfaces/share/my_service_interfaces/cmake/rosidl_cmake-extras.cmake
[4.758s] -- Installing: /home/dexforint/ROS2_study/ros2_service/install/my_service_interfaces/share/my_service_interfaces/cmake/ament_cmake_export_dependencies-extras.cmake
[4.759s] -- Installing: /home/dexforint/ROS2_study/ros2_service/install/my_service_interfaces/share/my_service_interfaces/cmake/ament_cmake_export_include_directories-extras.cmake
[4.759s] -- Installing: /home/dexforint/ROS2_study/ros2_service/install/my_service_interfaces/share/my_service_interfaces/cmake/ament_cmake_export_libraries-extras.cmake
[4.759s] -- Installing: /home/dexforint/ROS2_study/ros2_service/install/my_service_interfaces/share/my_service_interfaces/cmake/ament_cmake_export_targets-extras.cmake
[4.759s] -- Installing: /home/dexforint/ROS2_study/ros2_service/install/my_service_interfaces/share/my_service_interfaces/cmake/rosidl_cmake_export_typesupport_targets-extras.cmake
[4.759s] -- Installing: /home/dexforint/ROS2_study/ros2_service/install/my_service_interfaces/share/my_service_interfaces/cmake/rosidl_cmake_export_typesupport_libraries-extras.cmake
[4.759s] -- Installing: /home/dexforint/ROS2_study/ros2_service/install/my_service_interfaces/share/my_service_interfaces/cmake/my_service_interfacesConfig.cmake
[4.759s] -- Installing: /home/dexforint/ROS2_study/ros2_service/install/my_service_interfaces/share/my_service_interfaces/cmake/my_service_interfacesConfig-version.cmake
[4.759s] -- Installing: /home/dexforint/ROS2_study/ros2_service/install/my_service_interfaces/share/my_service_interfaces/package.xml
[4.760s] Invoked command in '/home/dexforint/ROS2_study/ros2_service/build/my_service_interfaces' returned '0': CMAKE_PREFIX_PATH=${CMAKE_PREFIX_PATH}:/home/dexforint/ROS2_study/ros2_ws2/install/my_turtle_controller:/opt/ros/jazzy /usr/bin/cmake --install /home/dexforint/ROS2_study/ros2_service/build/my_service_interfaces
