[0.011s] Invoking command in '/home/dexforint/ROS2_study/simple_action/build/my_action_interface': CMAKE_PREFIX_PATH=${CMAKE_PREFIX_PATH}:/opt/ros/jazzy /usr/bin/cmake /home/dexforint/ROS2_study/simple_action/src/my_action_interface -DCMAKE_INSTALL_PREFIX=/home/dexforint/ROS2_study/simple_action/install/my_action_interface
[0.294s] -- The C compiler identification is GNU 13.3.0
[0.888s] -- The CXX compiler identification is GNU 13.3.0
[1.381s] -- Detecting C compiler ABI info
[1.590s] -- Detecting C compiler ABI info - done
[1.598s] -- Check for working C compiler: /usr/bin/cc - skipped
[1.598s] -- Detecting C compile features
[1.599s] -- Detecting C compile features - done
[1.672s] -- Detecting CXX compiler ABI info
[1.926s] -- Detecting CXX compiler ABI info - done
[1.932s] -- Check for working CXX compiler: /usr/bin/c++ - skipped
[1.932s] -- Detecting CXX compile features
[1.933s] -- Detecting CXX compile features - done
[1.943s] -- Found ament_cmake: 2.5.4 (/opt/ros/jazzy/share/ament_cmake/cmake)
[2.086s] -- Found Python3: /usr/bin/python3 (found version "3.12.3") found components: Interpreter 
[2.178s] -- Found rosidl_default_generators: 1.6.0 (/opt/ros/jazzy/share/rosidl_default_generators/cmake)
[2.185s] -- Using all available rosidl_typesupport_c: rosidl_typesupport_fastrtps_c;rosidl_typesupport_introspection_c
[2.398s] -- Using all available rosidl_typesupport_cpp: rosidl_typesupport_fastrtps_cpp;rosidl_typesupport_introspection_cpp
[2.444s] -- Found rosidl_adapter: 4.6.6 (/opt/ros/jazzy/share/rosidl_adapter/cmake)
[3.082s] -- Found ament_cmake_ros: 0.12.0 (/opt/ros/jazzy/share/ament_cmake_ros/cmake)
[3.460s] -- Using all available rosidl_typesupport_c: rosidl_typesupport_fastrtps_c;rosidl_typesupport_introspection_c
[3.962s] -- Using all available rosidl_typesupport_cpp: rosidl_typesupport_fastrtps_cpp;rosidl_typesupport_introspection_cpp
[3.964s] -- Found python_cmake_module: 0.11.1 (/opt/ros/jazzy/share/python_cmake_module/cmake)
[4.086s] -- Found PythonExtra: /usr/bin/python3  
[4.518s] -- Found Python3: /usr/bin/python3 (found version "3.12.3") found components: Interpreter Development NumPy Development.Module Development.Embed 
[4.548s] -- Found ament_lint_auto: 0.17.3 (/opt/ros/jazzy/share/ament_lint_auto/cmake)
[4.575s] -- Added test 'lint_cmake' to check CMake code style
[4.576s] -- Added test 'xmllint' to check XML markup files
[4.579s] -- Configuring done (4.5s)
[4.620s] -- Generating done (0.0s)
[4.631s] -- Build files have been written to: /home/dexforint/ROS2_study/simple_action/build/my_action_interface
[4.640s] Invoked command in '/home/dexforint/ROS2_study/simple_action/build/my_action_interface' returned '0': CMAKE_PREFIX_PATH=${CMAKE_PREFIX_PATH}:/opt/ros/jazzy /usr/bin/cmake /home/dexforint/ROS2_study/simple_action/src/my_action_interface -DCMAKE_INSTALL_PREFIX=/home/dexforint/ROS2_study/simple_action/install/my_action_interface
[4.641s] Invoking command in '/home/dexforint/ROS2_study/simple_action/build/my_action_interface': CMAKE_PREFIX_PATH=${CMAKE_PREFIX_PATH}:/opt/ros/jazzy /usr/bin/cmake --build /home/dexforint/ROS2_study/simple_action/build/my_action_interface -- -j20 -l20
[4.683s] [  2%] [34m[1mGenerating type hashes for ROS interfaces[0m
[4.690s] [  2%] Built target ament_cmake_python_copy_my_action_interface
[4.855s] running egg_info
[4.856s] creating my_action_interface.egg-info
[4.865s] [  2%] Built target my_action_interface__rosidl_generator_type_description
[4.874s] writing my_action_interface.egg-info/PKG-INFO
[4.874s] writing dependency_links to my_action_interface.egg-info/dependency_links.txt
[4.874s] writing top-level names to my_action_interface.egg-info/top_level.txt
[4.874s] writing manifest file 'my_action_interface.egg-info/SOURCES.txt'
[4.876s] [  5%] [34m[1mGenerating C code for ROS interfaces[0m
[4.886s] [  8%] [34m[1mGenerating C++ code for ROS interfaces[0m
[4.924s] reading manifest file 'my_action_interface.egg-info/SOURCES.txt'
[4.925s] writing manifest file 'my_action_interface.egg-info/SOURCES.txt'
[4.949s] [  8%] Built target ament_cmake_python_build_my_action_interface_egg
[5.260s] [  8%] Built target my_action_interface__cpp
[5.278s] [ 11%] [32mBuilding C object CMakeFiles/my_action_interface__rosidl_generator_c.dir/rosidl_generator_c/my_action_interface/action/detail/summ_calculate__description.c.o[0m
[5.279s] [ 17%] [32mBuilding C object CMakeFiles/my_action_interface__rosidl_generator_c.dir/rosidl_generator_c/my_action_interface/action/detail/summ_calculate__type_support.c.o[0m
[5.279s] [ 17%] [32mBuilding C object CMakeFiles/my_action_interface__rosidl_generator_c.dir/rosidl_generator_c/my_action_interface/action/detail/summ_calculate__functions.c.o[0m
[5.446s] [ 20%] [32m[1mLinking C shared library libmy_action_interface__rosidl_generator_c.so[0m
[5.549s] [ 20%] Built target my_action_interface__rosidl_generator_c
[5.556s] [ 23%] [34m[1mGenerating C++ introspection for ROS interfaces[0m
[5.557s] [ 29%] [34m[1mGenerating C type support for eProsima Fast-RTPS[0m
[5.557s] [ 29%] [34m[1mGenerating C++ type support for eProsima Fast-RTPS[0m
[5.557s] [ 32%] [34m[1mGenerating C++ type support dispatch for ROS interfaces[0m
[5.557s] [ 35%] [34m[1mGenerating C introspection for ROS interfaces[0m
[5.566s] [ 38%] [34m[1mGenerating C type support dispatch for ROS interfaces[0m
[5.875s] [ 41%] [32mBuilding CXX object CMakeFiles/my_action_interface__rosidl_typesupport_c.dir/rosidl_typesupport_c/my_action_interface/action/summ_calculate__type_support.cpp.o[0m
[5.898s] [ 44%] [32mBuilding CXX object CMakeFiles/my_action_interface__rosidl_typesupport_cpp.dir/rosidl_typesupport_cpp/my_action_interface/action/summ_calculate__type_support.cpp.o[0m
[5.936s] [ 47%] [32mBuilding CXX object CMakeFiles/my_action_interface__rosidl_typesupport_introspection_cpp.dir/rosidl_typesupport_introspection_cpp/my_action_interface/action/detail/summ_calculate__type_support.cpp.o[0m
[5.963s] [ 50%] [32mBuilding C object CMakeFiles/my_action_interface__rosidl_typesupport_introspection_c.dir/rosidl_typesupport_introspection_c/my_action_interface/action/detail/summ_calculate__type_support.c.o[0m
[5.964s] [ 52%] [32m[1mLinking CXX shared library libmy_action_interface__rosidl_typesupport_c.so[0m
[6.035s] [ 55%] [32mBuilding CXX object CMakeFiles/my_action_interface__rosidl_typesupport_fastrtps_cpp.dir/rosidl_typesupport_fastrtps_cpp/my_action_interface/action/detail/dds_fastrtps/summ_calculate__type_support.cpp.o[0m
[6.052s] [ 58%] [32m[1mLinking C shared library libmy_action_interface__rosidl_typesupport_introspection_c.so[0m
[6.113s] [ 61%] [32mBuilding CXX object CMakeFiles/my_action_interface__rosidl_typesupport_fastrtps_c.dir/rosidl_typesupport_fastrtps_c/my_action_interface/action/detail/summ_calculate__type_support_c.cpp.o[0m
[6.150s] [ 61%] Built target my_action_interface__rosidl_typesupport_c
[6.223s] [ 61%] Built target my_action_interface__rosidl_typesupport_introspection_c
[6.708s] [ 64%] [32m[1mLinking CXX shared library libmy_action_interface__rosidl_typesupport_cpp.so[0m
[6.713s] [ 67%] [32m[1mLinking CXX shared library libmy_action_interface__rosidl_typesupport_fastrtps_c.so[0m
[6.760s] [ 70%] [32m[1mLinking CXX shared library libmy_action_interface__rosidl_typesupport_introspection_cpp.so[0m
[6.885s] [ 70%] Built target my_action_interface__rosidl_typesupport_fastrtps_c
[6.915s] [ 70%] Built target my_action_interface__rosidl_typesupport_cpp
[6.992s] [ 70%] Built target my_action_interface__rosidl_typesupport_introspection_cpp
[7.023s] [ 73%] [32m[1mLinking CXX shared library libmy_action_interface__rosidl_typesupport_fastrtps_cpp.so[0m
[7.145s] [ 73%] Built target my_action_interface__rosidl_typesupport_fastrtps_cpp
[7.160s] [ 73%] Built target my_action_interface
[7.174s] [ 76%] [34m[1mGenerating Python code for ROS interfaces[0m
[7.665s] [ 76%] Built target my_action_interface__py
[7.682s] [ 79%] [32mBuilding C object CMakeFiles/my_action_interface__rosidl_generator_py.dir/rosidl_generator_py/my_action_interface/action/_summ_calculate_s.c.o[0m
[7.886s] [ 82%] [32m[1mLinking C shared library libmy_action_interface__rosidl_generator_py.so[0m
[7.990s] [ 82%] Built target my_action_interface__rosidl_generator_py
[8.007s] [ 85%] [32mBuilding C object CMakeFiles/my_action_interface_s__rosidl_typesupport_fastrtps_c.dir/rosidl_generator_py/my_action_interface/_my_action_interface_s.ep.rosidl_typesupport_fastrtps_c.c.o[0m
[8.008s] [ 88%] [32mBuilding C object CMakeFiles/my_action_interface_s__rosidl_typesupport_introspection_c.dir/rosidl_generator_py/my_action_interface/_my_action_interface_s.ep.rosidl_typesupport_introspection_c.c.o[0m
[8.008s] [ 91%] [32mBuilding C object CMakeFiles/my_action_interface_s__rosidl_typesupport_c.dir/rosidl_generator_py/my_action_interface/_my_action_interface_s.ep.rosidl_typesupport_c.c.o[0m
[8.126s] [ 97%] [32m[1mLinking C shared module rosidl_generator_py/my_action_interface/my_action_interface_s__rosidl_typesupport_introspection_c.so[0m
[8.126s] [ 97%] [32m[1mLinking C shared module rosidl_generator_py/my_action_interface/my_action_interface_s__rosidl_typesupport_c.so[0m
[8.126s] [100%] [32m[1mLinking C shared module rosidl_generator_py/my_action_interface/my_action_interface_s__rosidl_typesupport_fastrtps_c.so[0m
[8.226s] [100%] Built target my_action_interface_s__rosidl_typesupport_c
[8.228s] [100%] Built target my_action_interface_s__rosidl_typesupport_fastrtps_c
[8.256s] [100%] Built target my_action_interface_s__rosidl_typesupport_introspection_c
[8.268s] Invoked command in '/home/dexforint/ROS2_study/simple_action/build/my_action_interface' returned '0': CMAKE_PREFIX_PATH=${CMAKE_PREFIX_PATH}:/opt/ros/jazzy /usr/bin/cmake --build /home/dexforint/ROS2_study/simple_action/build/my_action_interface -- -j20 -l20
[8.277s] Invoking command in '/home/dexforint/ROS2_study/simple_action/build/my_action_interface': CMAKE_PREFIX_PATH=${CMAKE_PREFIX_PATH}:/opt/ros/jazzy /usr/bin/cmake --install /home/dexforint/ROS2_study/simple_action/build/my_action_interface
[8.284s] -- Install configuration: ""
[8.284s] -- Installing: /home/dexforint/ROS2_study/simple_action/install/my_action_interface/share/ament_index/resource_index/rosidl_interfaces/my_action_interface
[8.285s] -- Installing: /home/dexforint/ROS2_study/simple_action/install/my_action_interface/share/my_action_interface/action/SummCalculate.json
[8.285s] -- Installing: /home/dexforint/ROS2_study/simple_action/install/my_action_interface/include/my_action_interface/my_action_interface
[8.286s] -- Installing: /home/dexforint/ROS2_study/simple_action/install/my_action_interface/include/my_action_interface/my_action_interface/action
[8.286s] -- Installing: /home/dexforint/ROS2_study/simple_action/install/my_action_interface/include/my_action_interface/my_action_interface/action/summ_calculate.h
[8.286s] -- Installing: /home/dexforint/ROS2_study/simple_action/install/my_action_interface/include/my_action_interface/my_action_interface/action/detail
[8.286s] -- Installing: /home/dexforint/ROS2_study/simple_action/install/my_action_interface/include/my_action_interface/my_action_interface/action/detail/summ_calculate__type_support.c
[8.286s] -- Installing: /home/dexforint/ROS2_study/simple_action/install/my_action_interface/include/my_action_interface/my_action_interface/action/detail/summ_calculate__functions.c
[8.287s] -- Installing: /home/dexforint/ROS2_study/simple_action/install/my_action_interface/include/my_action_interface/my_action_interface/action/detail/summ_calculate__functions.h
[8.287s] -- Installing: /home/dexforint/ROS2_study/simple_action/install/my_action_interface/include/my_action_interface/my_action_interface/action/detail/summ_calculate__struct.h
[8.287s] -- Installing: /home/dexforint/ROS2_study/simple_action/install/my_action_interface/include/my_action_interface/my_action_interface/action/detail/summ_calculate__description.c
[8.287s] -- Installing: /home/dexforint/ROS2_study/simple_action/install/my_action_interface/include/my_action_interface/my_action_interface/action/detail/summ_calculate__type_support.h
[8.287s] -- Installing: /home/dexforint/ROS2_study/simple_action/install/my_action_interface/include/my_action_interface/my_action_interface/msg
[8.287s] -- Installing: /home/dexforint/ROS2_study/simple_action/install/my_action_interface/include/my_action_interface/my_action_interface/msg/rosidl_generator_c__visibility_control.h
[8.288s] -- Installing: /home/dexforint/ROS2_study/simple_action/install/my_action_interface/share/my_action_interface/environment/library_path.sh
[8.288s] -- Installing: /home/dexforint/ROS2_study/simple_action/install/my_action_interface/share/my_action_interface/environment/library_path.dsv
[8.288s] -- Installing: /home/dexforint/ROS2_study/simple_action/install/my_action_interface/lib/libmy_action_interface__rosidl_generator_c.so
[8.288s] -- Set non-toolchain portion of runtime path of "/home/dexforint/ROS2_study/simple_action/install/my_action_interface/lib/libmy_action_interface__rosidl_generator_c.so" to ""
[8.288s] -- Up-to-date: /home/dexforint/ROS2_study/simple_action/install/my_action_interface/include/my_action_interface/my_action_interface
[8.289s] -- Up-to-date: /home/dexforint/ROS2_study/simple_action/install/my_action_interface/include/my_action_interface/my_action_interface/action
[8.289s] -- Up-to-date: /home/dexforint/ROS2_study/simple_action/install/my_action_interface/include/my_action_interface/my_action_interface/action/detail
[8.289s] -- Installing: /home/dexforint/ROS2_study/simple_action/install/my_action_interface/include/my_action_interface/my_action_interface/action/detail/summ_calculate__rosidl_typesupport_fastrtps_c.h
[8.289s] -- Up-to-date: /home/dexforint/ROS2_study/simple_action/install/my_action_interface/include/my_action_interface/my_action_interface/msg
[8.289s] -- Installing: /home/dexforint/ROS2_study/simple_action/install/my_action_interface/include/my_action_interface/my_action_interface/msg/rosidl_typesupport_fastrtps_c__visibility_control.h
[8.289s] -- Installing: /home/dexforint/ROS2_study/simple_action/install/my_action_interface/lib/libmy_action_interface__rosidl_typesupport_fastrtps_c.so
[8.290s] -- Set non-toolchain portion of runtime path of "/home/dexforint/ROS2_study/simple_action/install/my_action_interface/lib/libmy_action_interface__rosidl_typesupport_fastrtps_c.so" to ""
[8.290s] -- Up-to-date: /home/dexforint/ROS2_study/simple_action/install/my_action_interface/include/my_action_interface/my_action_interface
[8.290s] -- Up-to-date: /home/dexforint/ROS2_study/simple_action/install/my_action_interface/include/my_action_interface/my_action_interface/action
[8.290s] -- Up-to-date: /home/dexforint/ROS2_study/simple_action/install/my_action_interface/include/my_action_interface/my_action_interface/action/detail
[8.290s] -- Installing: /home/dexforint/ROS2_study/simple_action/install/my_action_interface/include/my_action_interface/my_action_interface/action/detail/summ_calculate__type_support.c
[8.290s] -- Installing: /home/dexforint/ROS2_study/simple_action/install/my_action_interface/include/my_action_interface/my_action_interface/action/detail/summ_calculate__rosidl_typesupport_introspection_c.h
[8.290s] -- Up-to-date: /home/dexforint/ROS2_study/simple_action/install/my_action_interface/include/my_action_interface/my_action_interface/msg
[8.290s] -- Installing: /home/dexforint/ROS2_study/simple_action/install/my_action_interface/include/my_action_interface/my_action_interface/msg/rosidl_typesupport_introspection_c__visibility_control.h
[8.290s] -- Installing: /home/dexforint/ROS2_study/simple_action/install/my_action_interface/lib/libmy_action_interface__rosidl_typesupport_introspection_c.so
[8.291s] -- Set non-toolchain portion of runtime path of "/home/dexforint/ROS2_study/simple_action/install/my_action_interface/lib/libmy_action_interface__rosidl_typesupport_introspection_c.so" to ""
[8.291s] -- Installing: /home/dexforint/ROS2_study/simple_action/install/my_action_interface/lib/libmy_action_interface__rosidl_typesupport_c.so
[8.291s] -- Set non-toolchain portion of runtime path of "/home/dexforint/ROS2_study/simple_action/install/my_action_interface/lib/libmy_action_interface__rosidl_typesupport_c.so" to ""
[8.291s] -- Up-to-date: /home/dexforint/ROS2_study/simple_action/install/my_action_interface/include/my_action_interface/my_action_interface
[8.291s] -- Up-to-date: /home/dexforint/ROS2_study/simple_action/install/my_action_interface/include/my_action_interface/my_action_interface/action
[8.291s] -- Installing: /home/dexforint/ROS2_study/simple_action/install/my_action_interface/include/my_action_interface/my_action_interface/action/summ_calculate.hpp
[8.292s] -- Up-to-date: /home/dexforint/ROS2_study/simple_action/install/my_action_interface/include/my_action_interface/my_action_interface/action/detail
[8.292s] -- Installing: /home/dexforint/ROS2_study/simple_action/install/my_action_interface/include/my_action_interface/my_action_interface/action/detail/summ_calculate__traits.hpp
[8.292s] -- Installing: /home/dexforint/ROS2_study/simple_action/install/my_action_interface/include/my_action_interface/my_action_interface/action/detail/summ_calculate__builder.hpp
[8.292s] -- Installing: /home/dexforint/ROS2_study/simple_action/install/my_action_interface/include/my_action_interface/my_action_interface/action/detail/summ_calculate__struct.hpp
[8.292s] -- Installing: /home/dexforint/ROS2_study/simple_action/install/my_action_interface/include/my_action_interface/my_action_interface/action/detail/summ_calculate__type_support.hpp
[8.292s] -- Up-to-date: /home/dexforint/ROS2_study/simple_action/install/my_action_interface/include/my_action_interface/my_action_interface/msg
[8.292s] -- Installing: /home/dexforint/ROS2_study/simple_action/install/my_action_interface/include/my_action_interface/my_action_interface/msg/rosidl_generator_cpp__visibility_control.hpp
[8.293s] -- Up-to-date: /home/dexforint/ROS2_study/simple_action/install/my_action_interface/include/my_action_interface/my_action_interface
[8.293s] -- Up-to-date: /home/dexforint/ROS2_study/simple_action/install/my_action_interface/include/my_action_interface/my_action_interface/action
[8.293s] -- Up-to-date: /home/dexforint/ROS2_study/simple_action/install/my_action_interface/include/my_action_interface/my_action_interface/action/detail
[8.293s] -- Installing: /home/dexforint/ROS2_study/simple_action/install/my_action_interface/include/my_action_interface/my_action_interface/action/detail/summ_calculate__rosidl_typesupport_fastrtps_cpp.hpp
[8.294s] -- Installing: /home/dexforint/ROS2_study/simple_action/install/my_action_interface/include/my_action_interface/my_action_interface/action/detail/dds_fastrtps
[8.294s] -- Up-to-date: /home/dexforint/ROS2_study/simple_action/install/my_action_interface/include/my_action_interface/my_action_interface/msg
[8.294s] -- Installing: /home/dexforint/ROS2_study/simple_action/install/my_action_interface/include/my_action_interface/my_action_interface/msg/rosidl_typesupport_fastrtps_cpp__visibility_control.h
[8.294s] -- Installing: /home/dexforint/ROS2_study/simple_action/install/my_action_interface/lib/libmy_action_interface__rosidl_typesupport_fastrtps_cpp.so
[8.295s] -- Set non-toolchain portion of runtime path of "/home/dexforint/ROS2_study/simple_action/install/my_action_interface/lib/libmy_action_interface__rosidl_typesupport_fastrtps_cpp.so" to ""
[8.295s] -- Up-to-date: /home/dexforint/ROS2_study/simple_action/install/my_action_interface/include/my_action_interface/my_action_interface
[8.295s] -- Up-to-date: /home/dexforint/ROS2_study/simple_action/install/my_action_interface/include/my_action_interface/my_action_interface/action
[8.295s] -- Up-to-date: /home/dexforint/ROS2_study/simple_action/install/my_action_interface/include/my_action_interface/my_action_interface/action/detail
[8.295s] -- Installing: /home/dexforint/ROS2_study/simple_action/install/my_action_interface/include/my_action_interface/my_action_interface/action/detail/summ_calculate__rosidl_typesupport_introspection_cpp.hpp
[8.295s] -- Installing: /home/dexforint/ROS2_study/simple_action/install/my_action_interface/include/my_action_interface/my_action_interface/action/detail/summ_calculate__type_support.cpp
[8.295s] -- Installing: /home/dexforint/ROS2_study/simple_action/install/my_action_interface/lib/libmy_action_interface__rosidl_typesupport_introspection_cpp.so
[8.295s] -- Set non-toolchain portion of runtime path of "/home/dexforint/ROS2_study/simple_action/install/my_action_interface/lib/libmy_action_interface__rosidl_typesupport_introspection_cpp.so" to ""
[8.296s] -- Installing: /home/dexforint/ROS2_study/simple_action/install/my_action_interface/lib/libmy_action_interface__rosidl_typesupport_cpp.so
[8.296s] -- Set non-toolchain portion of runtime path of "/home/dexforint/ROS2_study/simple_action/install/my_action_interface/lib/libmy_action_interface__rosidl_typesupport_cpp.so" to ""
[8.296s] -- Installing: /home/dexforint/ROS2_study/simple_action/install/my_action_interface/share/my_action_interface/environment/pythonpath.sh
[8.296s] -- Installing: /home/dexforint/ROS2_study/simple_action/install/my_action_interface/share/my_action_interface/environment/pythonpath.dsv
[8.296s] -- Installing: /home/dexforint/ROS2_study/simple_action/install/my_action_interface/lib/python3.12/site-packages/my_action_interface-0.0.0-py3.12.egg-info
[8.296s] -- Installing: /home/dexforint/ROS2_study/simple_action/install/my_action_interface/lib/python3.12/site-packages/my_action_interface-0.0.0-py3.12.egg-info/SOURCES.txt
[8.296s] -- Installing: /home/dexforint/ROS2_study/simple_action/install/my_action_interface/lib/python3.12/site-packages/my_action_interface-0.0.0-py3.12.egg-info/PKG-INFO
[8.297s] -- Installing: /home/dexforint/ROS2_study/simple_action/install/my_action_interface/lib/python3.12/site-packages/my_action_interface-0.0.0-py3.12.egg-info/dependency_links.txt
[8.297s] -- Installing: /home/dexforint/ROS2_study/simple_action/install/my_action_interface/lib/python3.12/site-packages/my_action_interface-0.0.0-py3.12.egg-info/top_level.txt
[8.297s] -- Installing: /home/dexforint/ROS2_study/simple_action/install/my_action_interface/lib/python3.12/site-packages/my_action_interface
[8.297s] -- Installing: /home/dexforint/ROS2_study/simple_action/install/my_action_interface/lib/python3.12/site-packages/my_action_interface/_my_action_interface_s.ep.rosidl_typesupport_fastrtps_c.c
[8.297s] -- Installing: /home/dexforint/ROS2_study/simple_action/install/my_action_interface/lib/python3.12/site-packages/my_action_interface/my_action_interface_s__rosidl_typesupport_introspection_c.so
[8.297s] -- Installing: /home/dexforint/ROS2_study/simple_action/install/my_action_interface/lib/python3.12/site-packages/my_action_interface/_my_action_interface_s.ep.rosidl_typesupport_c.c
[8.297s] -- Installing: /home/dexforint/ROS2_study/simple_action/install/my_action_interface/lib/python3.12/site-packages/my_action_interface/my_action_interface_s__rosidl_typesupport_fastrtps_c.so
[8.297s] -- Installing: /home/dexforint/ROS2_study/simple_action/install/my_action_interface/lib/python3.12/site-packages/my_action_interface/my_action_interface_s__rosidl_typesupport_c.so
[8.298s] -- Installing: /home/dexforint/ROS2_study/simple_action/install/my_action_interface/lib/python3.12/site-packages/my_action_interface/__init__.py
[8.298s] -- Installing: /home/dexforint/ROS2_study/simple_action/install/my_action_interface/lib/python3.12/site-packages/my_action_interface/_my_action_interface_s.ep.rosidl_typesupport_introspection_c.c
[8.298s] -- Installing: /home/dexforint/ROS2_study/simple_action/install/my_action_interface/lib/python3.12/site-packages/my_action_interface/action
[8.298s] -- Installing: /home/dexforint/ROS2_study/simple_action/install/my_action_interface/lib/python3.12/site-packages/my_action_interface/action/_summ_calculate_s.c
[8.298s] -- Installing: /home/dexforint/ROS2_study/simple_action/install/my_action_interface/lib/python3.12/site-packages/my_action_interface/action/_summ_calculate.py
[8.298s] -- Installing: /home/dexforint/ROS2_study/simple_action/install/my_action_interface/lib/python3.12/site-packages/my_action_interface/action/__init__.py
[8.339s] Listing '/home/dexforint/ROS2_study/simple_action/install/my_action_interface/lib/python3.12/site-packages/my_action_interface'...
[8.339s] Compiling '/home/dexforint/ROS2_study/simple_action/install/my_action_interface/lib/python3.12/site-packages/my_action_interface/__init__.py'...
[8.339s] Listing '/home/dexforint/ROS2_study/simple_action/install/my_action_interface/lib/python3.12/site-packages/my_action_interface/action'...
[8.339s] Compiling '/home/dexforint/ROS2_study/simple_action/install/my_action_interface/lib/python3.12/site-packages/my_action_interface/action/__init__.py'...
[8.339s] Compiling '/home/dexforint/ROS2_study/simple_action/install/my_action_interface/lib/python3.12/site-packages/my_action_interface/action/_summ_calculate.py'...
[8.344s] -- Installing: /home/dexforint/ROS2_study/simple_action/install/my_action_interface/lib/python3.12/site-packages/my_action_interface/my_action_interface_s__rosidl_typesupport_fastrtps_c.so
[8.344s] -- Set non-toolchain portion of runtime path of "/home/dexforint/ROS2_study/simple_action/install/my_action_interface/lib/python3.12/site-packages/my_action_interface/my_action_interface_s__rosidl_typesupport_fastrtps_c.so" to ""
[8.344s] -- Installing: /home/dexforint/ROS2_study/simple_action/install/my_action_interface/lib/python3.12/site-packages/my_action_interface/my_action_interface_s__rosidl_typesupport_introspection_c.so
[8.344s] -- Set non-toolchain portion of runtime path of "/home/dexforint/ROS2_study/simple_action/install/my_action_interface/lib/python3.12/site-packages/my_action_interface/my_action_interface_s__rosidl_typesupport_introspection_c.so" to ""
[8.344s] -- Installing: /home/dexforint/ROS2_study/simple_action/install/my_action_interface/lib/python3.12/site-packages/my_action_interface/my_action_interface_s__rosidl_typesupport_c.so
[8.344s] -- Set non-toolchain portion of runtime path of "/home/dexforint/ROS2_study/simple_action/install/my_action_interface/lib/python3.12/site-packages/my_action_interface/my_action_interface_s__rosidl_typesupport_c.so" to ""
[8.344s] -- Installing: /home/dexforint/ROS2_study/simple_action/install/my_action_interface/lib/libmy_action_interface__rosidl_generator_py.so
[8.345s] -- Set non-toolchain portion of runtime path of "/home/dexforint/ROS2_study/simple_action/install/my_action_interface/lib/libmy_action_interface__rosidl_generator_py.so" to ""
[8.345s] -- Installing: /home/dexforint/ROS2_study/simple_action/install/my_action_interface/share/my_action_interface/action/SummCalculate.idl
[8.345s] -- Installing: /home/dexforint/ROS2_study/simple_action/install/my_action_interface/share/my_action_interface/action/SummCalculate.action
[8.345s] -- Installing: /home/dexforint/ROS2_study/simple_action/install/my_action_interface/share/ament_index/resource_index/package_run_dependencies/my_action_interface
[8.345s] -- Installing: /home/dexforint/ROS2_study/simple_action/install/my_action_interface/share/ament_index/resource_index/parent_prefix_path/my_action_interface
[8.345s] -- Installing: /home/dexforint/ROS2_study/simple_action/install/my_action_interface/share/my_action_interface/environment/ament_prefix_path.sh
[8.345s] -- Installing: /home/dexforint/ROS2_study/simple_action/install/my_action_interface/share/my_action_interface/environment/ament_prefix_path.dsv
[8.346s] -- Installing: /home/dexforint/ROS2_study/simple_action/install/my_action_interface/share/my_action_interface/environment/path.sh
[8.346s] -- Installing: /home/dexforint/ROS2_study/simple_action/install/my_action_interface/share/my_action_interface/environment/path.dsv
[8.346s] -- Installing: /home/dexforint/ROS2_study/simple_action/install/my_action_interface/share/my_action_interface/local_setup.bash
[8.346s] -- Installing: /home/dexforint/ROS2_study/simple_action/install/my_action_interface/share/my_action_interface/local_setup.sh
[8.346s] -- Installing: /home/dexforint/ROS2_study/simple_action/install/my_action_interface/share/my_action_interface/local_setup.zsh
[8.346s] -- Installing: /home/dexforint/ROS2_study/simple_action/install/my_action_interface/share/my_action_interface/local_setup.dsv
[8.346s] -- Installing: /home/dexforint/ROS2_study/simple_action/install/my_action_interface/share/my_action_interface/package.dsv
[8.346s] -- Installing: /home/dexforint/ROS2_study/simple_action/install/my_action_interface/share/ament_index/resource_index/packages/my_action_interface
[8.346s] -- Installing: /home/dexforint/ROS2_study/simple_action/install/my_action_interface/share/my_action_interface/cmake/export_my_action_interface__rosidl_generator_cExport.cmake
[8.347s] -- Installing: /home/dexforint/ROS2_study/simple_action/install/my_action_interface/share/my_action_interface/cmake/export_my_action_interface__rosidl_generator_cExport-noconfig.cmake
[8.347s] -- Installing: /home/dexforint/ROS2_study/simple_action/install/my_action_interface/share/my_action_interface/cmake/export_my_action_interface__rosidl_typesupport_fastrtps_cExport.cmake
[8.347s] -- Installing: /home/dexforint/ROS2_study/simple_action/install/my_action_interface/share/my_action_interface/cmake/export_my_action_interface__rosidl_typesupport_fastrtps_cExport-noconfig.cmake
[8.347s] -- Installing: /home/dexforint/ROS2_study/simple_action/install/my_action_interface/share/my_action_interface/cmake/my_action_interface__rosidl_typesupport_introspection_cExport.cmake
[8.347s] -- Installing: /home/dexforint/ROS2_study/simple_action/install/my_action_interface/share/my_action_interface/cmake/my_action_interface__rosidl_typesupport_introspection_cExport-noconfig.cmake
[8.347s] -- Installing: /home/dexforint/ROS2_study/simple_action/install/my_action_interface/share/my_action_interface/cmake/my_action_interface__rosidl_typesupport_cExport.cmake
[8.347s] -- Installing: /home/dexforint/ROS2_study/simple_action/install/my_action_interface/share/my_action_interface/cmake/my_action_interface__rosidl_typesupport_cExport-noconfig.cmake
[8.347s] -- Installing: /home/dexforint/ROS2_study/simple_action/install/my_action_interface/share/my_action_interface/cmake/export_my_action_interface__rosidl_generator_cppExport.cmake
[8.348s] -- Installing: /home/dexforint/ROS2_study/simple_action/install/my_action_interface/share/my_action_interface/cmake/export_my_action_interface__rosidl_typesupport_fastrtps_cppExport.cmake
[8.348s] -- Installing: /home/dexforint/ROS2_study/simple_action/install/my_action_interface/share/my_action_interface/cmake/export_my_action_interface__rosidl_typesupport_fastrtps_cppExport-noconfig.cmake
[8.348s] -- Installing: /home/dexforint/ROS2_study/simple_action/install/my_action_interface/share/my_action_interface/cmake/my_action_interface__rosidl_typesupport_introspection_cppExport.cmake
[8.348s] -- Installing: /home/dexforint/ROS2_study/simple_action/install/my_action_interface/share/my_action_interface/cmake/my_action_interface__rosidl_typesupport_introspection_cppExport-noconfig.cmake
[8.348s] -- Installing: /home/dexforint/ROS2_study/simple_action/install/my_action_interface/share/my_action_interface/cmake/my_action_interface__rosidl_typesupport_cppExport.cmake
[8.348s] -- Installing: /home/dexforint/ROS2_study/simple_action/install/my_action_interface/share/my_action_interface/cmake/my_action_interface__rosidl_typesupport_cppExport-noconfig.cmake
[8.348s] -- Installing: /home/dexforint/ROS2_study/simple_action/install/my_action_interface/share/my_action_interface/cmake/export_my_action_interface__rosidl_generator_pyExport.cmake
[8.348s] -- Installing: /home/dexforint/ROS2_study/simple_action/install/my_action_interface/share/my_action_interface/cmake/export_my_action_interface__rosidl_generator_pyExport-noconfig.cmake
[8.348s] -- Installing: /home/dexforint/ROS2_study/simple_action/install/my_action_interface/share/my_action_interface/cmake/rosidl_cmake-extras.cmake
[8.349s] -- Installing: /home/dexforint/ROS2_study/simple_action/install/my_action_interface/share/my_action_interface/cmake/ament_cmake_export_dependencies-extras.cmake
[8.349s] -- Installing: /home/dexforint/ROS2_study/simple_action/install/my_action_interface/share/my_action_interface/cmake/ament_cmake_export_include_directories-extras.cmake
[8.349s] -- Installing: /home/dexforint/ROS2_study/simple_action/install/my_action_interface/share/my_action_interface/cmake/ament_cmake_export_libraries-extras.cmake
[8.349s] -- Installing: /home/dexforint/ROS2_study/simple_action/install/my_action_interface/share/my_action_interface/cmake/ament_cmake_export_targets-extras.cmake
[8.349s] -- Installing: /home/dexforint/ROS2_study/simple_action/install/my_action_interface/share/my_action_interface/cmake/rosidl_cmake_export_typesupport_targets-extras.cmake
[8.349s] -- Installing: /home/dexforint/ROS2_study/simple_action/install/my_action_interface/share/my_action_interface/cmake/rosidl_cmake_export_typesupport_libraries-extras.cmake
[8.349s] -- Installing: /home/dexforint/ROS2_study/simple_action/install/my_action_interface/share/my_action_interface/cmake/my_action_interfaceConfig.cmake
[8.349s] -- Installing: /home/dexforint/ROS2_study/simple_action/install/my_action_interface/share/my_action_interface/cmake/my_action_interfaceConfig-version.cmake
[8.349s] -- Installing: /home/dexforint/ROS2_study/simple_action/install/my_action_interface/share/my_action_interface/package.xml
[8.351s] Invoked command in '/home/dexforint/ROS2_study/simple_action/build/my_action_interface' returned '0': CMAKE_PREFIX_PATH=${CMAKE_PREFIX_PATH}:/opt/ros/jazzy /usr/bin/cmake --install /home/dexforint/ROS2_study/simple_action/build/my_action_interface
