[0.025s] Invoking command in '/home/dexforint/ROS2_study/simple_action/build/my_action_interface': CMAKE_PREFIX_PATH=${CMAKE_PREFIX_PATH}:/home/dexforint/ROS2_study/simple_action/install/my_calculate_action:/opt/ros/jazzy /usr/bin/cmake --build /home/dexforint/ROS2_study/simple_action/build/my_action_interface -- -j16 -l16
[0.179s] [  2%] Built target my_action_interface__rosidl_generator_type_description
[0.179s] [  2%] Built target ament_cmake_python_copy_my_action_interface
[0.179s] [  5%] Built target my_action_interface__cpp
[0.179s] [ 20%] Built target my_action_interface__rosidl_generator_c
[0.179s] [ 29%] Built target my_action_interface__rosidl_typesupport_introspection_c
[0.179s] [ 47%] Built target my_action_interface__rosidl_typesupport_c
[0.180s] [ 47%] Built target my_action_interface__rosidl_typesupport_fastrtps_c
[0.180s] [ 55%] Built target my_action_interface__rosidl_typesupport_fastrtps_cpp
[0.180s] [ 64%] Built target my_action_interface__rosidl_typesupport_cpp
[0.180s] [ 73%] Built target my_action_interface__rosidl_typesupport_introspection_cpp
[0.180s] [ 73%] Built target my_action_interface
[0.180s] [ 76%] Built target my_action_interface__py
[0.180s] [ 82%] Built target my_action_interface__rosidl_generator_py
[0.180s] [100%] Built target my_action_interface_s__rosidl_typesupport_fastrtps_c
[0.180s] [100%] Built target my_action_interface_s__rosidl_typesupport_c
[0.180s] [100%] Built target my_action_interface_s__rosidl_typesupport_introspection_c
[0.242s] running egg_info
[0.253s] writing my_action_interface.egg-info/PKG-INFO
[0.253s] writing dependency_links to my_action_interface.egg-info/dependency_links.txt
[0.253s] writing top-level names to my_action_interface.egg-info/top_level.txt
[0.294s] reading manifest file 'my_action_interface.egg-info/SOURCES.txt'
[0.295s] writing manifest file 'my_action_interface.egg-info/SOURCES.txt'
[0.311s] [100%] Built target ament_cmake_python_build_my_action_interface_egg
[0.317s] Invoked command in '/home/dexforint/ROS2_study/simple_action/build/my_action_interface' returned '0': CMAKE_PREFIX_PATH=${CMAKE_PREFIX_PATH}:/home/dexforint/ROS2_study/simple_action/install/my_calculate_action:/opt/ros/jazzy /usr/bin/cmake --build /home/dexforint/ROS2_study/simple_action/build/my_action_interface -- -j16 -l16
[0.322s] Invoking command in '/home/dexforint/ROS2_study/simple_action/build/my_action_interface': CMAKE_PREFIX_PATH=${CMAKE_PREFIX_PATH}:/home/dexforint/ROS2_study/simple_action/install/my_calculate_action:/opt/ros/jazzy /usr/bin/cmake --install /home/dexforint/ROS2_study/simple_action/build/my_action_interface
[0.327s] -- Install configuration: ""
[0.327s] -- Up-to-date: /home/dexforint/ROS2_study/simple_action/install/my_action_interface/share/ament_index/resource_index/rosidl_interfaces/my_action_interface
[0.327s] -- Up-to-date: /home/dexforint/ROS2_study/simple_action/install/my_action_interface/share/my_action_interface/action/SummCalculate.json
[0.328s] -- Up-to-date: /home/dexforint/ROS2_study/simple_action/install/my_action_interface/include/my_action_interface/my_action_interface
[0.328s] -- Up-to-date: /home/dexforint/ROS2_study/simple_action/install/my_action_interface/include/my_action_interface/my_action_interface/action
[0.328s] -- Up-to-date: /home/dexforint/ROS2_study/simple_action/install/my_action_interface/include/my_action_interface/my_action_interface/action/detail
[0.328s] -- Up-to-date: /home/dexforint/ROS2_study/simple_action/install/my_action_interface/include/my_action_interface/my_action_interface/action/detail/summ_calculate__struct.h
[0.328s] -- Up-to-date: /home/dexforint/ROS2_study/simple_action/install/my_action_interface/include/my_action_interface/my_action_interface/action/detail/summ_calculate__functions.c
[0.328s] -- Up-to-date: /home/dexforint/ROS2_study/simple_action/install/my_action_interface/include/my_action_interface/my_action_interface/action/detail/summ_calculate__type_support.c
[0.328s] -- Up-to-date: /home/dexforint/ROS2_study/simple_action/install/my_action_interface/include/my_action_interface/my_action_interface/action/detail/summ_calculate__functions.h
[0.328s] -- Up-to-date: /home/dexforint/ROS2_study/simple_action/install/my_action_interface/include/my_action_interface/my_action_interface/action/detail/summ_calculate__type_support.h
[0.328s] -- Up-to-date: /home/dexforint/ROS2_study/simple_action/install/my_action_interface/include/my_action_interface/my_action_interface/action/detail/summ_calculate__description.c
[0.328s] -- Up-to-date: /home/dexforint/ROS2_study/simple_action/install/my_action_interface/include/my_action_interface/my_action_interface/action/summ_calculate.h
[0.328s] -- Up-to-date: /home/dexforint/ROS2_study/simple_action/install/my_action_interface/include/my_action_interface/my_action_interface/msg
[0.328s] -- Up-to-date: /home/dexforint/ROS2_study/simple_action/install/my_action_interface/include/my_action_interface/my_action_interface/msg/rosidl_generator_c__visibility_control.h
[0.328s] -- Up-to-date: /home/dexforint/ROS2_study/simple_action/install/my_action_interface/share/my_action_interface/environment/library_path.sh
[0.328s] -- Up-to-date: /home/dexforint/ROS2_study/simple_action/install/my_action_interface/share/my_action_interface/environment/library_path.dsv
[0.330s] -- Up-to-date: /home/dexforint/ROS2_study/simple_action/install/my_action_interface/lib/libmy_action_interface__rosidl_generator_c.so
[0.330s] -- Up-to-date: /home/dexforint/ROS2_study/simple_action/install/my_action_interface/include/my_action_interface/my_action_interface
[0.330s] -- Up-to-date: /home/dexforint/ROS2_study/simple_action/install/my_action_interface/include/my_action_interface/my_action_interface/action
[0.330s] -- Up-to-date: /home/dexforint/ROS2_study/simple_action/install/my_action_interface/include/my_action_interface/my_action_interface/action/detail
[0.330s] -- Up-to-date: /home/dexforint/ROS2_study/simple_action/install/my_action_interface/include/my_action_interface/my_action_interface/action/detail/summ_calculate__rosidl_typesupport_fastrtps_c.h
[0.330s] -- Up-to-date: /home/dexforint/ROS2_study/simple_action/install/my_action_interface/include/my_action_interface/my_action_interface/msg
[0.330s] -- Up-to-date: /home/dexforint/ROS2_study/simple_action/install/my_action_interface/include/my_action_interface/my_action_interface/msg/rosidl_typesupport_fastrtps_c__visibility_control.h
[0.331s] -- Up-to-date: /home/dexforint/ROS2_study/simple_action/install/my_action_interface/lib/libmy_action_interface__rosidl_typesupport_fastrtps_c.so
[0.331s] -- Up-to-date: /home/dexforint/ROS2_study/simple_action/install/my_action_interface/include/my_action_interface/my_action_interface
[0.331s] -- Up-to-date: /home/dexforint/ROS2_study/simple_action/install/my_action_interface/include/my_action_interface/my_action_interface/action
[0.331s] -- Up-to-date: /home/dexforint/ROS2_study/simple_action/install/my_action_interface/include/my_action_interface/my_action_interface/action/detail
[0.331s] -- Up-to-date: /home/dexforint/ROS2_study/simple_action/install/my_action_interface/include/my_action_interface/my_action_interface/action/detail/summ_calculate__rosidl_typesupport_introspection_c.h
[0.331s] -- Up-to-date: /home/dexforint/ROS2_study/simple_action/install/my_action_interface/include/my_action_interface/my_action_interface/action/detail/summ_calculate__type_support.c
[0.332s] -- Up-to-date: /home/dexforint/ROS2_study/simple_action/install/my_action_interface/include/my_action_interface/my_action_interface/msg
[0.332s] -- Up-to-date: /home/dexforint/ROS2_study/simple_action/install/my_action_interface/include/my_action_interface/my_action_interface/msg/rosidl_typesupport_introspection_c__visibility_control.h
[0.332s] -- Up-to-date: /home/dexforint/ROS2_study/simple_action/install/my_action_interface/lib/libmy_action_interface__rosidl_typesupport_introspection_c.so
[0.332s] -- Up-to-date: /home/dexforint/ROS2_study/simple_action/install/my_action_interface/lib/libmy_action_interface__rosidl_typesupport_c.so
[0.333s] -- Up-to-date: /home/dexforint/ROS2_study/simple_action/install/my_action_interface/include/my_action_interface/my_action_interface
[0.333s] -- Up-to-date: /home/dexforint/ROS2_study/simple_action/install/my_action_interface/include/my_action_interface/my_action_interface/action
[0.333s] -- Up-to-date: /home/dexforint/ROS2_study/simple_action/install/my_action_interface/include/my_action_interface/my_action_interface/action/summ_calculate.hpp
[0.333s] -- Up-to-date: /home/dexforint/ROS2_study/simple_action/install/my_action_interface/include/my_action_interface/my_action_interface/action/detail
[0.333s] -- Up-to-date: /home/dexforint/ROS2_study/simple_action/install/my_action_interface/include/my_action_interface/my_action_interface/action/detail/summ_calculate__struct.hpp
[0.333s] -- Up-to-date: /home/dexforint/ROS2_study/simple_action/install/my_action_interface/include/my_action_interface/my_action_interface/action/detail/summ_calculate__builder.hpp
[0.333s] -- Up-to-date: /home/dexforint/ROS2_study/simple_action/install/my_action_interface/include/my_action_interface/my_action_interface/action/detail/summ_calculate__traits.hpp
[0.333s] -- Up-to-date: /home/dexforint/ROS2_study/simple_action/install/my_action_interface/include/my_action_interface/my_action_interface/action/detail/summ_calculate__type_support.hpp
[0.333s] -- Up-to-date: /home/dexforint/ROS2_study/simple_action/install/my_action_interface/include/my_action_interface/my_action_interface/msg
[0.333s] -- Up-to-date: /home/dexforint/ROS2_study/simple_action/install/my_action_interface/include/my_action_interface/my_action_interface/msg/rosidl_generator_cpp__visibility_control.hpp
[0.333s] -- Up-to-date: /home/dexforint/ROS2_study/simple_action/install/my_action_interface/include/my_action_interface/my_action_interface
[0.333s] -- Up-to-date: /home/dexforint/ROS2_study/simple_action/install/my_action_interface/include/my_action_interface/my_action_interface/action
[0.333s] -- Up-to-date: /home/dexforint/ROS2_study/simple_action/install/my_action_interface/include/my_action_interface/my_action_interface/action/detail
[0.334s] -- Up-to-date: /home/dexforint/ROS2_study/simple_action/install/my_action_interface/include/my_action_interface/my_action_interface/action/detail/dds_fastrtps
[0.334s] -- Up-to-date: /home/dexforint/ROS2_study/simple_action/install/my_action_interface/include/my_action_interface/my_action_interface/action/detail/summ_calculate__rosidl_typesupport_fastrtps_cpp.hpp
[0.334s] -- Up-to-date: /home/dexforint/ROS2_study/simple_action/install/my_action_interface/include/my_action_interface/my_action_interface/msg
[0.334s] -- Up-to-date: /home/dexforint/ROS2_study/simple_action/install/my_action_interface/include/my_action_interface/my_action_interface/msg/rosidl_typesupport_fastrtps_cpp__visibility_control.h
[0.334s] -- Up-to-date: /home/dexforint/ROS2_study/simple_action/install/my_action_interface/lib/libmy_action_interface__rosidl_typesupport_fastrtps_cpp.so
[0.334s] -- Up-to-date: /home/dexforint/ROS2_study/simple_action/install/my_action_interface/include/my_action_interface/my_action_interface
[0.334s] -- Up-to-date: /home/dexforint/ROS2_study/simple_action/install/my_action_interface/include/my_action_interface/my_action_interface/action
[0.334s] -- Up-to-date: /home/dexforint/ROS2_study/simple_action/install/my_action_interface/include/my_action_interface/my_action_interface/action/detail
[0.334s] -- Up-to-date: /home/dexforint/ROS2_study/simple_action/install/my_action_interface/include/my_action_interface/my_action_interface/action/detail/summ_calculate__type_support.cpp
[0.334s] -- Up-to-date: /home/dexforint/ROS2_study/simple_action/install/my_action_interface/include/my_action_interface/my_action_interface/action/detail/summ_calculate__rosidl_typesupport_introspection_cpp.hpp
[0.334s] -- Up-to-date: /home/dexforint/ROS2_study/simple_action/install/my_action_interface/lib/libmy_action_interface__rosidl_typesupport_introspection_cpp.so
[0.335s] -- Up-to-date: /home/dexforint/ROS2_study/simple_action/install/my_action_interface/lib/libmy_action_interface__rosidl_typesupport_cpp.so
[0.335s] -- Up-to-date: /home/dexforint/ROS2_study/simple_action/install/my_action_interface/share/my_action_interface/environment/pythonpath.sh
[0.335s] -- Up-to-date: /home/dexforint/ROS2_study/simple_action/install/my_action_interface/share/my_action_interface/environment/pythonpath.dsv
[0.335s] -- Up-to-date: /home/dexforint/ROS2_study/simple_action/install/my_action_interface/lib/python3.12/site-packages/my_action_interface-0.0.0-py3.12.egg-info
[0.335s] -- Installing: /home/dexforint/ROS2_study/simple_action/install/my_action_interface/lib/python3.12/site-packages/my_action_interface-0.0.0-py3.12.egg-info/dependency_links.txt
[0.335s] -- Installing: /home/dexforint/ROS2_study/simple_action/install/my_action_interface/lib/python3.12/site-packages/my_action_interface-0.0.0-py3.12.egg-info/PKG-INFO
[0.335s] -- Installing: /home/dexforint/ROS2_study/simple_action/install/my_action_interface/lib/python3.12/site-packages/my_action_interface-0.0.0-py3.12.egg-info/SOURCES.txt
[0.336s] -- Installing: /home/dexforint/ROS2_study/simple_action/install/my_action_interface/lib/python3.12/site-packages/my_action_interface-0.0.0-py3.12.egg-info/top_level.txt
[0.336s] -- Up-to-date: /home/dexforint/ROS2_study/simple_action/install/my_action_interface/lib/python3.12/site-packages/my_action_interface
[0.336s] -- Up-to-date: /home/dexforint/ROS2_study/simple_action/install/my_action_interface/lib/python3.12/site-packages/my_action_interface/my_action_interface_s__rosidl_typesupport_c.so
[0.336s] -- Up-to-date: /home/dexforint/ROS2_study/simple_action/install/my_action_interface/lib/python3.12/site-packages/my_action_interface/action
[0.336s] -- Up-to-date: /home/dexforint/ROS2_study/simple_action/install/my_action_interface/lib/python3.12/site-packages/my_action_interface/action/__init__.py
[0.336s] -- Up-to-date: /home/dexforint/ROS2_study/simple_action/install/my_action_interface/lib/python3.12/site-packages/my_action_interface/action/_summ_calculate_s.c
[0.336s] -- Up-to-date: /home/dexforint/ROS2_study/simple_action/install/my_action_interface/lib/python3.12/site-packages/my_action_interface/action/_summ_calculate.py
[0.336s] -- Up-to-date: /home/dexforint/ROS2_study/simple_action/install/my_action_interface/lib/python3.12/site-packages/my_action_interface/_my_action_interface_s.ep.rosidl_typesupport_fastrtps_c.c
[0.336s] -- Up-to-date: /home/dexforint/ROS2_study/simple_action/install/my_action_interface/lib/python3.12/site-packages/my_action_interface/__init__.py
[0.336s] -- Up-to-date: /home/dexforint/ROS2_study/simple_action/install/my_action_interface/lib/python3.12/site-packages/my_action_interface/my_action_interface_s__rosidl_typesupport_fastrtps_c.so
[0.336s] -- Up-to-date: /home/dexforint/ROS2_study/simple_action/install/my_action_interface/lib/python3.12/site-packages/my_action_interface/_my_action_interface_s.ep.rosidl_typesupport_introspection_c.c
[0.336s] -- Up-to-date: /home/dexforint/ROS2_study/simple_action/install/my_action_interface/lib/python3.12/site-packages/my_action_interface/my_action_interface_s__rosidl_typesupport_introspection_c.so
[0.336s] -- Up-to-date: /home/dexforint/ROS2_study/simple_action/install/my_action_interface/lib/python3.12/site-packages/my_action_interface/_my_action_interface_s.ep.rosidl_typesupport_c.c
[0.359s] Listing '/home/dexforint/ROS2_study/simple_action/install/my_action_interface/lib/python3.12/site-packages/my_action_interface'...
[0.359s] Listing '/home/dexforint/ROS2_study/simple_action/install/my_action_interface/lib/python3.12/site-packages/my_action_interface/action'...
[0.364s] -- Up-to-date: /home/dexforint/ROS2_study/simple_action/install/my_action_interface/lib/python3.12/site-packages/my_action_interface/my_action_interface_s__rosidl_typesupport_fastrtps_c.so
[0.364s] -- Up-to-date: /home/dexforint/ROS2_study/simple_action/install/my_action_interface/lib/python3.12/site-packages/my_action_interface/my_action_interface_s__rosidl_typesupport_introspection_c.so
[0.365s] -- Up-to-date: /home/dexforint/ROS2_study/simple_action/install/my_action_interface/lib/python3.12/site-packages/my_action_interface/my_action_interface_s__rosidl_typesupport_c.so
[0.365s] -- Up-to-date: /home/dexforint/ROS2_study/simple_action/install/my_action_interface/lib/libmy_action_interface__rosidl_generator_py.so
[0.365s] -- Up-to-date: /home/dexforint/ROS2_study/simple_action/install/my_action_interface/share/my_action_interface/action/SummCalculate.idl
[0.365s] -- Up-to-date: /home/dexforint/ROS2_study/simple_action/install/my_action_interface/share/my_action_interface/action/SummCalculate.action
[0.365s] -- Up-to-date: /home/dexforint/ROS2_study/simple_action/install/my_action_interface/share/ament_index/resource_index/package_run_dependencies/my_action_interface
[0.366s] -- Up-to-date: /home/dexforint/ROS2_study/simple_action/install/my_action_interface/share/ament_index/resource_index/parent_prefix_path/my_action_interface
[0.366s] -- Up-to-date: /home/dexforint/ROS2_study/simple_action/install/my_action_interface/share/my_action_interface/environment/ament_prefix_path.sh
[0.366s] -- Up-to-date: /home/dexforint/ROS2_study/simple_action/install/my_action_interface/share/my_action_interface/environment/ament_prefix_path.dsv
[0.366s] -- Up-to-date: /home/dexforint/ROS2_study/simple_action/install/my_action_interface/share/my_action_interface/environment/path.sh
[0.366s] -- Up-to-date: /home/dexforint/ROS2_study/simple_action/install/my_action_interface/share/my_action_interface/environment/path.dsv
[0.366s] -- Up-to-date: /home/dexforint/ROS2_study/simple_action/install/my_action_interface/share/my_action_interface/local_setup.bash
[0.366s] -- Up-to-date: /home/dexforint/ROS2_study/simple_action/install/my_action_interface/share/my_action_interface/local_setup.sh
[0.366s] -- Up-to-date: /home/dexforint/ROS2_study/simple_action/install/my_action_interface/share/my_action_interface/local_setup.zsh
[0.366s] -- Up-to-date: /home/dexforint/ROS2_study/simple_action/install/my_action_interface/share/my_action_interface/local_setup.dsv
[0.366s] -- Installing: /home/dexforint/ROS2_study/simple_action/install/my_action_interface/share/my_action_interface/package.dsv
[0.366s] -- Up-to-date: /home/dexforint/ROS2_study/simple_action/install/my_action_interface/share/ament_index/resource_index/packages/my_action_interface
[0.367s] -- Up-to-date: /home/dexforint/ROS2_study/simple_action/install/my_action_interface/share/my_action_interface/cmake/export_my_action_interface__rosidl_generator_cExport.cmake
[0.367s] -- Up-to-date: /home/dexforint/ROS2_study/simple_action/install/my_action_interface/share/my_action_interface/cmake/export_my_action_interface__rosidl_generator_cExport-noconfig.cmake
[0.367s] -- Up-to-date: /home/dexforint/ROS2_study/simple_action/install/my_action_interface/share/my_action_interface/cmake/export_my_action_interface__rosidl_typesupport_fastrtps_cExport.cmake
[0.367s] -- Up-to-date: /home/dexforint/ROS2_study/simple_action/install/my_action_interface/share/my_action_interface/cmake/export_my_action_interface__rosidl_typesupport_fastrtps_cExport-noconfig.cmake
[0.367s] -- Up-to-date: /home/dexforint/ROS2_study/simple_action/install/my_action_interface/share/my_action_interface/cmake/my_action_interface__rosidl_typesupport_introspection_cExport.cmake
[0.367s] -- Up-to-date: /home/dexforint/ROS2_study/simple_action/install/my_action_interface/share/my_action_interface/cmake/my_action_interface__rosidl_typesupport_introspection_cExport-noconfig.cmake
[0.367s] -- Up-to-date: /home/dexforint/ROS2_study/simple_action/install/my_action_interface/share/my_action_interface/cmake/my_action_interface__rosidl_typesupport_cExport.cmake
[0.367s] -- Up-to-date: /home/dexforint/ROS2_study/simple_action/install/my_action_interface/share/my_action_interface/cmake/my_action_interface__rosidl_typesupport_cExport-noconfig.cmake
[0.368s] -- Up-to-date: /home/dexforint/ROS2_study/simple_action/install/my_action_interface/share/my_action_interface/cmake/export_my_action_interface__rosidl_generator_cppExport.cmake
[0.368s] -- Up-to-date: /home/dexforint/ROS2_study/simple_action/install/my_action_interface/share/my_action_interface/cmake/export_my_action_interface__rosidl_typesupport_fastrtps_cppExport.cmake
[0.368s] -- Up-to-date: /home/dexforint/ROS2_study/simple_action/install/my_action_interface/share/my_action_interface/cmake/export_my_action_interface__rosidl_typesupport_fastrtps_cppExport-noconfig.cmake
[0.369s] -- Up-to-date: /home/dexforint/ROS2_study/simple_action/install/my_action_interface/share/my_action_interface/cmake/my_action_interface__rosidl_typesupport_introspection_cppExport.cmake
[0.369s] -- Up-to-date: /home/dexforint/ROS2_study/simple_action/install/my_action_interface/share/my_action_interface/cmake/my_action_interface__rosidl_typesupport_introspection_cppExport-noconfig.cmake
[0.369s] -- Up-to-date: /home/dexforint/ROS2_study/simple_action/install/my_action_interface/share/my_action_interface/cmake/my_action_interface__rosidl_typesupport_cppExport.cmake
[0.369s] -- Up-to-date: /home/dexforint/ROS2_study/simple_action/install/my_action_interface/share/my_action_interface/cmake/my_action_interface__rosidl_typesupport_cppExport-noconfig.cmake
[0.369s] -- Up-to-date: /home/dexforint/ROS2_study/simple_action/install/my_action_interface/share/my_action_interface/cmake/export_my_action_interface__rosidl_generator_pyExport.cmake
[0.369s] -- Up-to-date: /home/dexforint/ROS2_study/simple_action/install/my_action_interface/share/my_action_interface/cmake/export_my_action_interface__rosidl_generator_pyExport-noconfig.cmake
[0.370s] -- Up-to-date: /home/dexforint/ROS2_study/simple_action/install/my_action_interface/share/my_action_interface/cmake/rosidl_cmake-extras.cmake
[0.370s] -- Up-to-date: /home/dexforint/ROS2_study/simple_action/install/my_action_interface/share/my_action_interface/cmake/ament_cmake_export_dependencies-extras.cmake
[0.370s] -- Up-to-date: /home/dexforint/ROS2_study/simple_action/install/my_action_interface/share/my_action_interface/cmake/ament_cmake_export_include_directories-extras.cmake
[0.370s] -- Up-to-date: /home/dexforint/ROS2_study/simple_action/install/my_action_interface/share/my_action_interface/cmake/ament_cmake_export_libraries-extras.cmake
[0.370s] -- Up-to-date: /home/dexforint/ROS2_study/simple_action/install/my_action_interface/share/my_action_interface/cmake/ament_cmake_export_targets-extras.cmake
[0.370s] -- Up-to-date: /home/dexforint/ROS2_study/simple_action/install/my_action_interface/share/my_action_interface/cmake/rosidl_cmake_export_typesupport_targets-extras.cmake
[0.370s] -- Up-to-date: /home/dexforint/ROS2_study/simple_action/install/my_action_interface/share/my_action_interface/cmake/rosidl_cmake_export_typesupport_libraries-extras.cmake
[0.370s] -- Up-to-date: /home/dexforint/ROS2_study/simple_action/install/my_action_interface/share/my_action_interface/cmake/my_action_interfaceConfig.cmake
[0.370s] -- Up-to-date: /home/dexforint/ROS2_study/simple_action/install/my_action_interface/share/my_action_interface/cmake/my_action_interfaceConfig-version.cmake
[0.370s] -- Up-to-date: /home/dexforint/ROS2_study/simple_action/install/my_action_interface/share/my_action_interface/package.xml
[0.371s] Invoked command in '/home/dexforint/ROS2_study/simple_action/build/my_action_interface' returned '0': CMAKE_PREFIX_PATH=${CMAKE_PREFIX_PATH}:/home/dexforint/ROS2_study/simple_action/install/my_calculate_action:/opt/ros/jazzy /usr/bin/cmake --install /home/dexforint/ROS2_study/simple_action/build/my_action_interface
