-- The C compiler identification is GNU 13.3.0
-- The CXX compiler identification is GNU 13.3.0
-- Detecting C compiler ABI info
-- Detecting C compiler ABI info - done
-- Check for working C compiler: /usr/bin/cc - skipped
-- Detecting C compile features
-- Detecting C compile features - done
-- Detecting CXX compiler ABI info
-- Detecting CXX compiler ABI info - done
-- Check for working CXX compiler: /usr/bin/c++ - skipped
-- Detecting CXX compile features
-- Detecting CXX compile features - done
-- Found ament_cmake: 2.5.4 (/opt/ros/jazzy/share/ament_cmake/cmake)
-- Found Python3: /usr/bin/python3 (found version "3.12.3") found components: Interpreter 
-- Found rosidl_default_generators: 1.6.0 (/opt/ros/jazzy/share/rosidl_default_generators/cmake)
-- Using all available rosidl_typesupport_c: rosidl_typesupport_fastrtps_c;rosidl_typesupport_introspection_c
-- Using all available rosidl_typesupport_cpp: rosidl_typesupport_fastrtps_cpp;rosidl_typesupport_introspection_cpp
-- Found rosidl_adapter: 4.6.6 (/opt/ros/jazzy/share/rosidl_adapter/cmake)
-- Found ament_cmake_ros: 0.12.0 (/opt/ros/jazzy/share/ament_cmake_ros/cmake)
-- Using all available rosidl_typesupport_c: rosidl_typesupport_fastrtps_c;rosidl_typesupport_introspection_c
-- Using all available rosidl_typesupport_cpp: rosidl_typesupport_fastrtps_cpp;rosidl_typesupport_introspection_cpp
-- Found python_cmake_module: 0.11.1 (/opt/ros/jazzy/share/python_cmake_module/cmake)
-- Found PythonExtra: /usr/bin/python3  
-- Found Python3: /usr/bin/python3 (found version "3.12.3") found components: Interpreter Development NumPy Development.Module Development.Embed 
-- Found ament_lint_auto: 0.17.3 (/opt/ros/jazzy/share/ament_lint_auto/cmake)
-- Added test 'lint_cmake' to check CMake code style
-- Added test 'xmllint' to check XML markup files
-- Configuring done (2.6s)
-- Generating done (0.0s)
-- Build files have been written to: /home/dexforint/ROS2_study/turtlesim_action/build/my_turtle_msg_interface
[  2%] [34m[1mGenerating type hashes for ROS interfaces[0m
[  2%] Built target ament_cmake_python_copy_my_turtle_msg_interface
[  2%] Built target my_turtle_msg_interface__rosidl_generator_type_description
[  5%] [34m[1mGenerating C code for ROS interfaces[0m
[  8%] [34m[1mGenerating C++ code for ROS interfaces[0m
running egg_info
creating my_turtle_msg_interface.egg-info
writing my_turtle_msg_interface.egg-info/PKG-INFO
writing dependency_links to my_turtle_msg_interface.egg-info/dependency_links.txt
writing top-level names to my_turtle_msg_interface.egg-info/top_level.txt
writing manifest file 'my_turtle_msg_interface.egg-info/SOURCES.txt'
reading manifest file 'my_turtle_msg_interface.egg-info/SOURCES.txt'
writing manifest file 'my_turtle_msg_interface.egg-info/SOURCES.txt'
[  8%] Built target ament_cmake_python_build_my_turtle_msg_interface_egg
[  8%] Built target my_turtle_msg_interface__cpp
[ 14%] [32mBuilding C object CMakeFiles/my_turtle_msg_interface__rosidl_generator_c.dir/rosidl_generator_c/my_turtle_msg_interface/msg/detail/numbers__description.c.o[0m
[ 14%] [32mBuilding C object CMakeFiles/my_turtle_msg_interface__rosidl_generator_c.dir/rosidl_generator_c/my_turtle_msg_interface/msg/detail/numbers__functions.c.o[0m
[ 17%] [32mBuilding C object CMakeFiles/my_turtle_msg_interface__rosidl_generator_c.dir/rosidl_generator_c/my_turtle_msg_interface/msg/detail/numbers__type_support.c.o[0m
[ 20%] [32m[1mLinking C shared library libmy_turtle_msg_interface__rosidl_generator_c.so[0m
[ 20%] Built target my_turtle_msg_interface__rosidl_generator_c
[ 32%] [34m[1mGenerating C++ type support dispatch for ROS interfaces[0m
[ 32%] [34m[1mGenerating C introspection for ROS interfaces[0m
[ 32%] [34m[1mGenerating C++ introspection for ROS interfaces[0m
[ 32%] [34m[1mGenerating C++ type support for eProsima Fast-RTPS[0m
[ 35%] [34m[1mGenerating C type support for eProsima Fast-RTPS[0m
[ 38%] [34m[1mGenerating C type support dispatch for ROS interfaces[0m
[ 41%] [32mBuilding CXX object CMakeFiles/my_turtle_msg_interface__rosidl_typesupport_introspection_cpp.dir/rosidl_typesupport_introspection_cpp/my_turtle_msg_interface/msg/detail/numbers__type_support.cpp.o[0m
[ 44%] [32mBuilding CXX object CMakeFiles/my_turtle_msg_interface__rosidl_typesupport_cpp.dir/rosidl_typesupport_cpp/my_turtle_msg_interface/msg/numbers__type_support.cpp.o[0m
[ 50%] [32mBuilding CXX object CMakeFiles/my_turtle_msg_interface__rosidl_typesupport_c.dir/rosidl_typesupport_c/my_turtle_msg_interface/msg/numbers__type_support.cpp.o[0m
[ 50%] [32mBuilding CXX object CMakeFiles/my_turtle_msg_interface__rosidl_typesupport_fastrtps_c.dir/rosidl_typesupport_fastrtps_c/my_turtle_msg_interface/msg/detail/numbers__type_support_c.cpp.o[0m
[ 52%] [32mBuilding CXX object CMakeFiles/my_turtle_msg_interface__rosidl_typesupport_fastrtps_cpp.dir/rosidl_typesupport_fastrtps_cpp/my_turtle_msg_interface/msg/detail/dds_fastrtps/numbers__type_support.cpp.o[0m
[ 55%] [32mBuilding C object CMakeFiles/my_turtle_msg_interface__rosidl_typesupport_introspection_c.dir/rosidl_typesupport_introspection_c/my_turtle_msg_interface/msg/detail/numbers__type_support.c.o[0m
[ 58%] [32m[1mLinking CXX shared library libmy_turtle_msg_interface__rosidl_typesupport_c.so[0m
[ 61%] [32m[1mLinking C shared library libmy_turtle_msg_interface__rosidl_typesupport_introspection_c.so[0m
[ 61%] Built target my_turtle_msg_interface__rosidl_typesupport_c
[ 61%] Built target my_turtle_msg_interface__rosidl_typesupport_introspection_c
[ 64%] [32m[1mLinking CXX shared library libmy_turtle_msg_interface__rosidl_typesupport_cpp.so[0m
[ 67%] [32m[1mLinking CXX shared library libmy_turtle_msg_interface__rosidl_typesupport_introspection_cpp.so[0m
[ 70%] [32m[1mLinking CXX shared library libmy_turtle_msg_interface__rosidl_typesupport_fastrtps_c.so[0m
[ 70%] Built target my_turtle_msg_interface__rosidl_typesupport_cpp
[ 70%] Built target my_turtle_msg_interface__rosidl_typesupport_introspection_cpp
[ 73%] [32m[1mLinking CXX shared library libmy_turtle_msg_interface__rosidl_typesupport_fastrtps_cpp.so[0m
[ 73%] Built target my_turtle_msg_interface__rosidl_typesupport_fastrtps_c
[ 73%] Built target my_turtle_msg_interface__rosidl_typesupport_fastrtps_cpp
[ 73%] Built target my_turtle_msg_interface
[ 76%] [34m[1mGenerating Python code for ROS interfaces[0m
[ 76%] Built target my_turtle_msg_interface__py
[ 79%] [32mBuilding C object CMakeFiles/my_turtle_msg_interface__rosidl_generator_py.dir/rosidl_generator_py/my_turtle_msg_interface/msg/_numbers_s.c.o[0m
[ 82%] [32m[1mLinking C shared library libmy_turtle_msg_interface__rosidl_generator_py.so[0m
[ 82%] Built target my_turtle_msg_interface__rosidl_generator_py
[ 88%] [32mBuilding C object CMakeFiles/my_turtle_msg_interface_s__rosidl_typesupport_introspection_c.dir/rosidl_generator_py/my_turtle_msg_interface/_my_turtle_msg_interface_s.ep.rosidl_typesupport_introspection_c.c.o[0m
[ 88%] [32mBuilding C object CMakeFiles/my_turtle_msg_interface_s__rosidl_typesupport_c.dir/rosidl_generator_py/my_turtle_msg_interface/_my_turtle_msg_interface_s.ep.rosidl_typesupport_c.c.o[0m
[ 91%] [32mBuilding C object CMakeFiles/my_turtle_msg_interface_s__rosidl_typesupport_fastrtps_c.dir/rosidl_generator_py/my_turtle_msg_interface/_my_turtle_msg_interface_s.ep.rosidl_typesupport_fastrtps_c.c.o[0m
[ 94%] [32m[1mLinking C shared module rosidl_generator_py/my_turtle_msg_interface/my_turtle_msg_interface_s__rosidl_typesupport_c.so[0m
[ 97%] [32m[1mLinking C shared module rosidl_generator_py/my_turtle_msg_interface/my_turtle_msg_interface_s__rosidl_typesupport_fastrtps_c.so[0m
[100%] [32m[1mLinking C shared module rosidl_generator_py/my_turtle_msg_interface/my_turtle_msg_interface_s__rosidl_typesupport_introspection_c.so[0m
[100%] Built target my_turtle_msg_interface_s__rosidl_typesupport_c
[100%] Built target my_turtle_msg_interface_s__rosidl_typesupport_fastrtps_c
[100%] Built target my_turtle_msg_interface_s__rosidl_typesupport_introspection_c
-- Install configuration: ""
-- Installing: /home/dexforint/ROS2_study/turtlesim_action/install/my_turtle_msg_interface/share/ament_index/resource_index/rosidl_interfaces/my_turtle_msg_interface
-- Installing: /home/dexforint/ROS2_study/turtlesim_action/install/my_turtle_msg_interface/share/my_turtle_msg_interface/msg/Numbers.json
-- Installing: /home/dexforint/ROS2_study/turtlesim_action/install/my_turtle_msg_interface/include/my_turtle_msg_interface/my_turtle_msg_interface
-- Installing: /home/dexforint/ROS2_study/turtlesim_action/install/my_turtle_msg_interface/include/my_turtle_msg_interface/my_turtle_msg_interface/msg
-- Installing: /home/dexforint/ROS2_study/turtlesim_action/install/my_turtle_msg_interface/include/my_turtle_msg_interface/my_turtle_msg_interface/msg/detail
-- Installing: /home/dexforint/ROS2_study/turtlesim_action/install/my_turtle_msg_interface/include/my_turtle_msg_interface/my_turtle_msg_interface/msg/detail/numbers__struct.h
-- Installing: /home/dexforint/ROS2_study/turtlesim_action/install/my_turtle_msg_interface/include/my_turtle_msg_interface/my_turtle_msg_interface/msg/detail/numbers__type_support.c
-- Installing: /home/dexforint/ROS2_study/turtlesim_action/install/my_turtle_msg_interface/include/my_turtle_msg_interface/my_turtle_msg_interface/msg/detail/numbers__type_support.h
-- Installing: /home/dexforint/ROS2_study/turtlesim_action/install/my_turtle_msg_interface/include/my_turtle_msg_interface/my_turtle_msg_interface/msg/detail/numbers__functions.c
-- Installing: /home/dexforint/ROS2_study/turtlesim_action/install/my_turtle_msg_interface/include/my_turtle_msg_interface/my_turtle_msg_interface/msg/detail/numbers__functions.h
-- Installing: /home/dexforint/ROS2_study/turtlesim_action/install/my_turtle_msg_interface/include/my_turtle_msg_interface/my_turtle_msg_interface/msg/detail/numbers__description.c
-- Installing: /home/dexforint/ROS2_study/turtlesim_action/install/my_turtle_msg_interface/include/my_turtle_msg_interface/my_turtle_msg_interface/msg/numbers.h
-- Installing: /home/dexforint/ROS2_study/turtlesim_action/install/my_turtle_msg_interface/include/my_turtle_msg_interface/my_turtle_msg_interface/msg/rosidl_generator_c__visibility_control.h
-- Installing: /home/dexforint/ROS2_study/turtlesim_action/install/my_turtle_msg_interface/share/my_turtle_msg_interface/environment/library_path.sh
-- Installing: /home/dexforint/ROS2_study/turtlesim_action/install/my_turtle_msg_interface/share/my_turtle_msg_interface/environment/library_path.dsv
-- Installing: /home/dexforint/ROS2_study/turtlesim_action/install/my_turtle_msg_interface/lib/libmy_turtle_msg_interface__rosidl_generator_c.so
-- Set non-toolchain portion of runtime path of "/home/dexforint/ROS2_study/turtlesim_action/install/my_turtle_msg_interface/lib/libmy_turtle_msg_interface__rosidl_generator_c.so" to ""
-- Up-to-date: /home/dexforint/ROS2_study/turtlesim_action/install/my_turtle_msg_interface/include/my_turtle_msg_interface/my_turtle_msg_interface
-- Up-to-date: /home/dexforint/ROS2_study/turtlesim_action/install/my_turtle_msg_interface/include/my_turtle_msg_interface/my_turtle_msg_interface/msg
-- Up-to-date: /home/dexforint/ROS2_study/turtlesim_action/install/my_turtle_msg_interface/include/my_turtle_msg_interface/my_turtle_msg_interface/msg/detail
-- Installing: /home/dexforint/ROS2_study/turtlesim_action/install/my_turtle_msg_interface/include/my_turtle_msg_interface/my_turtle_msg_interface/msg/detail/numbers__rosidl_typesupport_fastrtps_c.h
-- Installing: /home/dexforint/ROS2_study/turtlesim_action/install/my_turtle_msg_interface/include/my_turtle_msg_interface/my_turtle_msg_interface/msg/rosidl_typesupport_fastrtps_c__visibility_control.h
-- Installing: /home/dexforint/ROS2_study/turtlesim_action/install/my_turtle_msg_interface/lib/libmy_turtle_msg_interface__rosidl_typesupport_fastrtps_c.so
-- Set non-toolchain portion of runtime path of "/home/dexforint/ROS2_study/turtlesim_action/install/my_turtle_msg_interface/lib/libmy_turtle_msg_interface__rosidl_typesupport_fastrtps_c.so" to ""
-- Up-to-date: /home/dexforint/ROS2_study/turtlesim_action/install/my_turtle_msg_interface/include/my_turtle_msg_interface/my_turtle_msg_interface
-- Up-to-date: /home/dexforint/ROS2_study/turtlesim_action/install/my_turtle_msg_interface/include/my_turtle_msg_interface/my_turtle_msg_interface/msg
-- Installing: /home/dexforint/ROS2_study/turtlesim_action/install/my_turtle_msg_interface/include/my_turtle_msg_interface/my_turtle_msg_interface/msg/rosidl_typesupport_introspection_c__visibility_control.h
-- Up-to-date: /home/dexforint/ROS2_study/turtlesim_action/install/my_turtle_msg_interface/include/my_turtle_msg_interface/my_turtle_msg_interface/msg/detail
-- Installing: /home/dexforint/ROS2_study/turtlesim_action/install/my_turtle_msg_interface/include/my_turtle_msg_interface/my_turtle_msg_interface/msg/detail/numbers__type_support.c
-- Installing: /home/dexforint/ROS2_study/turtlesim_action/install/my_turtle_msg_interface/include/my_turtle_msg_interface/my_turtle_msg_interface/msg/detail/numbers__rosidl_typesupport_introspection_c.h
-- Installing: /home/dexforint/ROS2_study/turtlesim_action/install/my_turtle_msg_interface/lib/libmy_turtle_msg_interface__rosidl_typesupport_introspection_c.so
-- Set non-toolchain portion of runtime path of "/home/dexforint/ROS2_study/turtlesim_action/install/my_turtle_msg_interface/lib/libmy_turtle_msg_interface__rosidl_typesupport_introspection_c.so" to ""
-- Installing: /home/dexforint/ROS2_study/turtlesim_action/install/my_turtle_msg_interface/lib/libmy_turtle_msg_interface__rosidl_typesupport_c.so
-- Set non-toolchain portion of runtime path of "/home/dexforint/ROS2_study/turtlesim_action/install/my_turtle_msg_interface/lib/libmy_turtle_msg_interface__rosidl_typesupport_c.so" to ""
-- Up-to-date: /home/dexforint/ROS2_study/turtlesim_action/install/my_turtle_msg_interface/include/my_turtle_msg_interface/my_turtle_msg_interface
-- Up-to-date: /home/dexforint/ROS2_study/turtlesim_action/install/my_turtle_msg_interface/include/my_turtle_msg_interface/my_turtle_msg_interface/msg
-- Installing: /home/dexforint/ROS2_study/turtlesim_action/install/my_turtle_msg_interface/include/my_turtle_msg_interface/my_turtle_msg_interface/msg/numbers.hpp
-- Up-to-date: /home/dexforint/ROS2_study/turtlesim_action/install/my_turtle_msg_interface/include/my_turtle_msg_interface/my_turtle_msg_interface/msg/detail
-- Installing: /home/dexforint/ROS2_study/turtlesim_action/install/my_turtle_msg_interface/include/my_turtle_msg_interface/my_turtle_msg_interface/msg/detail/numbers__builder.hpp
-- Installing: /home/dexforint/ROS2_study/turtlesim_action/install/my_turtle_msg_interface/include/my_turtle_msg_interface/my_turtle_msg_interface/msg/detail/numbers__struct.hpp
-- Installing: /home/dexforint/ROS2_study/turtlesim_action/install/my_turtle_msg_interface/include/my_turtle_msg_interface/my_turtle_msg_interface/msg/detail/numbers__traits.hpp
-- Installing: /home/dexforint/ROS2_study/turtlesim_action/install/my_turtle_msg_interface/include/my_turtle_msg_interface/my_turtle_msg_interface/msg/detail/numbers__type_support.hpp
-- Installing: /home/dexforint/ROS2_study/turtlesim_action/install/my_turtle_msg_interface/include/my_turtle_msg_interface/my_turtle_msg_interface/msg/rosidl_generator_cpp__visibility_control.hpp
-- Up-to-date: /home/dexforint/ROS2_study/turtlesim_action/install/my_turtle_msg_interface/include/my_turtle_msg_interface/my_turtle_msg_interface
-- Up-to-date: /home/dexforint/ROS2_study/turtlesim_action/install/my_turtle_msg_interface/include/my_turtle_msg_interface/my_turtle_msg_interface/msg
-- Up-to-date: /home/dexforint/ROS2_study/turtlesim_action/install/my_turtle_msg_interface/include/my_turtle_msg_interface/my_turtle_msg_interface/msg/detail
-- Installing: /home/dexforint/ROS2_study/turtlesim_action/install/my_turtle_msg_interface/include/my_turtle_msg_interface/my_turtle_msg_interface/msg/detail/dds_fastrtps
-- Installing: /home/dexforint/ROS2_study/turtlesim_action/install/my_turtle_msg_interface/include/my_turtle_msg_interface/my_turtle_msg_interface/msg/detail/numbers__rosidl_typesupport_fastrtps_cpp.hpp
-- Installing: /home/dexforint/ROS2_study/turtlesim_action/install/my_turtle_msg_interface/include/my_turtle_msg_interface/my_turtle_msg_interface/msg/rosidl_typesupport_fastrtps_cpp__visibility_control.h
-- Installing: /home/dexforint/ROS2_study/turtlesim_action/install/my_turtle_msg_interface/lib/libmy_turtle_msg_interface__rosidl_typesupport_fastrtps_cpp.so
-- Set non-toolchain portion of runtime path of "/home/dexforint/ROS2_study/turtlesim_action/install/my_turtle_msg_interface/lib/libmy_turtle_msg_interface__rosidl_typesupport_fastrtps_cpp.so" to ""
-- Up-to-date: /home/dexforint/ROS2_study/turtlesim_action/install/my_turtle_msg_interface/include/my_turtle_msg_interface/my_turtle_msg_interface
-- Up-to-date: /home/dexforint/ROS2_study/turtlesim_action/install/my_turtle_msg_interface/include/my_turtle_msg_interface/my_turtle_msg_interface/msg
-- Up-to-date: /home/dexforint/ROS2_study/turtlesim_action/install/my_turtle_msg_interface/include/my_turtle_msg_interface/my_turtle_msg_interface/msg/detail
-- Installing: /home/dexforint/ROS2_study/turtlesim_action/install/my_turtle_msg_interface/include/my_turtle_msg_interface/my_turtle_msg_interface/msg/detail/numbers__rosidl_typesupport_introspection_cpp.hpp
-- Installing: /home/dexforint/ROS2_study/turtlesim_action/install/my_turtle_msg_interface/include/my_turtle_msg_interface/my_turtle_msg_interface/msg/detail/numbers__type_support.cpp
-- Installing: /home/dexforint/ROS2_study/turtlesim_action/install/my_turtle_msg_interface/lib/libmy_turtle_msg_interface__rosidl_typesupport_introspection_cpp.so
-- Set non-toolchain portion of runtime path of "/home/dexforint/ROS2_study/turtlesim_action/install/my_turtle_msg_interface/lib/libmy_turtle_msg_interface__rosidl_typesupport_introspection_cpp.so" to ""
-- Installing: /home/dexforint/ROS2_study/turtlesim_action/install/my_turtle_msg_interface/lib/libmy_turtle_msg_interface__rosidl_typesupport_cpp.so
-- Set non-toolchain portion of runtime path of "/home/dexforint/ROS2_study/turtlesim_action/install/my_turtle_msg_interface/lib/libmy_turtle_msg_interface__rosidl_typesupport_cpp.so" to ""
-- Installing: /home/dexforint/ROS2_study/turtlesim_action/install/my_turtle_msg_interface/share/my_turtle_msg_interface/environment/pythonpath.sh
-- Installing: /home/dexforint/ROS2_study/turtlesim_action/install/my_turtle_msg_interface/share/my_turtle_msg_interface/environment/pythonpath.dsv
-- Installing: /home/dexforint/ROS2_study/turtlesim_action/install/my_turtle_msg_interface/lib/python3.12/site-packages/my_turtle_msg_interface-0.0.0-py3.12.egg-info
-- Installing: /home/dexforint/ROS2_study/turtlesim_action/install/my_turtle_msg_interface/lib/python3.12/site-packages/my_turtle_msg_interface-0.0.0-py3.12.egg-info/dependency_links.txt
-- Installing: /home/dexforint/ROS2_study/turtlesim_action/install/my_turtle_msg_interface/lib/python3.12/site-packages/my_turtle_msg_interface-0.0.0-py3.12.egg-info/PKG-INFO
-- Installing: /home/dexforint/ROS2_study/turtlesim_action/install/my_turtle_msg_interface/lib/python3.12/site-packages/my_turtle_msg_interface-0.0.0-py3.12.egg-info/SOURCES.txt
-- Installing: /home/dexforint/ROS2_study/turtlesim_action/install/my_turtle_msg_interface/lib/python3.12/site-packages/my_turtle_msg_interface-0.0.0-py3.12.egg-info/top_level.txt
-- Installing: /home/dexforint/ROS2_study/turtlesim_action/install/my_turtle_msg_interface/lib/python3.12/site-packages/my_turtle_msg_interface
-- Installing: /home/dexforint/ROS2_study/turtlesim_action/install/my_turtle_msg_interface/lib/python3.12/site-packages/my_turtle_msg_interface/my_turtle_msg_interface_s__rosidl_typesupport_fastrtps_c.so
-- Installing: /home/dexforint/ROS2_study/turtlesim_action/install/my_turtle_msg_interface/lib/python3.12/site-packages/my_turtle_msg_interface/_my_turtle_msg_interface_s.ep.rosidl_typesupport_fastrtps_c.c
-- Installing: /home/dexforint/ROS2_study/turtlesim_action/install/my_turtle_msg_interface/lib/python3.12/site-packages/my_turtle_msg_interface/__init__.py
-- Installing: /home/dexforint/ROS2_study/turtlesim_action/install/my_turtle_msg_interface/lib/python3.12/site-packages/my_turtle_msg_interface/my_turtle_msg_interface_s__rosidl_typesupport_introspection_c.so
-- Installing: /home/dexforint/ROS2_study/turtlesim_action/install/my_turtle_msg_interface/lib/python3.12/site-packages/my_turtle_msg_interface/_my_turtle_msg_interface_s.ep.rosidl_typesupport_introspection_c.c
-- Installing: /home/dexforint/ROS2_study/turtlesim_action/install/my_turtle_msg_interface/lib/python3.12/site-packages/my_turtle_msg_interface/my_turtle_msg_interface_s__rosidl_typesupport_c.so
-- Installing: /home/dexforint/ROS2_study/turtlesim_action/install/my_turtle_msg_interface/lib/python3.12/site-packages/my_turtle_msg_interface/msg
-- Installing: /home/dexforint/ROS2_study/turtlesim_action/install/my_turtle_msg_interface/lib/python3.12/site-packages/my_turtle_msg_interface/msg/_numbers_s.c
-- Installing: /home/dexforint/ROS2_study/turtlesim_action/install/my_turtle_msg_interface/lib/python3.12/site-packages/my_turtle_msg_interface/msg/__init__.py
-- Installing: /home/dexforint/ROS2_study/turtlesim_action/install/my_turtle_msg_interface/lib/python3.12/site-packages/my_turtle_msg_interface/msg/_numbers.py
-- Installing: /home/dexforint/ROS2_study/turtlesim_action/install/my_turtle_msg_interface/lib/python3.12/site-packages/my_turtle_msg_interface/_my_turtle_msg_interface_s.ep.rosidl_typesupport_c.c
Listing '/home/dexforint/ROS2_study/turtlesim_action/install/my_turtle_msg_interface/lib/python3.12/site-packages/my_turtle_msg_interface'...
Compiling '/home/dexforint/ROS2_study/turtlesim_action/install/my_turtle_msg_interface/lib/python3.12/site-packages/my_turtle_msg_interface/__init__.py'...
Listing '/home/dexforint/ROS2_study/turtlesim_action/install/my_turtle_msg_interface/lib/python3.12/site-packages/my_turtle_msg_interface/msg'...
Compiling '/home/dexforint/ROS2_study/turtlesim_action/install/my_turtle_msg_interface/lib/python3.12/site-packages/my_turtle_msg_interface/msg/__init__.py'...
Compiling '/home/dexforint/ROS2_study/turtlesim_action/install/my_turtle_msg_interface/lib/python3.12/site-packages/my_turtle_msg_interface/msg/_numbers.py'...
-- Installing: /home/dexforint/ROS2_study/turtlesim_action/install/my_turtle_msg_interface/lib/python3.12/site-packages/my_turtle_msg_interface/my_turtle_msg_interface_s__rosidl_typesupport_fastrtps_c.so
-- Set non-toolchain portion of runtime path of "/home/dexforint/ROS2_study/turtlesim_action/install/my_turtle_msg_interface/lib/python3.12/site-packages/my_turtle_msg_interface/my_turtle_msg_interface_s__rosidl_typesupport_fastrtps_c.so" to ""
-- Installing: /home/dexforint/ROS2_study/turtlesim_action/install/my_turtle_msg_interface/lib/python3.12/site-packages/my_turtle_msg_interface/my_turtle_msg_interface_s__rosidl_typesupport_introspection_c.so
-- Set non-toolchain portion of runtime path of "/home/dexforint/ROS2_study/turtlesim_action/install/my_turtle_msg_interface/lib/python3.12/site-packages/my_turtle_msg_interface/my_turtle_msg_interface_s__rosidl_typesupport_introspection_c.so" to ""
-- Installing: /home/dexforint/ROS2_study/turtlesim_action/install/my_turtle_msg_interface/lib/python3.12/site-packages/my_turtle_msg_interface/my_turtle_msg_interface_s__rosidl_typesupport_c.so
-- Set non-toolchain portion of runtime path of "/home/dexforint/ROS2_study/turtlesim_action/install/my_turtle_msg_interface/lib/python3.12/site-packages/my_turtle_msg_interface/my_turtle_msg_interface_s__rosidl_typesupport_c.so" to ""
-- Installing: /home/dexforint/ROS2_study/turtlesim_action/install/my_turtle_msg_interface/lib/libmy_turtle_msg_interface__rosidl_generator_py.so
-- Set non-toolchain portion of runtime path of "/home/dexforint/ROS2_study/turtlesim_action/install/my_turtle_msg_interface/lib/libmy_turtle_msg_interface__rosidl_generator_py.so" to ""
-- Installing: /home/dexforint/ROS2_study/turtlesim_action/install/my_turtle_msg_interface/share/my_turtle_msg_interface/msg/Numbers.idl
-- Installing: /home/dexforint/ROS2_study/turtlesim_action/install/my_turtle_msg_interface/share/my_turtle_msg_interface/msg/Numbers.msg
-- Installing: /home/dexforint/ROS2_study/turtlesim_action/install/my_turtle_msg_interface/share/ament_index/resource_index/package_run_dependencies/my_turtle_msg_interface
-- Installing: /home/dexforint/ROS2_study/turtlesim_action/install/my_turtle_msg_interface/share/ament_index/resource_index/parent_prefix_path/my_turtle_msg_interface
-- Installing: /home/dexforint/ROS2_study/turtlesim_action/install/my_turtle_msg_interface/share/my_turtle_msg_interface/environment/ament_prefix_path.sh
-- Installing: /home/dexforint/ROS2_study/turtlesim_action/install/my_turtle_msg_interface/share/my_turtle_msg_interface/environment/ament_prefix_path.dsv
-- Installing: /home/dexforint/ROS2_study/turtlesim_action/install/my_turtle_msg_interface/share/my_turtle_msg_interface/environment/path.sh
-- Installing: /home/dexforint/ROS2_study/turtlesim_action/install/my_turtle_msg_interface/share/my_turtle_msg_interface/environment/path.dsv
-- Installing: /home/dexforint/ROS2_study/turtlesim_action/install/my_turtle_msg_interface/share/my_turtle_msg_interface/local_setup.bash
-- Installing: /home/dexforint/ROS2_study/turtlesim_action/install/my_turtle_msg_interface/share/my_turtle_msg_interface/local_setup.sh
-- Installing: /home/dexforint/ROS2_study/turtlesim_action/install/my_turtle_msg_interface/share/my_turtle_msg_interface/local_setup.zsh
-- Installing: /home/dexforint/ROS2_study/turtlesim_action/install/my_turtle_msg_interface/share/my_turtle_msg_interface/local_setup.dsv
-- Installing: /home/dexforint/ROS2_study/turtlesim_action/install/my_turtle_msg_interface/share/my_turtle_msg_interface/package.dsv
-- Installing: /home/dexforint/ROS2_study/turtlesim_action/install/my_turtle_msg_interface/share/ament_index/resource_index/packages/my_turtle_msg_interface
-- Installing: /home/dexforint/ROS2_study/turtlesim_action/install/my_turtle_msg_interface/share/my_turtle_msg_interface/cmake/export_my_turtle_msg_interface__rosidl_generator_cExport.cmake
-- Installing: /home/dexforint/ROS2_study/turtlesim_action/install/my_turtle_msg_interface/share/my_turtle_msg_interface/cmake/export_my_turtle_msg_interface__rosidl_generator_cExport-noconfig.cmake
-- Installing: /home/dexforint/ROS2_study/turtlesim_action/install/my_turtle_msg_interface/share/my_turtle_msg_interface/cmake/export_my_turtle_msg_interface__rosidl_typesupport_fastrtps_cExport.cmake
-- Installing: /home/dexforint/ROS2_study/turtlesim_action/install/my_turtle_msg_interface/share/my_turtle_msg_interface/cmake/export_my_turtle_msg_interface__rosidl_typesupport_fastrtps_cExport-noconfig.cmake
-- Installing: /home/dexforint/ROS2_study/turtlesim_action/install/my_turtle_msg_interface/share/my_turtle_msg_interface/cmake/my_turtle_msg_interface__rosidl_typesupport_introspection_cExport.cmake
-- Installing: /home/dexforint/ROS2_study/turtlesim_action/install/my_turtle_msg_interface/share/my_turtle_msg_interface/cmake/my_turtle_msg_interface__rosidl_typesupport_introspection_cExport-noconfig.cmake
-- Installing: /home/dexforint/ROS2_study/turtlesim_action/install/my_turtle_msg_interface/share/my_turtle_msg_interface/cmake/my_turtle_msg_interface__rosidl_typesupport_cExport.cmake
-- Installing: /home/dexforint/ROS2_study/turtlesim_action/install/my_turtle_msg_interface/share/my_turtle_msg_interface/cmake/my_turtle_msg_interface__rosidl_typesupport_cExport-noconfig.cmake
-- Installing: /home/dexforint/ROS2_study/turtlesim_action/install/my_turtle_msg_interface/share/my_turtle_msg_interface/cmake/export_my_turtle_msg_interface__rosidl_generator_cppExport.cmake
-- Installing: /home/dexforint/ROS2_study/turtlesim_action/install/my_turtle_msg_interface/share/my_turtle_msg_interface/cmake/export_my_turtle_msg_interface__rosidl_typesupport_fastrtps_cppExport.cmake
-- Installing: /home/dexforint/ROS2_study/turtlesim_action/install/my_turtle_msg_interface/share/my_turtle_msg_interface/cmake/export_my_turtle_msg_interface__rosidl_typesupport_fastrtps_cppExport-noconfig.cmake
-- Installing: /home/dexforint/ROS2_study/turtlesim_action/install/my_turtle_msg_interface/share/my_turtle_msg_interface/cmake/my_turtle_msg_interface__rosidl_typesupport_introspection_cppExport.cmake
-- Installing: /home/dexforint/ROS2_study/turtlesim_action/install/my_turtle_msg_interface/share/my_turtle_msg_interface/cmake/my_turtle_msg_interface__rosidl_typesupport_introspection_cppExport-noconfig.cmake
-- Installing: /home/dexforint/ROS2_study/turtlesim_action/install/my_turtle_msg_interface/share/my_turtle_msg_interface/cmake/my_turtle_msg_interface__rosidl_typesupport_cppExport.cmake
-- Installing: /home/dexforint/ROS2_study/turtlesim_action/install/my_turtle_msg_interface/share/my_turtle_msg_interface/cmake/my_turtle_msg_interface__rosidl_typesupport_cppExport-noconfig.cmake
-- Installing: /home/dexforint/ROS2_study/turtlesim_action/install/my_turtle_msg_interface/share/my_turtle_msg_interface/cmake/export_my_turtle_msg_interface__rosidl_generator_pyExport.cmake
-- Installing: /home/dexforint/ROS2_study/turtlesim_action/install/my_turtle_msg_interface/share/my_turtle_msg_interface/cmake/export_my_turtle_msg_interface__rosidl_generator_pyExport-noconfig.cmake
-- Installing: /home/dexforint/ROS2_study/turtlesim_action/install/my_turtle_msg_interface/share/my_turtle_msg_interface/cmake/rosidl_cmake-extras.cmake
-- Installing: /home/dexforint/ROS2_study/turtlesim_action/install/my_turtle_msg_interface/share/my_turtle_msg_interface/cmake/ament_cmake_export_include_directories-extras.cmake
-- Installing: /home/dexforint/ROS2_study/turtlesim_action/install/my_turtle_msg_interface/share/my_turtle_msg_interface/cmake/ament_cmake_export_libraries-extras.cmake
-- Installing: /home/dexforint/ROS2_study/turtlesim_action/install/my_turtle_msg_interface/share/my_turtle_msg_interface/cmake/ament_cmake_export_targets-extras.cmake
-- Installing: /home/dexforint/ROS2_study/turtlesim_action/install/my_turtle_msg_interface/share/my_turtle_msg_interface/cmake/rosidl_cmake_export_typesupport_targets-extras.cmake
-- Installing: /home/dexforint/ROS2_study/turtlesim_action/install/my_turtle_msg_interface/share/my_turtle_msg_interface/cmake/ament_cmake_export_dependencies-extras.cmake
-- Installing: /home/dexforint/ROS2_study/turtlesim_action/install/my_turtle_msg_interface/share/my_turtle_msg_interface/cmake/rosidl_cmake_export_typesupport_libraries-extras.cmake
-- Installing: /home/dexforint/ROS2_study/turtlesim_action/install/my_turtle_msg_interface/share/my_turtle_msg_interface/cmake/my_turtle_msg_interfaceConfig.cmake
-- Installing: /home/dexforint/ROS2_study/turtlesim_action/install/my_turtle_msg_interface/share/my_turtle_msg_interface/cmake/my_turtle_msg_interfaceConfig-version.cmake
-- Installing: /home/dexforint/ROS2_study/turtlesim_action/install/my_turtle_msg_interface/share/my_turtle_msg_interface/package.xml
