[0.137s] Invoking command in '/home/dexforint/ROS2_study/turtlesim_action/build/my_turtle_msg_interface': CMAKE_PREFIX_PATH=${CMAKE_PREFIX_PATH}:/opt/ros/jazzy /usr/bin/cmake /home/dexforint/ROS2_study/turtlesim_action/src/my_turtle_msg_interface -DCMAKE_INSTALL_PREFIX=/home/dexforint/ROS2_study/turtlesim_action/install/my_turtle_msg_interface
[0.276s] -- The C compiler identification is GNU 13.3.0
[0.588s] -- The CXX compiler identification is GNU 13.3.0
[0.835s] -- Detecting C compiler ABI info
[0.933s] -- Detecting C compiler ABI info - done
[0.938s] -- Check for working C compiler: /usr/bin/cc - skipped
[0.939s] -- Detecting C compile features
[0.940s] -- Detecting C compile features - done
[0.971s] -- Detecting CXX compiler ABI info
[1.069s] -- Detecting CXX compiler ABI info - done
[1.074s] -- Check for working CXX compiler: /usr/bin/c++ - skipped
[1.074s] -- Detecting CXX compile features
[1.074s] -- Detecting CXX compile features - done
[1.080s] -- Found ament_cmake: 2.5.4 (/opt/ros/jazzy/share/ament_cmake/cmake)
[1.173s] -- Found Python3: /usr/bin/python3 (found version "3.12.3") found components: Interpreter 
[1.246s] -- Found rosidl_default_generators: 1.6.0 (/opt/ros/jazzy/share/rosidl_default_generators/cmake)
[1.251s] -- Using all available rosidl_typesupport_c: rosidl_typesupport_fastrtps_c;rosidl_typesupport_introspection_c
[1.343s] -- Using all available rosidl_typesupport_cpp: rosidl_typesupport_fastrtps_cpp;rosidl_typesupport_introspection_cpp
[1.381s] -- Found rosidl_adapter: 4.6.6 (/opt/ros/jazzy/share/rosidl_adapter/cmake)
[1.742s] -- Found ament_cmake_ros: 0.12.0 (/opt/ros/jazzy/share/ament_cmake_ros/cmake)
[2.003s] -- Using all available rosidl_typesupport_c: rosidl_typesupport_fastrtps_c;rosidl_typesupport_introspection_c
[2.353s] -- Using all available rosidl_typesupport_cpp: rosidl_typesupport_fastrtps_cpp;rosidl_typesupport_introspection_cpp
[2.357s] -- Found python_cmake_module: 0.11.1 (/opt/ros/jazzy/share/python_cmake_module/cmake)
[2.444s] -- Found PythonExtra: /usr/bin/python3  
[2.703s] -- Found Python3: /usr/bin/python3 (found version "3.12.3") found components: Interpreter Development NumPy Development.Module Development.Embed 
[2.724s] -- Found ament_lint_auto: 0.17.3 (/opt/ros/jazzy/share/ament_lint_auto/cmake)
[2.746s] -- Added test 'lint_cmake' to check CMake code style
[2.747s] -- Added test 'xmllint' to check XML markup files
[2.749s] -- Configuring done (2.6s)
[2.772s] -- Generating done (0.0s)
[2.779s] -- Build files have been written to: /home/dexforint/ROS2_study/turtlesim_action/build/my_turtle_msg_interface
[2.783s] Invoked command in '/home/dexforint/ROS2_study/turtlesim_action/build/my_turtle_msg_interface' returned '0': CMAKE_PREFIX_PATH=${CMAKE_PREFIX_PATH}:/opt/ros/jazzy /usr/bin/cmake /home/dexforint/ROS2_study/turtlesim_action/src/my_turtle_msg_interface -DCMAKE_INSTALL_PREFIX=/home/dexforint/ROS2_study/turtlesim_action/install/my_turtle_msg_interface
[2.784s] Invoking command in '/home/dexforint/ROS2_study/turtlesim_action/build/my_turtle_msg_interface': CMAKE_PREFIX_PATH=${CMAKE_PREFIX_PATH}:/opt/ros/jazzy /usr/bin/cmake --build /home/dexforint/ROS2_study/turtlesim_action/build/my_turtle_msg_interface -- -j16 -l16
[2.807s] [  2%] [34m[1mGenerating type hashes for ROS interfaces[0m
[2.813s] [  2%] Built target ament_cmake_python_copy_my_turtle_msg_interface
[2.921s] [  2%] Built target my_turtle_msg_interface__rosidl_generator_type_description
[2.927s] [  5%] [34m[1mGenerating C code for ROS interfaces[0m
[2.931s] [  8%] [34m[1mGenerating C++ code for ROS interfaces[0m
[2.943s] running egg_info
[2.943s] creating my_turtle_msg_interface.egg-info
[2.954s] writing my_turtle_msg_interface.egg-info/PKG-INFO
[2.954s] writing dependency_links to my_turtle_msg_interface.egg-info/dependency_links.txt
[2.954s] writing top-level names to my_turtle_msg_interface.egg-info/top_level.txt
[2.955s] writing manifest file 'my_turtle_msg_interface.egg-info/SOURCES.txt'
[2.991s] reading manifest file 'my_turtle_msg_interface.egg-info/SOURCES.txt'
[2.991s] writing manifest file 'my_turtle_msg_interface.egg-info/SOURCES.txt'
[3.014s] [  8%] Built target ament_cmake_python_build_my_turtle_msg_interface_egg
[3.106s] [  8%] Built target my_turtle_msg_interface__cpp
[3.113s] [ 14%] [32mBuilding C object CMakeFiles/my_turtle_msg_interface__rosidl_generator_c.dir/rosidl_generator_c/my_turtle_msg_interface/msg/detail/numbers__description.c.o[0m
[3.113s] [ 14%] [32mBuilding C object CMakeFiles/my_turtle_msg_interface__rosidl_generator_c.dir/rosidl_generator_c/my_turtle_msg_interface/msg/detail/numbers__functions.c.o[0m
[3.113s] [ 17%] [32mBuilding C object CMakeFiles/my_turtle_msg_interface__rosidl_generator_c.dir/rosidl_generator_c/my_turtle_msg_interface/msg/detail/numbers__type_support.c.o[0m
[3.164s] [ 20%] [32m[1mLinking C shared library libmy_turtle_msg_interface__rosidl_generator_c.so[0m
[3.224s] [ 20%] Built target my_turtle_msg_interface__rosidl_generator_c
[3.230s] [ 32%] [34m[1mGenerating C++ type support dispatch for ROS interfaces[0m
[3.230s] [ 32%] [34m[1mGenerating C introspection for ROS interfaces[0m
[3.230s] [ 32%] [34m[1mGenerating C++ introspection for ROS interfaces[0m
[3.231s] [ 32%] [34m[1mGenerating C++ type support for eProsima Fast-RTPS[0m
[3.231s] [ 35%] [34m[1mGenerating C type support for eProsima Fast-RTPS[0m
[3.232s] [ 38%] [34m[1mGenerating C type support dispatch for ROS interfaces[0m
[3.388s] [ 41%] [32mBuilding CXX object CMakeFiles/my_turtle_msg_interface__rosidl_typesupport_introspection_cpp.dir/rosidl_typesupport_introspection_cpp/my_turtle_msg_interface/msg/detail/numbers__type_support.cpp.o[0m
[3.396s] [ 44%] [32mBuilding CXX object CMakeFiles/my_turtle_msg_interface__rosidl_typesupport_cpp.dir/rosidl_typesupport_cpp/my_turtle_msg_interface/msg/numbers__type_support.cpp.o[0m
[3.408s] [ 50%] [32mBuilding CXX object CMakeFiles/my_turtle_msg_interface__rosidl_typesupport_c.dir/rosidl_typesupport_c/my_turtle_msg_interface/msg/numbers__type_support.cpp.o[0m
[3.408s] [ 50%] [32mBuilding CXX object CMakeFiles/my_turtle_msg_interface__rosidl_typesupport_fastrtps_c.dir/rosidl_typesupport_fastrtps_c/my_turtle_msg_interface/msg/detail/numbers__type_support_c.cpp.o[0m
[3.433s] [ 52%] [32mBuilding CXX object CMakeFiles/my_turtle_msg_interface__rosidl_typesupport_fastrtps_cpp.dir/rosidl_typesupport_fastrtps_cpp/my_turtle_msg_interface/msg/detail/dds_fastrtps/numbers__type_support.cpp.o[0m
[3.436s] [ 55%] [32mBuilding C object CMakeFiles/my_turtle_msg_interface__rosidl_typesupport_introspection_c.dir/rosidl_typesupport_introspection_c/my_turtle_msg_interface/msg/detail/numbers__type_support.c.o[0m
[3.437s] [ 58%] [32m[1mLinking CXX shared library libmy_turtle_msg_interface__rosidl_typesupport_c.so[0m
[3.456s] [ 61%] [32m[1mLinking C shared library libmy_turtle_msg_interface__rosidl_typesupport_introspection_c.so[0m
[3.531s] [ 61%] Built target my_turtle_msg_interface__rosidl_typesupport_c
[3.534s] [ 61%] Built target my_turtle_msg_interface__rosidl_typesupport_introspection_c
[3.650s] [ 64%] [32m[1mLinking CXX shared library libmy_turtle_msg_interface__rosidl_typesupport_cpp.so[0m
[3.659s] [ 67%] [32m[1mLinking CXX shared library libmy_turtle_msg_interface__rosidl_typesupport_introspection_cpp.so[0m
[3.745s] [ 70%] [32m[1mLinking CXX shared library libmy_turtle_msg_interface__rosidl_typesupport_fastrtps_c.so[0m
[3.758s] [ 70%] Built target my_turtle_msg_interface__rosidl_typesupport_cpp
[3.760s] [ 70%] Built target my_turtle_msg_interface__rosidl_typesupport_introspection_cpp
[3.810s] [ 73%] [32m[1mLinking CXX shared library libmy_turtle_msg_interface__rosidl_typesupport_fastrtps_cpp.so[0m
[3.847s] [ 73%] Built target my_turtle_msg_interface__rosidl_typesupport_fastrtps_c
[3.886s] [ 73%] Built target my_turtle_msg_interface__rosidl_typesupport_fastrtps_cpp
[3.898s] [ 73%] Built target my_turtle_msg_interface
[3.913s] [ 76%] [34m[1mGenerating Python code for ROS interfaces[0m
[4.102s] [ 76%] Built target my_turtle_msg_interface__py
[4.117s] [ 79%] [32mBuilding C object CMakeFiles/my_turtle_msg_interface__rosidl_generator_py.dir/rosidl_generator_py/my_turtle_msg_interface/msg/_numbers_s.c.o[0m
[4.217s] [ 82%] [32m[1mLinking C shared library libmy_turtle_msg_interface__rosidl_generator_py.so[0m
[4.293s] [ 82%] Built target my_turtle_msg_interface__rosidl_generator_py
[4.303s] [ 88%] [32mBuilding C object CMakeFiles/my_turtle_msg_interface_s__rosidl_typesupport_introspection_c.dir/rosidl_generator_py/my_turtle_msg_interface/_my_turtle_msg_interface_s.ep.rosidl_typesupport_introspection_c.c.o[0m
[4.303s] [ 88%] [32mBuilding C object CMakeFiles/my_turtle_msg_interface_s__rosidl_typesupport_c.dir/rosidl_generator_py/my_turtle_msg_interface/_my_turtle_msg_interface_s.ep.rosidl_typesupport_c.c.o[0m
[4.304s] [ 91%] [32mBuilding C object CMakeFiles/my_turtle_msg_interface_s__rosidl_typesupport_fastrtps_c.dir/rosidl_generator_py/my_turtle_msg_interface/_my_turtle_msg_interface_s.ep.rosidl_typesupport_fastrtps_c.c.o[0m
[4.366s] [ 94%] [32m[1mLinking C shared module rosidl_generator_py/my_turtle_msg_interface/my_turtle_msg_interface_s__rosidl_typesupport_c.so[0m
[4.370s] [ 97%] [32m[1mLinking C shared module rosidl_generator_py/my_turtle_msg_interface/my_turtle_msg_interface_s__rosidl_typesupport_fastrtps_c.so[0m
[4.376s] [100%] [32m[1mLinking C shared module rosidl_generator_py/my_turtle_msg_interface/my_turtle_msg_interface_s__rosidl_typesupport_introspection_c.so[0m
[4.431s] [100%] Built target my_turtle_msg_interface_s__rosidl_typesupport_c
[4.432s] [100%] Built target my_turtle_msg_interface_s__rosidl_typesupport_fastrtps_c
[4.443s] [100%] Built target my_turtle_msg_interface_s__rosidl_typesupport_introspection_c
[4.449s] Invoked command in '/home/dexforint/ROS2_study/turtlesim_action/build/my_turtle_msg_interface' returned '0': CMAKE_PREFIX_PATH=${CMAKE_PREFIX_PATH}:/opt/ros/jazzy /usr/bin/cmake --build /home/dexforint/ROS2_study/turtlesim_action/build/my_turtle_msg_interface -- -j16 -l16
[4.454s] Invoking command in '/home/dexforint/ROS2_study/turtlesim_action/build/my_turtle_msg_interface': CMAKE_PREFIX_PATH=${CMAKE_PREFIX_PATH}:/opt/ros/jazzy /usr/bin/cmake --install /home/dexforint/ROS2_study/turtlesim_action/build/my_turtle_msg_interface
[4.460s] -- Install configuration: ""
[4.460s] -- Installing: /home/dexforint/ROS2_study/turtlesim_action/install/my_turtle_msg_interface/share/ament_index/resource_index/rosidl_interfaces/my_turtle_msg_interface
[4.460s] -- Installing: /home/dexforint/ROS2_study/turtlesim_action/install/my_turtle_msg_interface/share/my_turtle_msg_interface/msg/Numbers.json
[4.460s] -- Installing: /home/dexforint/ROS2_study/turtlesim_action/install/my_turtle_msg_interface/include/my_turtle_msg_interface/my_turtle_msg_interface
[4.460s] -- Installing: /home/dexforint/ROS2_study/turtlesim_action/install/my_turtle_msg_interface/include/my_turtle_msg_interface/my_turtle_msg_interface/msg
[4.460s] -- Installing: /home/dexforint/ROS2_study/turtlesim_action/install/my_turtle_msg_interface/include/my_turtle_msg_interface/my_turtle_msg_interface/msg/detail
[4.461s] -- Installing: /home/dexforint/ROS2_study/turtlesim_action/install/my_turtle_msg_interface/include/my_turtle_msg_interface/my_turtle_msg_interface/msg/detail/numbers__struct.h
[4.461s] -- Installing: /home/dexforint/ROS2_study/turtlesim_action/install/my_turtle_msg_interface/include/my_turtle_msg_interface/my_turtle_msg_interface/msg/detail/numbers__type_support.c
[4.461s] -- Installing: /home/dexforint/ROS2_study/turtlesim_action/install/my_turtle_msg_interface/include/my_turtle_msg_interface/my_turtle_msg_interface/msg/detail/numbers__type_support.h
[4.461s] -- Installing: /home/dexforint/ROS2_study/turtlesim_action/install/my_turtle_msg_interface/include/my_turtle_msg_interface/my_turtle_msg_interface/msg/detail/numbers__functions.c
[4.461s] -- Installing: /home/dexforint/ROS2_study/turtlesim_action/install/my_turtle_msg_interface/include/my_turtle_msg_interface/my_turtle_msg_interface/msg/detail/numbers__functions.h
[4.461s] -- Installing: /home/dexforint/ROS2_study/turtlesim_action/install/my_turtle_msg_interface/include/my_turtle_msg_interface/my_turtle_msg_interface/msg/detail/numbers__description.c
[4.461s] -- Installing: /home/dexforint/ROS2_study/turtlesim_action/install/my_turtle_msg_interface/include/my_turtle_msg_interface/my_turtle_msg_interface/msg/numbers.h
[4.461s] -- Installing: /home/dexforint/ROS2_study/turtlesim_action/install/my_turtle_msg_interface/include/my_turtle_msg_interface/my_turtle_msg_interface/msg/rosidl_generator_c__visibility_control.h
[4.461s] -- Installing: /home/dexforint/ROS2_study/turtlesim_action/install/my_turtle_msg_interface/share/my_turtle_msg_interface/environment/library_path.sh
[4.461s] -- Installing: /home/dexforint/ROS2_study/turtlesim_action/install/my_turtle_msg_interface/share/my_turtle_msg_interface/environment/library_path.dsv
[4.461s] -- Installing: /home/dexforint/ROS2_study/turtlesim_action/install/my_turtle_msg_interface/lib/libmy_turtle_msg_interface__rosidl_generator_c.so
[4.462s] -- Set non-toolchain portion of runtime path of "/home/dexforint/ROS2_study/turtlesim_action/install/my_turtle_msg_interface/lib/libmy_turtle_msg_interface__rosidl_generator_c.so" to ""
[4.462s] -- Up-to-date: /home/dexforint/ROS2_study/turtlesim_action/install/my_turtle_msg_interface/include/my_turtle_msg_interface/my_turtle_msg_interface
[4.462s] -- Up-to-date: /home/dexforint/ROS2_study/turtlesim_action/install/my_turtle_msg_interface/include/my_turtle_msg_interface/my_turtle_msg_interface/msg
[4.462s] -- Up-to-date: /home/dexforint/ROS2_study/turtlesim_action/install/my_turtle_msg_interface/include/my_turtle_msg_interface/my_turtle_msg_interface/msg/detail
[4.462s] -- Installing: /home/dexforint/ROS2_study/turtlesim_action/install/my_turtle_msg_interface/include/my_turtle_msg_interface/my_turtle_msg_interface/msg/detail/numbers__rosidl_typesupport_fastrtps_c.h
[4.462s] -- Installing: /home/dexforint/ROS2_study/turtlesim_action/install/my_turtle_msg_interface/include/my_turtle_msg_interface/my_turtle_msg_interface/msg/rosidl_typesupport_fastrtps_c__visibility_control.h
[4.462s] -- Installing: /home/dexforint/ROS2_study/turtlesim_action/install/my_turtle_msg_interface/lib/libmy_turtle_msg_interface__rosidl_typesupport_fastrtps_c.so
[4.462s] -- Set non-toolchain portion of runtime path of "/home/dexforint/ROS2_study/turtlesim_action/install/my_turtle_msg_interface/lib/libmy_turtle_msg_interface__rosidl_typesupport_fastrtps_c.so" to ""
[4.462s] -- Up-to-date: /home/dexforint/ROS2_study/turtlesim_action/install/my_turtle_msg_interface/include/my_turtle_msg_interface/my_turtle_msg_interface
[4.462s] -- Up-to-date: /home/dexforint/ROS2_study/turtlesim_action/install/my_turtle_msg_interface/include/my_turtle_msg_interface/my_turtle_msg_interface/msg
[4.463s] -- Installing: /home/dexforint/ROS2_study/turtlesim_action/install/my_turtle_msg_interface/include/my_turtle_msg_interface/my_turtle_msg_interface/msg/rosidl_typesupport_introspection_c__visibility_control.h
[4.463s] -- Up-to-date: /home/dexforint/ROS2_study/turtlesim_action/install/my_turtle_msg_interface/include/my_turtle_msg_interface/my_turtle_msg_interface/msg/detail
[4.463s] -- Installing: /home/dexforint/ROS2_study/turtlesim_action/install/my_turtle_msg_interface/include/my_turtle_msg_interface/my_turtle_msg_interface/msg/detail/numbers__type_support.c
[4.463s] -- Installing: /home/dexforint/ROS2_study/turtlesim_action/install/my_turtle_msg_interface/include/my_turtle_msg_interface/my_turtle_msg_interface/msg/detail/numbers__rosidl_typesupport_introspection_c.h
[4.463s] -- Installing: /home/dexforint/ROS2_study/turtlesim_action/install/my_turtle_msg_interface/lib/libmy_turtle_msg_interface__rosidl_typesupport_introspection_c.so
[4.463s] -- Set non-toolchain portion of runtime path of "/home/dexforint/ROS2_study/turtlesim_action/install/my_turtle_msg_interface/lib/libmy_turtle_msg_interface__rosidl_typesupport_introspection_c.so" to ""
[4.463s] -- Installing: /home/dexforint/ROS2_study/turtlesim_action/install/my_turtle_msg_interface/lib/libmy_turtle_msg_interface__rosidl_typesupport_c.so
[4.463s] -- Set non-toolchain portion of runtime path of "/home/dexforint/ROS2_study/turtlesim_action/install/my_turtle_msg_interface/lib/libmy_turtle_msg_interface__rosidl_typesupport_c.so" to ""
[4.464s] -- Up-to-date: /home/dexforint/ROS2_study/turtlesim_action/install/my_turtle_msg_interface/include/my_turtle_msg_interface/my_turtle_msg_interface
[4.464s] -- Up-to-date: /home/dexforint/ROS2_study/turtlesim_action/install/my_turtle_msg_interface/include/my_turtle_msg_interface/my_turtle_msg_interface/msg
[4.464s] -- Installing: /home/dexforint/ROS2_study/turtlesim_action/install/my_turtle_msg_interface/include/my_turtle_msg_interface/my_turtle_msg_interface/msg/numbers.hpp
[4.464s] -- Up-to-date: /home/dexforint/ROS2_study/turtlesim_action/install/my_turtle_msg_interface/include/my_turtle_msg_interface/my_turtle_msg_interface/msg/detail
[4.464s] -- Installing: /home/dexforint/ROS2_study/turtlesim_action/install/my_turtle_msg_interface/include/my_turtle_msg_interface/my_turtle_msg_interface/msg/detail/numbers__builder.hpp
[4.464s] -- Installing: /home/dexforint/ROS2_study/turtlesim_action/install/my_turtle_msg_interface/include/my_turtle_msg_interface/my_turtle_msg_interface/msg/detail/numbers__struct.hpp
[4.464s] -- Installing: /home/dexforint/ROS2_study/turtlesim_action/install/my_turtle_msg_interface/include/my_turtle_msg_interface/my_turtle_msg_interface/msg/detail/numbers__traits.hpp
[4.464s] -- Installing: /home/dexforint/ROS2_study/turtlesim_action/install/my_turtle_msg_interface/include/my_turtle_msg_interface/my_turtle_msg_interface/msg/detail/numbers__type_support.hpp
[4.464s] -- Installing: /home/dexforint/ROS2_study/turtlesim_action/install/my_turtle_msg_interface/include/my_turtle_msg_interface/my_turtle_msg_interface/msg/rosidl_generator_cpp__visibility_control.hpp
[4.464s] -- Up-to-date: /home/dexforint/ROS2_study/turtlesim_action/install/my_turtle_msg_interface/include/my_turtle_msg_interface/my_turtle_msg_interface
[4.464s] -- Up-to-date: /home/dexforint/ROS2_study/turtlesim_action/install/my_turtle_msg_interface/include/my_turtle_msg_interface/my_turtle_msg_interface/msg
[4.465s] -- Up-to-date: /home/dexforint/ROS2_study/turtlesim_action/install/my_turtle_msg_interface/include/my_turtle_msg_interface/my_turtle_msg_interface/msg/detail
[4.465s] -- Installing: /home/dexforint/ROS2_study/turtlesim_action/install/my_turtle_msg_interface/include/my_turtle_msg_interface/my_turtle_msg_interface/msg/detail/dds_fastrtps
[4.465s] -- Installing: /home/dexforint/ROS2_study/turtlesim_action/install/my_turtle_msg_interface/include/my_turtle_msg_interface/my_turtle_msg_interface/msg/detail/numbers__rosidl_typesupport_fastrtps_cpp.hpp
[4.465s] -- Installing: /home/dexforint/ROS2_study/turtlesim_action/install/my_turtle_msg_interface/include/my_turtle_msg_interface/my_turtle_msg_interface/msg/rosidl_typesupport_fastrtps_cpp__visibility_control.h
[4.465s] -- Installing: /home/dexforint/ROS2_study/turtlesim_action/install/my_turtle_msg_interface/lib/libmy_turtle_msg_interface__rosidl_typesupport_fastrtps_cpp.so
[4.465s] -- Set non-toolchain portion of runtime path of "/home/dexforint/ROS2_study/turtlesim_action/install/my_turtle_msg_interface/lib/libmy_turtle_msg_interface__rosidl_typesupport_fastrtps_cpp.so" to ""
[4.465s] -- Up-to-date: /home/dexforint/ROS2_study/turtlesim_action/install/my_turtle_msg_interface/include/my_turtle_msg_interface/my_turtle_msg_interface
[4.465s] -- Up-to-date: /home/dexforint/ROS2_study/turtlesim_action/install/my_turtle_msg_interface/include/my_turtle_msg_interface/my_turtle_msg_interface/msg
[4.465s] -- Up-to-date: /home/dexforint/ROS2_study/turtlesim_action/install/my_turtle_msg_interface/include/my_turtle_msg_interface/my_turtle_msg_interface/msg/detail
[4.465s] -- Installing: /home/dexforint/ROS2_study/turtlesim_action/install/my_turtle_msg_interface/include/my_turtle_msg_interface/my_turtle_msg_interface/msg/detail/numbers__rosidl_typesupport_introspection_cpp.hpp
[4.466s] -- Installing: /home/dexforint/ROS2_study/turtlesim_action/install/my_turtle_msg_interface/include/my_turtle_msg_interface/my_turtle_msg_interface/msg/detail/numbers__type_support.cpp
[4.466s] -- Installing: /home/dexforint/ROS2_study/turtlesim_action/install/my_turtle_msg_interface/lib/libmy_turtle_msg_interface__rosidl_typesupport_introspection_cpp.so
[4.466s] -- Set non-toolchain portion of runtime path of "/home/dexforint/ROS2_study/turtlesim_action/install/my_turtle_msg_interface/lib/libmy_turtle_msg_interface__rosidl_typesupport_introspection_cpp.so" to ""
[4.466s] -- Installing: /home/dexforint/ROS2_study/turtlesim_action/install/my_turtle_msg_interface/lib/libmy_turtle_msg_interface__rosidl_typesupport_cpp.so
[4.466s] -- Set non-toolchain portion of runtime path of "/home/dexforint/ROS2_study/turtlesim_action/install/my_turtle_msg_interface/lib/libmy_turtle_msg_interface__rosidl_typesupport_cpp.so" to ""
[4.466s] -- Installing: /home/dexforint/ROS2_study/turtlesim_action/install/my_turtle_msg_interface/share/my_turtle_msg_interface/environment/pythonpath.sh
[4.466s] -- Installing: /home/dexforint/ROS2_study/turtlesim_action/install/my_turtle_msg_interface/share/my_turtle_msg_interface/environment/pythonpath.dsv
[4.466s] -- Installing: /home/dexforint/ROS2_study/turtlesim_action/install/my_turtle_msg_interface/lib/python3.12/site-packages/my_turtle_msg_interface-0.0.0-py3.12.egg-info
[4.466s] -- Installing: /home/dexforint/ROS2_study/turtlesim_action/install/my_turtle_msg_interface/lib/python3.12/site-packages/my_turtle_msg_interface-0.0.0-py3.12.egg-info/dependency_links.txt
[4.466s] -- Installing: /home/dexforint/ROS2_study/turtlesim_action/install/my_turtle_msg_interface/lib/python3.12/site-packages/my_turtle_msg_interface-0.0.0-py3.12.egg-info/PKG-INFO
[4.466s] -- Installing: /home/dexforint/ROS2_study/turtlesim_action/install/my_turtle_msg_interface/lib/python3.12/site-packages/my_turtle_msg_interface-0.0.0-py3.12.egg-info/SOURCES.txt
[4.466s] -- Installing: /home/dexforint/ROS2_study/turtlesim_action/install/my_turtle_msg_interface/lib/python3.12/site-packages/my_turtle_msg_interface-0.0.0-py3.12.egg-info/top_level.txt
[4.466s] -- Installing: /home/dexforint/ROS2_study/turtlesim_action/install/my_turtle_msg_interface/lib/python3.12/site-packages/my_turtle_msg_interface
[4.466s] -- Installing: /home/dexforint/ROS2_study/turtlesim_action/install/my_turtle_msg_interface/lib/python3.12/site-packages/my_turtle_msg_interface/my_turtle_msg_interface_s__rosidl_typesupport_fastrtps_c.so
[4.466s] -- Installing: /home/dexforint/ROS2_study/turtlesim_action/install/my_turtle_msg_interface/lib/python3.12/site-packages/my_turtle_msg_interface/_my_turtle_msg_interface_s.ep.rosidl_typesupport_fastrtps_c.c
[4.466s] -- Installing: /home/dexforint/ROS2_study/turtlesim_action/install/my_turtle_msg_interface/lib/python3.12/site-packages/my_turtle_msg_interface/__init__.py
[4.466s] -- Installing: /home/dexforint/ROS2_study/turtlesim_action/install/my_turtle_msg_interface/lib/python3.12/site-packages/my_turtle_msg_interface/my_turtle_msg_interface_s__rosidl_typesupport_introspection_c.so
[4.466s] -- Installing: /home/dexforint/ROS2_study/turtlesim_action/install/my_turtle_msg_interface/lib/python3.12/site-packages/my_turtle_msg_interface/_my_turtle_msg_interface_s.ep.rosidl_typesupport_introspection_c.c
[4.466s] -- Installing: /home/dexforint/ROS2_study/turtlesim_action/install/my_turtle_msg_interface/lib/python3.12/site-packages/my_turtle_msg_interface/my_turtle_msg_interface_s__rosidl_typesupport_c.so
[4.466s] -- Installing: /home/dexforint/ROS2_study/turtlesim_action/install/my_turtle_msg_interface/lib/python3.12/site-packages/my_turtle_msg_interface/msg
[4.466s] -- Installing: /home/dexforint/ROS2_study/turtlesim_action/install/my_turtle_msg_interface/lib/python3.12/site-packages/my_turtle_msg_interface/msg/_numbers_s.c
[4.466s] -- Installing: /home/dexforint/ROS2_study/turtlesim_action/install/my_turtle_msg_interface/lib/python3.12/site-packages/my_turtle_msg_interface/msg/__init__.py
[4.466s] -- Installing: /home/dexforint/ROS2_study/turtlesim_action/install/my_turtle_msg_interface/lib/python3.12/site-packages/my_turtle_msg_interface/msg/_numbers.py
[4.467s] -- Installing: /home/dexforint/ROS2_study/turtlesim_action/install/my_turtle_msg_interface/lib/python3.12/site-packages/my_turtle_msg_interface/_my_turtle_msg_interface_s.ep.rosidl_typesupport_c.c
[4.488s] Listing '/home/dexforint/ROS2_study/turtlesim_action/install/my_turtle_msg_interface/lib/python3.12/site-packages/my_turtle_msg_interface'...
[4.488s] Compiling '/home/dexforint/ROS2_study/turtlesim_action/install/my_turtle_msg_interface/lib/python3.12/site-packages/my_turtle_msg_interface/__init__.py'...
[4.488s] Listing '/home/dexforint/ROS2_study/turtlesim_action/install/my_turtle_msg_interface/lib/python3.12/site-packages/my_turtle_msg_interface/msg'...
[4.488s] Compiling '/home/dexforint/ROS2_study/turtlesim_action/install/my_turtle_msg_interface/lib/python3.12/site-packages/my_turtle_msg_interface/msg/__init__.py'...
[4.488s] Compiling '/home/dexforint/ROS2_study/turtlesim_action/install/my_turtle_msg_interface/lib/python3.12/site-packages/my_turtle_msg_interface/msg/_numbers.py'...
[4.492s] -- Installing: /home/dexforint/ROS2_study/turtlesim_action/install/my_turtle_msg_interface/lib/python3.12/site-packages/my_turtle_msg_interface/my_turtle_msg_interface_s__rosidl_typesupport_fastrtps_c.so
[4.492s] -- Set non-toolchain portion of runtime path of "/home/dexforint/ROS2_study/turtlesim_action/install/my_turtle_msg_interface/lib/python3.12/site-packages/my_turtle_msg_interface/my_turtle_msg_interface_s__rosidl_typesupport_fastrtps_c.so" to ""
[4.492s] -- Installing: /home/dexforint/ROS2_study/turtlesim_action/install/my_turtle_msg_interface/lib/python3.12/site-packages/my_turtle_msg_interface/my_turtle_msg_interface_s__rosidl_typesupport_introspection_c.so
[4.493s] -- Set non-toolchain portion of runtime path of "/home/dexforint/ROS2_study/turtlesim_action/install/my_turtle_msg_interface/lib/python3.12/site-packages/my_turtle_msg_interface/my_turtle_msg_interface_s__rosidl_typesupport_introspection_c.so" to ""
[4.493s] -- Installing: /home/dexforint/ROS2_study/turtlesim_action/install/my_turtle_msg_interface/lib/python3.12/site-packages/my_turtle_msg_interface/my_turtle_msg_interface_s__rosidl_typesupport_c.so
[4.493s] -- Set non-toolchain portion of runtime path of "/home/dexforint/ROS2_study/turtlesim_action/install/my_turtle_msg_interface/lib/python3.12/site-packages/my_turtle_msg_interface/my_turtle_msg_interface_s__rosidl_typesupport_c.so" to ""
[4.493s] -- Installing: /home/dexforint/ROS2_study/turtlesim_action/install/my_turtle_msg_interface/lib/libmy_turtle_msg_interface__rosidl_generator_py.so
[4.493s] -- Set non-toolchain portion of runtime path of "/home/dexforint/ROS2_study/turtlesim_action/install/my_turtle_msg_interface/lib/libmy_turtle_msg_interface__rosidl_generator_py.so" to ""
[4.493s] -- Installing: /home/dexforint/ROS2_study/turtlesim_action/install/my_turtle_msg_interface/share/my_turtle_msg_interface/msg/Numbers.idl
[4.493s] -- Installing: /home/dexforint/ROS2_study/turtlesim_action/install/my_turtle_msg_interface/share/my_turtle_msg_interface/msg/Numbers.msg
[4.493s] -- Installing: /home/dexforint/ROS2_study/turtlesim_action/install/my_turtle_msg_interface/share/ament_index/resource_index/package_run_dependencies/my_turtle_msg_interface
[4.493s] -- Installing: /home/dexforint/ROS2_study/turtlesim_action/install/my_turtle_msg_interface/share/ament_index/resource_index/parent_prefix_path/my_turtle_msg_interface
[4.493s] -- Installing: /home/dexforint/ROS2_study/turtlesim_action/install/my_turtle_msg_interface/share/my_turtle_msg_interface/environment/ament_prefix_path.sh
[4.494s] -- Installing: /home/dexforint/ROS2_study/turtlesim_action/install/my_turtle_msg_interface/share/my_turtle_msg_interface/environment/ament_prefix_path.dsv
[4.494s] -- Installing: /home/dexforint/ROS2_study/turtlesim_action/install/my_turtle_msg_interface/share/my_turtle_msg_interface/environment/path.sh
[4.494s] -- Installing: /home/dexforint/ROS2_study/turtlesim_action/install/my_turtle_msg_interface/share/my_turtle_msg_interface/environment/path.dsv
[4.494s] -- Installing: /home/dexforint/ROS2_study/turtlesim_action/install/my_turtle_msg_interface/share/my_turtle_msg_interface/local_setup.bash
[4.494s] -- Installing: /home/dexforint/ROS2_study/turtlesim_action/install/my_turtle_msg_interface/share/my_turtle_msg_interface/local_setup.sh
[4.494s] -- Installing: /home/dexforint/ROS2_study/turtlesim_action/install/my_turtle_msg_interface/share/my_turtle_msg_interface/local_setup.zsh
[4.494s] -- Installing: /home/dexforint/ROS2_study/turtlesim_action/install/my_turtle_msg_interface/share/my_turtle_msg_interface/local_setup.dsv
[4.494s] -- Installing: /home/dexforint/ROS2_study/turtlesim_action/install/my_turtle_msg_interface/share/my_turtle_msg_interface/package.dsv
[4.494s] -- Installing: /home/dexforint/ROS2_study/turtlesim_action/install/my_turtle_msg_interface/share/ament_index/resource_index/packages/my_turtle_msg_interface
[4.495s] -- Installing: /home/dexforint/ROS2_study/turtlesim_action/install/my_turtle_msg_interface/share/my_turtle_msg_interface/cmake/export_my_turtle_msg_interface__rosidl_generator_cExport.cmake
[4.495s] -- Installing: /home/dexforint/ROS2_study/turtlesim_action/install/my_turtle_msg_interface/share/my_turtle_msg_interface/cmake/export_my_turtle_msg_interface__rosidl_generator_cExport-noconfig.cmake
[4.495s] -- Installing: /home/dexforint/ROS2_study/turtlesim_action/install/my_turtle_msg_interface/share/my_turtle_msg_interface/cmake/export_my_turtle_msg_interface__rosidl_typesupport_fastrtps_cExport.cmake
[4.495s] -- Installing: /home/dexforint/ROS2_study/turtlesim_action/install/my_turtle_msg_interface/share/my_turtle_msg_interface/cmake/export_my_turtle_msg_interface__rosidl_typesupport_fastrtps_cExport-noconfig.cmake
[4.495s] -- Installing: /home/dexforint/ROS2_study/turtlesim_action/install/my_turtle_msg_interface/share/my_turtle_msg_interface/cmake/my_turtle_msg_interface__rosidl_typesupport_introspection_cExport.cmake
[4.495s] -- Installing: /home/dexforint/ROS2_study/turtlesim_action/install/my_turtle_msg_interface/share/my_turtle_msg_interface/cmake/my_turtle_msg_interface__rosidl_typesupport_introspection_cExport-noconfig.cmake
[4.495s] -- Installing: /home/dexforint/ROS2_study/turtlesim_action/install/my_turtle_msg_interface/share/my_turtle_msg_interface/cmake/my_turtle_msg_interface__rosidl_typesupport_cExport.cmake
[4.495s] -- Installing: /home/dexforint/ROS2_study/turtlesim_action/install/my_turtle_msg_interface/share/my_turtle_msg_interface/cmake/my_turtle_msg_interface__rosidl_typesupport_cExport-noconfig.cmake
[4.495s] -- Installing: /home/dexforint/ROS2_study/turtlesim_action/install/my_turtle_msg_interface/share/my_turtle_msg_interface/cmake/export_my_turtle_msg_interface__rosidl_generator_cppExport.cmake
[4.495s] -- Installing: /home/dexforint/ROS2_study/turtlesim_action/install/my_turtle_msg_interface/share/my_turtle_msg_interface/cmake/export_my_turtle_msg_interface__rosidl_typesupport_fastrtps_cppExport.cmake
[4.495s] -- Installing: /home/dexforint/ROS2_study/turtlesim_action/install/my_turtle_msg_interface/share/my_turtle_msg_interface/cmake/export_my_turtle_msg_interface__rosidl_typesupport_fastrtps_cppExport-noconfig.cmake
[4.496s] -- Installing: /home/dexforint/ROS2_study/turtlesim_action/install/my_turtle_msg_interface/share/my_turtle_msg_interface/cmake/my_turtle_msg_interface__rosidl_typesupport_introspection_cppExport.cmake
[4.496s] -- Installing: /home/dexforint/ROS2_study/turtlesim_action/install/my_turtle_msg_interface/share/my_turtle_msg_interface/cmake/my_turtle_msg_interface__rosidl_typesupport_introspection_cppExport-noconfig.cmake
[4.496s] -- Installing: /home/dexforint/ROS2_study/turtlesim_action/install/my_turtle_msg_interface/share/my_turtle_msg_interface/cmake/my_turtle_msg_interface__rosidl_typesupport_cppExport.cmake
[4.496s] -- Installing: /home/dexforint/ROS2_study/turtlesim_action/install/my_turtle_msg_interface/share/my_turtle_msg_interface/cmake/my_turtle_msg_interface__rosidl_typesupport_cppExport-noconfig.cmake
[4.496s] -- Installing: /home/dexforint/ROS2_study/turtlesim_action/install/my_turtle_msg_interface/share/my_turtle_msg_interface/cmake/export_my_turtle_msg_interface__rosidl_generator_pyExport.cmake
[4.496s] -- Installing: /home/dexforint/ROS2_study/turtlesim_action/install/my_turtle_msg_interface/share/my_turtle_msg_interface/cmake/export_my_turtle_msg_interface__rosidl_generator_pyExport-noconfig.cmake
[4.496s] -- Installing: /home/dexforint/ROS2_study/turtlesim_action/install/my_turtle_msg_interface/share/my_turtle_msg_interface/cmake/rosidl_cmake-extras.cmake
[4.496s] -- Installing: /home/dexforint/ROS2_study/turtlesim_action/install/my_turtle_msg_interface/share/my_turtle_msg_interface/cmake/ament_cmake_export_include_directories-extras.cmake
[4.496s] -- Installing: /home/dexforint/ROS2_study/turtlesim_action/install/my_turtle_msg_interface/share/my_turtle_msg_interface/cmake/ament_cmake_export_libraries-extras.cmake
[4.496s] -- Installing: /home/dexforint/ROS2_study/turtlesim_action/install/my_turtle_msg_interface/share/my_turtle_msg_interface/cmake/ament_cmake_export_targets-extras.cmake
[4.496s] -- Installing: /home/dexforint/ROS2_study/turtlesim_action/install/my_turtle_msg_interface/share/my_turtle_msg_interface/cmake/rosidl_cmake_export_typesupport_targets-extras.cmake
[4.496s] -- Installing: /home/dexforint/ROS2_study/turtlesim_action/install/my_turtle_msg_interface/share/my_turtle_msg_interface/cmake/ament_cmake_export_dependencies-extras.cmake
[4.496s] -- Installing: /home/dexforint/ROS2_study/turtlesim_action/install/my_turtle_msg_interface/share/my_turtle_msg_interface/cmake/rosidl_cmake_export_typesupport_libraries-extras.cmake
[4.496s] -- Installing: /home/dexforint/ROS2_study/turtlesim_action/install/my_turtle_msg_interface/share/my_turtle_msg_interface/cmake/my_turtle_msg_interfaceConfig.cmake
[4.496s] -- Installing: /home/dexforint/ROS2_study/turtlesim_action/install/my_turtle_msg_interface/share/my_turtle_msg_interface/cmake/my_turtle_msg_interfaceConfig-version.cmake
[4.496s] -- Installing: /home/dexforint/ROS2_study/turtlesim_action/install/my_turtle_msg_interface/share/my_turtle_msg_interface/package.xml
[4.497s] Invoked command in '/home/dexforint/ROS2_study/turtlesim_action/build/my_turtle_msg_interface' returned '0': CMAKE_PREFIX_PATH=${CMAKE_PREFIX_PATH}:/opt/ros/jazzy /usr/bin/cmake --install /home/dexforint/ROS2_study/turtlesim_action/build/my_turtle_msg_interface
