[1.349s] Invoking command in '/home/dexforint/ROS2_study/ros2_service/src/my_service_client': AMENT_PREFIX_PATH=/home/dexforint/ROS2_study/ros2_service/install/my_service_interfaces:${AMENT_PREFIX_PATH} CMAKE_PREFIX_PATH=/home/dexforint/ROS2_study/ros2_service/install/my_service_interfaces:${CMAKE_PREFIX_PATH} LD_LIBRARY_PATH=/home/dexforint/ROS2_study/ros2_service/install/my_service_interfaces/lib:${LD_LIBRARY_PATH} PYTHONPATH=/home/dexforint/ROS2_study/ros2_service/build/my_service_client/prefix_override:/usr/lib/python3/dist-packages/colcon_core/task/python/colcon_distutils_commands:/home/dexforint/ROS2_study/ros2_service/install/my_service_client/lib/python3.12/site-packages:/home/dexforint/ROS2_study/ros2_service/install/my_service_interfaces/lib/python3.12/site-packages:${PYTHONPATH} /usr/bin/python3 -W ignore:setup.py install is deprecated -W ignore:easy_install command is deprecated setup.py egg_info --egg-base ../../build/my_service_client build --build-base /home/dexforint/ROS2_study/ros2_service/build/my_service_client/build install --record /home/dexforint/ROS2_study/ros2_service/build/my_service_client/install.log --single-version-externally-managed install_data
[1.524s] running egg_info
[1.524s] creating ../../build/my_service_client/my_service_client.egg-info
[1.535s] writing ../../build/my_service_client/my_service_client.egg-info/PKG-INFO
[1.535s] writing dependency_links to ../../build/my_service_client/my_service_client.egg-info/dependency_links.txt
[1.535s] writing entry points to ../../build/my_service_client/my_service_client.egg-info/entry_points.txt
[1.535s] writing requirements to ../../build/my_service_client/my_service_client.egg-info/requires.txt
[1.536s] writing top-level names to ../../build/my_service_client/my_service_client.egg-info/top_level.txt
[1.536s] writing manifest file '../../build/my_service_client/my_service_client.egg-info/SOURCES.txt'
[1.557s] reading manifest file '../../build/my_service_client/my_service_client.egg-info/SOURCES.txt'
[1.558s] writing manifest file '../../build/my_service_client/my_service_client.egg-info/SOURCES.txt'
[1.558s] running build
[1.558s] running build_py
[1.558s] creating /home/dexforint/ROS2_study/ros2_service/build/my_service_client/build
[1.558s] creating /home/dexforint/ROS2_study/ros2_service/build/my_service_client/build/lib
[1.558s] creating /home/dexforint/ROS2_study/ros2_service/build/my_service_client/build/lib/my_service_client
[1.558s] copying my_service_client/client_node.py -> /home/dexforint/ROS2_study/ros2_service/build/my_service_client/build/lib/my_service_client
[1.560s] copying my_service_client/__init__.py -> /home/dexforint/ROS2_study/ros2_service/build/my_service_client/build/lib/my_service_client
[1.560s] running install
[1.565s] running install_lib
[1.577s] creating /home/dexforint/ROS2_study/ros2_service/install/my_service_client/lib/python3.12/site-packages/my_service_client
[1.577s] copying /home/dexforint/ROS2_study/ros2_service/build/my_service_client/build/lib/my_service_client/client_node.py -> /home/dexforint/ROS2_study/ros2_service/install/my_service_client/lib/python3.12/site-packages/my_service_client
[1.577s] copying /home/dexforint/ROS2_study/ros2_service/build/my_service_client/build/lib/my_service_client/__init__.py -> /home/dexforint/ROS2_study/ros2_service/install/my_service_client/lib/python3.12/site-packages/my_service_client
[1.577s] byte-compiling /home/dexforint/ROS2_study/ros2_service/install/my_service_client/lib/python3.12/site-packages/my_service_client/client_node.py to client_node.cpython-312.pyc
[1.578s] byte-compiling /home/dexforint/ROS2_study/ros2_service/install/my_service_client/lib/python3.12/site-packages/my_service_client/__init__.py to __init__.cpython-312.pyc
[1.578s] running install_data
[1.579s] creating /home/dexforint/ROS2_study/ros2_service/install/my_service_client/share/ament_index
[1.579s] creating /home/dexforint/ROS2_study/ros2_service/install/my_service_client/share/ament_index/resource_index
[1.579s] creating /home/dexforint/ROS2_study/ros2_service/install/my_service_client/share/ament_index/resource_index/packages
[1.579s] copying resource/my_service_client -> /home/dexforint/ROS2_study/ros2_service/install/my_service_client/share/ament_index/resource_index/packages
[1.579s] copying package.xml -> /home/dexforint/ROS2_study/ros2_service/install/my_service_client/share/my_service_client
[1.579s] running install_egg_info
[1.592s] Copying ../../build/my_service_client/my_service_client.egg-info to /home/dexforint/ROS2_study/ros2_service/install/my_service_client/lib/python3.12/site-packages/my_service_client-0.0.0-py3.12.egg-info
[1.593s] running install_scripts
[1.669s] Installing velocity_client script to /home/dexforint/ROS2_study/ros2_service/install/my_service_client/lib/my_service_client
[1.670s] writing list of installed files to '/home/dexforint/ROS2_study/ros2_service/build/my_service_client/install.log'
[1.689s] Invoked command in '/home/dexforint/ROS2_study/ros2_service/src/my_service_client' returned '0': AMENT_PREFIX_PATH=/home/dexforint/ROS2_study/ros2_service/install/my_service_interfaces:${AMENT_PREFIX_PATH} CMAKE_PREFIX_PATH=/home/dexforint/ROS2_study/ros2_service/install/my_service_interfaces:${CMAKE_PREFIX_PATH} LD_LIBRARY_PATH=/home/dexforint/ROS2_study/ros2_service/install/my_service_interfaces/lib:${LD_LIBRARY_PATH} PYTHONPATH=/home/dexforint/ROS2_study/ros2_service/build/my_service_client/prefix_override:/usr/lib/python3/dist-packages/colcon_core/task/python/colcon_distutils_commands:/home/dexforint/ROS2_study/ros2_service/install/my_service_client/lib/python3.12/site-packages:/home/dexforint/ROS2_study/ros2_service/install/my_service_interfaces/lib/python3.12/site-packages:${PYTHONPATH} /usr/bin/python3 -W ignore:setup.py install is deprecated -W ignore:easy_install command is deprecated setup.py egg_info --egg-base ../../build/my_service_client build --build-base /home/dexforint/ROS2_study/ros2_service/build/my_service_client/build install --record /home/dexforint/ROS2_study/ros2_service/build/my_service_client/install.log --single-version-externally-managed install_data
