[0.163s] Invoking command in '/home/dexforint/ROS2_study/simple_action/build/my_custom_interface': CMAKE_PREFIX_PATH=${CMAKE_PREFIX_PATH}:/home/dexforint/ROS2_study/simple_action/install/my_calculate_action:/opt/ros/jazzy /usr/bin/cmake --build /home/dexforint/ROS2_study/simple_action/build/my_custom_interface -- -j16 -l16
[0.190s] [  2%] Built target my_custom_interface__rosidl_generator_type_description
[0.196s] [  2%] Built target ament_cmake_python_copy_my_custom_interface
[0.201s] [  5%] Built target my_custom_interface__cpp
[0.203s] [ 20%] Built target my_custom_interface__rosidl_generator_c
[0.220s] [ 29%] Built target my_custom_interface__rosidl_typesupport_introspection_c
[0.220s] [ 38%] Built target my_custom_interface__rosidl_typesupport_fastrtps_c
[0.221s] [ 47%] Built target my_custom_interface__rosidl_typesupport_cpp
[0.221s] [ 55%] Built target my_custom_interface__rosidl_typesupport_c
[0.221s] [ 64%] Built target my_custom_interface__rosidl_typesupport_introspection_cpp
[0.223s] [ 73%] Built target my_custom_interface__rosidl_typesupport_fastrtps_cpp
[0.234s] [ 73%] Built target my_custom_interface
[0.245s] [ 76%] Built target my_custom_interface__py
[0.257s] [ 82%] Built target my_custom_interface__rosidl_generator_py
[0.271s] [ 88%] Built target my_custom_interface_s__rosidl_typesupport_c
[0.272s] [ 94%] Built target my_custom_interface_s__rosidl_typesupport_fastrtps_c
[0.272s] [100%] Built target my_custom_interface_s__rosidl_typesupport_introspection_c
[0.331s] running egg_info
[0.341s] writing my_custom_interface.egg-info/PKG-INFO
[0.342s] writing dependency_links to my_custom_interface.egg-info/dependency_links.txt
[0.342s] writing top-level names to my_custom_interface.egg-info/top_level.txt
[0.372s] reading manifest file 'my_custom_interface.egg-info/SOURCES.txt'
[0.372s] writing manifest file 'my_custom_interface.egg-info/SOURCES.txt'
[0.388s] [100%] Built target ament_cmake_python_build_my_custom_interface_egg
[0.396s] Invoked command in '/home/dexforint/ROS2_study/simple_action/build/my_custom_interface' returned '0': CMAKE_PREFIX_PATH=${CMAKE_PREFIX_PATH}:/home/dexforint/ROS2_study/simple_action/install/my_calculate_action:/opt/ros/jazzy /usr/bin/cmake --build /home/dexforint/ROS2_study/simple_action/build/my_custom_interface -- -j16 -l16
[0.396s] Invoking command in '/home/dexforint/ROS2_study/simple_action/build/my_custom_interface': CMAKE_PREFIX_PATH=${CMAKE_PREFIX_PATH}:/home/dexforint/ROS2_study/simple_action/install/my_calculate_action:/opt/ros/jazzy /usr/bin/cmake --install /home/dexforint/ROS2_study/simple_action/build/my_custom_interface
[0.402s] -- Install configuration: ""
[0.402s] -- Up-to-date: /home/dexforint/ROS2_study/simple_action/install/my_custom_interface/share/ament_index/resource_index/rosidl_interfaces/my_custom_interface
[0.402s] -- Up-to-date: /home/dexforint/ROS2_study/simple_action/install/my_custom_interface/share/my_custom_interface/msg/Numbers.json
[0.402s] -- Up-to-date: /home/dexforint/ROS2_study/simple_action/install/my_custom_interface/include/my_custom_interface/my_custom_interface
[0.402s] -- Up-to-date: /home/dexforint/ROS2_study/simple_action/install/my_custom_interface/include/my_custom_interface/my_custom_interface/msg
[0.403s] -- Up-to-date: /home/dexforint/ROS2_study/simple_action/install/my_custom_interface/include/my_custom_interface/my_custom_interface/msg/detail
[0.403s] -- Up-to-date: /home/dexforint/ROS2_study/simple_action/install/my_custom_interface/include/my_custom_interface/my_custom_interface/msg/detail/numbers__struct.h
[0.403s] -- Up-to-date: /home/dexforint/ROS2_study/simple_action/install/my_custom_interface/include/my_custom_interface/my_custom_interface/msg/detail/numbers__type_support.c
[0.403s] -- Up-to-date: /home/dexforint/ROS2_study/simple_action/install/my_custom_interface/include/my_custom_interface/my_custom_interface/msg/detail/numbers__type_support.h
[0.403s] -- Up-to-date: /home/dexforint/ROS2_study/simple_action/install/my_custom_interface/include/my_custom_interface/my_custom_interface/msg/detail/numbers__functions.c
[0.403s] -- Up-to-date: /home/dexforint/ROS2_study/simple_action/install/my_custom_interface/include/my_custom_interface/my_custom_interface/msg/detail/numbers__functions.h
[0.403s] -- Up-to-date: /home/dexforint/ROS2_study/simple_action/install/my_custom_interface/include/my_custom_interface/my_custom_interface/msg/detail/numbers__description.c
[0.403s] -- Up-to-date: /home/dexforint/ROS2_study/simple_action/install/my_custom_interface/include/my_custom_interface/my_custom_interface/msg/numbers.h
[0.403s] -- Up-to-date: /home/dexforint/ROS2_study/simple_action/install/my_custom_interface/include/my_custom_interface/my_custom_interface/msg/rosidl_generator_c__visibility_control.h
[0.404s] -- Up-to-date: /home/dexforint/ROS2_study/simple_action/install/my_custom_interface/share/my_custom_interface/environment/library_path.sh
[0.404s] -- Up-to-date: /home/dexforint/ROS2_study/simple_action/install/my_custom_interface/share/my_custom_interface/environment/library_path.dsv
[0.404s] -- Up-to-date: /home/dexforint/ROS2_study/simple_action/install/my_custom_interface/lib/libmy_custom_interface__rosidl_generator_c.so
[0.404s] -- Up-to-date: /home/dexforint/ROS2_study/simple_action/install/my_custom_interface/include/my_custom_interface/my_custom_interface
[0.404s] -- Up-to-date: /home/dexforint/ROS2_study/simple_action/install/my_custom_interface/include/my_custom_interface/my_custom_interface/msg
[0.404s] -- Up-to-date: /home/dexforint/ROS2_study/simple_action/install/my_custom_interface/include/my_custom_interface/my_custom_interface/msg/detail
[0.404s] -- Up-to-date: /home/dexforint/ROS2_study/simple_action/install/my_custom_interface/include/my_custom_interface/my_custom_interface/msg/detail/numbers__rosidl_typesupport_fastrtps_c.h
[0.404s] -- Up-to-date: /home/dexforint/ROS2_study/simple_action/install/my_custom_interface/include/my_custom_interface/my_custom_interface/msg/rosidl_typesupport_fastrtps_c__visibility_control.h
[0.404s] -- Up-to-date: /home/dexforint/ROS2_study/simple_action/install/my_custom_interface/lib/libmy_custom_interface__rosidl_typesupport_fastrtps_c.so
[0.405s] -- Up-to-date: /home/dexforint/ROS2_study/simple_action/install/my_custom_interface/include/my_custom_interface/my_custom_interface
[0.405s] -- Up-to-date: /home/dexforint/ROS2_study/simple_action/install/my_custom_interface/include/my_custom_interface/my_custom_interface/msg
[0.405s] -- Up-to-date: /home/dexforint/ROS2_study/simple_action/install/my_custom_interface/include/my_custom_interface/my_custom_interface/msg/rosidl_typesupport_introspection_c__visibility_control.h
[0.405s] -- Up-to-date: /home/dexforint/ROS2_study/simple_action/install/my_custom_interface/include/my_custom_interface/my_custom_interface/msg/detail
[0.405s] -- Up-to-date: /home/dexforint/ROS2_study/simple_action/install/my_custom_interface/include/my_custom_interface/my_custom_interface/msg/detail/numbers__type_support.c
[0.405s] -- Up-to-date: /home/dexforint/ROS2_study/simple_action/install/my_custom_interface/include/my_custom_interface/my_custom_interface/msg/detail/numbers__rosidl_typesupport_introspection_c.h
[0.405s] -- Up-to-date: /home/dexforint/ROS2_study/simple_action/install/my_custom_interface/lib/libmy_custom_interface__rosidl_typesupport_introspection_c.so
[0.405s] -- Up-to-date: /home/dexforint/ROS2_study/simple_action/install/my_custom_interface/lib/libmy_custom_interface__rosidl_typesupport_c.so
[0.405s] -- Up-to-date: /home/dexforint/ROS2_study/simple_action/install/my_custom_interface/include/my_custom_interface/my_custom_interface
[0.405s] -- Up-to-date: /home/dexforint/ROS2_study/simple_action/install/my_custom_interface/include/my_custom_interface/my_custom_interface/msg
[0.405s] -- Up-to-date: /home/dexforint/ROS2_study/simple_action/install/my_custom_interface/include/my_custom_interface/my_custom_interface/msg/numbers.hpp
[0.406s] -- Up-to-date: /home/dexforint/ROS2_study/simple_action/install/my_custom_interface/include/my_custom_interface/my_custom_interface/msg/detail
[0.406s] -- Up-to-date: /home/dexforint/ROS2_study/simple_action/install/my_custom_interface/include/my_custom_interface/my_custom_interface/msg/detail/numbers__builder.hpp
[0.406s] -- Up-to-date: /home/dexforint/ROS2_study/simple_action/install/my_custom_interface/include/my_custom_interface/my_custom_interface/msg/detail/numbers__struct.hpp
[0.406s] -- Up-to-date: /home/dexforint/ROS2_study/simple_action/install/my_custom_interface/include/my_custom_interface/my_custom_interface/msg/detail/numbers__traits.hpp
[0.406s] -- Up-to-date: /home/dexforint/ROS2_study/simple_action/install/my_custom_interface/include/my_custom_interface/my_custom_interface/msg/detail/numbers__type_support.hpp
[0.406s] -- Up-to-date: /home/dexforint/ROS2_study/simple_action/install/my_custom_interface/include/my_custom_interface/my_custom_interface/msg/rosidl_generator_cpp__visibility_control.hpp
[0.406s] -- Up-to-date: /home/dexforint/ROS2_study/simple_action/install/my_custom_interface/include/my_custom_interface/my_custom_interface
[0.406s] -- Up-to-date: /home/dexforint/ROS2_study/simple_action/install/my_custom_interface/include/my_custom_interface/my_custom_interface/msg
[0.406s] -- Up-to-date: /home/dexforint/ROS2_study/simple_action/install/my_custom_interface/include/my_custom_interface/my_custom_interface/msg/detail
[0.406s] -- Up-to-date: /home/dexforint/ROS2_study/simple_action/install/my_custom_interface/include/my_custom_interface/my_custom_interface/msg/detail/dds_fastrtps
[0.406s] -- Up-to-date: /home/dexforint/ROS2_study/simple_action/install/my_custom_interface/include/my_custom_interface/my_custom_interface/msg/detail/numbers__rosidl_typesupport_fastrtps_cpp.hpp
[0.407s] -- Up-to-date: /home/dexforint/ROS2_study/simple_action/install/my_custom_interface/include/my_custom_interface/my_custom_interface/msg/rosidl_typesupport_fastrtps_cpp__visibility_control.h
[0.407s] -- Up-to-date: /home/dexforint/ROS2_study/simple_action/install/my_custom_interface/lib/libmy_custom_interface__rosidl_typesupport_fastrtps_cpp.so
[0.407s] -- Up-to-date: /home/dexforint/ROS2_study/simple_action/install/my_custom_interface/include/my_custom_interface/my_custom_interface
[0.407s] -- Up-to-date: /home/dexforint/ROS2_study/simple_action/install/my_custom_interface/include/my_custom_interface/my_custom_interface/msg
[0.407s] -- Up-to-date: /home/dexforint/ROS2_study/simple_action/install/my_custom_interface/include/my_custom_interface/my_custom_interface/msg/detail
[0.407s] -- Up-to-date: /home/dexforint/ROS2_study/simple_action/install/my_custom_interface/include/my_custom_interface/my_custom_interface/msg/detail/numbers__rosidl_typesupport_introspection_cpp.hpp
[0.407s] -- Up-to-date: /home/dexforint/ROS2_study/simple_action/install/my_custom_interface/include/my_custom_interface/my_custom_interface/msg/detail/numbers__type_support.cpp
[0.407s] -- Up-to-date: /home/dexforint/ROS2_study/simple_action/install/my_custom_interface/lib/libmy_custom_interface__rosidl_typesupport_introspection_cpp.so
[0.407s] -- Up-to-date: /home/dexforint/ROS2_study/simple_action/install/my_custom_interface/lib/libmy_custom_interface__rosidl_typesupport_cpp.so
[0.407s] -- Up-to-date: /home/dexforint/ROS2_study/simple_action/install/my_custom_interface/share/my_custom_interface/environment/pythonpath.sh
[0.407s] -- Up-to-date: /home/dexforint/ROS2_study/simple_action/install/my_custom_interface/share/my_custom_interface/environment/pythonpath.dsv
[0.407s] -- Up-to-date: /home/dexforint/ROS2_study/simple_action/install/my_custom_interface/lib/python3.12/site-packages/my_custom_interface-0.0.0-py3.12.egg-info
[0.407s] -- Installing: /home/dexforint/ROS2_study/simple_action/install/my_custom_interface/lib/python3.12/site-packages/my_custom_interface-0.0.0-py3.12.egg-info/dependency_links.txt
[0.407s] -- Installing: /home/dexforint/ROS2_study/simple_action/install/my_custom_interface/lib/python3.12/site-packages/my_custom_interface-0.0.0-py3.12.egg-info/PKG-INFO
[0.407s] -- Installing: /home/dexforint/ROS2_study/simple_action/install/my_custom_interface/lib/python3.12/site-packages/my_custom_interface-0.0.0-py3.12.egg-info/SOURCES.txt
[0.407s] -- Installing: /home/dexforint/ROS2_study/simple_action/install/my_custom_interface/lib/python3.12/site-packages/my_custom_interface-0.0.0-py3.12.egg-info/top_level.txt
[0.407s] -- Up-to-date: /home/dexforint/ROS2_study/simple_action/install/my_custom_interface/lib/python3.12/site-packages/my_custom_interface
[0.407s] -- Up-to-date: /home/dexforint/ROS2_study/simple_action/install/my_custom_interface/lib/python3.12/site-packages/my_custom_interface/my_custom_interface_s__rosidl_typesupport_fastrtps_c.so
[0.407s] -- Up-to-date: /home/dexforint/ROS2_study/simple_action/install/my_custom_interface/lib/python3.12/site-packages/my_custom_interface/__init__.py
[0.407s] -- Up-to-date: /home/dexforint/ROS2_study/simple_action/install/my_custom_interface/lib/python3.12/site-packages/my_custom_interface/_my_custom_interface_s.ep.rosidl_typesupport_fastrtps_c.c
[0.407s] -- Up-to-date: /home/dexforint/ROS2_study/simple_action/install/my_custom_interface/lib/python3.12/site-packages/my_custom_interface/_my_custom_interface_s.ep.rosidl_typesupport_c.c
[0.407s] -- Up-to-date: /home/dexforint/ROS2_study/simple_action/install/my_custom_interface/lib/python3.12/site-packages/my_custom_interface/my_custom_interface_s__rosidl_typesupport_c.so
[0.407s] -- Up-to-date: /home/dexforint/ROS2_study/simple_action/install/my_custom_interface/lib/python3.12/site-packages/my_custom_interface/msg
[0.407s] -- Up-to-date: /home/dexforint/ROS2_study/simple_action/install/my_custom_interface/lib/python3.12/site-packages/my_custom_interface/msg/_numbers_s.c
[0.407s] -- Up-to-date: /home/dexforint/ROS2_study/simple_action/install/my_custom_interface/lib/python3.12/site-packages/my_custom_interface/msg/__init__.py
[0.407s] -- Up-to-date: /home/dexforint/ROS2_study/simple_action/install/my_custom_interface/lib/python3.12/site-packages/my_custom_interface/msg/_numbers.py
[0.407s] -- Up-to-date: /home/dexforint/ROS2_study/simple_action/install/my_custom_interface/lib/python3.12/site-packages/my_custom_interface/_my_custom_interface_s.ep.rosidl_typesupport_introspection_c.c
[0.407s] -- Up-to-date: /home/dexforint/ROS2_study/simple_action/install/my_custom_interface/lib/python3.12/site-packages/my_custom_interface/my_custom_interface_s__rosidl_typesupport_introspection_c.so
[0.430s] Listing '/home/dexforint/ROS2_study/simple_action/install/my_custom_interface/lib/python3.12/site-packages/my_custom_interface'...
[0.430s] Listing '/home/dexforint/ROS2_study/simple_action/install/my_custom_interface/lib/python3.12/site-packages/my_custom_interface/msg'...
[0.433s] -- Up-to-date: /home/dexforint/ROS2_study/simple_action/install/my_custom_interface/lib/python3.12/site-packages/my_custom_interface/my_custom_interface_s__rosidl_typesupport_fastrtps_c.so
[0.434s] -- Up-to-date: /home/dexforint/ROS2_study/simple_action/install/my_custom_interface/lib/python3.12/site-packages/my_custom_interface/my_custom_interface_s__rosidl_typesupport_introspection_c.so
[0.434s] -- Up-to-date: /home/dexforint/ROS2_study/simple_action/install/my_custom_interface/lib/python3.12/site-packages/my_custom_interface/my_custom_interface_s__rosidl_typesupport_c.so
[0.435s] -- Up-to-date: /home/dexforint/ROS2_study/simple_action/install/my_custom_interface/lib/libmy_custom_interface__rosidl_generator_py.so
[0.435s] -- Up-to-date: /home/dexforint/ROS2_study/simple_action/install/my_custom_interface/share/my_custom_interface/msg/Numbers.idl
[0.435s] -- Up-to-date: /home/dexforint/ROS2_study/simple_action/install/my_custom_interface/share/my_custom_interface/msg/Numbers.msg
[0.435s] -- Up-to-date: /home/dexforint/ROS2_study/simple_action/install/my_custom_interface/share/ament_index/resource_index/package_run_dependencies/my_custom_interface
[0.435s] -- Up-to-date: /home/dexforint/ROS2_study/simple_action/install/my_custom_interface/share/ament_index/resource_index/parent_prefix_path/my_custom_interface
[0.435s] -- Up-to-date: /home/dexforint/ROS2_study/simple_action/install/my_custom_interface/share/my_custom_interface/environment/ament_prefix_path.sh
[0.435s] -- Up-to-date: /home/dexforint/ROS2_study/simple_action/install/my_custom_interface/share/my_custom_interface/environment/ament_prefix_path.dsv
[0.435s] -- Up-to-date: /home/dexforint/ROS2_study/simple_action/install/my_custom_interface/share/my_custom_interface/environment/path.sh
[0.435s] -- Up-to-date: /home/dexforint/ROS2_study/simple_action/install/my_custom_interface/share/my_custom_interface/environment/path.dsv
[0.435s] -- Up-to-date: /home/dexforint/ROS2_study/simple_action/install/my_custom_interface/share/my_custom_interface/local_setup.bash
[0.435s] -- Up-to-date: /home/dexforint/ROS2_study/simple_action/install/my_custom_interface/share/my_custom_interface/local_setup.sh
[0.435s] -- Up-to-date: /home/dexforint/ROS2_study/simple_action/install/my_custom_interface/share/my_custom_interface/local_setup.zsh
[0.435s] -- Up-to-date: /home/dexforint/ROS2_study/simple_action/install/my_custom_interface/share/my_custom_interface/local_setup.dsv
[0.436s] -- Installing: /home/dexforint/ROS2_study/simple_action/install/my_custom_interface/share/my_custom_interface/package.dsv
[0.436s] -- Up-to-date: /home/dexforint/ROS2_study/simple_action/install/my_custom_interface/share/ament_index/resource_index/packages/my_custom_interface
[0.436s] -- Up-to-date: /home/dexforint/ROS2_study/simple_action/install/my_custom_interface/share/my_custom_interface/cmake/export_my_custom_interface__rosidl_generator_cExport.cmake
[0.436s] -- Up-to-date: /home/dexforint/ROS2_study/simple_action/install/my_custom_interface/share/my_custom_interface/cmake/export_my_custom_interface__rosidl_generator_cExport-noconfig.cmake
[0.436s] -- Up-to-date: /home/dexforint/ROS2_study/simple_action/install/my_custom_interface/share/my_custom_interface/cmake/export_my_custom_interface__rosidl_typesupport_fastrtps_cExport.cmake
[0.436s] -- Up-to-date: /home/dexforint/ROS2_study/simple_action/install/my_custom_interface/share/my_custom_interface/cmake/export_my_custom_interface__rosidl_typesupport_fastrtps_cExport-noconfig.cmake
[0.436s] -- Up-to-date: /home/dexforint/ROS2_study/simple_action/install/my_custom_interface/share/my_custom_interface/cmake/my_custom_interface__rosidl_typesupport_introspection_cExport.cmake
[0.436s] -- Up-to-date: /home/dexforint/ROS2_study/simple_action/install/my_custom_interface/share/my_custom_interface/cmake/my_custom_interface__rosidl_typesupport_introspection_cExport-noconfig.cmake
[0.436s] -- Up-to-date: /home/dexforint/ROS2_study/simple_action/install/my_custom_interface/share/my_custom_interface/cmake/my_custom_interface__rosidl_typesupport_cExport.cmake
[0.436s] -- Up-to-date: /home/dexforint/ROS2_study/simple_action/install/my_custom_interface/share/my_custom_interface/cmake/my_custom_interface__rosidl_typesupport_cExport-noconfig.cmake
[0.437s] -- Up-to-date: /home/dexforint/ROS2_study/simple_action/install/my_custom_interface/share/my_custom_interface/cmake/export_my_custom_interface__rosidl_generator_cppExport.cmake
[0.437s] -- Up-to-date: /home/dexforint/ROS2_study/simple_action/install/my_custom_interface/share/my_custom_interface/cmake/export_my_custom_interface__rosidl_typesupport_fastrtps_cppExport.cmake
[0.437s] -- Up-to-date: /home/dexforint/ROS2_study/simple_action/install/my_custom_interface/share/my_custom_interface/cmake/export_my_custom_interface__rosidl_typesupport_fastrtps_cppExport-noconfig.cmake
[0.437s] -- Up-to-date: /home/dexforint/ROS2_study/simple_action/install/my_custom_interface/share/my_custom_interface/cmake/my_custom_interface__rosidl_typesupport_introspection_cppExport.cmake
[0.437s] -- Up-to-date: /home/dexforint/ROS2_study/simple_action/install/my_custom_interface/share/my_custom_interface/cmake/my_custom_interface__rosidl_typesupport_introspection_cppExport-noconfig.cmake
[0.438s] -- Up-to-date: /home/dexforint/ROS2_study/simple_action/install/my_custom_interface/share/my_custom_interface/cmake/my_custom_interface__rosidl_typesupport_cppExport.cmake
[0.438s] -- Up-to-date: /home/dexforint/ROS2_study/simple_action/install/my_custom_interface/share/my_custom_interface/cmake/my_custom_interface__rosidl_typesupport_cppExport-noconfig.cmake
[0.438s] -- Up-to-date: /home/dexforint/ROS2_study/simple_action/install/my_custom_interface/share/my_custom_interface/cmake/export_my_custom_interface__rosidl_generator_pyExport.cmake
[0.438s] -- Up-to-date: /home/dexforint/ROS2_study/simple_action/install/my_custom_interface/share/my_custom_interface/cmake/export_my_custom_interface__rosidl_generator_pyExport-noconfig.cmake
[0.438s] -- Up-to-date: /home/dexforint/ROS2_study/simple_action/install/my_custom_interface/share/my_custom_interface/cmake/rosidl_cmake-extras.cmake
[0.438s] -- Up-to-date: /home/dexforint/ROS2_study/simple_action/install/my_custom_interface/share/my_custom_interface/cmake/ament_cmake_export_include_directories-extras.cmake
[0.438s] -- Up-to-date: /home/dexforint/ROS2_study/simple_action/install/my_custom_interface/share/my_custom_interface/cmake/ament_cmake_export_libraries-extras.cmake
[0.438s] -- Up-to-date: /home/dexforint/ROS2_study/simple_action/install/my_custom_interface/share/my_custom_interface/cmake/ament_cmake_export_targets-extras.cmake
[0.438s] -- Up-to-date: /home/dexforint/ROS2_study/simple_action/install/my_custom_interface/share/my_custom_interface/cmake/rosidl_cmake_export_typesupport_targets-extras.cmake
[0.438s] -- Up-to-date: /home/dexforint/ROS2_study/simple_action/install/my_custom_interface/share/my_custom_interface/cmake/ament_cmake_export_dependencies-extras.cmake
[0.438s] -- Up-to-date: /home/dexforint/ROS2_study/simple_action/install/my_custom_interface/share/my_custom_interface/cmake/rosidl_cmake_export_typesupport_libraries-extras.cmake
[0.438s] -- Up-to-date: /home/dexforint/ROS2_study/simple_action/install/my_custom_interface/share/my_custom_interface/cmake/my_custom_interfaceConfig.cmake
[0.438s] -- Up-to-date: /home/dexforint/ROS2_study/simple_action/install/my_custom_interface/share/my_custom_interface/cmake/my_custom_interfaceConfig-version.cmake
[0.438s] -- Up-to-date: /home/dexforint/ROS2_study/simple_action/install/my_custom_interface/share/my_custom_interface/package.xml
[0.440s] Invoked command in '/home/dexforint/ROS2_study/simple_action/build/my_custom_interface' returned '0': CMAKE_PREFIX_PATH=${CMAKE_PREFIX_PATH}:/home/dexforint/ROS2_study/simple_action/install/my_calculate_action:/opt/ros/jazzy /usr/bin/cmake --install /home/dexforint/ROS2_study/simple_action/build/my_custom_interface
