[0.654s] Invoking command in '/home/dexforint/ROS2_study/ros2_ws2/src/my_turtle_controller': PYTHONPATH=/home/dexforint/ROS2_study/ros2_ws2/build/my_turtle_controller/prefix_override:/usr/lib/python3/dist-packages/colcon_core/task/python/colcon_distutils_commands:/home/dexforint/ROS2_study/ros2_ws2/install/my_turtle_controller/lib/python3.12/site-packages:${PYTHONPATH} /usr/bin/python3 -W ignore:setup.py install is deprecated -W ignore:easy_install command is deprecated setup.py egg_info --egg-base ../../build/my_turtle_controller build --build-base /home/dexforint/ROS2_study/ros2_ws2/build/my_turtle_controller/build install --record /home/dexforint/ROS2_study/ros2_ws2/build/my_turtle_controller/install.log --single-version-externally-managed install_data
[0.791s] running egg_info
[0.801s] writing ../../build/my_turtle_controller/my_turtle_controller.egg-info/PKG-INFO
[0.801s] writing dependency_links to ../../build/my_turtle_controller/my_turtle_controller.egg-info/dependency_links.txt
[0.802s] writing entry points to ../../build/my_turtle_controller/my_turtle_controller.egg-info/entry_points.txt
[0.802s] writing requirements to ../../build/my_turtle_controller/my_turtle_controller.egg-info/requires.txt
[0.802s] writing top-level names to ../../build/my_turtle_controller/my_turtle_controller.egg-info/top_level.txt
[0.823s] reading manifest file '../../build/my_turtle_controller/my_turtle_controller.egg-info/SOURCES.txt'
[0.824s] writing manifest file '../../build/my_turtle_controller/my_turtle_controller.egg-info/SOURCES.txt'
[0.824s] running build
[0.824s] running build_py
[0.824s] copying my_turtle_controller/turtle_figure8.py -> /home/dexforint/ROS2_study/ros2_ws2/build/my_turtle_controller/build/lib/my_turtle_controller
[0.824s] running install
[0.828s] running install_lib
[0.840s] copying /home/dexforint/ROS2_study/ros2_ws2/build/my_turtle_controller/build/lib/my_turtle_controller/turtle_figure8.py -> /home/dexforint/ROS2_study/ros2_ws2/install/my_turtle_controller/lib/python3.12/site-packages/my_turtle_controller
[0.840s] byte-compiling /home/dexforint/ROS2_study/ros2_ws2/install/my_turtle_controller/lib/python3.12/site-packages/my_turtle_controller/turtle_figure8.py to turtle_figure8.cpython-312.pyc
[0.841s] running install_data
[0.841s] running install_egg_info
[0.852s] removing '/home/dexforint/ROS2_study/ros2_ws2/install/my_turtle_controller/lib/python3.12/site-packages/my_turtle_controller-0.0.0-py3.12.egg-info' (and everything under it)
[0.853s] Copying ../../build/my_turtle_controller/my_turtle_controller.egg-info to /home/dexforint/ROS2_study/ros2_ws2/install/my_turtle_controller/lib/python3.12/site-packages/my_turtle_controller-0.0.0-py3.12.egg-info
[0.854s] running install_scripts
[0.921s] Installing turtle_figure8 script to /home/dexforint/ROS2_study/ros2_ws2/install/my_turtle_controller/lib/my_turtle_controller
[0.921s] Installing turtle_mover script to /home/dexforint/ROS2_study/ros2_ws2/install/my_turtle_controller/lib/my_turtle_controller
[0.921s] writing list of installed files to '/home/dexforint/ROS2_study/ros2_ws2/build/my_turtle_controller/install.log'
[0.941s] Invoked command in '/home/dexforint/ROS2_study/ros2_ws2/src/my_turtle_controller' returned '0': PYTHONPATH=/home/dexforint/ROS2_study/ros2_ws2/build/my_turtle_controller/prefix_override:/usr/lib/python3/dist-packages/colcon_core/task/python/colcon_distutils_commands:/home/dexforint/ROS2_study/ros2_ws2/install/my_turtle_controller/lib/python3.12/site-packages:${PYTHONPATH} /usr/bin/python3 -W ignore:setup.py install is deprecated -W ignore:easy_install command is deprecated setup.py egg_info --egg-base ../../build/my_turtle_controller build --build-base /home/dexforint/ROS2_study/ros2_ws2/build/my_turtle_controller/build install --record /home/dexforint/ROS2_study/ros2_ws2/build/my_turtle_controller/install.log --single-version-externally-managed install_data
