[0.220s] DEBUG:colcon:Command line arguments: ['/usr/bin/colcon', 'build']
[0.220s] DEBUG:colcon:Parsed command line arguments: Namespace(log_base=None, log_level=None, verb_name='build', build_base='build', install_base='install', merge_install=False, symlink_install=False, test_result_base=None, continue_on_error=False, executor='parallel', parallel_workers=16, event_handlers=None, ignore_user_meta=False, metas=['./colcon.meta'], base_paths=['.'], packages_ignore=None, packages_ignore_regex=None, paths=None, packages_up_to=None, packages_up_to_regex=None, packages_above=None, packages_above_and_dependencies=None, packages_above_depth=None, packages_select_by_dep=None, packages_skip_by_dep=None, packages_skip_up_to=None, packages_select_build_failed=False, packages_skip_build_finished=False, packages_select_test_failures=False, packages_skip_test_passed=False, packages_select=None, packages_skip=None, packages_select_regex=None, packages_skip_regex=None, packages_start=None, packages_end=None, allow_overriding=[], cmake_args=None, cmake_target=None, cmake_target_skip_unavailable=False, cmake_clean_cache=False, cmake_clean_first=False, cmake_force_configure=False, ament_cmake_args=None, catkin_cmake_args=None, catkin_skip_building_tests=False, mixin_files=None, mixin=None, verb_parser=<colcon_mixin.mixin.mixin_argument.MixinArgumentDecorator object at 0x7fb622e71c70>, verb_extension=<colcon_core.verb.build.BuildVerb object at 0x7fb622e716a0>, main=<bound method BuildVerb.main of <colcon_core.verb.build.BuildVerb object at 0x7fb622e716a0>>, mixin_verb=('build',))
[0.279s] Level 1:colcon.colcon_core.package_discovery:discover_packages(colcon_meta) check parameters
[0.279s] Level 1:colcon.colcon_core.package_discovery:discover_packages(recursive) check parameters
[0.279s] Level 1:colcon.colcon_core.package_discovery:discover_packages(ignore) check parameters
[0.279s] Level 1:colcon.colcon_core.package_discovery:discover_packages(path) check parameters
[0.279s] Level 1:colcon.colcon_core.package_discovery:discover_packages(colcon_meta) discover
[0.280s] Level 1:colcon.colcon_core.package_discovery:discover_packages(recursive) discover
[0.280s] INFO:colcon.colcon_core.package_discovery:Crawling recursively for packages in '/home/dexforint/ROS2_study/turtlesim_action'
[0.280s] Level 1:colcon.colcon_core.package_identification:_identify(.) by extensions ['ignore', 'ignore_ament_install']
[0.280s] Level 1:colcon.colcon_core.package_identification:_identify(.) by extension 'ignore'
[0.280s] Level 1:colcon.colcon_core.package_identification:_identify(.) by extension 'ignore_ament_install'
[0.280s] Level 1:colcon.colcon_core.package_identification:_identify(.) by extensions ['colcon_pkg']
[0.280s] Level 1:colcon.colcon_core.package_identification:_identify(.) by extension 'colcon_pkg'
[0.280s] Level 1:colcon.colcon_core.package_identification:_identify(.) by extensions ['colcon_meta']
[0.280s] Level 1:colcon.colcon_core.package_identification:_identify(.) by extension 'colcon_meta'
[0.280s] Level 1:colcon.colcon_core.package_identification:_identify(.) by extensions ['ros']
[0.280s] Level 1:colcon.colcon_core.package_identification:_identify(.) by extension 'ros'
[0.309s] Level 1:colcon.colcon_core.package_identification:_identify(.) by extensions ['cmake', 'python']
[0.309s] Level 1:colcon.colcon_core.package_identification:_identify(.) by extension 'cmake'
[0.309s] Level 1:colcon.colcon_core.package_identification:_identify(.) by extension 'python'
[0.309s] Level 1:colcon.colcon_core.package_identification:_identify(.) by extensions ['python_setup_py']
[0.309s] Level 1:colcon.colcon_core.package_identification:_identify(.) by extension 'python_setup_py'
[0.309s] Level 1:colcon.colcon_core.package_identification:_identify(build) by extensions ['ignore', 'ignore_ament_install']
[0.309s] Level 1:colcon.colcon_core.package_identification:_identify(build) by extension 'ignore'
[0.309s] Level 1:colcon.colcon_core.package_identification:_identify(build) ignored
[0.310s] Level 1:colcon.colcon_core.package_identification:_identify(install) by extensions ['ignore', 'ignore_ament_install']
[0.310s] Level 1:colcon.colcon_core.package_identification:_identify(install) by extension 'ignore'
[0.310s] Level 1:colcon.colcon_core.package_identification:_identify(install) ignored
[0.310s] Level 1:colcon.colcon_core.package_identification:_identify(log) by extensions ['ignore', 'ignore_ament_install']
[0.310s] Level 1:colcon.colcon_core.package_identification:_identify(log) by extension 'ignore'
[0.310s] Level 1:colcon.colcon_core.package_identification:_identify(log) ignored
[0.310s] Level 1:colcon.colcon_core.package_identification:_identify(src) by extensions ['ignore', 'ignore_ament_install']
[0.310s] Level 1:colcon.colcon_core.package_identification:_identify(src) by extension 'ignore'
[0.310s] Level 1:colcon.colcon_core.package_identification:_identify(src) by extension 'ignore_ament_install'
[0.310s] Level 1:colcon.colcon_core.package_identification:_identify(src) by extensions ['colcon_pkg']
[0.310s] Level 1:colcon.colcon_core.package_identification:_identify(src) by extension 'colcon_pkg'
[0.310s] Level 1:colcon.colcon_core.package_identification:_identify(src) by extensions ['colcon_meta']
[0.310s] Level 1:colcon.colcon_core.package_identification:_identify(src) by extension 'colcon_meta'
[0.310s] Level 1:colcon.colcon_core.package_identification:_identify(src) by extensions ['ros']
[0.310s] Level 1:colcon.colcon_core.package_identification:_identify(src) by extension 'ros'
[0.310s] Level 1:colcon.colcon_core.package_identification:_identify(src) by extensions ['cmake', 'python']
[0.310s] Level 1:colcon.colcon_core.package_identification:_identify(src) by extension 'cmake'
[0.310s] Level 1:colcon.colcon_core.package_identification:_identify(src) by extension 'python'
[0.310s] Level 1:colcon.colcon_core.package_identification:_identify(src) by extensions ['python_setup_py']
[0.310s] Level 1:colcon.colcon_core.package_identification:_identify(src) by extension 'python_setup_py'
[0.310s] Level 1:colcon.colcon_core.package_identification:_identify(src/my_turtle_action) by extensions ['ignore', 'ignore_ament_install']
[0.310s] Level 1:colcon.colcon_core.package_identification:_identify(src/my_turtle_action) by extension 'ignore'
[0.310s] Level 1:colcon.colcon_core.package_identification:_identify(src/my_turtle_action) by extension 'ignore_ament_install'
[0.310s] Level 1:colcon.colcon_core.package_identification:_identify(src/my_turtle_action) by extensions ['colcon_pkg']
[0.310s] Level 1:colcon.colcon_core.package_identification:_identify(src/my_turtle_action) by extension 'colcon_pkg'
[0.310s] Level 1:colcon.colcon_core.package_identification:_identify(src/my_turtle_action) by extensions ['colcon_meta']
[0.310s] Level 1:colcon.colcon_core.package_identification:_identify(src/my_turtle_action) by extension 'colcon_meta'
[0.310s] Level 1:colcon.colcon_core.package_identification:_identify(src/my_turtle_action) by extensions ['ros']
[0.310s] Level 1:colcon.colcon_core.package_identification:_identify(src/my_turtle_action) by extension 'ros'
[0.312s] DEBUG:colcon.colcon_core.package_identification:Package 'src/my_turtle_action' with type 'ros.ament_python' and name 'my_turtle_action'
[0.312s] Level 1:colcon.colcon_core.package_identification:_identify(src/my_turtle_action_interface) by extensions ['ignore', 'ignore_ament_install']
[0.312s] Level 1:colcon.colcon_core.package_identification:_identify(src/my_turtle_action_interface) by extension 'ignore'
[0.312s] Level 1:colcon.colcon_core.package_identification:_identify(src/my_turtle_action_interface) by extension 'ignore_ament_install'
[0.312s] Level 1:colcon.colcon_core.package_identification:_identify(src/my_turtle_action_interface) by extensions ['colcon_pkg']
[0.312s] Level 1:colcon.colcon_core.package_identification:_identify(src/my_turtle_action_interface) by extension 'colcon_pkg'
[0.312s] Level 1:colcon.colcon_core.package_identification:_identify(src/my_turtle_action_interface) by extensions ['colcon_meta']
[0.313s] Level 1:colcon.colcon_core.package_identification:_identify(src/my_turtle_action_interface) by extension 'colcon_meta'
[0.313s] Level 1:colcon.colcon_core.package_identification:_identify(src/my_turtle_action_interface) by extensions ['ros']
[0.313s] Level 1:colcon.colcon_core.package_identification:_identify(src/my_turtle_action_interface) by extension 'ros'
[0.313s] DEBUG:colcon.colcon_core.package_identification:Package 'src/my_turtle_action_interface' with type 'ros.ament_cmake' and name 'my_turtle_action_interface'
[0.313s] Level 1:colcon.colcon_core.package_identification:_identify(src/my_turtle_msg_interface) by extensions ['ignore', 'ignore_ament_install']
[0.313s] Level 1:colcon.colcon_core.package_identification:_identify(src/my_turtle_msg_interface) by extension 'ignore'
[0.313s] Level 1:colcon.colcon_core.package_identification:_identify(src/my_turtle_msg_interface) by extension 'ignore_ament_install'
[0.313s] Level 1:colcon.colcon_core.package_identification:_identify(src/my_turtle_msg_interface) by extensions ['colcon_pkg']
[0.313s] Level 1:colcon.colcon_core.package_identification:_identify(src/my_turtle_msg_interface) by extension 'colcon_pkg'
[0.313s] Level 1:colcon.colcon_core.package_identification:_identify(src/my_turtle_msg_interface) by extensions ['colcon_meta']
[0.313s] Level 1:colcon.colcon_core.package_identification:_identify(src/my_turtle_msg_interface) by extension 'colcon_meta'
[0.313s] Level 1:colcon.colcon_core.package_identification:_identify(src/my_turtle_msg_interface) by extensions ['ros']
[0.313s] Level 1:colcon.colcon_core.package_identification:_identify(src/my_turtle_msg_interface) by extension 'ros'
[0.313s] DEBUG:colcon.colcon_core.package_identification:Package 'src/my_turtle_msg_interface' with type 'ros.ament_cmake' and name 'my_turtle_msg_interface'
[0.313s] Level 1:colcon.colcon_core.package_discovery:discover_packages(recursive) using defaults
[0.313s] Level 1:colcon.colcon_core.package_discovery:discover_packages(ignore) discover
[0.313s] Level 1:colcon.colcon_core.package_discovery:discover_packages(ignore) using defaults
[0.313s] Level 1:colcon.colcon_core.package_discovery:discover_packages(path) discover
[0.313s] Level 1:colcon.colcon_core.package_discovery:discover_packages(path) using defaults
[0.337s] Level 1:colcon.colcon_core.package_discovery:discover_packages(prefix_path) check parameters
[0.339s] Level 1:colcon.colcon_core.package_discovery:discover_packages(prefix_path) discover
[0.343s] DEBUG:colcon.colcon_installed_package_information.package_discovery:Found 3 installed packages in /home/dexforint/ROS2_study/turtlesim_action/install
[0.344s] DEBUG:colcon.colcon_installed_package_information.package_discovery:Found 285 installed packages in /opt/ros/jazzy
[0.345s] Level 1:colcon.colcon_core.package_discovery:discover_packages(prefix_path) using defaults
[0.415s] Level 5:colcon.colcon_core.verb:set package 'my_turtle_action' build argument 'cmake_args' from command line to 'None'
[0.415s] Level 5:colcon.colcon_core.verb:set package 'my_turtle_action' build argument 'cmake_target' from command line to 'None'
[0.415s] Level 5:colcon.colcon_core.verb:set package 'my_turtle_action' build argument 'cmake_target_skip_unavailable' from command line to 'False'
[0.415s] Level 5:colcon.colcon_core.verb:set package 'my_turtle_action' build argument 'cmake_clean_cache' from command line to 'False'
[0.415s] Level 5:colcon.colcon_core.verb:set package 'my_turtle_action' build argument 'cmake_clean_first' from command line to 'False'
[0.415s] Level 5:colcon.colcon_core.verb:set package 'my_turtle_action' build argument 'cmake_force_configure' from command line to 'False'
[0.415s] Level 5:colcon.colcon_core.verb:set package 'my_turtle_action' build argument 'ament_cmake_args' from command line to 'None'
[0.415s] Level 5:colcon.colcon_core.verb:set package 'my_turtle_action' build argument 'catkin_cmake_args' from command line to 'None'
[0.415s] Level 5:colcon.colcon_core.verb:set package 'my_turtle_action' build argument 'catkin_skip_building_tests' from command line to 'False'
[0.415s] DEBUG:colcon.colcon_core.verb:Building package 'my_turtle_action' with the following arguments: {'ament_cmake_args': None, 'build_base': '/home/dexforint/ROS2_study/turtlesim_action/build/my_turtle_action', 'catkin_cmake_args': None, 'catkin_skip_building_tests': False, 'cmake_args': None, 'cmake_clean_cache': False, 'cmake_clean_first': False, 'cmake_force_configure': False, 'cmake_target': None, 'cmake_target_skip_unavailable': False, 'install_base': '/home/dexforint/ROS2_study/turtlesim_action/install/my_turtle_action', 'merge_install': False, 'path': '/home/dexforint/ROS2_study/turtlesim_action/src/my_turtle_action', 'symlink_install': False, 'test_result_base': None}
[0.415s] Level 5:colcon.colcon_core.verb:set package 'my_turtle_action_interface' build argument 'cmake_args' from command line to 'None'
[0.415s] Level 5:colcon.colcon_core.verb:set package 'my_turtle_action_interface' build argument 'cmake_target' from command line to 'None'
[0.415s] Level 5:colcon.colcon_core.verb:set package 'my_turtle_action_interface' build argument 'cmake_target_skip_unavailable' from command line to 'False'
[0.415s] Level 5:colcon.colcon_core.verb:set package 'my_turtle_action_interface' build argument 'cmake_clean_cache' from command line to 'False'
[0.415s] Level 5:colcon.colcon_core.verb:set package 'my_turtle_action_interface' build argument 'cmake_clean_first' from command line to 'False'
[0.415s] Level 5:colcon.colcon_core.verb:set package 'my_turtle_action_interface' build argument 'cmake_force_configure' from command line to 'False'
[0.415s] Level 5:colcon.colcon_core.verb:set package 'my_turtle_action_interface' build argument 'ament_cmake_args' from command line to 'None'
[0.415s] Level 5:colcon.colcon_core.verb:set package 'my_turtle_action_interface' build argument 'catkin_cmake_args' from command line to 'None'
[0.415s] Level 5:colcon.colcon_core.verb:set package 'my_turtle_action_interface' build argument 'catkin_skip_building_tests' from command line to 'False'
[0.415s] DEBUG:colcon.colcon_core.verb:Building package 'my_turtle_action_interface' with the following arguments: {'ament_cmake_args': None, 'build_base': '/home/dexforint/ROS2_study/turtlesim_action/build/my_turtle_action_interface', 'catkin_cmake_args': None, 'catkin_skip_building_tests': False, 'cmake_args': None, 'cmake_clean_cache': False, 'cmake_clean_first': False, 'cmake_force_configure': False, 'cmake_target': None, 'cmake_target_skip_unavailable': False, 'install_base': '/home/dexforint/ROS2_study/turtlesim_action/install/my_turtle_action_interface', 'merge_install': False, 'path': '/home/dexforint/ROS2_study/turtlesim_action/src/my_turtle_action_interface', 'symlink_install': False, 'test_result_base': None}
[0.415s] Level 5:colcon.colcon_core.verb:set package 'my_turtle_msg_interface' build argument 'cmake_args' from command line to 'None'
[0.415s] Level 5:colcon.colcon_core.verb:set package 'my_turtle_msg_interface' build argument 'cmake_target' from command line to 'None'
[0.415s] Level 5:colcon.colcon_core.verb:set package 'my_turtle_msg_interface' build argument 'cmake_target_skip_unavailable' from command line to 'False'
[0.415s] Level 5:colcon.colcon_core.verb:set package 'my_turtle_msg_interface' build argument 'cmake_clean_cache' from command line to 'False'
[0.415s] Level 5:colcon.colcon_core.verb:set package 'my_turtle_msg_interface' build argument 'cmake_clean_first' from command line to 'False'
[0.415s] Level 5:colcon.colcon_core.verb:set package 'my_turtle_msg_interface' build argument 'cmake_force_configure' from command line to 'False'
[0.415s] Level 5:colcon.colcon_core.verb:set package 'my_turtle_msg_interface' build argument 'ament_cmake_args' from command line to 'None'
[0.415s] Level 5:colcon.colcon_core.verb:set package 'my_turtle_msg_interface' build argument 'catkin_cmake_args' from command line to 'None'
[0.416s] Level 5:colcon.colcon_core.verb:set package 'my_turtle_msg_interface' build argument 'catkin_skip_building_tests' from command line to 'False'
[0.416s] DEBUG:colcon.colcon_core.verb:Building package 'my_turtle_msg_interface' with the following arguments: {'ament_cmake_args': None, 'build_base': '/home/dexforint/ROS2_study/turtlesim_action/build/my_turtle_msg_interface', 'catkin_cmake_args': None, 'catkin_skip_building_tests': False, 'cmake_args': None, 'cmake_clean_cache': False, 'cmake_clean_first': False, 'cmake_force_configure': False, 'cmake_target': None, 'cmake_target_skip_unavailable': False, 'install_base': '/home/dexforint/ROS2_study/turtlesim_action/install/my_turtle_msg_interface', 'merge_install': False, 'path': '/home/dexforint/ROS2_study/turtlesim_action/src/my_turtle_msg_interface', 'symlink_install': False, 'test_result_base': None}
[0.416s] INFO:colcon.colcon_core.executor:Executing jobs using 'parallel' executor
[0.416s] DEBUG:colcon.colcon_parallel_executor.executor.parallel:run_until_complete
[0.416s] INFO:colcon.colcon_ros.task.ament_python.build:Building ROS package in '/home/dexforint/ROS2_study/turtlesim_action/src/my_turtle_action' with build type 'ament_python'
[0.416s] Level 1:colcon.colcon_core.shell:create_environment_hook('my_turtle_action', 'ament_prefix_path')
[0.423s] INFO:colcon.colcon_core.plugin_system:Skipping extension 'colcon_core.shell.bat': Not used on non-Windows systems
[0.423s] INFO:colcon.colcon_core.shell:Creating environment hook '/home/dexforint/ROS2_study/turtlesim_action/install/my_turtle_action/share/my_turtle_action/hook/ament_prefix_path.ps1'
[0.424s] INFO:colcon.colcon_core.shell:Creating environment descriptor '/home/dexforint/ROS2_study/turtlesim_action/install/my_turtle_action/share/my_turtle_action/hook/ament_prefix_path.dsv'
[0.424s] INFO:colcon.colcon_core.shell:Creating environment hook '/home/dexforint/ROS2_study/turtlesim_action/install/my_turtle_action/share/my_turtle_action/hook/ament_prefix_path.sh'
[0.426s] INFO:colcon.colcon_core.shell:Skip shell extension 'powershell' for command environment: Not usable outside of PowerShell
[0.426s] DEBUG:colcon.colcon_core.shell:Skip shell extension 'dsv' for command environment
[0.429s] INFO:colcon.colcon_ros.task.ament_cmake.build:Building ROS package in '/home/dexforint/ROS2_study/turtlesim_action/src/my_turtle_action_interface' with build type 'ament_cmake'
[0.429s] INFO:colcon.colcon_cmake.task.cmake.build:Building CMake package in '/home/dexforint/ROS2_study/turtlesim_action/src/my_turtle_action_interface'
[0.429s] INFO:colcon.colcon_core.shell:Skip shell extension 'powershell' for command environment: Not usable outside of PowerShell
[0.429s] DEBUG:colcon.colcon_core.shell:Skip shell extension 'dsv' for command environment
[0.432s] INFO:colcon.colcon_ros.task.ament_cmake.build:Building ROS package in '/home/dexforint/ROS2_study/turtlesim_action/src/my_turtle_msg_interface' with build type 'ament_cmake'
[0.432s] INFO:colcon.colcon_cmake.task.cmake.build:Building CMake package in '/home/dexforint/ROS2_study/turtlesim_action/src/my_turtle_msg_interface'
[0.432s] INFO:colcon.colcon_core.shell:Skip shell extension 'powershell' for command environment: Not usable outside of PowerShell
[0.432s] DEBUG:colcon.colcon_core.shell:Skip shell extension 'dsv' for command environment
[0.569s] INFO:colcon.colcon_core.task.python.build:Building Python package in '/home/dexforint/ROS2_study/turtlesim_action/src/my_turtle_action'
[0.569s] INFO:colcon.colcon_core.shell:Skip shell extension 'powershell' for command environment: Not usable outside of PowerShell
[0.569s] DEBUG:colcon.colcon_core.shell:Skip shell extension 'dsv' for command environment
[0.575s] DEBUG:colcon.colcon_core.event_handler.log_command:Invoking command in '/home/dexforint/ROS2_study/turtlesim_action/build/my_turtle_action_interface': CMAKE_PREFIX_PATH=${CMAKE_PREFIX_PATH}:/home/dexforint/ROS2_study/turtlesim_action/install/my_turtle_action:/opt/ros/jazzy /usr/bin/cmake --build /home/dexforint/ROS2_study/turtlesim_action/build/my_turtle_action_interface -- -j16 -l16
[0.579s] DEBUG:colcon.colcon_core.event_handler.log_command:Invoking command in '/home/dexforint/ROS2_study/turtlesim_action/build/my_turtle_msg_interface': CMAKE_PREFIX_PATH=${CMAKE_PREFIX_PATH}:/home/dexforint/ROS2_study/turtlesim_action/install/my_turtle_action:/opt/ros/jazzy /usr/bin/cmake --build /home/dexforint/ROS2_study/turtlesim_action/build/my_turtle_msg_interface -- -j16 -l16
[0.888s] DEBUG:colcon.colcon_core.event_handler.log_command:Invoked command in '/home/dexforint/ROS2_study/turtlesim_action/build/my_turtle_msg_interface' returned '0': CMAKE_PREFIX_PATH=${CMAKE_PREFIX_PATH}:/home/dexforint/ROS2_study/turtlesim_action/install/my_turtle_action:/opt/ros/jazzy /usr/bin/cmake --build /home/dexforint/ROS2_study/turtlesim_action/build/my_turtle_msg_interface -- -j16 -l16
[0.894s] DEBUG:colcon.colcon_core.event_handler.log_command:Invoking command in '/home/dexforint/ROS2_study/turtlesim_action/build/my_turtle_msg_interface': CMAKE_PREFIX_PATH=${CMAKE_PREFIX_PATH}:/home/dexforint/ROS2_study/turtlesim_action/install/my_turtle_action:/opt/ros/jazzy /usr/bin/cmake --install /home/dexforint/ROS2_study/turtlesim_action/build/my_turtle_msg_interface
[0.939s] Level 1:colcon.colcon_core.environment:create_environment_scripts_only(my_turtle_msg_interface)
[0.942s] DEBUG:colcon.colcon_core.event_handler.log_command:Invoked command in '/home/dexforint/ROS2_study/turtlesim_action/build/my_turtle_msg_interface' returned '0': CMAKE_PREFIX_PATH=${CMAKE_PREFIX_PATH}:/home/dexforint/ROS2_study/turtlesim_action/install/my_turtle_action:/opt/ros/jazzy /usr/bin/cmake --install /home/dexforint/ROS2_study/turtlesim_action/build/my_turtle_msg_interface
[0.946s] Level 1:colcon.colcon_core.environment:checking '/home/dexforint/ROS2_study/turtlesim_action/install/my_turtle_msg_interface' for CMake module files
[0.947s] Level 1:colcon.colcon_core.environment:checking '/home/dexforint/ROS2_study/turtlesim_action/install/my_turtle_msg_interface' for CMake config files
[0.947s] Level 1:colcon.colcon_core.shell:create_environment_hook('my_turtle_msg_interface', 'cmake_prefix_path')
[0.947s] INFO:colcon.colcon_core.shell:Creating environment hook '/home/dexforint/ROS2_study/turtlesim_action/install/my_turtle_msg_interface/share/my_turtle_msg_interface/hook/cmake_prefix_path.ps1'
[0.947s] INFO:colcon.colcon_core.shell:Creating environment descriptor '/home/dexforint/ROS2_study/turtlesim_action/install/my_turtle_msg_interface/share/my_turtle_msg_interface/hook/cmake_prefix_path.dsv'
[0.947s] INFO:colcon.colcon_core.shell:Creating environment hook '/home/dexforint/ROS2_study/turtlesim_action/install/my_turtle_msg_interface/share/my_turtle_msg_interface/hook/cmake_prefix_path.sh'
[0.948s] Level 1:colcon.colcon_core.environment:checking '/home/dexforint/ROS2_study/turtlesim_action/install/my_turtle_msg_interface/lib'
[0.948s] Level 1:colcon.colcon_core.shell:create_environment_hook('my_turtle_msg_interface', 'ld_library_path_lib')
[0.948s] INFO:colcon.colcon_core.shell:Creating environment hook '/home/dexforint/ROS2_study/turtlesim_action/install/my_turtle_msg_interface/share/my_turtle_msg_interface/hook/ld_library_path_lib.ps1'
[0.948s] INFO:colcon.colcon_core.shell:Creating environment descriptor '/home/dexforint/ROS2_study/turtlesim_action/install/my_turtle_msg_interface/share/my_turtle_msg_interface/hook/ld_library_path_lib.dsv'
[0.949s] INFO:colcon.colcon_core.shell:Creating environment hook '/home/dexforint/ROS2_study/turtlesim_action/install/my_turtle_msg_interface/share/my_turtle_msg_interface/hook/ld_library_path_lib.sh'
[0.949s] Level 1:colcon.colcon_core.environment:checking '/home/dexforint/ROS2_study/turtlesim_action/install/my_turtle_msg_interface/bin'
[0.949s] Level 1:colcon.colcon_core.environment:checking '/home/dexforint/ROS2_study/turtlesim_action/install/my_turtle_msg_interface/lib/pkgconfig/my_turtle_msg_interface.pc'
[0.949s] Level 1:colcon.colcon_core.environment:checking '/home/dexforint/ROS2_study/turtlesim_action/install/my_turtle_msg_interface/lib/python3.12/site-packages'
[0.949s] Level 1:colcon.colcon_core.shell:create_environment_hook('my_turtle_msg_interface', 'pythonpath')
[0.949s] INFO:colcon.colcon_core.shell:Creating environment hook '/home/dexforint/ROS2_study/turtlesim_action/install/my_turtle_msg_interface/share/my_turtle_msg_interface/hook/pythonpath.ps1'
[0.949s] INFO:colcon.colcon_core.shell:Creating environment descriptor '/home/dexforint/ROS2_study/turtlesim_action/install/my_turtle_msg_interface/share/my_turtle_msg_interface/hook/pythonpath.dsv'
[0.950s] INFO:colcon.colcon_core.shell:Creating environment hook '/home/dexforint/ROS2_study/turtlesim_action/install/my_turtle_msg_interface/share/my_turtle_msg_interface/hook/pythonpath.sh'
[0.950s] Level 1:colcon.colcon_core.environment:checking '/home/dexforint/ROS2_study/turtlesim_action/install/my_turtle_msg_interface/bin'
[0.950s] INFO:colcon.colcon_core.shell:Creating package script '/home/dexforint/ROS2_study/turtlesim_action/install/my_turtle_msg_interface/share/my_turtle_msg_interface/package.ps1'
[0.951s] INFO:colcon.colcon_core.shell:Creating package descriptor '/home/dexforint/ROS2_study/turtlesim_action/install/my_turtle_msg_interface/share/my_turtle_msg_interface/package.dsv'
[0.951s] INFO:colcon.colcon_core.shell:Creating package script '/home/dexforint/ROS2_study/turtlesim_action/install/my_turtle_msg_interface/share/my_turtle_msg_interface/package.sh'
[0.952s] INFO:colcon.colcon_core.shell:Creating package script '/home/dexforint/ROS2_study/turtlesim_action/install/my_turtle_msg_interface/share/my_turtle_msg_interface/package.bash'
[0.953s] INFO:colcon.colcon_core.shell:Creating package script '/home/dexforint/ROS2_study/turtlesim_action/install/my_turtle_msg_interface/share/my_turtle_msg_interface/package.zsh'
[0.953s] Level 1:colcon.colcon_core.environment:create_file_with_runtime_dependencies(/home/dexforint/ROS2_study/turtlesim_action/install/my_turtle_msg_interface/share/colcon-core/packages/my_turtle_msg_interface)
[0.953s] Level 1:colcon.colcon_core.environment:create_environment_scripts_only(my_turtle_msg_interface)
[0.954s] Level 1:colcon.colcon_core.environment:checking '/home/dexforint/ROS2_study/turtlesim_action/install/my_turtle_msg_interface' for CMake module files
[0.954s] Level 1:colcon.colcon_core.environment:checking '/home/dexforint/ROS2_study/turtlesim_action/install/my_turtle_msg_interface' for CMake config files
[0.954s] Level 1:colcon.colcon_core.shell:create_environment_hook('my_turtle_msg_interface', 'cmake_prefix_path')
[0.954s] INFO:colcon.colcon_core.shell:Creating environment hook '/home/dexforint/ROS2_study/turtlesim_action/install/my_turtle_msg_interface/share/my_turtle_msg_interface/hook/cmake_prefix_path.ps1'
[0.954s] INFO:colcon.colcon_core.shell:Creating environment descriptor '/home/dexforint/ROS2_study/turtlesim_action/install/my_turtle_msg_interface/share/my_turtle_msg_interface/hook/cmake_prefix_path.dsv'
[0.955s] INFO:colcon.colcon_core.shell:Creating environment hook '/home/dexforint/ROS2_study/turtlesim_action/install/my_turtle_msg_interface/share/my_turtle_msg_interface/hook/cmake_prefix_path.sh'
[0.955s] Level 1:colcon.colcon_core.environment:checking '/home/dexforint/ROS2_study/turtlesim_action/install/my_turtle_msg_interface/lib'
[0.955s] Level 1:colcon.colcon_core.shell:create_environment_hook('my_turtle_msg_interface', 'ld_library_path_lib')
[0.955s] INFO:colcon.colcon_core.shell:Creating environment hook '/home/dexforint/ROS2_study/turtlesim_action/install/my_turtle_msg_interface/share/my_turtle_msg_interface/hook/ld_library_path_lib.ps1'
[0.955s] INFO:colcon.colcon_core.shell:Creating environment descriptor '/home/dexforint/ROS2_study/turtlesim_action/install/my_turtle_msg_interface/share/my_turtle_msg_interface/hook/ld_library_path_lib.dsv'
[0.955s] INFO:colcon.colcon_core.shell:Creating environment hook '/home/dexforint/ROS2_study/turtlesim_action/install/my_turtle_msg_interface/share/my_turtle_msg_interface/hook/ld_library_path_lib.sh'
[0.956s] Level 1:colcon.colcon_core.environment:checking '/home/dexforint/ROS2_study/turtlesim_action/install/my_turtle_msg_interface/bin'
[0.956s] Level 1:colcon.colcon_core.environment:checking '/home/dexforint/ROS2_study/turtlesim_action/install/my_turtle_msg_interface/lib/pkgconfig/my_turtle_msg_interface.pc'
[0.956s] Level 1:colcon.colcon_core.environment:checking '/home/dexforint/ROS2_study/turtlesim_action/install/my_turtle_msg_interface/lib/python3.12/site-packages'
[0.956s] Level 1:colcon.colcon_core.shell:create_environment_hook('my_turtle_msg_interface', 'pythonpath')
[0.956s] INFO:colcon.colcon_core.shell:Creating environment hook '/home/dexforint/ROS2_study/turtlesim_action/install/my_turtle_msg_interface/share/my_turtle_msg_interface/hook/pythonpath.ps1'
[0.956s] INFO:colcon.colcon_core.shell:Creating environment descriptor '/home/dexforint/ROS2_study/turtlesim_action/install/my_turtle_msg_interface/share/my_turtle_msg_interface/hook/pythonpath.dsv'
[0.956s] INFO:colcon.colcon_core.shell:Creating environment hook '/home/dexforint/ROS2_study/turtlesim_action/install/my_turtle_msg_interface/share/my_turtle_msg_interface/hook/pythonpath.sh'
[0.957s] Level 1:colcon.colcon_core.environment:checking '/home/dexforint/ROS2_study/turtlesim_action/install/my_turtle_msg_interface/bin'
[0.957s] INFO:colcon.colcon_core.shell:Creating package script '/home/dexforint/ROS2_study/turtlesim_action/install/my_turtle_msg_interface/share/my_turtle_msg_interface/package.ps1'
[0.957s] INFO:colcon.colcon_core.shell:Creating package descriptor '/home/dexforint/ROS2_study/turtlesim_action/install/my_turtle_msg_interface/share/my_turtle_msg_interface/package.dsv'
[0.958s] INFO:colcon.colcon_core.shell:Creating package script '/home/dexforint/ROS2_study/turtlesim_action/install/my_turtle_msg_interface/share/my_turtle_msg_interface/package.sh'
[0.958s] INFO:colcon.colcon_core.shell:Creating package script '/home/dexforint/ROS2_study/turtlesim_action/install/my_turtle_msg_interface/share/my_turtle_msg_interface/package.bash'
[0.958s] INFO:colcon.colcon_core.shell:Creating package script '/home/dexforint/ROS2_study/turtlesim_action/install/my_turtle_msg_interface/share/my_turtle_msg_interface/package.zsh'
[0.958s] Level 1:colcon.colcon_core.environment:create_file_with_runtime_dependencies(/home/dexforint/ROS2_study/turtlesim_action/install/my_turtle_msg_interface/share/colcon-core/packages/my_turtle_msg_interface)
[1.182s] DEBUG:colcon.colcon_core.event_handler.log_command:Invoking command in '/home/dexforint/ROS2_study/turtlesim_action/src/my_turtle_action': PYTHONPATH=/home/dexforint/ROS2_study/turtlesim_action/build/my_turtle_action/prefix_override:/usr/lib/python3/dist-packages/colcon_core/task/python/colcon_distutils_commands:/home/dexforint/ROS2_study/turtlesim_action/install/my_turtle_action/lib/python3.12/site-packages:${PYTHONPATH} /usr/bin/python3 -W ignore:setup.py install is deprecated -W ignore:easy_install command is deprecated setup.py egg_info --egg-base ../../build/my_turtle_action build --build-base /home/dexforint/ROS2_study/turtlesim_action/build/my_turtle_action/build install --record /home/dexforint/ROS2_study/turtlesim_action/build/my_turtle_action/install.log --single-version-externally-managed install_data
[1.462s] Level 1:colcon.colcon_core.environment:checking '/home/dexforint/ROS2_study/turtlesim_action/install/my_turtle_action' for CMake module files
[1.462s] DEBUG:colcon.colcon_core.event_handler.log_command:Invoked command in '/home/dexforint/ROS2_study/turtlesim_action/src/my_turtle_action' returned '0': PYTHONPATH=/home/dexforint/ROS2_study/turtlesim_action/build/my_turtle_action/prefix_override:/usr/lib/python3/dist-packages/colcon_core/task/python/colcon_distutils_commands:/home/dexforint/ROS2_study/turtlesim_action/install/my_turtle_action/lib/python3.12/site-packages:${PYTHONPATH} /usr/bin/python3 -W ignore:setup.py install is deprecated -W ignore:easy_install command is deprecated setup.py egg_info --egg-base ../../build/my_turtle_action build --build-base /home/dexforint/ROS2_study/turtlesim_action/build/my_turtle_action/build install --record /home/dexforint/ROS2_study/turtlesim_action/build/my_turtle_action/install.log --single-version-externally-managed install_data
[1.462s] Level 1:colcon.colcon_core.environment:checking '/home/dexforint/ROS2_study/turtlesim_action/install/my_turtle_action' for CMake config files
[1.463s] Level 1:colcon.colcon_core.environment:checking '/home/dexforint/ROS2_study/turtlesim_action/install/my_turtle_action/lib'
[1.463s] Level 1:colcon.colcon_core.environment:checking '/home/dexforint/ROS2_study/turtlesim_action/install/my_turtle_action/bin'
[1.463s] Level 1:colcon.colcon_core.environment:checking '/home/dexforint/ROS2_study/turtlesim_action/install/my_turtle_action/lib/pkgconfig/my_turtle_action.pc'
[1.463s] Level 1:colcon.colcon_core.environment:checking '/home/dexforint/ROS2_study/turtlesim_action/install/my_turtle_action/lib/python3.12/site-packages'
[1.463s] Level 1:colcon.colcon_core.shell:create_environment_hook('my_turtle_action', 'pythonpath')
[1.463s] INFO:colcon.colcon_core.shell:Creating environment hook '/home/dexforint/ROS2_study/turtlesim_action/install/my_turtle_action/share/my_turtle_action/hook/pythonpath.ps1'
[1.463s] INFO:colcon.colcon_core.shell:Creating environment descriptor '/home/dexforint/ROS2_study/turtlesim_action/install/my_turtle_action/share/my_turtle_action/hook/pythonpath.dsv'
[1.464s] INFO:colcon.colcon_core.shell:Creating environment hook '/home/dexforint/ROS2_study/turtlesim_action/install/my_turtle_action/share/my_turtle_action/hook/pythonpath.sh'
[1.464s] Level 1:colcon.colcon_core.environment:checking '/home/dexforint/ROS2_study/turtlesim_action/install/my_turtle_action/bin'
[1.464s] Level 1:colcon.colcon_core.environment:create_environment_scripts_only(my_turtle_action)
[1.464s] INFO:colcon.colcon_core.shell:Creating package script '/home/dexforint/ROS2_study/turtlesim_action/install/my_turtle_action/share/my_turtle_action/package.ps1'
[1.464s] INFO:colcon.colcon_core.shell:Creating package descriptor '/home/dexforint/ROS2_study/turtlesim_action/install/my_turtle_action/share/my_turtle_action/package.dsv'
[1.465s] INFO:colcon.colcon_core.shell:Creating package script '/home/dexforint/ROS2_study/turtlesim_action/install/my_turtle_action/share/my_turtle_action/package.sh'
[1.465s] INFO:colcon.colcon_core.shell:Creating package script '/home/dexforint/ROS2_study/turtlesim_action/install/my_turtle_action/share/my_turtle_action/package.bash'
[1.465s] INFO:colcon.colcon_core.shell:Creating package script '/home/dexforint/ROS2_study/turtlesim_action/install/my_turtle_action/share/my_turtle_action/package.zsh'
[1.465s] Level 1:colcon.colcon_core.environment:create_file_with_runtime_dependencies(/home/dexforint/ROS2_study/turtlesim_action/install/my_turtle_action/share/colcon-core/packages/my_turtle_action)
[4.143s] DEBUG:colcon.colcon_core.event_handler.log_command:Invoked command in '/home/dexforint/ROS2_study/turtlesim_action/build/my_turtle_action_interface' returned '0': CMAKE_PREFIX_PATH=${CMAKE_PREFIX_PATH}:/home/dexforint/ROS2_study/turtlesim_action/install/my_turtle_action:/opt/ros/jazzy /usr/bin/cmake --build /home/dexforint/ROS2_study/turtlesim_action/build/my_turtle_action_interface -- -j16 -l16
[4.144s] DEBUG:colcon.colcon_core.event_handler.log_command:Invoking command in '/home/dexforint/ROS2_study/turtlesim_action/build/my_turtle_action_interface': CMAKE_PREFIX_PATH=${CMAKE_PREFIX_PATH}:/home/dexforint/ROS2_study/turtlesim_action/install/my_turtle_action:/opt/ros/jazzy /usr/bin/cmake --install /home/dexforint/ROS2_study/turtlesim_action/build/my_turtle_action_interface
[4.199s] Level 1:colcon.colcon_core.environment:create_environment_scripts_only(my_turtle_action_interface)
[4.199s] DEBUG:colcon.colcon_core.event_handler.log_command:Invoked command in '/home/dexforint/ROS2_study/turtlesim_action/build/my_turtle_action_interface' returned '0': CMAKE_PREFIX_PATH=${CMAKE_PREFIX_PATH}:/home/dexforint/ROS2_study/turtlesim_action/install/my_turtle_action:/opt/ros/jazzy /usr/bin/cmake --install /home/dexforint/ROS2_study/turtlesim_action/build/my_turtle_action_interface
[4.199s] Level 1:colcon.colcon_core.environment:checking '/home/dexforint/ROS2_study/turtlesim_action/install/my_turtle_action_interface' for CMake module files
[4.200s] Level 1:colcon.colcon_core.environment:checking '/home/dexforint/ROS2_study/turtlesim_action/install/my_turtle_action_interface' for CMake config files
[4.200s] Level 1:colcon.colcon_core.shell:create_environment_hook('my_turtle_action_interface', 'cmake_prefix_path')
[4.200s] INFO:colcon.colcon_core.shell:Creating environment hook '/home/dexforint/ROS2_study/turtlesim_action/install/my_turtle_action_interface/share/my_turtle_action_interface/hook/cmake_prefix_path.ps1'
[4.200s] INFO:colcon.colcon_core.shell:Creating environment descriptor '/home/dexforint/ROS2_study/turtlesim_action/install/my_turtle_action_interface/share/my_turtle_action_interface/hook/cmake_prefix_path.dsv'
[4.201s] INFO:colcon.colcon_core.shell:Creating environment hook '/home/dexforint/ROS2_study/turtlesim_action/install/my_turtle_action_interface/share/my_turtle_action_interface/hook/cmake_prefix_path.sh'
[4.201s] Level 1:colcon.colcon_core.environment:checking '/home/dexforint/ROS2_study/turtlesim_action/install/my_turtle_action_interface/lib'
[4.201s] Level 1:colcon.colcon_core.shell:create_environment_hook('my_turtle_action_interface', 'ld_library_path_lib')
[4.201s] INFO:colcon.colcon_core.shell:Creating environment hook '/home/dexforint/ROS2_study/turtlesim_action/install/my_turtle_action_interface/share/my_turtle_action_interface/hook/ld_library_path_lib.ps1'
[4.201s] INFO:colcon.colcon_core.shell:Creating environment descriptor '/home/dexforint/ROS2_study/turtlesim_action/install/my_turtle_action_interface/share/my_turtle_action_interface/hook/ld_library_path_lib.dsv'
[4.202s] INFO:colcon.colcon_core.shell:Creating environment hook '/home/dexforint/ROS2_study/turtlesim_action/install/my_turtle_action_interface/share/my_turtle_action_interface/hook/ld_library_path_lib.sh'
[4.202s] Level 1:colcon.colcon_core.environment:checking '/home/dexforint/ROS2_study/turtlesim_action/install/my_turtle_action_interface/bin'
[4.202s] Level 1:colcon.colcon_core.environment:checking '/home/dexforint/ROS2_study/turtlesim_action/install/my_turtle_action_interface/lib/pkgconfig/my_turtle_action_interface.pc'
[4.202s] Level 1:colcon.colcon_core.environment:checking '/home/dexforint/ROS2_study/turtlesim_action/install/my_turtle_action_interface/lib/python3.12/site-packages'
[4.202s] Level 1:colcon.colcon_core.shell:create_environment_hook('my_turtle_action_interface', 'pythonpath')
[4.202s] INFO:colcon.colcon_core.shell:Creating environment hook '/home/dexforint/ROS2_study/turtlesim_action/install/my_turtle_action_interface/share/my_turtle_action_interface/hook/pythonpath.ps1'
[4.202s] INFO:colcon.colcon_core.shell:Creating environment descriptor '/home/dexforint/ROS2_study/turtlesim_action/install/my_turtle_action_interface/share/my_turtle_action_interface/hook/pythonpath.dsv'
[4.202s] INFO:colcon.colcon_core.shell:Creating environment hook '/home/dexforint/ROS2_study/turtlesim_action/install/my_turtle_action_interface/share/my_turtle_action_interface/hook/pythonpath.sh'
[4.203s] Level 1:colcon.colcon_core.environment:checking '/home/dexforint/ROS2_study/turtlesim_action/install/my_turtle_action_interface/bin'
[4.203s] INFO:colcon.colcon_core.shell:Creating package script '/home/dexforint/ROS2_study/turtlesim_action/install/my_turtle_action_interface/share/my_turtle_action_interface/package.ps1'
[4.203s] INFO:colcon.colcon_core.shell:Creating package descriptor '/home/dexforint/ROS2_study/turtlesim_action/install/my_turtle_action_interface/share/my_turtle_action_interface/package.dsv'
[4.204s] INFO:colcon.colcon_core.shell:Creating package script '/home/dexforint/ROS2_study/turtlesim_action/install/my_turtle_action_interface/share/my_turtle_action_interface/package.sh'
[4.204s] INFO:colcon.colcon_core.shell:Creating package script '/home/dexforint/ROS2_study/turtlesim_action/install/my_turtle_action_interface/share/my_turtle_action_interface/package.bash'
[4.204s] INFO:colcon.colcon_core.shell:Creating package script '/home/dexforint/ROS2_study/turtlesim_action/install/my_turtle_action_interface/share/my_turtle_action_interface/package.zsh'
[4.204s] Level 1:colcon.colcon_core.environment:create_file_with_runtime_dependencies(/home/dexforint/ROS2_study/turtlesim_action/install/my_turtle_action_interface/share/colcon-core/packages/my_turtle_action_interface)
[4.205s] Level 1:colcon.colcon_core.environment:create_environment_scripts_only(my_turtle_action_interface)
[4.205s] Level 1:colcon.colcon_core.environment:checking '/home/dexforint/ROS2_study/turtlesim_action/install/my_turtle_action_interface' for CMake module files
[4.205s] Level 1:colcon.colcon_core.environment:checking '/home/dexforint/ROS2_study/turtlesim_action/install/my_turtle_action_interface' for CMake config files
[4.206s] Level 1:colcon.colcon_core.shell:create_environment_hook('my_turtle_action_interface', 'cmake_prefix_path')
[4.206s] INFO:colcon.colcon_core.shell:Creating environment hook '/home/dexforint/ROS2_study/turtlesim_action/install/my_turtle_action_interface/share/my_turtle_action_interface/hook/cmake_prefix_path.ps1'
[4.206s] INFO:colcon.colcon_core.shell:Creating environment descriptor '/home/dexforint/ROS2_study/turtlesim_action/install/my_turtle_action_interface/share/my_turtle_action_interface/hook/cmake_prefix_path.dsv'
[4.207s] INFO:colcon.colcon_core.shell:Creating environment hook '/home/dexforint/ROS2_study/turtlesim_action/install/my_turtle_action_interface/share/my_turtle_action_interface/hook/cmake_prefix_path.sh'
[4.207s] Level 1:colcon.colcon_core.environment:checking '/home/dexforint/ROS2_study/turtlesim_action/install/my_turtle_action_interface/lib'
[4.207s] Level 1:colcon.colcon_core.shell:create_environment_hook('my_turtle_action_interface', 'ld_library_path_lib')
[4.208s] INFO:colcon.colcon_core.shell:Creating environment hook '/home/dexforint/ROS2_study/turtlesim_action/install/my_turtle_action_interface/share/my_turtle_action_interface/hook/ld_library_path_lib.ps1'
[4.208s] INFO:colcon.colcon_core.shell:Creating environment descriptor '/home/dexforint/ROS2_study/turtlesim_action/install/my_turtle_action_interface/share/my_turtle_action_interface/hook/ld_library_path_lib.dsv'
[4.208s] INFO:colcon.colcon_core.shell:Creating environment hook '/home/dexforint/ROS2_study/turtlesim_action/install/my_turtle_action_interface/share/my_turtle_action_interface/hook/ld_library_path_lib.sh'
[4.208s] Level 1:colcon.colcon_core.environment:checking '/home/dexforint/ROS2_study/turtlesim_action/install/my_turtle_action_interface/bin'
[4.208s] Level 1:colcon.colcon_core.environment:checking '/home/dexforint/ROS2_study/turtlesim_action/install/my_turtle_action_interface/lib/pkgconfig/my_turtle_action_interface.pc'
[4.208s] Level 1:colcon.colcon_core.environment:checking '/home/dexforint/ROS2_study/turtlesim_action/install/my_turtle_action_interface/lib/python3.12/site-packages'
[4.208s] Level 1:colcon.colcon_core.shell:create_environment_hook('my_turtle_action_interface', 'pythonpath')
[4.208s] INFO:colcon.colcon_core.shell:Creating environment hook '/home/dexforint/ROS2_study/turtlesim_action/install/my_turtle_action_interface/share/my_turtle_action_interface/hook/pythonpath.ps1'
[4.209s] INFO:colcon.colcon_core.shell:Creating environment descriptor '/home/dexforint/ROS2_study/turtlesim_action/install/my_turtle_action_interface/share/my_turtle_action_interface/hook/pythonpath.dsv'
[4.209s] INFO:colcon.colcon_core.shell:Creating environment hook '/home/dexforint/ROS2_study/turtlesim_action/install/my_turtle_action_interface/share/my_turtle_action_interface/hook/pythonpath.sh'
[4.209s] Level 1:colcon.colcon_core.environment:checking '/home/dexforint/ROS2_study/turtlesim_action/install/my_turtle_action_interface/bin'
[4.209s] INFO:colcon.colcon_core.shell:Creating package script '/home/dexforint/ROS2_study/turtlesim_action/install/my_turtle_action_interface/share/my_turtle_action_interface/package.ps1'
[4.210s] INFO:colcon.colcon_core.shell:Creating package descriptor '/home/dexforint/ROS2_study/turtlesim_action/install/my_turtle_action_interface/share/my_turtle_action_interface/package.dsv'
[4.210s] INFO:colcon.colcon_core.shell:Creating package script '/home/dexforint/ROS2_study/turtlesim_action/install/my_turtle_action_interface/share/my_turtle_action_interface/package.sh'
[4.210s] INFO:colcon.colcon_core.shell:Creating package script '/home/dexforint/ROS2_study/turtlesim_action/install/my_turtle_action_interface/share/my_turtle_action_interface/package.bash'
[4.210s] INFO:colcon.colcon_core.shell:Creating package script '/home/dexforint/ROS2_study/turtlesim_action/install/my_turtle_action_interface/share/my_turtle_action_interface/package.zsh'
[4.211s] Level 1:colcon.colcon_core.environment:create_file_with_runtime_dependencies(/home/dexforint/ROS2_study/turtlesim_action/install/my_turtle_action_interface/share/colcon-core/packages/my_turtle_action_interface)
[4.211s] DEBUG:colcon.colcon_parallel_executor.executor.parallel:closing loop
[4.211s] DEBUG:colcon.colcon_parallel_executor.executor.parallel:loop closed
[4.211s] DEBUG:colcon.colcon_parallel_executor.executor.parallel:run_until_complete finished with '0'
[4.211s] DEBUG:colcon.colcon_core.event_reactor:joining thread
[4.241s] INFO:colcon.colcon_core.plugin_system:Skipping extension 'colcon_notification.desktop_notification.notify_send': Could not find 'notify-send'
[4.241s] INFO:colcon.colcon_core.plugin_system:Skipping extension 'colcon_notification.desktop_notification.terminal_notifier': Not used on non-Darwin systems
[4.241s] INFO:colcon.colcon_core.plugin_system:Skipping extension 'colcon_notification.desktop_notification.win32': Not used on non-Windows systems
[4.241s] INFO:colcon.colcon_notification.desktop_notification:Sending desktop notification using 'notify2'
[4.242s] DEBUG:colcon.colcon_notification.desktop_notification.notify2:Failed to initialize notify2: org.freedesktop.DBus.Error.ServiceUnknown: The name org.freedesktop.Notifications was not provided by any .service files
[4.242s] DEBUG:colcon.colcon_core.event_reactor:joined thread
[4.243s] INFO:colcon.colcon_core.shell:Creating prefix script '/home/dexforint/ROS2_study/turtlesim_action/install/local_setup.ps1'
[4.243s] INFO:colcon.colcon_core.shell:Creating prefix util module '/home/dexforint/ROS2_study/turtlesim_action/install/_local_setup_util_ps1.py'
[4.244s] INFO:colcon.colcon_core.shell:Creating prefix chain script '/home/dexforint/ROS2_study/turtlesim_action/install/setup.ps1'
[4.245s] INFO:colcon.colcon_core.shell:Creating prefix script '/home/dexforint/ROS2_study/turtlesim_action/install/local_setup.sh'
[4.246s] INFO:colcon.colcon_core.shell:Creating prefix util module '/home/dexforint/ROS2_study/turtlesim_action/install/_local_setup_util_sh.py'
[4.246s] INFO:colcon.colcon_core.shell:Creating prefix chain script '/home/dexforint/ROS2_study/turtlesim_action/install/setup.sh'
[4.247s] INFO:colcon.colcon_core.shell:Creating prefix script '/home/dexforint/ROS2_study/turtlesim_action/install/local_setup.bash'
[4.247s] INFO:colcon.colcon_core.shell:Creating prefix chain script '/home/dexforint/ROS2_study/turtlesim_action/install/setup.bash'
[4.248s] INFO:colcon.colcon_core.shell:Creating prefix script '/home/dexforint/ROS2_study/turtlesim_action/install/local_setup.zsh'
[4.248s] INFO:colcon.colcon_core.shell:Creating prefix chain script '/home/dexforint/ROS2_study/turtlesim_action/install/setup.zsh'
